#! /usr/bin/vvp
:ivl_version "0.9.7 " "(v0_9_7)";
:vpi_time_precision + 0;
:vpi_module "system";
:vpi_module "v2005_math";
:vpi_module "va_math";
S_0xf5cf20 .scope module, "reg_file_tb_groundtruth" "reg_file_tb_groundtruth" 2 1;
 .timescale 0 0;
v0xf74630_0 .var "CLK", 0 0;
v0xf746d0_0 .var "READREG1", 2 0;
v0xf74780_0 .var "READREG2", 2 0;
v0xf74830_0 .net "REGOUT1", 7 0, v0xf740f0_0; 1 drivers
v0xf74910_0 .net "REGOUT2", 7 0, v0xf74240_0; 1 drivers
v0xf749c0_0 .var "RESET", 0 0;
v0xf74a40_0 .var "WRITEDATA", 7 0;
v0xf74af0_0 .var "WRITEENABLE", 0 0;
v0xf74ba0_0 .var "WRITEREG", 2 0;
S_0xf33680 .scope module, "myregfile" "reg_file" 2 8, 3 8, S_0xf5cf20;
 .timescale 0 0;
v0xf33830_0 .net "CLK", 0 0, v0xf74630_0; 1 drivers
v0xf73fb0_0 .net "IN", 7 0, v0xf74a40_0; 1 drivers
v0xf74050_0 .net "INADDRESS", 2 0, v0xf74ba0_0; 1 drivers
v0xf740f0_0 .var "OUT1", 7 0;
v0xf741a0_0 .net "OUT1ADDRESS", 2 0, v0xf746d0_0; 1 drivers
v0xf74240_0 .var "OUT2", 7 0;
v0xf74320_0 .net "OUT2ADDRESS", 2 0, v0xf74780_0; 1 drivers
v0xf743c0_0 .net "RESET", 0 0, v0xf749c0_0; 1 drivers
v0xf744b0 .array "Register", 0 7, 7 0;
v0xf74530_0 .net "WRITE", 0 0, v0xf74af0_0; 1 drivers
E_0xf5ce50 .event edge, v0xf743c0_0;
E_0xf33770 .event posedge, v0xf33830_0;
E_0xf337a0 .event edge, v0xf74320_0;
E_0xf337d0 .event edge, v0xf741a0_0;
    .scope S_0xf33680;
T_0 ;
    %wait E_0xf337d0;
    %load/v 8, v0xf743c0_0, 1;
    %inv 8, 1;
    %jmp/0xz  T_0.0, 8;
    %delay 2, 0;
    %ix/getv 3, v0xf741a0_0;
    %load/av 8, v0xf744b0, 8;
    %set/v v0xf740f0_0, 8, 8;
T_0.0 ;
    %jmp T_0;
    .thread T_0, $push;
    .scope S_0xf33680;
T_1 ;
    %wait E_0xf337a0;
    %load/v 8, v0xf743c0_0, 1;
    %inv 8, 1;
    %jmp/0xz  T_1.0, 8;
    %delay 2, 0;
    %ix/getv 3, v0xf74320_0;
    %load/av 8, v0xf744b0, 8;
    %set/v v0xf740f0_0, 8, 8;
T_1.0 ;
    %jmp T_1;
    .thread T_1, $push;
    .scope S_0xf33680;
T_2 ;
    %wait E_0xf33770;
    %load/v 8, v0xf74530_0, 1;
    %jmp/0xz  T_2.0, 8;
    %delay 2, 0;
    %load/v 8, v0xf73fb0_0, 8;
    %ix/getv 3, v0xf74050_0;
   %jmp/1 t_0, 4;
   %ix/load 1, 0, 0;
   %set/av v0xf744b0, 8, 8;
t_0 ;
    %delay 2, 0;
    %ix/getv 3, v0xf741a0_0;
    %load/av 8, v0xf744b0, 8;
    %set/v v0xf740f0_0, 8, 8;
    %ix/getv 3, v0xf74320_0;
    %load/av 8, v0xf744b0, 8;
    %set/v v0xf74240_0, 8, 8;
T_2.0 ;
    %jmp T_2;
    .thread T_2;
    .scope S_0xf33680;
T_3 ;
    %wait E_0xf5ce50;
    %load/v 8, v0xf743c0_0, 1;
    %jmp/0xz  T_3.0, 8;
    %delay 2, 0;
   %ix/load 1, 0, 0;
   %ix/load 3, 0, 0;
   %set/av v0xf744b0, 0, 8;
   %ix/load 1, 0, 0;
   %ix/load 3, 1, 0;
   %set/av v0xf744b0, 0, 8;
   %ix/load 1, 0, 0;
   %ix/load 3, 2, 0;
   %set/av v0xf744b0, 0, 8;
   %ix/load 1, 0, 0;
   %ix/load 3, 3, 0;
   %set/av v0xf744b0, 0, 8;
   %ix/load 1, 0, 0;
   %ix/load 3, 4, 0;
   %set/av v0xf744b0, 0, 8;
   %ix/load 1, 0, 0;
   %ix/load 3, 5, 0;
   %set/av v0xf744b0, 0, 8;
   %ix/load 1, 0, 0;
   %ix/load 3, 6, 0;
   %set/av v0xf744b0, 0, 8;
   %ix/load 1, 0, 0;
   %ix/load 3, 7, 0;
   %set/av v0xf744b0, 0, 8;
    %delay 2, 0;
    %ix/getv 3, v0xf741a0_0;
    %load/av 8, v0xf744b0, 8;
    %set/v v0xf740f0_0, 8, 8;
    %ix/getv 3, v0xf74320_0;
    %load/av 8, v0xf744b0, 8;
    %set/v v0xf74240_0, 8, 8;
T_3.0 ;
    %jmp T_3;
    .thread T_3, $push;
    .scope S_0xf5cf20;
T_4 ;
    %set/v v0xf74630_0, 1, 1;
    %vpi_call 2 15 "$dumpfile", "waveDump.vcd";
    %vpi_call 2 16 "$dumpvars", 2'sb01, S_0xf5cf20;
    %set/v v0xf749c0_0, 0, 1;
    %set/v v0xf74af0_0, 0, 1;
    %delay 1, 0;
    %set/v v0xf749c0_0, 1, 1;
    %set/v v0xf746d0_0, 0, 3;
    %movi 8, 4, 3;
    %set/v v0xf74780_0, 8, 3;
    %delay 8, 0;
    %set/v v0xf749c0_0, 0, 1;
    %delay 11, 0;
    %movi 8, 2, 3;
    %set/v v0xf746d0_0, 8, 3;
    %movi 8, 2, 3;
    %set/v v0xf74ba0_0, 8, 3;
    %movi 8, 95, 8;
    %set/v v0xf74a40_0, 8, 8;
    %set/v v0xf74af0_0, 1, 1;
    %delay 10, 0;
    %set/v v0xf74af0_0, 0, 1;
    %delay 1, 0;
    %movi 8, 2, 3;
    %set/v v0xf746d0_0, 8, 3;
    %delay 9, 0;
    %movi 8, 1, 3;
    %set/v v0xf74ba0_0, 8, 3;
    %movi 8, 28, 8;
    %set/v v0xf74a40_0, 8, 8;
    %set/v v0xf74af0_0, 1, 1;
    %movi 8, 1, 3;
    %set/v v0xf746d0_0, 8, 3;
    %delay 10, 0;
    %set/v v0xf74af0_0, 0, 1;
    %delay 10, 0;
    %movi 8, 4, 3;
    %set/v v0xf74ba0_0, 8, 3;
    %movi 8, 6, 8;
    %set/v v0xf74a40_0, 8, 8;
    %set/v v0xf74af0_0, 1, 1;
    %delay 10, 0;
    %movi 8, 15, 8;
    %set/v v0xf74a40_0, 8, 8;
    %set/v v0xf74af0_0, 1, 1;
    %delay 10, 0;
    %set/v v0xf74af0_0, 0, 1;
    %delay 6, 0;
    %movi 8, 1, 3;
    %set/v v0xf74ba0_0, 8, 3;
    %movi 8, 50, 8;
    %set/v v0xf74a40_0, 8, 8;
    %set/v v0xf74af0_0, 1, 1;
    %delay 5, 0;
    %set/v v0xf74af0_0, 0, 1;
    %delay 10, 0;
    %vpi_call 2 72 "$finish";
    %end;
    .thread T_4;
    .scope S_0xf5cf20;
T_5 ;
    %delay 5, 0;
    %load/v 8, v0xf74630_0, 1;
    %inv 8, 1;
    %set/v v0xf74630_0, 8, 1;
    %jmp T_5;
    .thread T_5;
# The file index is used to find the file name in the following table.
:file_names 4;
    "N/A";
    "<interactive>";
    "./reg_file_tb_groundtruth.v";
    "./reg_file.v";
