#! /usr/bin/vvp
:ivl_version "0.9.7 " "(v0_9_7)";
:vpi_time_precision + 0;
:vpi_module "system";
:vpi_module "v2005_math";
:vpi_module "va_math";
S_0x138cf90 .scope module, "reg_file_tb_groundtruth" "reg_file_tb_groundtruth" 2 1;
 .timescale 0 0;
v0x13d6480_0 .var "CLK", 0 0;
v0x13d6520_0 .var "READREG1", 2 0;
v0x13d65d0_0 .var "READREG2", 2 0;
v0x13d6680_0 .net "REGOUT1", 7 0, L_0x13d60b0; 1 drivers
v0x13d6760_0 .net "REGOUT2", 7 0, L_0x13d6ce0; 1 drivers
v0x13d6810_0 .var "RESET", 0 0;
v0x13d6890_0 .var "WRITEDATA", 7 0;
v0x13d6940_0 .var "WRITEENABLE", 0 0;
v0x13d69f0_0 .var "WRITEREG", 2 0;
S_0x13b49c0 .scope module, "myregfile" "reg_file" 2 8, 3 95, S_0x138cf90;
 .timescale 0 0;
L_0x13d60b0/d .functor BUFZ 8, L_0x13d6aa0, C4<00000000>, C4<00000000>, C4<00000000>;
L_0x13d60b0 .delay (2,2,2) L_0x13d60b0/d;
L_0x13d6ce0/d .functor BUFZ 8, L_0x13d6c40, C4<00000000>, C4<00000000>, C4<00000000>;
L_0x13d6ce0 .delay (2,2,2) L_0x13d6ce0/d;
v0x138d5e0_0 .net "CLK", 0 0, v0x13d6480_0; 1 drivers
v0x13d5a90_0 .net "IN", 7 0, v0x13d6890_0; 1 drivers
v0x13d5b30_0 .net "INADDRESS", 2 0, v0x13d69f0_0; 1 drivers
v0x13d5bd0_0 .alias "OUT1", 7 0, v0x13d6680_0;
v0x13d5c80_0 .net "OUT1ADDRESS", 2 0, v0x13d6520_0; 1 drivers
v0x13d5d20_0 .alias "OUT2", 7 0, v0x13d6760_0;
v0x13d5e00_0 .net "OUT2ADDRESS", 2 0, v0x13d65d0_0; 1 drivers
v0x13d5ea0_0 .net "RESET", 0 0, v0x13d6810_0; 1 drivers
v0x13d5f90_0 .net "WRITE", 0 0, v0x13d6940_0; 1 drivers
v0x13d6030_0 .net *"_s0", 7 0, L_0x13d6aa0; 1 drivers
v0x13d6130_0 .net *"_s4", 7 0, L_0x13d6c40; 1 drivers
v0x13d61d0_0 .var/i "i", 31 0;
v0x13d62e0_0 .var/i "j", 31 0;
v0x13d6380 .array "register", 7 0, 7 0;
E_0x138d0d0/0 .event edge, v0x13d5ea0_0;
E_0x138d0d0/1 .event posedge, v0x138d5e0_0;
E_0x138d0d0 .event/or E_0x138d0d0/0, E_0x138d0d0/1;
E_0x138d080 .event edge, v0x13d5e00_0, v0x13d5c80_0;
L_0x13d6aa0 .array/port v0x13d6380, v0x13d61d0_0;
L_0x13d6c40 .array/port v0x13d6380, v0x13d62e0_0;
    .scope S_0x13b49c0;
T_0 ;
    %wait E_0x138d080;
    %load/v 8, v0x13d5c80_0, 3;
    %cmpi/u 8, 0, 3;
    %jmp/1 T_0.0, 6;
    %cmpi/u 8, 1, 3;
    %jmp/1 T_0.1, 6;
    %cmpi/u 8, 2, 3;
    %jmp/1 T_0.2, 6;
    %cmpi/u 8, 3, 3;
    %jmp/1 T_0.3, 6;
    %cmpi/u 8, 4, 3;
    %jmp/1 T_0.4, 6;
    %cmpi/u 8, 5, 3;
    %jmp/1 T_0.5, 6;
    %cmpi/u 8, 6, 3;
    %jmp/1 T_0.6, 6;
    %cmpi/u 8, 7, 3;
    %jmp/1 T_0.7, 6;
    %jmp T_0.8;
T_0.0 ;
    %set/v v0x13d61d0_0, 0, 32;
    %jmp T_0.8;
T_0.1 ;
    %movi 8, 1, 32;
    %set/v v0x13d61d0_0, 8, 32;
    %jmp T_0.8;
T_0.2 ;
    %movi 8, 2, 32;
    %set/v v0x13d61d0_0, 8, 32;
    %jmp T_0.8;
T_0.3 ;
    %movi 8, 3, 32;
    %set/v v0x13d61d0_0, 8, 32;
    %jmp T_0.8;
T_0.4 ;
    %movi 8, 4, 32;
    %set/v v0x13d61d0_0, 8, 32;
    %jmp T_0.8;
T_0.5 ;
    %movi 8, 5, 32;
    %set/v v0x13d61d0_0, 8, 32;
    %jmp T_0.8;
T_0.6 ;
    %movi 8, 6, 32;
    %set/v v0x13d61d0_0, 8, 32;
    %jmp T_0.8;
T_0.7 ;
    %movi 8, 7, 32;
    %set/v v0x13d61d0_0, 8, 32;
    %jmp T_0.8;
T_0.8 ;
    %load/v 8, v0x13d5e00_0, 3;
    %cmpi/u 8, 0, 3;
    %jmp/1 T_0.9, 6;
    %cmpi/u 8, 1, 3;
    %jmp/1 T_0.10, 6;
    %cmpi/u 8, 2, 3;
    %jmp/1 T_0.11, 6;
    %cmpi/u 8, 3, 3;
    %jmp/1 T_0.12, 6;
    %cmpi/u 8, 4, 3;
    %jmp/1 T_0.13, 6;
    %cmpi/u 8, 5, 3;
    %jmp/1 T_0.14, 6;
    %cmpi/u 8, 6, 3;
    %jmp/1 T_0.15, 6;
    %cmpi/u 8, 7, 3;
    %jmp/1 T_0.16, 6;
    %jmp T_0.17;
T_0.9 ;
    %set/v v0x13d62e0_0, 0, 32;
    %jmp T_0.17;
T_0.10 ;
    %movi 8, 1, 32;
    %set/v v0x13d62e0_0, 8, 32;
    %jmp T_0.17;
T_0.11 ;
    %movi 8, 2, 32;
    %set/v v0x13d62e0_0, 8, 32;
    %jmp T_0.17;
T_0.12 ;
    %movi 8, 3, 32;
    %set/v v0x13d62e0_0, 8, 32;
    %jmp T_0.17;
T_0.13 ;
    %movi 8, 4, 32;
    %set/v v0x13d62e0_0, 8, 32;
    %jmp T_0.17;
T_0.14 ;
    %movi 8, 5, 32;
    %set/v v0x13d62e0_0, 8, 32;
    %jmp T_0.17;
T_0.15 ;
    %movi 8, 6, 32;
    %set/v v0x13d62e0_0, 8, 32;
    %jmp T_0.17;
T_0.16 ;
    %movi 8, 7, 32;
    %set/v v0x13d62e0_0, 8, 32;
    %jmp T_0.17;
T_0.17 ;
    %jmp T_0;
    .thread T_0, $push;
    .scope S_0x13b49c0;
T_1 ;
    %wait E_0x138d0d0;
    %load/v 8, v0x13d5ea0_0, 1;
    %jmp/0xz  T_1.0, 8;
    %delay 2, 0;
   %ix/load 1, 0, 0;
   %ix/load 3, 0, 0;
   %set/av v0x13d6380, 0, 8;
   %ix/load 1, 0, 0;
   %ix/load 3, 1, 0;
   %set/av v0x13d6380, 0, 8;
   %ix/load 1, 0, 0;
   %ix/load 3, 2, 0;
   %set/av v0x13d6380, 0, 8;
   %ix/load 1, 0, 0;
   %ix/load 3, 3, 0;
   %set/av v0x13d6380, 0, 8;
   %ix/load 1, 0, 0;
   %ix/load 3, 4, 0;
   %set/av v0x13d6380, 0, 8;
   %ix/load 1, 0, 0;
   %ix/load 3, 5, 0;
   %set/av v0x13d6380, 0, 8;
   %ix/load 1, 0, 0;
   %ix/load 3, 6, 0;
   %set/av v0x13d6380, 0, 8;
   %ix/load 1, 0, 0;
   %ix/load 3, 7, 0;
   %set/av v0x13d6380, 0, 8;
    %jmp T_1.1;
T_1.0 ;
    %load/v 8, v0x13d5f90_0, 1;
    %jmp/0xz  T_1.2, 8;
    %delay 2, 0;
    %load/v 8, v0x13d5b30_0, 3;
    %cmpi/u 8, 0, 3;
    %jmp/1 T_1.4, 6;
    %cmpi/u 8, 1, 3;
    %jmp/1 T_1.5, 6;
    %cmpi/u 8, 2, 3;
    %jmp/1 T_1.6, 6;
    %cmpi/u 8, 3, 3;
    %jmp/1 T_1.7, 6;
    %cmpi/u 8, 4, 3;
    %jmp/1 T_1.8, 6;
    %cmpi/u 8, 5, 3;
    %jmp/1 T_1.9, 6;
    %cmpi/u 8, 6, 3;
    %jmp/1 T_1.10, 6;
    %cmpi/u 8, 7, 3;
    %jmp/1 T_1.11, 6;
    %jmp T_1.12;
T_1.4 ;
    %load/v 8, v0x13d5a90_0, 8;
   %ix/load 1, 0, 0;
   %ix/load 3, 0, 0;
   %set/av v0x13d6380, 8, 8;
    %jmp T_1.12;
T_1.5 ;
    %load/v 8, v0x13d5a90_0, 8;
   %ix/load 1, 0, 0;
   %ix/load 3, 1, 0;
   %set/av v0x13d6380, 8, 8;
    %jmp T_1.12;
T_1.6 ;
    %load/v 8, v0x13d5a90_0, 8;
   %ix/load 1, 0, 0;
   %ix/load 3, 2, 0;
   %set/av v0x13d6380, 8, 8;
    %jmp T_1.12;
T_1.7 ;
    %load/v 8, v0x13d5a90_0, 8;
   %ix/load 1, 0, 0;
   %ix/load 3, 3, 0;
   %set/av v0x13d6380, 8, 8;
    %jmp T_1.12;
T_1.8 ;
    %load/v 8, v0x13d5a90_0, 8;
   %ix/load 1, 0, 0;
   %ix/load 3, 4, 0;
   %set/av v0x13d6380, 8, 8;
    %jmp T_1.12;
T_1.9 ;
    %load/v 8, v0x13d5a90_0, 8;
   %ix/load 1, 0, 0;
   %ix/load 3, 5, 0;
   %set/av v0x13d6380, 8, 8;
    %jmp T_1.12;
T_1.10 ;
    %load/v 8, v0x13d5a90_0, 8;
   %ix/load 1, 0, 0;
   %ix/load 3, 6, 0;
   %set/av v0x13d6380, 8, 8;
    %jmp T_1.12;
T_1.11 ;
    %load/v 8, v0x13d5a90_0, 8;
   %ix/load 1, 0, 0;
   %ix/load 3, 7, 0;
   %set/av v0x13d6380, 8, 8;
    %jmp T_1.12;
T_1.12 ;
T_1.2 ;
T_1.1 ;
    %jmp T_1;
    .thread T_1;
    .scope S_0x138cf90;
T_2 ;
    %set/v v0x13d6480_0, 1, 1;
    %vpi_call 2 15 "$dumpfile", "waveDump.vcd";
    %vpi_call 2 16 "$dumpvars", 2'sb01, S_0x138cf90;
    %set/v v0x13d6810_0, 0, 1;
    %set/v v0x13d6940_0, 0, 1;
    %delay 1, 0;
    %set/v v0x13d6810_0, 1, 1;
    %set/v v0x13d6520_0, 0, 3;
    %movi 8, 4, 3;
    %set/v v0x13d65d0_0, 8, 3;
    %delay 8, 0;
    %set/v v0x13d6810_0, 0, 1;
    %delay 11, 0;
    %movi 8, 2, 3;
    %set/v v0x13d6520_0, 8, 3;
    %movi 8, 2, 3;
    %set/v v0x13d69f0_0, 8, 3;
    %movi 8, 95, 8;
    %set/v v0x13d6890_0, 8, 8;
    %set/v v0x13d6940_0, 1, 1;
    %delay 10, 0;
    %set/v v0x13d6940_0, 0, 1;
    %delay 1, 0;
    %movi 8, 2, 3;
    %set/v v0x13d6520_0, 8, 3;
    %delay 9, 0;
    %movi 8, 1, 3;
    %set/v v0x13d69f0_0, 8, 3;
    %movi 8, 28, 8;
    %set/v v0x13d6890_0, 8, 8;
    %set/v v0x13d6940_0, 1, 1;
    %movi 8, 1, 3;
    %set/v v0x13d6520_0, 8, 3;
    %delay 10, 0;
    %set/v v0x13d6940_0, 0, 1;
    %delay 10, 0;
    %movi 8, 4, 3;
    %set/v v0x13d69f0_0, 8, 3;
    %movi 8, 6, 8;
    %set/v v0x13d6890_0, 8, 8;
    %set/v v0x13d6940_0, 1, 1;
    %delay 10, 0;
    %movi 8, 15, 8;
    %set/v v0x13d6890_0, 8, 8;
    %set/v v0x13d6940_0, 1, 1;
    %delay 10, 0;
    %set/v v0x13d6940_0, 0, 1;
    %delay 6, 0;
    %movi 8, 1, 3;
    %set/v v0x13d69f0_0, 8, 3;
    %movi 8, 50, 8;
    %set/v v0x13d6890_0, 8, 8;
    %set/v v0x13d6940_0, 1, 1;
    %delay 5, 0;
    %set/v v0x13d6940_0, 0, 1;
    %delay 10, 0;
    %vpi_call 2 72 "$finish";
    %end;
    .thread T_2;
    .scope S_0x138cf90;
T_3 ;
    %delay 5, 0;
    %load/v 8, v0x13d6480_0, 1;
    %inv 8, 1;
    %set/v v0x13d6480_0, 8, 1;
    %jmp T_3;
    .thread T_3;
# The file index is used to find the file name in the following table.
:file_names 4;
    "N/A";
    "<interactive>";
    "./reg_file_tb_groundtruth.v";
    "./e16332regfile.v";
