#! /usr/bin/vvp
:ivl_version "0.9.7 " "(v0_9_7)";
:vpi_time_precision + 0;
:vpi_module "system";
:vpi_module "v2005_math";
:vpi_module "va_math";
S_0x1dcf290 .scope module, "reg_file_tb_groundtruth" "reg_file_tb_groundtruth" 2 1;
 .timescale 0 0;
v0x1e0f910_0 .var "CLK", 0 0;
v0x1e0f9b0_0 .var "READREG1", 2 0;
v0x1e0fa60_0 .var "READREG2", 2 0;
v0x1e0fb10_0 .net "REGOUT1", 7 0, L_0x1e0f660; 1 drivers
v0x1e0fbf0_0 .net "REGOUT2", 7 0, L_0x1e101b0; 1 drivers
v0x1e0fca0_0 .var "RESET", 0 0;
v0x1e0fd20_0 .var "WRITEDATA", 7 0;
v0x1e0fdd0_0 .var "WRITEENABLE", 0 0;
v0x1e0fe80_0 .var "WRITEREG", 2 0;
S_0x1df5e20 .scope module, "myregfile" "reg_file" 2 8, 3 5, S_0x1dcf290;
 .timescale 0 0;
L_0x1e0f660/d .functor BUFZ 8, L_0x1e0ff30, C4<00000000>, C4<00000000>, C4<00000000>;
L_0x1e0f660 .delay (2,2,2) L_0x1e0f660/d;
L_0x1e101b0/d .functor BUFZ 8, L_0x1e100c0, C4<00000000>, C4<00000000>, C4<00000000>;
L_0x1e101b0 .delay (2,2,2) L_0x1e101b0/d;
v0x1dcee20_0 .net "CLK", 0 0, v0x1e0f910_0; 1 drivers
v0x1e0f040_0 .net "IN", 7 0, v0x1e0fd20_0; 1 drivers
v0x1e0f0e0_0 .net "INADDRESS", 2 0, v0x1e0fe80_0; 1 drivers
v0x1e0f180_0 .alias "OUT1", 7 0, v0x1e0fb10_0;
v0x1e0f230_0 .net "OUT1ADDRESS", 2 0, v0x1e0f9b0_0; 1 drivers
v0x1e0f2d0_0 .alias "OUT2", 7 0, v0x1e0fbf0_0;
v0x1e0f3b0_0 .net "OUT2ADDRESS", 2 0, v0x1e0fa60_0; 1 drivers
v0x1e0f450_0 .net "RESET", 0 0, v0x1e0fca0_0; 1 drivers
v0x1e0f540_0 .net "WRITE", 0 0, v0x1e0fdd0_0; 1 drivers
v0x1e0f5e0_0 .net *"_s0", 7 0, L_0x1e0ff30; 1 drivers
v0x1e0f6e0_0 .net *"_s4", 7 0, L_0x1e100c0; 1 drivers
v0x1e0f780 .array "a", 0 7, 7 0;
v0x1e0f870_0 .var/i "i", 31 0;
E_0x1dceec0 .event edge, v0x1e0f450_0;
E_0x1df5f10 .event posedge, v0x1dcee20_0;
L_0x1e0ff30 .array/port v0x1e0f780, v0x1e0f9b0_0;
L_0x1e100c0 .array/port v0x1e0f780, v0x1e0fa60_0;
    .scope S_0x1df5e20;
T_0 ;
    %wait E_0x1df5f10;
    %load/v 8, v0x1e0f450_0, 1;
    %inv 8, 1;
    %jmp/0xz  T_0.0, 8;
    %load/v 8, v0x1e0f540_0, 1;
    %jmp/0xz  T_0.2, 8;
    %delay 2, 0;
    %load/v 8, v0x1e0f040_0, 8;
    %ix/getv 3, v0x1e0f0e0_0;
   %jmp/1 t_0, 4;
   %ix/load 1, 0, 0;
   %set/av v0x1e0f780, 8, 8;
t_0 ;
T_0.2 ;
T_0.0 ;
    %jmp T_0;
    .thread T_0;
    .scope S_0x1df5e20;
T_1 ;
    %wait E_0x1dceec0;
    %load/v 8, v0x1e0f450_0, 1;
    %jmp/0xz  T_1.0, 8;
    %delay 2, 0;
    %set/v v0x1e0f870_0, 0, 32;
T_1.2 ;
    %load/v 8, v0x1e0f870_0, 32;
   %cmpi/s 8, 8, 32;
    %jmp/0xz T_1.3, 5;
    %ix/getv/s 3, v0x1e0f870_0;
    %jmp/1 t_1, 4;
    %ix/load 0, 8, 0; word width
    %ix/load 1, 0, 0; part off
    %assign/av v0x1e0f780, 0, 0;
t_1 ;
    %ix/load 0, 1, 0;
    %load/vp0/s 8, v0x1e0f870_0, 32;
    %set/v v0x1e0f870_0, 8, 32;
    %jmp T_1.2;
T_1.3 ;
T_1.0 ;
    %jmp T_1;
    .thread T_1, $push;
    .scope S_0x1dcf290;
T_2 ;
    %set/v v0x1e0f910_0, 1, 1;
    %vpi_call 2 15 "$dumpfile", "waveDump.vcd";
    %vpi_call 2 16 "$dumpvars", 2'sb01, S_0x1dcf290;
    %set/v v0x1e0fca0_0, 0, 1;
    %set/v v0x1e0fdd0_0, 0, 1;
    %delay 1, 0;
    %set/v v0x1e0fca0_0, 1, 1;
    %set/v v0x1e0f9b0_0, 0, 3;
    %movi 8, 4, 3;
    %set/v v0x1e0fa60_0, 8, 3;
    %delay 8, 0;
    %set/v v0x1e0fca0_0, 0, 1;
    %delay 11, 0;
    %movi 8, 2, 3;
    %set/v v0x1e0f9b0_0, 8, 3;
    %movi 8, 2, 3;
    %set/v v0x1e0fe80_0, 8, 3;
    %movi 8, 95, 8;
    %set/v v0x1e0fd20_0, 8, 8;
    %set/v v0x1e0fdd0_0, 1, 1;
    %delay 10, 0;
    %set/v v0x1e0fdd0_0, 0, 1;
    %delay 1, 0;
    %movi 8, 2, 3;
    %set/v v0x1e0f9b0_0, 8, 3;
    %delay 9, 0;
    %movi 8, 1, 3;
    %set/v v0x1e0fe80_0, 8, 3;
    %movi 8, 28, 8;
    %set/v v0x1e0fd20_0, 8, 8;
    %set/v v0x1e0fdd0_0, 1, 1;
    %movi 8, 1, 3;
    %set/v v0x1e0f9b0_0, 8, 3;
    %delay 10, 0;
    %set/v v0x1e0fdd0_0, 0, 1;
    %delay 10, 0;
    %movi 8, 4, 3;
    %set/v v0x1e0fe80_0, 8, 3;
    %movi 8, 6, 8;
    %set/v v0x1e0fd20_0, 8, 8;
    %set/v v0x1e0fdd0_0, 1, 1;
    %delay 10, 0;
    %movi 8, 15, 8;
    %set/v v0x1e0fd20_0, 8, 8;
    %set/v v0x1e0fdd0_0, 1, 1;
    %delay 10, 0;
    %set/v v0x1e0fdd0_0, 0, 1;
    %delay 6, 0;
    %movi 8, 1, 3;
    %set/v v0x1e0fe80_0, 8, 3;
    %movi 8, 50, 8;
    %set/v v0x1e0fd20_0, 8, 8;
    %set/v v0x1e0fdd0_0, 1, 1;
    %delay 5, 0;
    %set/v v0x1e0fdd0_0, 0, 1;
    %delay 10, 0;
    %vpi_call 2 72 "$finish";
    %end;
    .thread T_2;
    .scope S_0x1dcf290;
T_3 ;
    %delay 5, 0;
    %load/v 8, v0x1e0f910_0, 1;
    %inv 8, 1;
    %set/v v0x1e0f910_0, 8, 1;
    %jmp T_3;
    .thread T_3;
# The file index is used to find the file name in the following table.
:file_names 4;
    "N/A";
    "<interactive>";
    "./reg_file_tb_groundtruth.v";
    "./reg_file.v";
