#! /usr/bin/vvp
:ivl_version "0.9.7 " "(v0_9_7)";
:vpi_time_precision + 0;
:vpi_module "system";
:vpi_module "v2005_math";
:vpi_module "va_math";
S_0xc472b0 .scope module, "testbench" "testbench" 2 1;
 .timescale 0 0;
v0xc58aa0_0 .var "DATA1_t", 7 0;
v0xc58b40_0 .var "DATA2_t", 7 0;
v0xc58bf0_0 .net "RESULT_t", 7 0, v0xc58640_0; 1 drivers
v0xc58ca0_0 .var "SELECT_t", 2 0;
S_0xc473a0 .scope module, "myalu" "alu" 2 7, 3 4, S_0xc472b0;
 .timescale 0 0;
v0xc20f90_0 .net "DATA1", 7 0, v0xc58aa0_0; 1 drivers
v0xc585a0_0 .net "DATA2", 7 0, v0xc58b40_0; 1 drivers
v0xc58640_0 .var "RESULT", 7 0;
v0xc586e0_0 .net "SELECT", 2 0, v0xc58ca0_0; 1 drivers
v0xc58790_0 .var *"_s0", 7 0; Local signal
v0xc58830_0 .var *"_s1", 7 0; Local signal
v0xc58910_0 .var *"_s2", 7 0; Local signal
v0xc589b0_0 .var *"_s3", 7 0; Local signal
E_0xc0ff50 .event edge, v0xc586e0_0, v0xc585a0_0, v0xc20f90_0;
    .scope S_0xc473a0;
T_0 ;
    %wait E_0xc0ff50;
    %load/v 8, v0xc586e0_0, 3;
    %cmpi/u 8, 0, 3;
    %jmp/1 T_0.0, 6;
    %cmpi/u 8, 1, 3;
    %jmp/1 T_0.1, 6;
    %cmpi/u 8, 2, 3;
    %jmp/1 T_0.2, 6;
    %cmpi/u 8, 3, 3;
    %jmp/1 T_0.3, 6;
    %set/v v0xc58640_0, 2, 8;
    %jmp T_0.5;
T_0.0 ;
    %load/v 8, v0xc585a0_0, 8;
    %set/v v0xc58790_0, 8, 8;
    %movi 8, 1, 2;
    %ix/get 0, 8, 2;
    %delayx 0;
    %load/v 8, v0xc58790_0, 8;
    %set/v v0xc58640_0, 8, 8;
    %jmp T_0.5;
T_0.1 ;
    %load/v 8, v0xc20f90_0, 8;
    %load/v 16, v0xc585a0_0, 8;
    %add 8, 16, 8;
    %set/v v0xc58830_0, 8, 8;
    %movi 8, 2, 3;
    %ix/get 0, 8, 3;
    %delayx 0;
    %load/v 8, v0xc58830_0, 8;
    %set/v v0xc58640_0, 8, 8;
    %jmp T_0.5;
T_0.2 ;
    %load/v 8, v0xc20f90_0, 8;
    %load/v 16, v0xc585a0_0, 8;
    %and 8, 16, 8;
    %set/v v0xc58910_0, 8, 8;
    %movi 8, 1, 2;
    %ix/get 0, 8, 2;
    %delayx 0;
    %load/v 8, v0xc58910_0, 8;
    %set/v v0xc58640_0, 8, 8;
    %jmp T_0.5;
T_0.3 ;
    %load/v 8, v0xc20f90_0, 8;
    %load/v 16, v0xc585a0_0, 8;
    %or 8, 16, 8;
    %set/v v0xc589b0_0, 8, 8;
    %movi 8, 1, 2;
    %ix/get 0, 8, 2;
    %delayx 0;
    %load/v 8, v0xc589b0_0, 8;
    %set/v v0xc58640_0, 8, 8;
    %jmp T_0.5;
T_0.5 ;
    %jmp T_0;
    .thread T_0, $push;
    .scope S_0xc472b0;
T_1 ;
    %vpi_call 2 11 "$monitor", $time, " DATA1_t: %b, DATA2_t: %b, SELECT_t: %b, RESULT_t: %b", v0xc58aa0_0, v0xc58b40_0, v0xc58ca0_0, v0xc58bf0_0;
    %end;
    .thread T_1;
    .scope S_0xc472b0;
T_2 ;
    %movi 8, 15, 8;
    %set/v v0xc58aa0_0, 8, 8;
    %movi 8, 240, 8;
    %set/v v0xc58b40_0, 8, 8;
    %movi 8, 1, 3;
    %set/v v0xc58ca0_0, 8, 3;
    %delay 10, 0;
    %movi 8, 2, 3;
    %set/v v0xc58ca0_0, 8, 3;
    %delay 10, 0;
    %movi 8, 3, 3;
    %set/v v0xc58ca0_0, 8, 3;
    %delay 10, 0;
    %movi 8, 171, 8;
    %set/v v0xc58aa0_0, 8, 8;
    %movi 8, 102, 8;
    %set/v v0xc58b40_0, 8, 8;
    %delay 10, 0;
    %set/v v0xc58ca0_0, 0, 3;
    %delay 10, 0;
    %set/v v0xc58ca0_0, 1, 3;
    %end;
    .thread T_2;
# The file index is used to find the file name in the following table.
:file_names 4;
    "N/A";
    "<interactive>";
    "./alu_tb_gt.v";
    "./alu.v";
