#! /usr/bin/vvp
:ivl_version "0.9.7 " "(v0_9_7)";
:vpi_time_precision + 0;
:vpi_module "system";
:vpi_module "v2005_math";
:vpi_module "va_math";
S_0xdd0690 .scope module, "alu" "alu" 2 1;
 .timescale 0 0;
v0xdcfe50_0 .var "ALU_out", 7 0;
v0xe13f50_0 .net "DATA1", 7 0, C4<zzzzzzzz>; 0 drivers
v0xe13ff0_0 .net "DATA2", 7 0, C4<zzzzzzzz>; 0 drivers
v0xe14090_0 .net "RESULT", 7 0, v0xdcfe50_0; 1 drivers
v0xe14140_0 .net "SELECT", 2 0, C4<zzz>; 0 drivers
E_0xdd1370 .event edge, v0xe13ff0_0, v0xe13f50_0, v0xe14140_0;
    .scope S_0xdd0690;
T_0 ;
    %wait E_0xdd1370;
    %load/v 8, v0xe14140_0, 3;
    %cmpi/u 8, 0, 3;
    %jmp/1 T_0.0, 6;
    %cmpi/u 8, 1, 3;
    %jmp/1 T_0.1, 6;
    %cmpi/u 8, 2, 3;
    %jmp/1 T_0.2, 6;
    %cmpi/u 8, 3, 3;
    %jmp/1 T_0.3, 6;
    %jmp T_0.4;
T_0.0 ;
    %delay 1, 0;
    %load/v 8, v0xe13ff0_0, 8;
    %set/v v0xdcfe50_0, 8, 8;
    %jmp T_0.4;
T_0.1 ;
    %delay 2, 0;
    %load/v 8, v0xe13f50_0, 8;
    %load/v 16, v0xe13ff0_0, 8;
    %add 8, 16, 8;
    %set/v v0xdcfe50_0, 8, 8;
    %jmp T_0.4;
T_0.2 ;
    %delay 1, 0;
    %load/v 8, v0xe13f50_0, 8;
    %load/v 16, v0xe13ff0_0, 8;
    %and 8, 16, 8;
    %set/v v0xdcfe50_0, 8, 8;
    %jmp T_0.4;
T_0.3 ;
    %delay 1, 0;
    %load/v 8, v0xe13f50_0, 8;
    %load/v 16, v0xe13ff0_0, 8;
    %or 8, 16, 8;
    %set/v v0xdcfe50_0, 8, 8;
    %jmp T_0.4;
T_0.4 ;
    %jmp T_0;
    .thread T_0, $push;
# The file index is used to find the file name in the following table.
:file_names 3;
    "N/A";
    "<interactive>";
    "alu.v";
