#! /usr/bin/vvp
:ivl_version "0.9.7 " "(v0_9_7)";
:vpi_time_precision + 0;
:vpi_module "system";
:vpi_module "v2005_math";
:vpi_module "va_math";
S_0x8aef20 .scope module, "reg_file_tb_groundtruth" "reg_file_tb_groundtruth" 2 1;
 .timescale 0 0;
v0x8cb370_0 .var "CLK", 0 0;
v0x8cb410_0 .var "READREG1", 2 0;
v0x8cb4c0_0 .var "READREG2", 2 0;
v0x8cb570_0 .net "REGOUT1", 7 0, v0x8cabe0_0; 1 drivers
v0x8cb650_0 .net "REGOUT2", 7 0, v0x8cad30_0; 1 drivers
v0x8cb700_0 .var "RESET", 0 0;
v0x8cb780_0 .var "WRITEDATA", 7 0;
v0x8cb830_0 .var "WRITEENABLE", 0 0;
v0x8cb8e0_0 .var "WRITEREG", 2 0;
S_0x8b3740 .scope module, "myregfile" "reg_file" 2 8, 3 7, S_0x8aef20;
 .timescale 0 0;
v0x8b38f0_0 .net "CLK", 0 0, v0x8cb370_0; 1 drivers
v0x8caaa0_0 .net "IN", 0 7, v0x8cb780_0; 1 drivers
v0x8cab40_0 .net "INADDRESS", 0 2, v0x8cb8e0_0; 1 drivers
v0x8cabe0_0 .var "OUT1", 0 7;
v0x8cac90_0 .net "OUT1ADDRESS", 0 2, v0x8cb410_0; 1 drivers
v0x8cad30_0 .var "OUT2", 0 7;
v0x8cae10_0 .net "OUT2ADDRESS", 0 2, v0x8cb4c0_0; 1 drivers
v0x8caeb0_0 .net "RESET", 0 0, v0x8cb700_0; 1 drivers
v0x8cafa0_0 .net "WRITE", 0 0, v0x8cb830_0; 1 drivers
v0x8cb040_0 .net *"_s2", 7 0, L_0x8cb990; 1 drivers
v0x8cb140_0 .net *"_s7", 7 0, L_0x8cba80; 1 drivers
v0x8cb1e0_0 .var "i", 0 3;
v0x8cb2f0 .array "register_array", 7 0, 0 7;
E_0x8aee50 .event posedge, v0x8b38f0_0;
E_0x8b3830 .event posedge, v0x8caeb0_0;
E_0x8b3860 .event edge, L_0x8cba80, v0x8cae10_0;
E_0x8b3890 .event edge, L_0x8cb990, v0x8cac90_0;
L_0x8cb990 .array/port v0x8cb2f0, v0x8cb410_0;
L_0x8cba80 .array/port v0x8cb2f0, v0x8cb4c0_0;
    .scope S_0x8b3740;
T_0 ;
    %wait E_0x8b3890;
    %load/v 8, v0x8caeb0_0, 1;
    %cmpi/u 8, 1, 1;
    %jmp/1 T_0.0, 6;
    %cmpi/u 8, 0, 1;
    %jmp/1 T_0.1, 6;
    %jmp T_0.2;
T_0.0 ;
    %delay 4, 0;
    %ix/getv 3, v0x8cac90_0;
    %load/av 8, v0x8cb2f0, 8;
    %set/v v0x8cabe0_0, 8, 8;
    %jmp T_0.2;
T_0.1 ;
    %delay 2, 0;
    %ix/getv 3, v0x8cac90_0;
    %load/av 8, v0x8cb2f0, 8;
    %set/v v0x8cabe0_0, 8, 8;
    %jmp T_0.2;
T_0.2 ;
    %jmp T_0;
    .thread T_0, $push;
    .scope S_0x8b3740;
T_1 ;
    %wait E_0x8b3860;
    %load/v 8, v0x8caeb0_0, 1;
    %cmpi/u 8, 1, 1;
    %jmp/1 T_1.0, 6;
    %cmpi/u 8, 0, 1;
    %jmp/1 T_1.1, 6;
    %jmp T_1.2;
T_1.0 ;
    %delay 4, 0;
    %ix/getv 3, v0x8cae10_0;
    %load/av 8, v0x8cb2f0, 8;
    %set/v v0x8cad30_0, 8, 8;
    %jmp T_1.2;
T_1.1 ;
    %delay 2, 0;
    %ix/getv 3, v0x8cae10_0;
    %load/av 8, v0x8cb2f0, 8;
    %set/v v0x8cad30_0, 8, 8;
    %jmp T_1.2;
T_1.2 ;
    %jmp T_1;
    .thread T_1, $push;
    .scope S_0x8b3740;
T_2 ;
    %wait E_0x8b3830;
    %delay 2, 0;
    %set/v v0x8cb1e0_0, 0, 4;
T_2.0 ;
    %load/v 8, v0x8cb1e0_0, 4;
    %mov 12, 0, 2;
   %cmpi/u 8, 8, 6;
    %jmp/0xz T_2.1, 5;
    %ix/getv 3, v0x8cb1e0_0;
   %jmp/1 t_0, 4;
   %ix/load 1, 0, 0;
   %set/av v0x8cb2f0, 0, 8;
t_0 ;
    %load/v 8, v0x8cb1e0_0, 4;
    %mov 12, 0, 28;
    %addi 8, 1, 32;
    %set/v v0x8cb1e0_0, 8, 4;
    %jmp T_2.0;
T_2.1 ;
    %jmp T_2;
    .thread T_2;
    .scope S_0x8b3740;
T_3 ;
    %wait E_0x8aee50;
    %load/v 8, v0x8cafa0_0, 1;
    %load/v 9, v0x8caeb0_0, 1;
    %inv 9, 1;
    %and 8, 9, 1;
    %jmp/0xz  T_3.0, 8;
    %delay 2, 0;
    %load/v 8, v0x8caaa0_0, 8;
    %ix/getv 3, v0x8cab40_0;
   %jmp/1 t_1, 4;
   %ix/load 1, 0, 0;
   %set/av v0x8cb2f0, 8, 8;
t_1 ;
T_3.0 ;
    %jmp T_3;
    .thread T_3;
    .scope S_0x8aef20;
T_4 ;
    %set/v v0x8cb370_0, 1, 1;
    %vpi_call 2 15 "$dumpfile", "waveDump.vcd";
    %vpi_call 2 16 "$dumpvars", 2'sb01, S_0x8aef20;
    %set/v v0x8cb700_0, 0, 1;
    %set/v v0x8cb830_0, 0, 1;
    %delay 1, 0;
    %set/v v0x8cb700_0, 1, 1;
    %set/v v0x8cb410_0, 0, 3;
    %movi 8, 4, 3;
    %set/v v0x8cb4c0_0, 8, 3;
    %delay 8, 0;
    %set/v v0x8cb700_0, 0, 1;
    %delay 11, 0;
    %movi 8, 2, 3;
    %set/v v0x8cb410_0, 8, 3;
    %movi 8, 2, 3;
    %set/v v0x8cb8e0_0, 8, 3;
    %movi 8, 95, 8;
    %set/v v0x8cb780_0, 8, 8;
    %set/v v0x8cb830_0, 1, 1;
    %delay 10, 0;
    %set/v v0x8cb830_0, 0, 1;
    %delay 1, 0;
    %movi 8, 2, 3;
    %set/v v0x8cb410_0, 8, 3;
    %delay 9, 0;
    %movi 8, 1, 3;
    %set/v v0x8cb8e0_0, 8, 3;
    %movi 8, 28, 8;
    %set/v v0x8cb780_0, 8, 8;
    %set/v v0x8cb830_0, 1, 1;
    %movi 8, 1, 3;
    %set/v v0x8cb410_0, 8, 3;
    %delay 10, 0;
    %set/v v0x8cb830_0, 0, 1;
    %delay 10, 0;
    %movi 8, 4, 3;
    %set/v v0x8cb8e0_0, 8, 3;
    %movi 8, 6, 8;
    %set/v v0x8cb780_0, 8, 8;
    %set/v v0x8cb830_0, 1, 1;
    %delay 10, 0;
    %movi 8, 15, 8;
    %set/v v0x8cb780_0, 8, 8;
    %set/v v0x8cb830_0, 1, 1;
    %delay 10, 0;
    %set/v v0x8cb830_0, 0, 1;
    %delay 6, 0;
    %movi 8, 1, 3;
    %set/v v0x8cb8e0_0, 8, 3;
    %movi 8, 50, 8;
    %set/v v0x8cb780_0, 8, 8;
    %set/v v0x8cb830_0, 1, 1;
    %delay 5, 0;
    %set/v v0x8cb830_0, 0, 1;
    %delay 10, 0;
    %vpi_call 2 72 "$finish";
    %end;
    .thread T_4;
    .scope S_0x8aef20;
T_5 ;
    %delay 5, 0;
    %load/v 8, v0x8cb370_0, 1;
    %inv 8, 1;
    %set/v v0x8cb370_0, 8, 1;
    %jmp T_5;
    .thread T_5;
# The file index is used to find the file name in the following table.
:file_names 4;
    "N/A";
    "<interactive>";
    "./reg_file_tb_groundtruth.v";
    "./reg_file.v";
