#! /usr/bin/vvp
:ivl_version "0.9.7 " "(v0_9_7)";
:vpi_time_precision + 0;
:vpi_module "system";
:vpi_module "v2005_math";
:vpi_module "va_math";
S_0x1b9d340 .scope module, "reg_file_tb_groundtruth" "reg_file_tb_groundtruth" 2 1;
 .timescale 0 0;
v0x1bdd6d0_0 .var "CLK", 0 0;
v0x1bdd770_0 .var "READREG1", 2 0;
v0x1bdd820_0 .var "READREG2", 2 0;
v0x1bdd8d0_0 .net "REGOUT1", 7 0, L_0x1bdd400; 1 drivers
v0x1bdd9b0_0 .net "REGOUT2", 7 0, L_0x1bddf70; 1 drivers
v0x1bdda60_0 .var "RESET", 0 0;
v0x1bddae0_0 .var "WRITEDATA", 7 0;
v0x1bddb90_0 .var "WRITEENABLE", 0 0;
v0x1bddc40_0 .var "WRITEREG", 2 0;
S_0x1bc8690 .scope module, "myregfile" "reg_file" 2 8, 3 79, S_0x1b9d340;
 .timescale 0 0;
L_0x1bdd400/d .functor BUFZ 8, L_0x1bddcf0, C4<00000000>, C4<00000000>, C4<00000000>;
L_0x1bdd400 .delay (2,2,2) L_0x1bdd400/d;
L_0x1bddf70/d .functor BUFZ 8, L_0x1bdde80, C4<00000000>, C4<00000000>, C4<00000000>;
L_0x1bddf70 .delay (2,2,2) L_0x1bddf70/d;
v0x1b9cf40_0 .net "CLK", 0 0, v0x1bdd6d0_0; 1 drivers
v0x1bdce00_0 .net "IN", 7 0, v0x1bddae0_0; 1 drivers
v0x1bdcea0_0 .net "INADDRESS", 2 0, v0x1bddc40_0; 1 drivers
v0x1bdcf40_0 .alias "OUT1", 7 0, v0x1bdd8d0_0;
v0x1bdcff0_0 .net "OUT1ADDRESS", 2 0, v0x1bdd770_0; 1 drivers
v0x1bdd090_0 .alias "OUT2", 7 0, v0x1bdd9b0_0;
v0x1bdd170_0 .net "OUT2ADDRESS", 2 0, v0x1bdd820_0; 1 drivers
v0x1bdd210 .array "REGISTERS", 0 7, 7 0;
v0x1bdd2e0_0 .net "RESET", 0 0, v0x1bdda60_0; 1 drivers
v0x1bdd380_0 .net "WRITE", 0 0, v0x1bddb90_0; 1 drivers
v0x1bdd480_0 .net *"_s0", 7 0, L_0x1bddcf0; 1 drivers
v0x1bdd520_0 .net *"_s4", 7 0, L_0x1bdde80; 1 drivers
v0x1bdd630_0 .var/i "i", 31 0;
E_0x1b9cfe0/0 .event edge, v0x1bdd2e0_0;
E_0x1b9cfe0/1 .event posedge, v0x1b9cf40_0;
E_0x1b9cfe0 .event/or E_0x1b9cfe0/0, E_0x1b9cfe0/1;
L_0x1bddcf0 .array/port v0x1bdd210, v0x1bdd770_0;
L_0x1bdde80 .array/port v0x1bdd210, v0x1bdd820_0;
    .scope S_0x1bc8690;
T_0 ;
    %wait E_0x1b9cfe0;
    %load/v 8, v0x1bdd2e0_0, 1;
    %cmpi/u 8, 0, 1;
    %jmp/0xz  T_0.0, 4;
    %load/v 8, v0x1bdd380_0, 1;
    %jmp/0xz  T_0.2, 8;
    %delay 2, 0;
    %load/v 8, v0x1bdce00_0, 8;
    %ix/getv 3, v0x1bdcea0_0;
   %jmp/1 t_0, 4;
   %ix/load 1, 0, 0;
   %set/av v0x1bdd210, 8, 8;
t_0 ;
T_0.2 ;
T_0.0 ;
    %load/v 8, v0x1bdd2e0_0, 1;
    %jmp/0xz  T_0.4, 8;
    %delay 2, 0;
    %set/v v0x1bdd630_0, 0, 32;
T_0.6 ;
    %load/v 8, v0x1bdd630_0, 32;
   %cmpi/s 8, 8, 32;
    %jmp/0xz T_0.7, 5;
    %ix/getv/s 3, v0x1bdd630_0;
   %jmp/1 t_1, 4;
   %ix/load 1, 0, 0;
   %set/av v0x1bdd210, 0, 8;
t_1 ;
    %ix/load 0, 1, 0;
    %load/vp0/s 8, v0x1bdd630_0, 32;
    %set/v v0x1bdd630_0, 8, 32;
    %jmp T_0.6;
T_0.7 ;
T_0.4 ;
    %jmp T_0;
    .thread T_0;
    .scope S_0x1b9d340;
T_1 ;
    %set/v v0x1bdd6d0_0, 1, 1;
    %vpi_call 2 15 "$dumpfile", "waveDump.vcd";
    %vpi_call 2 16 "$dumpvars", 2'sb01, S_0x1b9d340;
    %set/v v0x1bdda60_0, 0, 1;
    %set/v v0x1bddb90_0, 0, 1;
    %delay 1, 0;
    %set/v v0x1bdda60_0, 1, 1;
    %set/v v0x1bdd770_0, 0, 3;
    %movi 8, 4, 3;
    %set/v v0x1bdd820_0, 8, 3;
    %delay 8, 0;
    %set/v v0x1bdda60_0, 0, 1;
    %delay 11, 0;
    %movi 8, 2, 3;
    %set/v v0x1bdd770_0, 8, 3;
    %movi 8, 2, 3;
    %set/v v0x1bddc40_0, 8, 3;
    %movi 8, 95, 8;
    %set/v v0x1bddae0_0, 8, 8;
    %set/v v0x1bddb90_0, 1, 1;
    %delay 10, 0;
    %set/v v0x1bddb90_0, 0, 1;
    %delay 1, 0;
    %movi 8, 2, 3;
    %set/v v0x1bdd770_0, 8, 3;
    %delay 9, 0;
    %movi 8, 1, 3;
    %set/v v0x1bddc40_0, 8, 3;
    %movi 8, 28, 8;
    %set/v v0x1bddae0_0, 8, 8;
    %set/v v0x1bddb90_0, 1, 1;
    %movi 8, 1, 3;
    %set/v v0x1bdd770_0, 8, 3;
    %delay 10, 0;
    %set/v v0x1bddb90_0, 0, 1;
    %delay 10, 0;
    %movi 8, 4, 3;
    %set/v v0x1bddc40_0, 8, 3;
    %movi 8, 6, 8;
    %set/v v0x1bddae0_0, 8, 8;
    %set/v v0x1bddb90_0, 1, 1;
    %delay 10, 0;
    %movi 8, 15, 8;
    %set/v v0x1bddae0_0, 8, 8;
    %set/v v0x1bddb90_0, 1, 1;
    %delay 10, 0;
    %set/v v0x1bddb90_0, 0, 1;
    %delay 6, 0;
    %movi 8, 1, 3;
    %set/v v0x1bddc40_0, 8, 3;
    %movi 8, 50, 8;
    %set/v v0x1bddae0_0, 8, 8;
    %set/v v0x1bddb90_0, 1, 1;
    %delay 5, 0;
    %set/v v0x1bddb90_0, 0, 1;
    %delay 10, 0;
    %vpi_call 2 72 "$finish";
    %end;
    .thread T_1;
    .scope S_0x1b9d340;
T_2 ;
    %delay 5, 0;
    %load/v 8, v0x1bdd6d0_0, 1;
    %inv 8, 1;
    %set/v v0x1bdd6d0_0, 8, 1;
    %jmp T_2;
    .thread T_2;
# The file index is used to find the file name in the following table.
:file_names 4;
    "N/A";
    "<interactive>";
    "./reg_file_tb_groundtruth.v";
    "./reg_file.v";
