#! /usr/bin/vvp
:ivl_version "0.9.7 " "(v0_9_7)";
:vpi_time_precision + 0;
:vpi_module "system";
:vpi_module "v2005_math";
:vpi_module "va_math";
S_0xecfb80 .scope module, "reg_file_tb_groundtruth" "reg_file_tb_groundtruth" 2 1;
 .timescale 0 0;
v0xf132f0_0 .var "CLK", 0 0;
v0xf13370_0 .var "READREG1", 2 0;
v0xf13420_0 .var "READREG2", 2 0;
v0xf134d0_0 .net "REGOUT1", 7 0, L_0xf13c90; 1 drivers
v0xf13580_0 .net "REGOUT2", 7 0, L_0xf14300; 1 drivers
v0xf13630_0 .var "RESET", 0 0;
v0xf136b0_0 .var "WRITEDATA", 7 0;
v0xf13730_0 .var "WRITEENABLE", 0 0;
v0xf137e0_0 .var "WRITEREG", 2 0;
S_0xef5e20 .scope module, "myregfile" "reg_file" 2 8, 3 1, S_0xecfb80;
 .timescale 0 0;
v0xed0fd0_0 .net "READREG1", 2 0, v0xf13370_0; 1 drivers
v0xf122e0_0 .net "READREG2", 2 0, v0xf13420_0; 1 drivers
v0xf12380_0 .alias "REGOUT1", 7 0, v0xf134d0_0;
v0xf12420_0 .alias "REGOUT2", 7 0, v0xf13580_0;
v0xf124d0_0 .net "WRITEDATA", 7 0, v0xf136b0_0; 1 drivers
v0xf12570_0 .net "WRITEENABLE", 0 0, v0xf13730_0; 1 drivers
v0xf12650_0 .net "WRITEREG", 2 0, v0xf137e0_0; 1 drivers
v0xf126f0_0 .net *"_s0", 3 0, L_0xf13890; 1 drivers
v0xf127e0_0 .net *"_s10", 7 0, L_0xf13bf0; 1 drivers
v0xf12880_0 .net *"_s14", 3 0, L_0xf13ea0; 1 drivers
v0xf12980_0 .net *"_s17", 0 0, C4<0>; 1 drivers
v0xf12a20_0 .net *"_s18", 3 0, C4<0000>; 1 drivers
v0xf12b30_0 .net *"_s20", 0 0, L_0xf14060; 1 drivers
v0xf12bd0_0 .net *"_s22", 7 0, C4<00000000>; 1 drivers
v0xf12cf0_0 .net *"_s24", 7 0, L_0xf14260; 1 drivers
v0xf12d90_0 .net *"_s3", 0 0, C4<0>; 1 drivers
v0xf12c50_0 .net *"_s4", 3 0, C4<0000>; 1 drivers
v0xf12ee0_0 .net *"_s6", 0 0, L_0xf13a40; 1 drivers
v0xf13000_0 .net *"_s8", 7 0, C4<00000000>; 1 drivers
v0xf13080_0 .net "clk", 0 0, v0xf132f0_0; 1 drivers
v0xf12f60_0 .var/i "i", 31 0;
v0xf131b0 .array "reg_array", 0 7, 7 0;
v0xf13100_0 .net "reset", 0 0, v0xf13630_0; 1 drivers
E_0xecff20/0 .event edge, v0xf13100_0;
E_0xecff20/1 .event posedge, v0xf13080_0;
E_0xecff20 .event/or E_0xecff20/0, E_0xecff20/1;
L_0xf13890 .concat [ 3 1 0 0], v0xf13370_0, C4<0>;
L_0xf13a40 .cmp/eq 4, L_0xf13890, C4<0000>;
L_0xf13bf0 .array/port v0xf131b0, v0xf13370_0;
L_0xf13c90 .functor MUXZ 8, L_0xf13bf0, C4<00000000>, L_0xf13a40, C4<>;
L_0xf13ea0 .concat [ 3 1 0 0], v0xf13420_0, C4<0>;
L_0xf14060 .cmp/eq 4, L_0xf13ea0, C4<0000>;
L_0xf14260 .array/port v0xf131b0, v0xf13420_0;
L_0xf14300 .functor MUXZ 8, L_0xf14260, C4<00000000>, L_0xf14060, C4<>;
    .scope S_0xef5e20;
T_0 ;
    %wait E_0xecff20;
    %load/v 8, v0xf13100_0, 1;
    %jmp/0xz  T_0.0, 8;
    %delay 2, 0;
    %set/v v0xf12f60_0, 0, 32;
T_0.2 ;
    %load/v 8, v0xf12f60_0, 32;
   %cmpi/s 8, 8, 32;
    %jmp/0xz T_0.3, 5;
    %ix/getv/s 3, v0xf12f60_0;
   %jmp/1 t_0, 4;
   %ix/load 1, 0, 0;
   %set/av v0xf131b0, 0, 8;
t_0 ;
    %ix/load 0, 1, 0;
    %load/vp0/s 8, v0xf12f60_0, 32;
    %set/v v0xf12f60_0, 8, 32;
    %jmp T_0.2;
T_0.3 ;
    %jmp T_0.1;
T_0.0 ;
    %load/v 8, v0xf12570_0, 1;
    %jmp/0xz  T_0.4, 8;
    %delay 2, 0;
    %load/v 8, v0xf124d0_0, 8;
    %ix/getv 3, v0xf12650_0;
   %jmp/1 t_1, 4;
   %ix/load 1, 0, 0;
   %set/av v0xf131b0, 8, 8;
t_1 ;
T_0.4 ;
T_0.1 ;
    %jmp T_0;
    .thread T_0;
    .scope S_0xecfb80;
T_1 ;
    %set/v v0xf132f0_0, 1, 1;
    %vpi_call 2 15 "$dumpfile", "waveDump.vcd";
    %vpi_call 2 16 "$dumpvars", 2'sb01, S_0xecfb80;
    %set/v v0xf13630_0, 0, 1;
    %set/v v0xf13730_0, 0, 1;
    %delay 1, 0;
    %set/v v0xf13630_0, 1, 1;
    %set/v v0xf13370_0, 0, 3;
    %movi 8, 4, 3;
    %set/v v0xf13420_0, 8, 3;
    %delay 8, 0;
    %set/v v0xf13630_0, 0, 1;
    %delay 11, 0;
    %movi 8, 2, 3;
    %set/v v0xf13370_0, 8, 3;
    %movi 8, 2, 3;
    %set/v v0xf137e0_0, 8, 3;
    %movi 8, 95, 8;
    %set/v v0xf136b0_0, 8, 8;
    %set/v v0xf13730_0, 1, 1;
    %delay 10, 0;
    %set/v v0xf13730_0, 0, 1;
    %delay 1, 0;
    %movi 8, 2, 3;
    %set/v v0xf13370_0, 8, 3;
    %delay 9, 0;
    %movi 8, 1, 3;
    %set/v v0xf137e0_0, 8, 3;
    %movi 8, 28, 8;
    %set/v v0xf136b0_0, 8, 8;
    %set/v v0xf13730_0, 1, 1;
    %movi 8, 1, 3;
    %set/v v0xf13370_0, 8, 3;
    %delay 10, 0;
    %set/v v0xf13730_0, 0, 1;
    %delay 10, 0;
    %movi 8, 4, 3;
    %set/v v0xf137e0_0, 8, 3;
    %movi 8, 6, 8;
    %set/v v0xf136b0_0, 8, 8;
    %set/v v0xf13730_0, 1, 1;
    %delay 10, 0;
    %movi 8, 15, 8;
    %set/v v0xf136b0_0, 8, 8;
    %set/v v0xf13730_0, 1, 1;
    %delay 10, 0;
    %set/v v0xf13730_0, 0, 1;
    %delay 6, 0;
    %movi 8, 1, 3;
    %set/v v0xf137e0_0, 8, 3;
    %movi 8, 50, 8;
    %set/v v0xf136b0_0, 8, 8;
    %set/v v0xf13730_0, 1, 1;
    %delay 5, 0;
    %set/v v0xf13730_0, 0, 1;
    %delay 10, 0;
    %vpi_call 2 72 "$finish";
    %end;
    .thread T_1;
    .scope S_0xecfb80;
T_2 ;
    %delay 5, 0;
    %load/v 8, v0xf132f0_0, 1;
    %inv 8, 1;
    %set/v v0xf132f0_0, 8, 1;
    %jmp T_2;
    .thread T_2;
# The file index is used to find the file name in the following table.
:file_names 4;
    "N/A";
    "<interactive>";
    "./reg_file_tb_groundtruth.v";
    "./registerfile.v";
