#! /usr/bin/vvp
:ivl_version "0.9.7 " "(v0_9_7)";
:vpi_time_precision + 0;
:vpi_module "system";
:vpi_module "v2005_math";
:vpi_module "va_math";
S_0x20f9340 .scope module, "reg_file_tb_groundtruth" "reg_file_tb_groundtruth" 2 1;
 .timescale 0 0;
v0x21352b0_0 .var "CLK", 0 0;
v0x2135350_0 .var "READREG1", 2 0;
v0x2135400_0 .var "READREG2", 2 0;
v0x21354b0_0 .net "REGOUT1", 7 0, L_0x2135000; 1 drivers
v0x2135590_0 .net "REGOUT2", 7 0, L_0x2135b50; 1 drivers
v0x2135640_0 .var "RESET", 0 0;
v0x21356c0_0 .var "WRITEDATA", 7 0;
v0x2135770_0 .var "WRITEENABLE", 0 0;
v0x2135820_0 .var "WRITEREG", 2 0;
S_0x211fe20 .scope module, "myregfile" "reg_file" 2 8, 3 6, S_0x20f9340;
 .timescale 0 0;
L_0x2135000/d .functor BUFZ 8, L_0x21358d0, C4<00000000>, C4<00000000>, C4<00000000>;
L_0x2135000 .delay (2,2,2) L_0x2135000/d;
L_0x2135b50/d .functor BUFZ 8, L_0x2135a60, C4<00000000>, C4<00000000>, C4<00000000>;
L_0x2135b50 .delay (2,2,2) L_0x2135b50/d;
v0x20f8f40_0 .net "CLK", 0 0, v0x21352b0_0; 1 drivers
v0x21349e0_0 .net "IN", 7 0, v0x21356c0_0; 1 drivers
v0x2134a80_0 .net "INADDRESS", 2 0, v0x2135820_0; 1 drivers
v0x2134b20_0 .alias "OUT1", 7 0, v0x21354b0_0;
v0x2134bd0_0 .net "OUT1ADDRESS", 2 0, v0x2135350_0; 1 drivers
v0x2134c70_0 .alias "OUT2", 7 0, v0x2135590_0;
v0x2134d50_0 .net "OUT2ADDRESS", 2 0, v0x2135400_0; 1 drivers
v0x2134df0_0 .net "RESET", 0 0, v0x2135640_0; 1 drivers
v0x2134ee0_0 .net "WRITE", 0 0, v0x2135770_0; 1 drivers
v0x2134f80_0 .net *"_s0", 7 0, L_0x21358d0; 1 drivers
v0x2135080_0 .net *"_s4", 7 0, L_0x2135a60; 1 drivers
v0x2135120_0 .var/i "i", 31 0;
v0x2135230 .array "reg_file", 0 7, 7 0;
E_0x20f8fe0 .event posedge, v0x20f8f40_0;
E_0x211ff10 .event edge, v0x2134df0_0;
L_0x21358d0 .array/port v0x2135230, v0x2135350_0;
L_0x2135a60 .array/port v0x2135230, v0x2135400_0;
    .scope S_0x211fe20;
T_0 ;
    %wait E_0x211ff10;
    %load/v 8, v0x2134df0_0, 1;
    %jmp/0xz  T_0.0, 8;
    %delay 2, 0;
    %set/v v0x2135120_0, 0, 32;
T_0.2 ;
    %load/v 8, v0x2135120_0, 32;
   %cmpi/s 8, 8, 32;
    %jmp/0xz T_0.3, 5;
    %ix/getv/s 3, v0x2135120_0;
   %jmp/1 t_0, 4;
   %ix/load 1, 0, 0;
   %set/av v0x2135230, 0, 8;
t_0 ;
    %ix/load 0, 1, 0;
    %load/vp0/s 8, v0x2135120_0, 32;
    %set/v v0x2135120_0, 8, 32;
    %jmp T_0.2;
T_0.3 ;
T_0.0 ;
    %jmp T_0;
    .thread T_0, $push;
    .scope S_0x211fe20;
T_1 ;
    %wait E_0x20f8fe0;
    %load/v 8, v0x2134ee0_0, 1;
    %load/v 9, v0x2134df0_0, 1;
    %inv 9, 1;
    %and 8, 9, 1;
    %jmp/0xz  T_1.0, 8;
    %delay 2, 0;
    %load/v 8, v0x21349e0_0, 8;
    %ix/getv 3, v0x2134a80_0;
   %jmp/1 t_1, 4;
   %ix/load 1, 0, 0;
   %set/av v0x2135230, 8, 8;
t_1 ;
T_1.0 ;
    %jmp T_1;
    .thread T_1;
    .scope S_0x20f9340;
T_2 ;
    %set/v v0x21352b0_0, 1, 1;
    %vpi_call 2 15 "$dumpfile", "waveDump.vcd";
    %vpi_call 2 16 "$dumpvars", 2'sb01, S_0x20f9340;
    %set/v v0x2135640_0, 0, 1;
    %set/v v0x2135770_0, 0, 1;
    %delay 1, 0;
    %set/v v0x2135640_0, 1, 1;
    %set/v v0x2135350_0, 0, 3;
    %movi 8, 4, 3;
    %set/v v0x2135400_0, 8, 3;
    %delay 8, 0;
    %set/v v0x2135640_0, 0, 1;
    %delay 11, 0;
    %movi 8, 2, 3;
    %set/v v0x2135350_0, 8, 3;
    %movi 8, 2, 3;
    %set/v v0x2135820_0, 8, 3;
    %movi 8, 95, 8;
    %set/v v0x21356c0_0, 8, 8;
    %set/v v0x2135770_0, 1, 1;
    %delay 10, 0;
    %set/v v0x2135770_0, 0, 1;
    %delay 1, 0;
    %movi 8, 2, 3;
    %set/v v0x2135350_0, 8, 3;
    %delay 9, 0;
    %movi 8, 1, 3;
    %set/v v0x2135820_0, 8, 3;
    %movi 8, 28, 8;
    %set/v v0x21356c0_0, 8, 8;
    %set/v v0x2135770_0, 1, 1;
    %movi 8, 1, 3;
    %set/v v0x2135350_0, 8, 3;
    %delay 10, 0;
    %set/v v0x2135770_0, 0, 1;
    %delay 10, 0;
    %movi 8, 4, 3;
    %set/v v0x2135820_0, 8, 3;
    %movi 8, 6, 8;
    %set/v v0x21356c0_0, 8, 8;
    %set/v v0x2135770_0, 1, 1;
    %delay 10, 0;
    %movi 8, 15, 8;
    %set/v v0x21356c0_0, 8, 8;
    %set/v v0x2135770_0, 1, 1;
    %delay 10, 0;
    %set/v v0x2135770_0, 0, 1;
    %delay 6, 0;
    %movi 8, 1, 3;
    %set/v v0x2135820_0, 8, 3;
    %movi 8, 50, 8;
    %set/v v0x21356c0_0, 8, 8;
    %set/v v0x2135770_0, 1, 1;
    %delay 5, 0;
    %set/v v0x2135770_0, 0, 1;
    %delay 10, 0;
    %vpi_call 2 72 "$finish";
    %end;
    .thread T_2;
    .scope S_0x20f9340;
T_3 ;
    %delay 5, 0;
    %load/v 8, v0x21352b0_0, 1;
    %inv 8, 1;
    %set/v v0x21352b0_0, 8, 1;
    %jmp T_3;
    .thread T_3;
# The file index is used to find the file name in the following table.
:file_names 4;
    "N/A";
    "<interactive>";
    "./reg_file_tb_groundtruth.v";
    "./reg_file.v";
