#! /usr/bin/vvp
:ivl_version "0.9.7 " "(v0_9_7)";
:vpi_time_precision + 0;
:vpi_module "system";
:vpi_module "v2005_math";
:vpi_module "va_math";
S_0x2532800 .scope module, "reg_file_tb_groundtruth" "reg_file_tb_groundtruth" 2 1;
 .timescale 0 0;
v0x2547af0_0 .var "CLK", 0 0;
v0x2547b90_0 .var "READREG1", 2 0;
v0x2547c40_0 .var "READREG2", 2 0;
v0x2547cf0_0 .net "REGOUT1", 7 0, v0x2547360_0; 1 drivers
v0x2547dd0_0 .net "REGOUT2", 7 0, v0x25474b0_0; 1 drivers
v0x2547e80_0 .var "RESET", 0 0;
v0x2547f00_0 .var "WRITEDATA", 7 0;
v0x2547fb0_0 .var "WRITEENABLE", 0 0;
v0x2548060_0 .var "WRITEREG", 2 0;
S_0x2502680 .scope module, "myregfile" "reg_file" 2 8, 3 2, S_0x2532800;
 .timescale 0 0;
v0x25027d0_0 .net "CLK", 0 0, v0x2547af0_0; 1 drivers
v0x2547220_0 .net "IN", 7 0, v0x2547f00_0; 1 drivers
v0x25472c0_0 .net "INADDRESS", 2 0, v0x2548060_0; 1 drivers
v0x2547360_0 .var "OUT1", 7 0;
v0x2547410_0 .net "OUT1ADDRESS", 2 0, v0x2547b90_0; 1 drivers
v0x25474b0_0 .var "OUT2", 7 0;
v0x2547590_0 .net "OUT2ADDRESS", 2 0, v0x2547c40_0; 1 drivers
v0x2547630_0 .net "RESET", 0 0, v0x2547e80_0; 1 drivers
v0x2547720 .array "Register", 0 7, 7 0;
v0x25477a0_0 .net "WRITE", 0 0, v0x2547fb0_0; 1 drivers
v0x25478a0_0 .net *"_s5", 7 0, L_0x2548110; 1 drivers
v0x2547940_0 .net *"_s8", 7 0, L_0x2548200; 1 drivers
v0x2547a50_0 .var/i "j", 31 0;
E_0x2532730/0 .event edge, L_0x2548200, L_0x2548110, v0x2547590_0, v0x2547410_0;
E_0x2532730/1 .event posedge, v0x2547630_0;
E_0x2532730 .event/or E_0x2532730/0, E_0x2532730/1;
E_0x25027a0 .event posedge, v0x25027d0_0;
L_0x2548110 .array/port v0x2547720, v0x2547b90_0;
L_0x2548200 .array/port v0x2547720, v0x2547c40_0;
    .scope S_0x2502680;
T_0 ;
    %wait E_0x25027a0;
    %load/v 8, v0x25477a0_0, 1;
    %load/v 9, v0x2547630_0, 1;
    %inv 9, 1;
    %and 8, 9, 1;
    %jmp/0xz  T_0.0, 8;
    %delay 2, 0;
    %load/v 8, v0x2547220_0, 8;
    %ix/getv 3, v0x25472c0_0;
    %jmp/1 t_0, 4;
    %ix/load 0, 8, 0; word width
    %ix/load 1, 0, 0; part off
    %assign/av v0x2547720, 0, 8;
t_0 ;
T_0.0 ;
    %jmp T_0;
    .thread T_0;
    .scope S_0x2502680;
T_1 ;
    %wait E_0x2532730;
    %load/v 8, v0x2547630_0, 1;
    %jmp/0xz  T_1.0, 8;
    %delay 2, 0;
    %set/v v0x2547a50_0, 0, 32;
T_1.2 ;
    %load/v 8, v0x2547a50_0, 32;
   %cmpi/s 8, 8, 32;
    %jmp/0xz T_1.3, 5;
    %ix/getv/s 3, v0x2547a50_0;
   %jmp/1 t_1, 4;
   %ix/load 1, 0, 0;
   %set/av v0x2547720, 0, 8;
t_1 ;
    %ix/load 0, 1, 0;
    %load/vp0/s 8, v0x2547a50_0, 32;
    %set/v v0x2547a50_0, 8, 32;
    %jmp T_1.2;
T_1.3 ;
T_1.0 ;
    %delay 2, 0;
    %ix/getv 3, v0x2547410_0;
    %load/av 8, v0x2547720, 8;
    %ix/load 0, 8, 0;
    %assign/v0 v0x2547360_0, 0, 8;
    %ix/getv 3, v0x2547590_0;
    %load/av 8, v0x2547720, 8;
    %ix/load 0, 8, 0;
    %assign/v0 v0x25474b0_0, 0, 8;
    %jmp T_1;
    .thread T_1;
    .scope S_0x2532800;
T_2 ;
    %set/v v0x2547af0_0, 1, 1;
    %vpi_call 2 15 "$dumpfile", "waveDump.vcd";
    %vpi_call 2 16 "$dumpvars", 2'sb01, S_0x2532800;
    %set/v v0x2547e80_0, 0, 1;
    %set/v v0x2547fb0_0, 0, 1;
    %delay 1, 0;
    %set/v v0x2547e80_0, 1, 1;
    %set/v v0x2547b90_0, 0, 3;
    %movi 8, 4, 3;
    %set/v v0x2547c40_0, 8, 3;
    %delay 8, 0;
    %set/v v0x2547e80_0, 0, 1;
    %delay 11, 0;
    %movi 8, 2, 3;
    %set/v v0x2547b90_0, 8, 3;
    %movi 8, 2, 3;
    %set/v v0x2548060_0, 8, 3;
    %movi 8, 95, 8;
    %set/v v0x2547f00_0, 8, 8;
    %set/v v0x2547fb0_0, 1, 1;
    %delay 10, 0;
    %set/v v0x2547fb0_0, 0, 1;
    %delay 1, 0;
    %movi 8, 2, 3;
    %set/v v0x2547b90_0, 8, 3;
    %delay 9, 0;
    %movi 8, 1, 3;
    %set/v v0x2548060_0, 8, 3;
    %movi 8, 28, 8;
    %set/v v0x2547f00_0, 8, 8;
    %set/v v0x2547fb0_0, 1, 1;
    %movi 8, 1, 3;
    %set/v v0x2547b90_0, 8, 3;
    %delay 10, 0;
    %set/v v0x2547fb0_0, 0, 1;
    %delay 10, 0;
    %movi 8, 4, 3;
    %set/v v0x2548060_0, 8, 3;
    %movi 8, 6, 8;
    %set/v v0x2547f00_0, 8, 8;
    %set/v v0x2547fb0_0, 1, 1;
    %delay 10, 0;
    %movi 8, 15, 8;
    %set/v v0x2547f00_0, 8, 8;
    %set/v v0x2547fb0_0, 1, 1;
    %delay 10, 0;
    %set/v v0x2547fb0_0, 0, 1;
    %delay 6, 0;
    %movi 8, 1, 3;
    %set/v v0x2548060_0, 8, 3;
    %movi 8, 50, 8;
    %set/v v0x2547f00_0, 8, 8;
    %set/v v0x2547fb0_0, 1, 1;
    %delay 5, 0;
    %set/v v0x2547fb0_0, 0, 1;
    %delay 10, 0;
    %vpi_call 2 72 "$finish";
    %end;
    .thread T_2;
    .scope S_0x2532800;
T_3 ;
    %delay 5, 0;
    %load/v 8, v0x2547af0_0, 1;
    %inv 8, 1;
    %set/v v0x2547af0_0, 8, 1;
    %jmp T_3;
    .thread T_3;
# The file index is used to find the file name in the following table.
:file_names 4;
    "N/A";
    "<interactive>";
    "./reg_file_tb_groundtruth.v";
    "./reg_file.v";
