#! /usr/bin/vvp
:ivl_version "0.9.7 " "(v0_9_7)";
:vpi_time_precision + 0;
:vpi_module "system";
:vpi_module "v2005_math";
:vpi_module "va_math";
S_0x1358ee0 .scope module, "reg_file_tb_groundtruth" "reg_file_tb_groundtruth" 2 1;
 .timescale 0 0;
v0x1379290_0 .var "CLK", 0 0;
v0x1379330_0 .var "READREG1", 2 0;
v0x13793e0_0 .var "READREG2", 2 0;
v0x1379490_0 .net "REGOUT1", 7 0, v0x13789e0_0; 1 drivers
v0x1379570_0 .net "REGOUT2", 7 0, v0x1378b30_0; 1 drivers
v0x1379620_0 .var "RESET", 0 0;
v0x13796a0_0 .var "WRITEDATA", 7 0;
v0x1379750_0 .var "WRITEENABLE", 0 0;
v0x1379800_0 .var "WRITEREG", 2 0;
S_0x135fa00 .scope module, "myregfile" "reg_file" 2 8, 3 66, S_0x1358ee0;
 .timescale 0 0;
v0x135fbe0_0 .net "CLK", 0 0, v0x1379290_0; 1 drivers
v0x13788a0_0 .net "IN", 7 0, v0x13796a0_0; 1 drivers
v0x1378940_0 .net "INADDRESS", 2 0, v0x1379800_0; 1 drivers
v0x13789e0_0 .var "OUT1", 7 0;
v0x1378a90_0 .net "OUT1ADDRESS", 2 0, v0x1379330_0; 1 drivers
v0x1378b30_0 .var "OUT2", 7 0;
v0x1378c10_0 .net "OUT2ADDRESS", 2 0, v0x13793e0_0; 1 drivers
v0x1378cb0_0 .net "RESET", 0 0, v0x1379620_0; 1 drivers
v0x1378da0_0 .net "WRITE", 0 0, v0x1379750_0; 1 drivers
v0x1378e40_0 .var "WRITEDONE", 0 0;
v0x1378f40_0 .var *"_s4", 7 0; Local signal
v0x1378fe0_0 .var *"_s7", 7 0; Local signal
v0x13790f0_0 .var/i "i", 31 0;
v0x1379190 .array "regFile", 0 7, 7 0;
E_0x1358e10 .event edge, v0x1378e40_0;
E_0x135faf0 .event edge, v0x1378c10_0;
E_0x135fb20 .event edge, v0x1378a90_0;
E_0x135fb50 .event edge, v0x1378cb0_0;
E_0x135fbb0 .event posedge, v0x135fbe0_0;
    .scope S_0x135fa00;
T_0 ;
    %set/v v0x1378e40_0, 0, 1;
    %end;
    .thread T_0;
    .scope S_0x135fa00;
T_1 ;
    %wait E_0x135fbb0;
    %load/v 8, v0x1378da0_0, 1;
    %load/v 9, v0x1378cb0_0, 1;
    %cmpi/u 9, 0, 1;
    %mov 9, 4, 1;
    %and 8, 9, 1;
    %jmp/0xz  T_1.0, 8;
    %delay 2, 0;
    %load/v 8, v0x13788a0_0, 8;
    %ix/load 1, 2, 0;
    %mov 4, 0, 1;
    %jmp/1 T_1.2, 4;
    %load/x1p 16, v0x1378940_0, 1;
    %mov 17, 0, 4;
    %jmp T_1.3;
T_1.2 ;
    %mov 16, 2, 5;
T_1.3 ;
; Save base=16 wid=5 in lookaside.
    %muli 16, 4, 5;
    %ix/load 1, 1, 0;
    %mov 4, 0, 1;
    %jmp/1 T_1.4, 4;
    %load/x1p 21, v0x1378940_0, 1;
    %mov 22, 0, 4;
    %jmp T_1.5;
T_1.4 ;
    %mov 21, 2, 5;
T_1.5 ;
; Save base=21 wid=5 in lookaside.
    %muli 21, 2, 5;
    %add 16, 21, 5;
    %load/v 21, v0x1378940_0, 1; Only need 1 of 3 bits
    %mov 22, 0, 4;
; Save base=21 wid=5 in lookaside.
    %add 16, 21, 5;
    %ix/get 3, 16, 5;
   %jmp/1 t_0, 4;
   %ix/load 1, 0, 0;
   %set/av v0x1379190, 8, 8;
t_0 ;
    %load/v 8, v0x1378e40_0, 1;
    %inv 8, 1;
    %set/v v0x1378e40_0, 8, 1;
T_1.0 ;
    %jmp T_1;
    .thread T_1;
    .scope S_0x135fa00;
T_2 ;
    %wait E_0x135fb50;
    %load/v 8, v0x1378cb0_0, 1;
    %jmp/0xz  T_2.0, 8;
    %delay 2, 0;
    %set/v v0x13790f0_0, 0, 32;
T_2.2 ;
    %load/v 8, v0x13790f0_0, 32;
   %cmpi/s 8, 8, 32;
    %jmp/0xz T_2.3, 5;
    %ix/getv/s 3, v0x13790f0_0;
   %jmp/1 t_1, 4;
   %ix/load 1, 0, 0;
   %set/av v0x1379190, 0, 8;
t_1 ;
    %ix/load 0, 1, 0;
    %load/vp0/s 8, v0x13790f0_0, 32;
    %set/v v0x13790f0_0, 8, 32;
    %jmp T_2.2;
T_2.3 ;
    %load/v 8, v0x1378e40_0, 1;
    %inv 8, 1;
    %set/v v0x1378e40_0, 8, 1;
T_2.0 ;
    %jmp T_2;
    .thread T_2, $push;
    .scope S_0x135fa00;
T_3 ;
    %wait E_0x135fb20;
    %load/v 8, v0x1378cb0_0, 1;
    %cmpi/u 8, 0, 1;
    %jmp/0xz  T_3.0, 4;
    %ix/load 1, 2, 0;
    %mov 4, 0, 1;
    %jmp/1 T_3.2, 4;
    %load/x1p 16, v0x1378a90_0, 1;
    %mov 17, 0, 4;
    %jmp T_3.3;
T_3.2 ;
    %mov 16, 2, 5;
T_3.3 ;
; Save base=16 wid=5 in lookaside.
    %muli 16, 4, 5;
    %ix/load 1, 1, 0;
    %mov 4, 0, 1;
    %jmp/1 T_3.4, 4;
    %load/x1p 21, v0x1378a90_0, 1;
    %mov 22, 0, 4;
    %jmp T_3.5;
T_3.4 ;
    %mov 21, 2, 5;
T_3.5 ;
; Save base=21 wid=5 in lookaside.
    %muli 21, 2, 5;
    %add 16, 21, 5;
    %load/v 21, v0x1378a90_0, 1; Only need 1 of 3 bits
    %mov 22, 0, 4;
; Save base=21 wid=5 in lookaside.
    %add 16, 21, 5;
    %ix/get 3, 16, 5;
    %load/av 8, v0x1379190, 8;
    %set/v v0x1378f40_0, 8, 8;
    %movi 8, 2, 3;
    %ix/get 0, 8, 3;
    %delayx 0;
    %load/v 8, v0x1378f40_0, 8;
    %set/v v0x13789e0_0, 8, 8;
T_3.0 ;
    %jmp T_3;
    .thread T_3, $push;
    .scope S_0x135fa00;
T_4 ;
    %wait E_0x135faf0;
    %load/v 8, v0x1378cb0_0, 1;
    %cmpi/u 8, 0, 1;
    %jmp/0xz  T_4.0, 4;
    %ix/load 1, 2, 0;
    %mov 4, 0, 1;
    %jmp/1 T_4.2, 4;
    %load/x1p 16, v0x1378c10_0, 1;
    %mov 17, 0, 4;
    %jmp T_4.3;
T_4.2 ;
    %mov 16, 2, 5;
T_4.3 ;
; Save base=16 wid=5 in lookaside.
    %muli 16, 4, 5;
    %ix/load 1, 1, 0;
    %mov 4, 0, 1;
    %jmp/1 T_4.4, 4;
    %load/x1p 21, v0x1378c10_0, 1;
    %mov 22, 0, 4;
    %jmp T_4.5;
T_4.4 ;
    %mov 21, 2, 5;
T_4.5 ;
; Save base=21 wid=5 in lookaside.
    %muli 21, 2, 5;
    %add 16, 21, 5;
    %load/v 21, v0x1378c10_0, 1; Only need 1 of 3 bits
    %mov 22, 0, 4;
; Save base=21 wid=5 in lookaside.
    %add 16, 21, 5;
    %ix/get 3, 16, 5;
    %load/av 8, v0x1379190, 8;
    %set/v v0x1378fe0_0, 8, 8;
    %movi 8, 2, 3;
    %ix/get 0, 8, 3;
    %delayx 0;
    %load/v 8, v0x1378fe0_0, 8;
    %set/v v0x1378b30_0, 8, 8;
T_4.0 ;
    %jmp T_4;
    .thread T_4, $push;
    .scope S_0x135fa00;
T_5 ;
    %wait E_0x1358e10;
    %delay 2, 0;
    %ix/load 1, 2, 0;
    %mov 4, 0, 1;
    %jmp/1 T_5.0, 4;
    %load/x1p 16, v0x1378a90_0, 1;
    %mov 17, 0, 4;
    %jmp T_5.1;
T_5.0 ;
    %mov 16, 2, 5;
T_5.1 ;
; Save base=16 wid=5 in lookaside.
    %muli 16, 4, 5;
    %ix/load 1, 1, 0;
    %mov 4, 0, 1;
    %jmp/1 T_5.2, 4;
    %load/x1p 21, v0x1378a90_0, 1;
    %mov 22, 0, 4;
    %jmp T_5.3;
T_5.2 ;
    %mov 21, 2, 5;
T_5.3 ;
; Save base=21 wid=5 in lookaside.
    %muli 21, 2, 5;
    %add 16, 21, 5;
    %load/v 21, v0x1378a90_0, 1; Only need 1 of 3 bits
    %mov 22, 0, 4;
; Save base=21 wid=5 in lookaside.
    %add 16, 21, 5;
    %ix/get 3, 16, 5;
    %load/av 8, v0x1379190, 8;
    %set/v v0x13789e0_0, 8, 8;
    %ix/load 1, 2, 0;
    %mov 4, 0, 1;
    %jmp/1 T_5.4, 4;
    %load/x1p 16, v0x1378c10_0, 1;
    %mov 17, 0, 4;
    %jmp T_5.5;
T_5.4 ;
    %mov 16, 2, 5;
T_5.5 ;
; Save base=16 wid=5 in lookaside.
    %muli 16, 4, 5;
    %ix/load 1, 1, 0;
    %mov 4, 0, 1;
    %jmp/1 T_5.6, 4;
    %load/x1p 21, v0x1378c10_0, 1;
    %mov 22, 0, 4;
    %jmp T_5.7;
T_5.6 ;
    %mov 21, 2, 5;
T_5.7 ;
; Save base=21 wid=5 in lookaside.
    %muli 21, 2, 5;
    %add 16, 21, 5;
    %load/v 21, v0x1378c10_0, 1; Only need 1 of 3 bits
    %mov 22, 0, 4;
; Save base=21 wid=5 in lookaside.
    %add 16, 21, 5;
    %ix/get 3, 16, 5;
    %load/av 8, v0x1379190, 8;
    %set/v v0x1378b30_0, 8, 8;
    %jmp T_5;
    .thread T_5, $push;
    .scope S_0x1358ee0;
T_6 ;
    %set/v v0x1379290_0, 1, 1;
    %vpi_call 2 15 "$dumpfile", "waveDump.vcd";
    %vpi_call 2 16 "$dumpvars", 2'sb01, S_0x1358ee0;
    %set/v v0x1379620_0, 0, 1;
    %set/v v0x1379750_0, 0, 1;
    %delay 1, 0;
    %set/v v0x1379620_0, 1, 1;
    %set/v v0x1379330_0, 0, 3;
    %movi 8, 4, 3;
    %set/v v0x13793e0_0, 8, 3;
    %delay 8, 0;
    %set/v v0x1379620_0, 0, 1;
    %delay 11, 0;
    %movi 8, 2, 3;
    %set/v v0x1379330_0, 8, 3;
    %movi 8, 2, 3;
    %set/v v0x1379800_0, 8, 3;
    %movi 8, 95, 8;
    %set/v v0x13796a0_0, 8, 8;
    %set/v v0x1379750_0, 1, 1;
    %delay 10, 0;
    %set/v v0x1379750_0, 0, 1;
    %delay 1, 0;
    %movi 8, 2, 3;
    %set/v v0x1379330_0, 8, 3;
    %delay 9, 0;
    %movi 8, 1, 3;
    %set/v v0x1379800_0, 8, 3;
    %movi 8, 28, 8;
    %set/v v0x13796a0_0, 8, 8;
    %set/v v0x1379750_0, 1, 1;
    %movi 8, 1, 3;
    %set/v v0x1379330_0, 8, 3;
    %delay 10, 0;
    %set/v v0x1379750_0, 0, 1;
    %delay 10, 0;
    %movi 8, 4, 3;
    %set/v v0x1379800_0, 8, 3;
    %movi 8, 6, 8;
    %set/v v0x13796a0_0, 8, 8;
    %set/v v0x1379750_0, 1, 1;
    %delay 10, 0;
    %movi 8, 15, 8;
    %set/v v0x13796a0_0, 8, 8;
    %set/v v0x1379750_0, 1, 1;
    %delay 10, 0;
    %set/v v0x1379750_0, 0, 1;
    %delay 6, 0;
    %movi 8, 1, 3;
    %set/v v0x1379800_0, 8, 3;
    %movi 8, 50, 8;
    %set/v v0x13796a0_0, 8, 8;
    %set/v v0x1379750_0, 1, 1;
    %delay 5, 0;
    %set/v v0x1379750_0, 0, 1;
    %delay 10, 0;
    %vpi_call 2 72 "$finish";
    %end;
    .thread T_6;
    .scope S_0x1358ee0;
T_7 ;
    %delay 5, 0;
    %load/v 8, v0x1379290_0, 1;
    %inv 8, 1;
    %set/v v0x1379290_0, 8, 1;
    %jmp T_7;
    .thread T_7;
# The file index is used to find the file name in the following table.
:file_names 4;
    "N/A";
    "<interactive>";
    "./reg_file_tb_groundtruth.v";
    "./e1642_lab5_part2.v";
