#! /usr/bin/vvp
:ivl_version "0.9.7 " "(v0_9_7)";
:vpi_time_precision + 0;
:vpi_module "system";
:vpi_module "v2005_math";
:vpi_module "va_math";
S_0x10472b0 .scope module, "testbench" "testbench" 2 1;
 .timescale 0 0;
v0x105d970_0 .var "DATA1_t", 7 0;
v0x105da40_0 .var "DATA2_t", 7 0;
v0x105daf0_0 .net "RESULT_t", 7 0, v0x105d820_0; 1 drivers
v0x105dba0_0 .var "SELECT_t", 2 0;
S_0x10473a0 .scope module, "myalu" "alu" 2 7, 3 7, S_0x10472b0;
 .timescale 0 0;
v0x105d6c0_0 .net "DATA1", 7 0, v0x105d970_0; 1 drivers
v0x105d780_0 .net "DATA2", 7 0, v0x105da40_0; 1 drivers
v0x105d820_0 .var "RESULT", 7 0;
v0x105d8c0_0 .net "SELECT", 2 0, v0x105dba0_0; 1 drivers
E_0x1023280 .event edge, v0x105d8c0_0, v0x105d780_0, v0x105d6c0_0;
S_0x105d3d0 .scope function, "ADD" "ADD" 3 29, 3 29, S_0x10473a0;
 .timescale 0 0;
v0x105d4c0_0 .var "ADD", 7 0;
v0x105d580_0 .var "DATA1", 7 0;
v0x105d620_0 .var "DATA2", 7 0;
TD_testbench.myalu.ADD ;
    %load/v 8, v0x105d580_0, 8;
    %load/v 16, v0x105d620_0, 8;
    %add 8, 16, 8;
    %set/v v0x105d4c0_0, 8, 8;
    %end;
S_0x105d0e0 .scope function, "AND" "AND" 3 41, 3 41, S_0x10473a0;
 .timescale 0 0;
v0x105d1d0_0 .var "AND", 7 0;
v0x105d290_0 .var "DATA1", 7 0;
v0x105d330_0 .var "DATA2", 7 0;
TD_testbench.myalu.AND ;
    %load/v 8, v0x105d290_0, 8;
    %load/v 16, v0x105d330_0, 8;
    %and 8, 16, 8;
    %set/v v0x105d1d0_0, 8, 8;
    %end;
S_0x105ce90 .scope function, "FORWARD" "FORWARD" 3 18, 3 18, S_0x10473a0;
 .timescale 0 0;
v0x105cf80_0 .var "DATA2", 7 0;
v0x105d040_0 .var "FORWARD", 7 0;
TD_testbench.myalu.FORWARD ;
    %load/v 8, v0x105cf80_0, 8;
    %set/v v0x105d040_0, 8, 8;
    %end;
S_0x1020680 .scope function, "OR" "OR" 3 52, 3 52, S_0x10473a0;
 .timescale 0 0;
v0x1020f90_0 .var "DATA1", 7 0;
v0x105cd50_0 .var "DATA2", 7 0;
v0x105cdf0_0 .var "OR", 7 0;
TD_testbench.myalu.OR ;
    %load/v 8, v0x1020f90_0, 8;
    %load/v 16, v0x105cd50_0, 8;
    %or 8, 16, 8;
    %set/v v0x105cdf0_0, 8, 8;
    %end;
    .scope S_0x10473a0;
T_4 ;
    %wait E_0x1023280;
    %load/v 8, v0x105d8c0_0, 3;
    %cmpi/u 8, 0, 3;
    %jmp/1 T_4.0, 6;
    %cmpi/u 8, 1, 3;
    %jmp/1 T_4.1, 6;
    %cmpi/u 8, 2, 3;
    %jmp/1 T_4.2, 6;
    %cmpi/u 8, 3, 3;
    %jmp/1 T_4.3, 6;
    %set/v v0x105d820_0, 2, 8;
    %jmp T_4.5;
T_4.0 ;
    %delay 1, 0;
    %load/v 8, v0x105d780_0, 8;
    %set/v v0x105cf80_0, 8, 8;
    %fork TD_testbench.myalu.FORWARD, S_0x105ce90;
    %join;
    %load/v  8, v0x105d040_0, 8;
    %set/v v0x105d820_0, 8, 8;
    %jmp T_4.5;
T_4.1 ;
    %delay 2, 0;
    %load/v 8, v0x105d6c0_0, 8;
    %set/v v0x105d580_0, 8, 8;
    %load/v 8, v0x105d780_0, 8;
    %set/v v0x105d620_0, 8, 8;
    %fork TD_testbench.myalu.ADD, S_0x105d3d0;
    %join;
    %load/v  8, v0x105d4c0_0, 8;
    %set/v v0x105d820_0, 8, 8;
    %jmp T_4.5;
T_4.2 ;
    %delay 1, 0;
    %load/v 8, v0x105d6c0_0, 8;
    %set/v v0x105d290_0, 8, 8;
    %load/v 8, v0x105d780_0, 8;
    %set/v v0x105d330_0, 8, 8;
    %fork TD_testbench.myalu.AND, S_0x105d0e0;
    %join;
    %load/v  8, v0x105d1d0_0, 8;
    %set/v v0x105d820_0, 8, 8;
    %jmp T_4.5;
T_4.3 ;
    %delay 1, 0;
    %load/v 8, v0x105d6c0_0, 8;
    %set/v v0x1020f90_0, 8, 8;
    %load/v 8, v0x105d780_0, 8;
    %set/v v0x105cd50_0, 8, 8;
    %fork TD_testbench.myalu.OR, S_0x1020680;
    %join;
    %load/v  8, v0x105cdf0_0, 8;
    %set/v v0x105d820_0, 8, 8;
    %jmp T_4.5;
T_4.5 ;
    %jmp T_4;
    .thread T_4, $push;
    .scope S_0x10472b0;
T_5 ;
    %vpi_call 2 11 "$monitor", $time, " DATA1_t: %b, DATA2_t: %b, SELECT_t: %b, RESULT_t: %b", v0x105d970_0, v0x105da40_0, v0x105dba0_0, v0x105daf0_0;
    %end;
    .thread T_5;
    .scope S_0x10472b0;
T_6 ;
    %movi 8, 15, 8;
    %set/v v0x105d970_0, 8, 8;
    %movi 8, 240, 8;
    %set/v v0x105da40_0, 8, 8;
    %movi 8, 1, 3;
    %set/v v0x105dba0_0, 8, 3;
    %delay 10, 0;
    %movi 8, 2, 3;
    %set/v v0x105dba0_0, 8, 3;
    %delay 10, 0;
    %movi 8, 3, 3;
    %set/v v0x105dba0_0, 8, 3;
    %delay 10, 0;
    %movi 8, 171, 8;
    %set/v v0x105d970_0, 8, 8;
    %movi 8, 102, 8;
    %set/v v0x105da40_0, 8, 8;
    %delay 10, 0;
    %set/v v0x105dba0_0, 0, 3;
    %delay 10, 0;
    %set/v v0x105dba0_0, 1, 3;
    %end;
    .thread T_6;
# The file index is used to find the file name in the following table.
:file_names 4;
    "N/A";
    "<interactive>";
    "./alu_tb_gt.v";
    "./alu.v";
