#! /usr/bin/vvp
:ivl_version "0.9.7 " "(v0_9_7)";
:vpi_time_precision + 0;
:vpi_module "system";
:vpi_module "v2005_math";
:vpi_module "va_math";
S_0xd4ef20 .scope module, "reg_file_tb_groundtruth" "reg_file_tb_groundtruth" 2 1;
 .timescale 0 0;
v0xd650d0_0 .var "CLK", 0 0;
v0xd65170_0 .var "READREG1", 2 0;
v0xd65220_0 .var "READREG2", 2 0;
v0xd652d0_0 .net "REGOUT1", 7 0, v0xd64a40_0; 1 drivers
v0xd653b0_0 .net "REGOUT2", 7 0, v0xd64b90_0; 1 drivers
v0xd65460_0 .var "RESET", 0 0;
v0xd654e0_0 .var "WRITEDATA", 7 0;
v0xd65590_0 .var "WRITEENABLE", 0 0;
v0xd65640_0 .var "WRITEREG", 2 0;
S_0xd25680 .scope module, "myregfile" "reg_file" 2 8, 3 5, S_0xd4ef20;
 .timescale 0 0;
v0xd257d0_0 .net "CLK", 0 0, v0xd650d0_0; 1 drivers
v0xd64900_0 .net "IN", 7 0, v0xd654e0_0; 1 drivers
v0xd649a0_0 .net "INADDRESS", 2 0, v0xd65640_0; 1 drivers
v0xd64a40_0 .var "OUT1", 7 0;
v0xd64af0_0 .net "OUT1ADDRESS", 2 0, v0xd65170_0; 1 drivers
v0xd64b90_0 .var "OUT2", 7 0;
v0xd64c70_0 .net "OUT2ADDRESS", 2 0, v0xd65220_0; 1 drivers
v0xd64d10 .array "REGISTER", 0 7, 7 0;
v0xd64f30_0 .net "RESET", 0 0, v0xd65460_0; 1 drivers
v0xd64fd0_0 .net "WRITE", 0 0, v0xd65590_0; 1 drivers
v0xd64d10_0 .array/port v0xd64d10, 0;
v0xd64d10_1 .array/port v0xd64d10, 1;
v0xd64d10_2 .array/port v0xd64d10, 2;
E_0xd4ee50/0 .event edge, v0xd64af0_0, v0xd64d10_0, v0xd64d10_1, v0xd64d10_2;
v0xd64d10_3 .array/port v0xd64d10, 3;
v0xd64d10_4 .array/port v0xd64d10, 4;
v0xd64d10_5 .array/port v0xd64d10, 5;
v0xd64d10_6 .array/port v0xd64d10, 6;
E_0xd4ee50/1 .event edge, v0xd64d10_3, v0xd64d10_4, v0xd64d10_5, v0xd64d10_6;
v0xd64d10_7 .array/port v0xd64d10, 7;
E_0xd4ee50/2 .event edge, v0xd64d10_7, v0xd64c70_0;
E_0xd4ee50 .event/or E_0xd4ee50/0, E_0xd4ee50/1, E_0xd4ee50/2;
E_0xd25770 .event posedge, v0xd257d0_0;
E_0xd257a0 .event edge, v0xd64f30_0;
    .scope S_0xd25680;
T_0 ;
    %wait E_0xd257a0;
    %load/v 8, v0xd64f30_0, 1;
    %jmp/0xz  T_0.0, 8;
    %delay 2, 0;
    %ix/load 3, 0, 0; address
    %ix/load 0, 8, 0; word width
    %ix/load 1, 0, 0; part off
    %assign/av v0xd64d10, 0, 0;
t_0 ;
    %ix/load 3, 1, 0; address
    %ix/load 0, 8, 0; word width
    %ix/load 1, 0, 0; part off
    %assign/av v0xd64d10, 0, 0;
t_1 ;
    %ix/load 3, 2, 0; address
    %ix/load 0, 8, 0; word width
    %ix/load 1, 0, 0; part off
    %assign/av v0xd64d10, 0, 0;
t_2 ;
    %ix/load 3, 3, 0; address
    %ix/load 0, 8, 0; word width
    %ix/load 1, 0, 0; part off
    %assign/av v0xd64d10, 0, 0;
t_3 ;
    %ix/load 3, 4, 0; address
    %ix/load 0, 8, 0; word width
    %ix/load 1, 0, 0; part off
    %assign/av v0xd64d10, 0, 0;
t_4 ;
    %ix/load 3, 5, 0; address
    %ix/load 0, 8, 0; word width
    %ix/load 1, 0, 0; part off
    %assign/av v0xd64d10, 0, 0;
t_5 ;
    %ix/load 3, 6, 0; address
    %ix/load 0, 8, 0; word width
    %ix/load 1, 0, 0; part off
    %assign/av v0xd64d10, 0, 0;
t_6 ;
    %ix/load 3, 7, 0; address
    %ix/load 0, 8, 0; word width
    %ix/load 1, 0, 0; part off
    %assign/av v0xd64d10, 0, 0;
t_7 ;
T_0.0 ;
    %jmp T_0;
    .thread T_0, $push;
    .scope S_0xd25680;
T_1 ;
    %wait E_0xd25770;
    %load/v 8, v0xd64fd0_0, 1;
    %mov 9, 0, 2;
    %cmpi/u 8, 1, 3;
    %mov 8, 4, 1;
    %load/v 9, v0xd64f30_0, 1;
    %mov 10, 0, 1;
    %cmpi/u 9, 0, 2;
    %mov 9, 4, 1;
    %and 8, 9, 1;
    %jmp/0xz  T_1.0, 8;
    %delay 2, 0;
    %load/v 8, v0xd64900_0, 8;
    %ix/getv 3, v0xd649a0_0;
    %jmp/1 t_8, 4;
    %ix/load 0, 8, 0; word width
    %ix/load 1, 0, 0; part off
    %assign/av v0xd64d10, 0, 8;
t_8 ;
T_1.0 ;
    %jmp T_1;
    .thread T_1;
    .scope S_0xd25680;
T_2 ;
    %wait E_0xd4ee50;
    %delay 2, 0;
    %ix/getv 3, v0xd64af0_0;
    %load/av 8, v0xd64d10, 8;
    %ix/load 0, 8, 0;
    %assign/v0 v0xd64a40_0, 0, 8;
    %ix/getv 3, v0xd64c70_0;
    %load/av 8, v0xd64d10, 8;
    %ix/load 0, 8, 0;
    %assign/v0 v0xd64b90_0, 0, 8;
    %jmp T_2;
    .thread T_2, $push;
    .scope S_0xd4ef20;
T_3 ;
    %set/v v0xd650d0_0, 1, 1;
    %vpi_call 2 15 "$dumpfile", "waveDump.vcd";
    %vpi_call 2 16 "$dumpvars", 2'sb01, S_0xd4ef20;
    %set/v v0xd65460_0, 0, 1;
    %set/v v0xd65590_0, 0, 1;
    %delay 1, 0;
    %set/v v0xd65460_0, 1, 1;
    %set/v v0xd65170_0, 0, 3;
    %movi 8, 4, 3;
    %set/v v0xd65220_0, 8, 3;
    %delay 8, 0;
    %set/v v0xd65460_0, 0, 1;
    %delay 11, 0;
    %movi 8, 2, 3;
    %set/v v0xd65170_0, 8, 3;
    %movi 8, 2, 3;
    %set/v v0xd65640_0, 8, 3;
    %movi 8, 95, 8;
    %set/v v0xd654e0_0, 8, 8;
    %set/v v0xd65590_0, 1, 1;
    %delay 10, 0;
    %set/v v0xd65590_0, 0, 1;
    %delay 1, 0;
    %movi 8, 2, 3;
    %set/v v0xd65170_0, 8, 3;
    %delay 9, 0;
    %movi 8, 1, 3;
    %set/v v0xd65640_0, 8, 3;
    %movi 8, 28, 8;
    %set/v v0xd654e0_0, 8, 8;
    %set/v v0xd65590_0, 1, 1;
    %movi 8, 1, 3;
    %set/v v0xd65170_0, 8, 3;
    %delay 10, 0;
    %set/v v0xd65590_0, 0, 1;
    %delay 10, 0;
    %movi 8, 4, 3;
    %set/v v0xd65640_0, 8, 3;
    %movi 8, 6, 8;
    %set/v v0xd654e0_0, 8, 8;
    %set/v v0xd65590_0, 1, 1;
    %delay 10, 0;
    %movi 8, 15, 8;
    %set/v v0xd654e0_0, 8, 8;
    %set/v v0xd65590_0, 1, 1;
    %delay 10, 0;
    %set/v v0xd65590_0, 0, 1;
    %delay 6, 0;
    %movi 8, 1, 3;
    %set/v v0xd65640_0, 8, 3;
    %movi 8, 50, 8;
    %set/v v0xd654e0_0, 8, 8;
    %set/v v0xd65590_0, 1, 1;
    %delay 5, 0;
    %set/v v0xd65590_0, 0, 1;
    %delay 10, 0;
    %vpi_call 2 72 "$finish";
    %end;
    .thread T_3;
    .scope S_0xd4ef20;
T_4 ;
    %delay 5, 0;
    %load/v 8, v0xd650d0_0, 1;
    %inv 8, 1;
    %set/v v0xd650d0_0, 8, 1;
    %jmp T_4;
    .thread T_4;
# The file index is used to find the file name in the following table.
:file_names 4;
    "N/A";
    "<interactive>";
    "./reg_file_tb_groundtruth.v";
    "./register.v";
