#! /usr/bin/vvp
:ivl_version "0.9.7 " "(v0_9_7)";
:vpi_time_precision + 0;
:vpi_module "system";
:vpi_module "v2005_math";
:vpi_module "va_math";
S_0x9fb1d0 .scope module, "reg_file_tb_groundtruth" "reg_file_tb_groundtruth" 2 1;
 .timescale 0 0;
v0xa10660_0 .var "CLK", 0 0;
v0xa10700_0 .var "READREG1", 2 0;
v0xa107b0_0 .var "READREG2", 2 0;
v0xa10860_0 .net "REGOUT1", 7 0, v0xa0ff80_0; 1 drivers
v0xa10940_0 .net "REGOUT2", 7 0, v0xa100d0_0; 1 drivers
v0xa109f0_0 .var "RESET", 0 0;
v0xa10a70_0 .var "WRITEDATA", 7 0;
v0xa10b20_0 .var "WRITEENABLE", 0 0;
v0xa10c20_0 .var "WRITEREG", 2 0;
S_0x9f3e20 .scope module, "myregfile" "reg_file" 2 8, 3 117, S_0x9fb1d0;
 .timescale 0 0;
v0x9f3f70_0 .net "CLK", 0 0, v0xa10660_0; 1 drivers
v0xa0fe40_0 .net "IN", 7 0, v0xa10a70_0; 1 drivers
v0xa0fee0_0 .net "INADDRESS", 2 0, v0xa10c20_0; 1 drivers
v0xa0ff80_0 .var "OUT1", 7 0;
v0xa10030_0 .net "OUT1ADDRESS", 2 0, v0xa10700_0; 1 drivers
v0xa100d0_0 .var "OUT2", 7 0;
v0xa101b0_0 .net "OUT2ADDRESS", 2 0, v0xa107b0_0; 1 drivers
v0xa10250_0 .net "RESET", 0 0, v0xa109f0_0; 1 drivers
v0xa10340_0 .net "WRITE", 0 0, v0xa10b20_0; 1 drivers
v0xa103e0_0 .var/i "i", 31 0;
v0xa104e0 .array "regNum", 0 7, 7 0;
E_0x9fb100 .event edge, v0xa10250_0;
v0xa104e0_0 .array/port v0xa104e0, 0;
v0xa104e0_1 .array/port v0xa104e0, 1;
v0xa104e0_2 .array/port v0xa104e0, 2;
E_0x9f3f10/0 .event edge, v0xa10030_0, v0xa104e0_0, v0xa104e0_1, v0xa104e0_2;
v0xa104e0_3 .array/port v0xa104e0, 3;
v0xa104e0_4 .array/port v0xa104e0, 4;
v0xa104e0_5 .array/port v0xa104e0, 5;
v0xa104e0_6 .array/port v0xa104e0, 6;
E_0x9f3f10/1 .event edge, v0xa104e0_3, v0xa104e0_4, v0xa104e0_5, v0xa104e0_6;
v0xa104e0_7 .array/port v0xa104e0, 7;
E_0x9f3f10/2 .event edge, v0xa104e0_7, v0xa101b0_0;
E_0x9f3f10 .event/or E_0x9f3f10/0, E_0x9f3f10/1, E_0x9f3f10/2;
E_0x9f3f40 .event posedge, v0x9f3f70_0;
    .scope S_0x9f3e20;
T_0 ;
    %wait E_0x9f3f40;
    %load/v 8, v0xa10250_0, 1;
    %inv 8, 1;
    %load/v 9, v0xa10340_0, 1;
    %and 8, 9, 1;
    %jmp/0xz  T_0.0, 8;
    %delay 2, 0;
    %load/v 8, v0xa0fe40_0, 8;
    %ix/getv 3, v0xa0fee0_0;
   %jmp/1 t_0, 4;
   %ix/load 1, 0, 0;
   %set/av v0xa104e0, 8, 8;
t_0 ;
T_0.0 ;
    %jmp T_0;
    .thread T_0;
    .scope S_0x9f3e20;
T_1 ;
    %wait E_0x9f3f10;
    %delay 2, 0;
    %ix/getv 3, v0xa10030_0;
    %load/av 8, v0xa104e0, 8;
    %set/v v0xa0ff80_0, 8, 8;
    %ix/getv 3, v0xa101b0_0;
    %load/av 8, v0xa104e0, 8;
    %set/v v0xa100d0_0, 8, 8;
    %jmp T_1;
    .thread T_1, $push;
    .scope S_0x9f3e20;
T_2 ;
    %wait E_0x9fb100;
    %load/v 8, v0xa10250_0, 1;
    %jmp/0xz  T_2.0, 8;
    %delay 2, 0;
    %set/v v0xa103e0_0, 0, 32;
T_2.2 ;
    %load/v 8, v0xa103e0_0, 32;
   %cmpi/s 8, 8, 32;
    %jmp/0xz T_2.3, 5;
    %ix/getv/s 3, v0xa103e0_0;
    %jmp/1 t_1, 4;
    %ix/load 0, 8, 0; word width
    %ix/load 1, 0, 0; part off
    %assign/av v0xa104e0, 0, 0;
t_1 ;
    %ix/load 0, 1, 0;
    %load/vp0/s 8, v0xa103e0_0, 32;
    %set/v v0xa103e0_0, 8, 32;
    %jmp T_2.2;
T_2.3 ;
T_2.0 ;
    %jmp T_2;
    .thread T_2, $push;
    .scope S_0x9fb1d0;
T_3 ;
    %set/v v0xa10660_0, 1, 1;
    %vpi_call 2 15 "$dumpfile", "waveDump.vcd";
    %vpi_call 2 16 "$dumpvars", 2'sb01, S_0x9fb1d0;
    %set/v v0xa109f0_0, 0, 1;
    %set/v v0xa10b20_0, 0, 1;
    %delay 1, 0;
    %set/v v0xa109f0_0, 1, 1;
    %set/v v0xa10700_0, 0, 3;
    %movi 8, 4, 3;
    %set/v v0xa107b0_0, 8, 3;
    %delay 8, 0;
    %set/v v0xa109f0_0, 0, 1;
    %delay 11, 0;
    %movi 8, 2, 3;
    %set/v v0xa10700_0, 8, 3;
    %movi 8, 2, 3;
    %set/v v0xa10c20_0, 8, 3;
    %movi 8, 95, 8;
    %set/v v0xa10a70_0, 8, 8;
    %set/v v0xa10b20_0, 1, 1;
    %delay 10, 0;
    %set/v v0xa10b20_0, 0, 1;
    %delay 1, 0;
    %movi 8, 2, 3;
    %set/v v0xa10700_0, 8, 3;
    %delay 9, 0;
    %movi 8, 1, 3;
    %set/v v0xa10c20_0, 8, 3;
    %movi 8, 28, 8;
    %set/v v0xa10a70_0, 8, 8;
    %set/v v0xa10b20_0, 1, 1;
    %movi 8, 1, 3;
    %set/v v0xa10700_0, 8, 3;
    %delay 10, 0;
    %set/v v0xa10b20_0, 0, 1;
    %delay 10, 0;
    %movi 8, 4, 3;
    %set/v v0xa10c20_0, 8, 3;
    %movi 8, 6, 8;
    %set/v v0xa10a70_0, 8, 8;
    %set/v v0xa10b20_0, 1, 1;
    %delay 10, 0;
    %movi 8, 15, 8;
    %set/v v0xa10a70_0, 8, 8;
    %set/v v0xa10b20_0, 1, 1;
    %delay 10, 0;
    %set/v v0xa10b20_0, 0, 1;
    %delay 6, 0;
    %movi 8, 1, 3;
    %set/v v0xa10c20_0, 8, 3;
    %movi 8, 50, 8;
    %set/v v0xa10a70_0, 8, 8;
    %set/v v0xa10b20_0, 1, 1;
    %delay 5, 0;
    %set/v v0xa10b20_0, 0, 1;
    %delay 10, 0;
    %vpi_call 2 72 "$finish";
    %end;
    .thread T_3;
    .scope S_0x9fb1d0;
T_4 ;
    %delay 5, 0;
    %load/v 8, v0xa10660_0, 1;
    %inv 8, 1;
    %set/v v0xa10660_0, 8, 1;
    %jmp T_4;
    .thread T_4;
# The file index is used to find the file name in the following table.
:file_names 4;
    "N/A";
    "<interactive>";
    "./reg_file_tb_groundtruth.v";
    "./reg_file.v";
