#! /usr/bin/vvp
:ivl_version "0.9.7 " "(v0_9_7)";
:vpi_time_precision + 0;
:vpi_module "system";
:vpi_module "v2005_math";
:vpi_module "va_math";
S_0x22e1e10 .scope module, "reg_file_tb_groundtruth" "reg_file_tb_groundtruth" 2 1;
 .timescale 0 0;
v0x2321f10_0 .var "CLK", 0 0;
v0x2321fb0_0 .var "READREG1", 2 0;
v0x2322060_0 .var "READREG2", 2 0;
v0x2322110_0 .net "REGOUT1", 7 0, L_0x2321c60; 1 drivers
v0x23221f0_0 .net "REGOUT2", 7 0, L_0x23227b0; 1 drivers
v0x23222a0_0 .var "RESET", 0 0;
v0x2322320_0 .var "WRITEDATA", 7 0;
v0x23223d0_0 .var "WRITEENABLE", 0 0;
v0x2322480_0 .var "WRITEREG", 2 0;
S_0x2308e20 .scope module, "myregfile" "reg_file" 2 8, 3 1, S_0x22e1e10;
 .timescale 0 0;
L_0x2321c60/d .functor BUFZ 8, L_0x2322530, C4<00000000>, C4<00000000>, C4<00000000>;
L_0x2321c60 .delay (2,2,2) L_0x2321c60/d;
L_0x23227b0/d .functor BUFZ 8, L_0x23226c0, C4<00000000>, C4<00000000>, C4<00000000>;
L_0x23227b0 .delay (2,2,2) L_0x23227b0/d;
v0x22e2350_0 .net "CLK", 0 0, v0x2321f10_0; 1 drivers
v0x2321640_0 .net "IN", 7 0, v0x2322320_0; 1 drivers
v0x23216e0_0 .net "INADDRESS", 2 0, v0x2322480_0; 1 drivers
v0x2321780_0 .alias "OUT1", 7 0, v0x2322110_0;
v0x2321830_0 .net "OUT1ADDRESS", 2 0, v0x2321fb0_0; 1 drivers
v0x23218d0_0 .alias "OUT2", 7 0, v0x23221f0_0;
v0x23219b0_0 .net "OUT2ADDRESS", 2 0, v0x2322060_0; 1 drivers
v0x2321a50_0 .net "RESET", 0 0, v0x23222a0_0; 1 drivers
v0x2321b40_0 .net "WRITE", 0 0, v0x23223d0_0; 1 drivers
v0x2321be0_0 .net *"_s0", 7 0, L_0x2322530; 1 drivers
v0x2321ce0_0 .net *"_s4", 7 0, L_0x23226c0; 1 drivers
v0x2321d80_0 .var/i "i", 31 0;
v0x2321e90 .array "register", 7 0, 7 0;
E_0x22e1f50/0 .event edge, v0x2321a50_0;
E_0x22e1f50/1 .event posedge, v0x22e2350_0;
E_0x22e1f50 .event/or E_0x22e1f50/0, E_0x22e1f50/1;
L_0x2322530 .array/port v0x2321e90, v0x2321fb0_0;
L_0x23226c0 .array/port v0x2321e90, v0x2322060_0;
    .scope S_0x2308e20;
T_0 ;
    %wait E_0x22e1f50;
    %load/v 8, v0x2321a50_0, 1;
    %mov 9, 0, 2;
    %cmpi/u 8, 1, 3;
    %jmp/0xz  T_0.0, 4;
    %delay 2, 0;
    %set/v v0x2321d80_0, 0, 32;
T_0.2 ;
    %load/v 8, v0x2321d80_0, 32;
   %cmpi/s 8, 8, 32;
    %jmp/0xz T_0.3, 5;
    %ix/getv/s 3, v0x2321d80_0;
   %jmp/1 t_0, 4;
   %ix/load 1, 0, 0;
   %set/av v0x2321e90, 0, 8;
t_0 ;
    %ix/load 0, 1, 0;
    %load/vp0/s 8, v0x2321d80_0, 32;
    %set/v v0x2321d80_0, 8, 32;
    %jmp T_0.2;
T_0.3 ;
    %jmp T_0.1;
T_0.0 ;
    %load/v 8, v0x2321b40_0, 1;
    %mov 9, 0, 2;
    %cmpi/u 8, 1, 3;
    %jmp/0xz  T_0.4, 4;
    %delay 2, 0;
    %load/v 8, v0x2321640_0, 8;
    %ix/getv 3, v0x23216e0_0;
   %jmp/1 t_1, 4;
   %ix/load 1, 0, 0;
   %set/av v0x2321e90, 8, 8;
t_1 ;
T_0.4 ;
T_0.1 ;
    %jmp T_0;
    .thread T_0;
    .scope S_0x22e1e10;
T_1 ;
    %set/v v0x2321f10_0, 1, 1;
    %vpi_call 2 15 "$dumpfile", "waveDump.vcd";
    %vpi_call 2 16 "$dumpvars", 2'sb01, S_0x22e1e10;
    %set/v v0x23222a0_0, 0, 1;
    %set/v v0x23223d0_0, 0, 1;
    %delay 1, 0;
    %set/v v0x23222a0_0, 1, 1;
    %set/v v0x2321fb0_0, 0, 3;
    %movi 8, 4, 3;
    %set/v v0x2322060_0, 8, 3;
    %delay 8, 0;
    %set/v v0x23222a0_0, 0, 1;
    %delay 11, 0;
    %movi 8, 2, 3;
    %set/v v0x2321fb0_0, 8, 3;
    %movi 8, 2, 3;
    %set/v v0x2322480_0, 8, 3;
    %movi 8, 95, 8;
    %set/v v0x2322320_0, 8, 8;
    %set/v v0x23223d0_0, 1, 1;
    %delay 10, 0;
    %set/v v0x23223d0_0, 0, 1;
    %delay 1, 0;
    %movi 8, 2, 3;
    %set/v v0x2321fb0_0, 8, 3;
    %delay 9, 0;
    %movi 8, 1, 3;
    %set/v v0x2322480_0, 8, 3;
    %movi 8, 28, 8;
    %set/v v0x2322320_0, 8, 8;
    %set/v v0x23223d0_0, 1, 1;
    %movi 8, 1, 3;
    %set/v v0x2321fb0_0, 8, 3;
    %delay 10, 0;
    %set/v v0x23223d0_0, 0, 1;
    %delay 10, 0;
    %movi 8, 4, 3;
    %set/v v0x2322480_0, 8, 3;
    %movi 8, 6, 8;
    %set/v v0x2322320_0, 8, 8;
    %set/v v0x23223d0_0, 1, 1;
    %delay 10, 0;
    %movi 8, 15, 8;
    %set/v v0x2322320_0, 8, 8;
    %set/v v0x23223d0_0, 1, 1;
    %delay 10, 0;
    %set/v v0x23223d0_0, 0, 1;
    %delay 6, 0;
    %movi 8, 1, 3;
    %set/v v0x2322480_0, 8, 3;
    %movi 8, 50, 8;
    %set/v v0x2322320_0, 8, 8;
    %set/v v0x23223d0_0, 1, 1;
    %delay 5, 0;
    %set/v v0x23223d0_0, 0, 1;
    %delay 10, 0;
    %vpi_call 2 72 "$finish";
    %end;
    .thread T_1;
    .scope S_0x22e1e10;
T_2 ;
    %delay 5, 0;
    %load/v 8, v0x2321f10_0, 1;
    %inv 8, 1;
    %set/v v0x2321f10_0, 8, 1;
    %jmp T_2;
    .thread T_2;
# The file index is used to find the file name in the following table.
:file_names 4;
    "N/A";
    "<interactive>";
    "./reg_file_tb_groundtruth.v";
    "./reg_file.v";
