#! /usr/bin/vvp
:ivl_version "0.9.7 " "(v0_9_7)";
:vpi_time_precision + 0;
:vpi_module "system";
:vpi_module "v2005_math";
:vpi_module "va_math";
S_0x1179270 .scope module, "reg_file_tb_groundtruth" "reg_file_tb_groundtruth" 2 1;
 .timescale 0 0;
v0x11b91d0_0 .var "CLK", 0 0;
v0x11b9270_0 .var "READREG1", 2 0;
v0x11b9320_0 .var "READREG2", 2 0;
v0x11b93d0_0 .net "REGOUT1", 7 0, L_0x11b8f20; 1 drivers
v0x11b94b0_0 .net "REGOUT2", 7 0, L_0x11b9a70; 1 drivers
v0x11b9560_0 .var "RESET", 0 0;
v0x11b95e0_0 .var "WRITEDATA", 7 0;
v0x11b9690_0 .var "WRITEENABLE", 0 0;
v0x11b9740_0 .var "WRITEREG", 2 0;
S_0x1176680 .scope module, "myregfile" "reg_file" 2 8, 3 10, S_0x1179270;
 .timescale 0 0;
L_0x11b8f20/d .functor BUFZ 8, L_0x11b97f0, C4<00000000>, C4<00000000>, C4<00000000>;
L_0x11b8f20 .delay (2,2,2) L_0x11b8f20/d;
L_0x11b9a70/d .functor BUFZ 8, L_0x11b9980, C4<00000000>, C4<00000000>, C4<00000000>;
L_0x11b9a70 .delay (2,2,2) L_0x11b9a70/d;
v0x1176770_0 .net "CLK", 0 0, v0x11b91d0_0; 1 drivers
v0x11b8900_0 .net "IN", 7 0, v0x11b95e0_0; 1 drivers
v0x11b89a0_0 .net "INADDRESS", 2 0, v0x11b9740_0; 1 drivers
v0x11b8a40_0 .alias "OUT1", 7 0, v0x11b93d0_0;
v0x11b8af0_0 .net "OUT1ADDRESS", 2 0, v0x11b9270_0; 1 drivers
v0x11b8b90_0 .alias "OUT2", 7 0, v0x11b94b0_0;
v0x11b8c70_0 .net "OUT2ADDRESS", 2 0, v0x11b9320_0; 1 drivers
v0x11b8d10_0 .net "RESET", 0 0, v0x11b9560_0; 1 drivers
v0x11b8e00_0 .net "WRITE", 0 0, v0x11b9690_0; 1 drivers
v0x11b8ea0_0 .net *"_s0", 7 0, L_0x11b97f0; 1 drivers
v0x11b8fa0_0 .net *"_s4", 7 0, L_0x11b9980; 1 drivers
v0x11b9040_0 .var/i "i", 31 0;
v0x11b9150 .array "reg_arr", 7 0, 7 0;
E_0x1178f90 .event edge, v0x11b8d10_0;
E_0x1179360 .event posedge, v0x1176770_0;
L_0x11b97f0 .array/port v0x11b9150, v0x11b9270_0;
L_0x11b9980 .array/port v0x11b9150, v0x11b9320_0;
    .scope S_0x1176680;
T_0 ;
    %wait E_0x1179360;
    %load/v 8, v0x11b8e00_0, 1;
    %mov 9, 0, 2;
    %cmpi/u 8, 1, 3;
    %mov 8, 4, 1;
    %load/v 9, v0x11b8d10_0, 1;
    %mov 10, 0, 1;
    %cmpi/u 9, 0, 2;
    %mov 9, 4, 1;
    %and 8, 9, 1;
    %jmp/0xz  T_0.0, 8;
    %load/v 8, v0x11b89a0_0, 3;
    %cmpi/u 8, 0, 3;
    %jmp/1 T_0.2, 6;
    %cmpi/u 8, 1, 3;
    %jmp/1 T_0.3, 6;
    %cmpi/u 8, 2, 3;
    %jmp/1 T_0.4, 6;
    %cmpi/u 8, 3, 3;
    %jmp/1 T_0.5, 6;
    %cmpi/u 8, 4, 3;
    %jmp/1 T_0.6, 6;
    %cmpi/u 8, 5, 3;
    %jmp/1 T_0.7, 6;
    %cmpi/u 8, 6, 3;
    %jmp/1 T_0.8, 6;
    %cmpi/u 8, 7, 3;
    %jmp/1 T_0.9, 6;
    %jmp T_0.10;
T_0.2 ;
    %delay 2, 0;
    %load/v 8, v0x11b8900_0, 8;
    %ix/load 3, 0, 0; address
    %ix/load 0, 8, 0; word width
    %ix/load 1, 0, 0; part off
    %assign/av v0x11b9150, 0, 8;
t_0 ;
    %jmp T_0.10;
T_0.3 ;
    %delay 2, 0;
    %load/v 8, v0x11b8900_0, 8;
    %ix/load 3, 1, 0; address
    %ix/load 0, 8, 0; word width
    %ix/load 1, 0, 0; part off
    %assign/av v0x11b9150, 0, 8;
t_1 ;
    %jmp T_0.10;
T_0.4 ;
    %delay 2, 0;
    %load/v 8, v0x11b8900_0, 8;
    %ix/load 3, 2, 0; address
    %ix/load 0, 8, 0; word width
    %ix/load 1, 0, 0; part off
    %assign/av v0x11b9150, 0, 8;
t_2 ;
    %jmp T_0.10;
T_0.5 ;
    %delay 2, 0;
    %load/v 8, v0x11b8900_0, 8;
    %ix/load 3, 3, 0; address
    %ix/load 0, 8, 0; word width
    %ix/load 1, 0, 0; part off
    %assign/av v0x11b9150, 0, 8;
t_3 ;
    %jmp T_0.10;
T_0.6 ;
    %delay 2, 0;
    %load/v 8, v0x11b8900_0, 8;
    %ix/load 3, 4, 0; address
    %ix/load 0, 8, 0; word width
    %ix/load 1, 0, 0; part off
    %assign/av v0x11b9150, 0, 8;
t_4 ;
    %jmp T_0.10;
T_0.7 ;
    %delay 2, 0;
    %load/v 8, v0x11b8900_0, 8;
    %ix/load 3, 5, 0; address
    %ix/load 0, 8, 0; word width
    %ix/load 1, 0, 0; part off
    %assign/av v0x11b9150, 0, 8;
t_5 ;
    %jmp T_0.10;
T_0.8 ;
    %delay 2, 0;
    %load/v 8, v0x11b8900_0, 8;
    %ix/load 3, 6, 0; address
    %ix/load 0, 8, 0; word width
    %ix/load 1, 0, 0; part off
    %assign/av v0x11b9150, 0, 8;
t_6 ;
    %jmp T_0.10;
T_0.9 ;
    %delay 2, 0;
    %load/v 8, v0x11b8900_0, 8;
    %ix/load 3, 7, 0; address
    %ix/load 0, 8, 0; word width
    %ix/load 1, 0, 0; part off
    %assign/av v0x11b9150, 0, 8;
t_7 ;
    %jmp T_0.10;
T_0.10 ;
T_0.0 ;
    %jmp T_0;
    .thread T_0;
    .scope S_0x1176680;
T_1 ;
    %wait E_0x1178f90;
    %load/v 8, v0x11b8d10_0, 1;
    %jmp/0xz  T_1.0, 8;
    %delay 2, 0;
    %set/v v0x11b9040_0, 0, 32;
T_1.2 ;
    %load/v 8, v0x11b9040_0, 32;
   %cmpi/s 8, 8, 32;
    %jmp/0xz T_1.3, 5;
    %ix/getv/s 3, v0x11b9040_0;
    %jmp/1 t_8, 4;
    %ix/load 0, 8, 0; word width
    %ix/load 1, 0, 0; part off
    %assign/av v0x11b9150, 0, 0;
t_8 ;
    %ix/load 0, 1, 0;
    %load/vp0/s 8, v0x11b9040_0, 32;
    %set/v v0x11b9040_0, 8, 32;
    %jmp T_1.2;
T_1.3 ;
T_1.0 ;
    %jmp T_1;
    .thread T_1, $push;
    .scope S_0x1179270;
T_2 ;
    %set/v v0x11b91d0_0, 1, 1;
    %vpi_call 2 15 "$dumpfile", "waveDump.vcd";
    %vpi_call 2 16 "$dumpvars", 2'sb01, S_0x1179270;
    %set/v v0x11b9560_0, 0, 1;
    %set/v v0x11b9690_0, 0, 1;
    %delay 1, 0;
    %set/v v0x11b9560_0, 1, 1;
    %set/v v0x11b9270_0, 0, 3;
    %movi 8, 4, 3;
    %set/v v0x11b9320_0, 8, 3;
    %delay 8, 0;
    %set/v v0x11b9560_0, 0, 1;
    %delay 11, 0;
    %movi 8, 2, 3;
    %set/v v0x11b9270_0, 8, 3;
    %movi 8, 2, 3;
    %set/v v0x11b9740_0, 8, 3;
    %movi 8, 95, 8;
    %set/v v0x11b95e0_0, 8, 8;
    %set/v v0x11b9690_0, 1, 1;
    %delay 10, 0;
    %set/v v0x11b9690_0, 0, 1;
    %delay 1, 0;
    %movi 8, 2, 3;
    %set/v v0x11b9270_0, 8, 3;
    %delay 9, 0;
    %movi 8, 1, 3;
    %set/v v0x11b9740_0, 8, 3;
    %movi 8, 28, 8;
    %set/v v0x11b95e0_0, 8, 8;
    %set/v v0x11b9690_0, 1, 1;
    %movi 8, 1, 3;
    %set/v v0x11b9270_0, 8, 3;
    %delay 10, 0;
    %set/v v0x11b9690_0, 0, 1;
    %delay 10, 0;
    %movi 8, 4, 3;
    %set/v v0x11b9740_0, 8, 3;
    %movi 8, 6, 8;
    %set/v v0x11b95e0_0, 8, 8;
    %set/v v0x11b9690_0, 1, 1;
    %delay 10, 0;
    %movi 8, 15, 8;
    %set/v v0x11b95e0_0, 8, 8;
    %set/v v0x11b9690_0, 1, 1;
    %delay 10, 0;
    %set/v v0x11b9690_0, 0, 1;
    %delay 6, 0;
    %movi 8, 1, 3;
    %set/v v0x11b9740_0, 8, 3;
    %movi 8, 50, 8;
    %set/v v0x11b95e0_0, 8, 8;
    %set/v v0x11b9690_0, 1, 1;
    %delay 5, 0;
    %set/v v0x11b9690_0, 0, 1;
    %delay 10, 0;
    %vpi_call 2 72 "$finish";
    %end;
    .thread T_2;
    .scope S_0x1179270;
T_3 ;
    %delay 5, 0;
    %load/v 8, v0x11b91d0_0, 1;
    %inv 8, 1;
    %set/v v0x11b91d0_0, 8, 1;
    %jmp T_3;
    .thread T_3;
# The file index is used to find the file name in the following table.
:file_names 4;
    "N/A";
    "<interactive>";
    "./reg_file_tb_groundtruth.v";
    "./Part2.v";
