#! /usr/bin/vvp
:ivl_version "0.9.7 " "(v0_9_7)";
:vpi_time_precision + 0;
:vpi_module "system";
:vpi_module "v2005_math";
:vpi_module "va_math";
S_0x1662f20 .scope module, "reg_file_tb_groundtruth" "reg_file_tb_groundtruth" 2 1;
 .timescale 0 0;
v0x167ad70_0 .var "CLK", 0 0;
v0x167ae10_0 .var "READREG1", 2 0;
v0x167aec0_0 .var "READREG2", 2 0;
v0x167af70_0 .net "REGOUT1", 7 0, v0x167a680_0; 1 drivers
v0x167b050_0 .net "REGOUT2", 7 0, v0x167a7d0_0; 1 drivers
v0x167b100_0 .var "RESET", 0 0;
v0x167b180_0 .var "WRITEDATA", 7 0;
v0x167b230_0 .var "WRITEENABLE", 0 0;
v0x167b2e0_0 .var "WRITEREG", 2 0;
S_0x1639680 .scope module, "myregfile" "reg_file" 2 8, 3 1, S_0x1662f20;
 .timescale 0 0;
v0x16397d0_0 .net "CLK", 0 0, v0x167ad70_0; 1 drivers
v0x167a540_0 .net "IN", 7 0, v0x167b180_0; 1 drivers
v0x167a5e0_0 .net "INADDRESS", 2 0, v0x167b2e0_0; 1 drivers
v0x167a680_0 .var "OUT1", 7 0;
v0x167a730_0 .net "OUT1ADDRESS", 2 0, v0x167ae10_0; 1 drivers
v0x167a7d0_0 .var "OUT2", 7 0;
v0x167a8b0_0 .net "OUT2ADDRESS", 2 0, v0x167aec0_0; 1 drivers
v0x167a950_0 .net "RESET", 0 0, v0x167b100_0; 1 drivers
v0x167aa40_0 .net "WRITEENABLE", 0 0, v0x167b230_0; 1 drivers
v0x167aae0_0 .var/i "i", 31 0;
v0x167abe0 .array "register", 0 7, 7 0;
v0x167ac60_0 .var/i "wflag", 31 0;
E_0x1662e50 .event edge, v0x167a8b0_0, v0x167a730_0;
E_0x1639770 .event posedge, v0x167a950_0;
E_0x16397a0 .event posedge, v0x16397d0_0;
    .scope S_0x1639680;
T_0 ;
    %wait E_0x16397a0;
    %load/v 8, v0x167aa40_0, 1;
    %load/v 9, v0x167a950_0, 1;
    %cmpi/u 9, 0, 1;
    %mov 9, 4, 1;
    %and 8, 9, 1;
    %jmp/0xz  T_0.0, 8;
    %movi 8, 1, 32;
    %set/v v0x167ac60_0, 8, 32;
    %delay 2, 0;
    %load/v 8, v0x167a540_0, 8;
    %ix/getv 3, v0x167a5e0_0;
   %jmp/1 t_0, 4;
   %ix/load 1, 0, 0;
   %set/av v0x167abe0, 8, 8;
t_0 ;
T_0.0 ;
    %load/v 8, v0x167ac60_0, 32;
    %cmpi/u 8, 1, 32;
    %jmp/0xz  T_0.2, 4;
    %delay 2, 0;
    %ix/getv 3, v0x167a730_0;
    %load/av 8, v0x167abe0, 8;
    %set/v v0x167a680_0, 8, 8;
    %ix/getv 3, v0x167a8b0_0;
    %load/av 8, v0x167abe0, 8;
    %set/v v0x167a7d0_0, 8, 8;
    %set/v v0x167ac60_0, 0, 32;
T_0.2 ;
    %jmp T_0;
    .thread T_0;
    .scope S_0x1639680;
T_1 ;
    %wait E_0x1639770;
    %movi 8, 1, 32;
    %set/v v0x167aae0_0, 8, 32;
    %delay 2, 0;
    %set/v v0x167aae0_0, 0, 32;
T_1.0 ;
    %load/v 8, v0x167aae0_0, 32;
   %cmpi/s 8, 8, 32;
    %jmp/0xz T_1.1, 5;
    %ix/getv/s 3, v0x167aae0_0;
   %jmp/1 t_1, 4;
   %ix/load 1, 0, 0;
   %set/av v0x167abe0, 0, 8;
t_1 ;
    %ix/load 0, 1, 0;
    %load/vp0/s 8, v0x167aae0_0, 32;
    %set/v v0x167aae0_0, 8, 32;
    %jmp T_1.0;
T_1.1 ;
    %load/v 8, v0x167aae0_0, 32;
    %cmpi/u 8, 8, 32;
    %jmp/0xz  T_1.2, 4;
    %delay 2, 0;
    %ix/getv 3, v0x167a730_0;
    %load/av 8, v0x167abe0, 8;
    %set/v v0x167a680_0, 8, 8;
    %ix/getv 3, v0x167a8b0_0;
    %load/av 8, v0x167abe0, 8;
    %set/v v0x167a7d0_0, 8, 8;
T_1.2 ;
    %jmp T_1;
    .thread T_1;
    .scope S_0x1639680;
T_2 ;
    %wait E_0x1662e50;
    %load/v 8, v0x167aae0_0, 32;
    %cmpi/u 8, 1, 32;
    %inv 4, 1;
    %jmp/0xz  T_2.0, 4;
    %delay 2, 0;
    %ix/getv 3, v0x167a730_0;
    %load/av 8, v0x167abe0, 8;
    %set/v v0x167a680_0, 8, 8;
    %ix/getv 3, v0x167a8b0_0;
    %load/av 8, v0x167abe0, 8;
    %set/v v0x167a7d0_0, 8, 8;
T_2.0 ;
    %jmp T_2;
    .thread T_2, $push;
    .scope S_0x1662f20;
T_3 ;
    %set/v v0x167ad70_0, 1, 1;
    %vpi_call 2 15 "$dumpfile", "waveDump.vcd";
    %vpi_call 2 16 "$dumpvars", 2'sb01, S_0x1662f20;
    %set/v v0x167b100_0, 0, 1;
    %set/v v0x167b230_0, 0, 1;
    %delay 1, 0;
    %set/v v0x167b100_0, 1, 1;
    %set/v v0x167ae10_0, 0, 3;
    %movi 8, 4, 3;
    %set/v v0x167aec0_0, 8, 3;
    %delay 8, 0;
    %set/v v0x167b100_0, 0, 1;
    %delay 11, 0;
    %movi 8, 2, 3;
    %set/v v0x167ae10_0, 8, 3;
    %movi 8, 2, 3;
    %set/v v0x167b2e0_0, 8, 3;
    %movi 8, 95, 8;
    %set/v v0x167b180_0, 8, 8;
    %set/v v0x167b230_0, 1, 1;
    %delay 10, 0;
    %set/v v0x167b230_0, 0, 1;
    %delay 1, 0;
    %movi 8, 2, 3;
    %set/v v0x167ae10_0, 8, 3;
    %delay 9, 0;
    %movi 8, 1, 3;
    %set/v v0x167b2e0_0, 8, 3;
    %movi 8, 28, 8;
    %set/v v0x167b180_0, 8, 8;
    %set/v v0x167b230_0, 1, 1;
    %movi 8, 1, 3;
    %set/v v0x167ae10_0, 8, 3;
    %delay 10, 0;
    %set/v v0x167b230_0, 0, 1;
    %delay 10, 0;
    %movi 8, 4, 3;
    %set/v v0x167b2e0_0, 8, 3;
    %movi 8, 6, 8;
    %set/v v0x167b180_0, 8, 8;
    %set/v v0x167b230_0, 1, 1;
    %delay 10, 0;
    %movi 8, 15, 8;
    %set/v v0x167b180_0, 8, 8;
    %set/v v0x167b230_0, 1, 1;
    %delay 10, 0;
    %set/v v0x167b230_0, 0, 1;
    %delay 6, 0;
    %movi 8, 1, 3;
    %set/v v0x167b2e0_0, 8, 3;
    %movi 8, 50, 8;
    %set/v v0x167b180_0, 8, 8;
    %set/v v0x167b230_0, 1, 1;
    %delay 5, 0;
    %set/v v0x167b230_0, 0, 1;
    %delay 10, 0;
    %vpi_call 2 72 "$finish";
    %end;
    .thread T_3;
    .scope S_0x1662f20;
T_4 ;
    %delay 5, 0;
    %load/v 8, v0x167ad70_0, 1;
    %inv 8, 1;
    %set/v v0x167ad70_0, 8, 1;
    %jmp T_4;
    .thread T_4;
# The file index is used to find the file name in the following table.
:file_names 4;
    "N/A";
    "<interactive>";
    "./reg_file_tb_groundtruth.v";
    "./reg.v";
