#! /usr/bin/vvp
:ivl_version "0.9.7 " "(v0_9_7)";
:vpi_time_precision + 0;
:vpi_module "system";
:vpi_module "v2005_math";
:vpi_module "va_math";
S_0xc1c640 .scope module, "reg_file_tb_groundtruth" "reg_file_tb_groundtruth" 2 1;
 .timescale 0 0;
v0xc37640_0 .var "CLK", 0 0;
v0xc376e0_0 .var "READREG1", 2 0;
v0xc37790_0 .var "READREG2", 2 0;
v0xc37840_0 .net "REGOUT1", 7 0, v0xc36f60_0; 1 drivers
v0xc37920_0 .net "REGOUT2", 7 0, v0xc370b0_0; 1 drivers
v0xc379d0_0 .var "RESET", 0 0;
v0xc37a50_0 .var "WRITEDATA", 7 0;
v0xc37b00_0 .var "WRITEENABLE", 0 0;
v0xc37c00_0 .var "WRITEREG", 2 0;
S_0xbf2680 .scope module, "myregfile" "reg_file" 2 8, 3 87, S_0xc1c640;
 .timescale 0 0;
v0xbf27d0_0 .net "CLK", 0 0, v0xc37640_0; 1 drivers
v0xc36e20_0 .net "IN", 7 0, v0xc37a50_0; 1 drivers
v0xc36ec0_0 .net "INADDRESS", 2 0, v0xc37c00_0; 1 drivers
v0xc36f60_0 .var "OUT1", 7 0;
v0xc37010_0 .net "OUT1ADDRESS", 2 0, v0xc376e0_0; 1 drivers
v0xc370b0_0 .var "OUT2", 7 0;
v0xc37190_0 .net "OUT2ADDRESS", 2 0, v0xc37790_0; 1 drivers
v0xc37230_0 .net "RESET", 0 0, v0xc379d0_0; 1 drivers
v0xc37320_0 .net "WRITE", 0 0, v0xc37b00_0; 1 drivers
v0xc373c0_0 .var/i "i", 31 0;
v0xc374c0 .array "registers", 0 7, 7 0;
E_0xc1c570 .event posedge, v0xbf27d0_0;
E_0xbf2770 .event edge, v0xc37230_0;
v0xc374c0_0 .array/port v0xc374c0, 0;
v0xc374c0_1 .array/port v0xc374c0, 1;
v0xc374c0_2 .array/port v0xc374c0, 2;
E_0xbf27a0/0 .event edge, v0xc37010_0, v0xc374c0_0, v0xc374c0_1, v0xc374c0_2;
v0xc374c0_3 .array/port v0xc374c0, 3;
v0xc374c0_4 .array/port v0xc374c0, 4;
v0xc374c0_5 .array/port v0xc374c0, 5;
v0xc374c0_6 .array/port v0xc374c0, 6;
E_0xbf27a0/1 .event edge, v0xc374c0_3, v0xc374c0_4, v0xc374c0_5, v0xc374c0_6;
v0xc374c0_7 .array/port v0xc374c0, 7;
E_0xbf27a0/2 .event edge, v0xc374c0_7, v0xc37190_0;
E_0xbf27a0 .event/or E_0xbf27a0/0, E_0xbf27a0/1, E_0xbf27a0/2;
    .scope S_0xbf2680;
T_0 ;
    %wait E_0xbf27a0;
    %delay 2, 0;
    %ix/getv 3, v0xc37010_0;
    %load/av 8, v0xc374c0, 8;
    %set/v v0xc36f60_0, 8, 8;
    %ix/getv 3, v0xc37190_0;
    %load/av 8, v0xc374c0, 8;
    %set/v v0xc370b0_0, 8, 8;
    %jmp T_0;
    .thread T_0, $push;
    .scope S_0xbf2680;
T_1 ;
    %wait E_0xbf2770;
    %load/v 8, v0xc37230_0, 1;
    %jmp/0xz  T_1.0, 8;
    %delay 2, 0;
    %set/v v0xc373c0_0, 0, 32;
T_1.2 ;
    %load/v 8, v0xc373c0_0, 32;
   %cmpi/s 8, 8, 32;
    %jmp/0xz T_1.3, 5;
    %ix/getv/s 3, v0xc373c0_0;
    %jmp/1 t_0, 4;
    %ix/load 0, 8, 0; word width
    %ix/load 1, 0, 0; part off
    %assign/av v0xc374c0, 0, 0;
t_0 ;
    %ix/load 0, 1, 0;
    %load/vp0/s 8, v0xc373c0_0, 32;
    %set/v v0xc373c0_0, 8, 32;
    %jmp T_1.2;
T_1.3 ;
    %delay 2, 0;
    %ix/getv 3, v0xc37010_0;
    %load/av 8, v0xc374c0, 8;
    %set/v v0xc36f60_0, 8, 8;
    %ix/getv 3, v0xc37190_0;
    %load/av 8, v0xc374c0, 8;
    %set/v v0xc370b0_0, 8, 8;
T_1.0 ;
    %jmp T_1;
    .thread T_1, $push;
    .scope S_0xbf2680;
T_2 ;
    %wait E_0xc1c570;
    %load/v 8, v0xc37320_0, 1;
    %jmp/0xz  T_2.0, 8;
    %delay 2, 0;
    %load/v 8, v0xc36e20_0, 8;
    %ix/getv 3, v0xc36ec0_0;
    %jmp/1 t_1, 4;
    %ix/load 0, 8, 0; word width
    %ix/load 1, 0, 0; part off
    %assign/av v0xc374c0, 0, 8;
t_1 ;
    %delay 2, 0;
    %ix/getv 3, v0xc37010_0;
    %load/av 8, v0xc374c0, 8;
    %set/v v0xc36f60_0, 8, 8;
    %ix/getv 3, v0xc37190_0;
    %load/av 8, v0xc374c0, 8;
    %set/v v0xc370b0_0, 8, 8;
T_2.0 ;
    %jmp T_2;
    .thread T_2;
    .scope S_0xc1c640;
T_3 ;
    %set/v v0xc37640_0, 1, 1;
    %vpi_call 2 15 "$dumpfile", "waveDump.vcd";
    %vpi_call 2 16 "$dumpvars", 2'sb01, S_0xc1c640;
    %set/v v0xc379d0_0, 0, 1;
    %set/v v0xc37b00_0, 0, 1;
    %delay 1, 0;
    %set/v v0xc379d0_0, 1, 1;
    %set/v v0xc376e0_0, 0, 3;
    %movi 8, 4, 3;
    %set/v v0xc37790_0, 8, 3;
    %delay 8, 0;
    %set/v v0xc379d0_0, 0, 1;
    %delay 11, 0;
    %movi 8, 2, 3;
    %set/v v0xc376e0_0, 8, 3;
    %movi 8, 2, 3;
    %set/v v0xc37c00_0, 8, 3;
    %movi 8, 95, 8;
    %set/v v0xc37a50_0, 8, 8;
    %set/v v0xc37b00_0, 1, 1;
    %delay 10, 0;
    %set/v v0xc37b00_0, 0, 1;
    %delay 1, 0;
    %movi 8, 2, 3;
    %set/v v0xc376e0_0, 8, 3;
    %delay 9, 0;
    %movi 8, 1, 3;
    %set/v v0xc37c00_0, 8, 3;
    %movi 8, 28, 8;
    %set/v v0xc37a50_0, 8, 8;
    %set/v v0xc37b00_0, 1, 1;
    %movi 8, 1, 3;
    %set/v v0xc376e0_0, 8, 3;
    %delay 10, 0;
    %set/v v0xc37b00_0, 0, 1;
    %delay 10, 0;
    %movi 8, 4, 3;
    %set/v v0xc37c00_0, 8, 3;
    %movi 8, 6, 8;
    %set/v v0xc37a50_0, 8, 8;
    %set/v v0xc37b00_0, 1, 1;
    %delay 10, 0;
    %movi 8, 15, 8;
    %set/v v0xc37a50_0, 8, 8;
    %set/v v0xc37b00_0, 1, 1;
    %delay 10, 0;
    %set/v v0xc37b00_0, 0, 1;
    %delay 6, 0;
    %movi 8, 1, 3;
    %set/v v0xc37c00_0, 8, 3;
    %movi 8, 50, 8;
    %set/v v0xc37a50_0, 8, 8;
    %set/v v0xc37b00_0, 1, 1;
    %delay 5, 0;
    %set/v v0xc37b00_0, 0, 1;
    %delay 10, 0;
    %vpi_call 2 72 "$finish";
    %end;
    .thread T_3;
    .scope S_0xc1c640;
T_4 ;
    %delay 5, 0;
    %load/v 8, v0xc37640_0, 1;
    %inv 8, 1;
    %set/v v0xc37640_0, 8, 1;
    %jmp T_4;
    .thread T_4;
# The file index is used to find the file name in the following table.
:file_names 4;
    "N/A";
    "<interactive>";
    "./reg_file_tb_groundtruth.v";
    "./alu2.v";
