#! /usr/bin/vvp
:ivl_version "0.9.7 " "(v0_9_7)";
:vpi_time_precision + 0;
:vpi_module "system";
:vpi_module "v2005_math";
:vpi_module "va_math";
S_0x1f67f20 .scope module, "reg_file_tb_groundtruth" "reg_file_tb_groundtruth" 2 1;
 .timescale 0 0;
v0x1f7ea50_0 .var "CLK", 0 0;
v0x1f7eaf0_0 .var "READREG1", 2 0;
v0x1f7eba0_0 .var "READREG2", 2 0;
v0x1f7ec50_0 .net "REGOUT1", 7 0, v0x1f7e510_0; 1 drivers
v0x1f7ed30_0 .net "REGOUT2", 7 0, v0x1f7e660_0; 1 drivers
v0x1f7ede0_0 .var "RESET", 0 0;
v0x1f7ee60_0 .var "WRITEDATA", 7 0;
v0x1f7ef10_0 .var "WRITEENABLE", 0 0;
v0x1f7efc0_0 .var "WRITEREG", 2 0;
S_0x1f3e680 .scope module, "myregfile" "reg_file" 2 8, 3 7, S_0x1f67f20;
 .timescale 0 0;
v0x1f3e7a0_0 .net "CLK", 0 0, v0x1f7ea50_0; 1 drivers
v0x1f7e3d0_0 .net "IN", 7 0, v0x1f7ee60_0; 1 drivers
v0x1f7e470_0 .net "INADDRESS", 2 0, v0x1f7efc0_0; 1 drivers
v0x1f7e510_0 .var "OUT1", 7 0;
v0x1f7e5c0_0 .net "OUT1ADDRESS", 2 0, v0x1f7eaf0_0; 1 drivers
v0x1f7e660_0 .var "OUT2", 7 0;
v0x1f7e740_0 .net "OUT2ADDRESS", 2 0, v0x1f7eba0_0; 1 drivers
v0x1f7e7e0_0 .net "RESET", 0 0, v0x1f7ede0_0; 1 drivers
v0x1f7e8d0_0 .net "WRITE", 0 0, v0x1f7ef10_0; 1 drivers
v0x1f7e970 .array "rf", 0 7, 7 0;
E_0x1f67e50 .event edge, v0x1f7e740_0, v0x1f7e5c0_0;
E_0x1f3e770/0 .event edge, v0x1f7e7e0_0;
E_0x1f3e770/1 .event posedge, v0x1f3e7a0_0;
E_0x1f3e770 .event/or E_0x1f3e770/0, E_0x1f3e770/1;
    .scope S_0x1f3e680;
T_0 ;
    %wait E_0x1f3e770;
    %load/v 8, v0x1f7e7e0_0, 1;
    %jmp/0xz  T_0.0, 8;
    %delay 2, 0;
   %ix/load 1, 0, 0;
   %ix/load 3, 0, 0;
   %set/av v0x1f7e970, 0, 8;
   %ix/load 1, 0, 0;
   %ix/load 3, 1, 0;
   %set/av v0x1f7e970, 0, 8;
   %ix/load 1, 0, 0;
   %ix/load 3, 2, 0;
   %set/av v0x1f7e970, 0, 8;
   %ix/load 1, 0, 0;
   %ix/load 3, 3, 0;
   %set/av v0x1f7e970, 0, 8;
   %ix/load 1, 0, 0;
   %ix/load 3, 4, 0;
   %set/av v0x1f7e970, 0, 8;
   %ix/load 1, 0, 0;
   %ix/load 3, 5, 0;
   %set/av v0x1f7e970, 0, 8;
   %ix/load 1, 0, 0;
   %ix/load 3, 6, 0;
   %set/av v0x1f7e970, 0, 8;
   %ix/load 1, 0, 0;
   %ix/load 3, 7, 0;
   %set/av v0x1f7e970, 0, 8;
    %delay 2, 0;
    %ix/getv 3, v0x1f7e5c0_0;
    %load/av 8, v0x1f7e970, 8;
    %ix/load 0, 8, 0;
    %assign/v0 v0x1f7e510_0, 0, 8;
    %ix/getv 3, v0x1f7e740_0;
    %load/av 8, v0x1f7e970, 8;
    %ix/load 0, 8, 0;
    %assign/v0 v0x1f7e660_0, 0, 8;
T_0.0 ;
    %load/v 8, v0x1f7e8d0_0, 1;
    %load/v 9, v0x1f7e7e0_0, 1;
    %inv 9, 1;
    %and 8, 9, 1;
    %jmp/0xz  T_0.2, 8;
    %delay 2, 0;
    %load/v 8, v0x1f7e3d0_0, 8;
    %ix/getv 3, v0x1f7e470_0;
    %jmp/1 t_0, 4;
    %ix/load 0, 8, 0; word width
    %ix/load 1, 0, 0; part off
    %assign/av v0x1f7e970, 0, 8;
t_0 ;
    %delay 2, 0;
    %ix/getv 3, v0x1f7e5c0_0;
    %load/av 8, v0x1f7e970, 8;
    %ix/load 0, 8, 0;
    %assign/v0 v0x1f7e510_0, 0, 8;
    %ix/getv 3, v0x1f7e740_0;
    %load/av 8, v0x1f7e970, 8;
    %ix/load 0, 8, 0;
    %assign/v0 v0x1f7e660_0, 0, 8;
T_0.2 ;
    %jmp T_0;
    .thread T_0;
    .scope S_0x1f3e680;
T_1 ;
    %wait E_0x1f67e50;
    %load/v 8, v0x1f7e7e0_0, 1;
    %inv 8, 1;
    %jmp/0xz  T_1.0, 8;
    %delay 2, 0;
    %ix/getv 3, v0x1f7e5c0_0;
    %load/av 8, v0x1f7e970, 8;
    %ix/load 0, 8, 0;
    %assign/v0 v0x1f7e510_0, 0, 8;
    %ix/getv 3, v0x1f7e740_0;
    %load/av 8, v0x1f7e970, 8;
    %ix/load 0, 8, 0;
    %assign/v0 v0x1f7e660_0, 0, 8;
T_1.0 ;
    %jmp T_1;
    .thread T_1, $push;
    .scope S_0x1f67f20;
T_2 ;
    %set/v v0x1f7ea50_0, 1, 1;
    %vpi_call 2 15 "$dumpfile", "waveDump.vcd";
    %vpi_call 2 16 "$dumpvars", 2'sb01, S_0x1f67f20;
    %set/v v0x1f7ede0_0, 0, 1;
    %set/v v0x1f7ef10_0, 0, 1;
    %delay 1, 0;
    %set/v v0x1f7ede0_0, 1, 1;
    %set/v v0x1f7eaf0_0, 0, 3;
    %movi 8, 4, 3;
    %set/v v0x1f7eba0_0, 8, 3;
    %delay 8, 0;
    %set/v v0x1f7ede0_0, 0, 1;
    %delay 11, 0;
    %movi 8, 2, 3;
    %set/v v0x1f7eaf0_0, 8, 3;
    %movi 8, 2, 3;
    %set/v v0x1f7efc0_0, 8, 3;
    %movi 8, 95, 8;
    %set/v v0x1f7ee60_0, 8, 8;
    %set/v v0x1f7ef10_0, 1, 1;
    %delay 10, 0;
    %set/v v0x1f7ef10_0, 0, 1;
    %delay 1, 0;
    %movi 8, 2, 3;
    %set/v v0x1f7eaf0_0, 8, 3;
    %delay 9, 0;
    %movi 8, 1, 3;
    %set/v v0x1f7efc0_0, 8, 3;
    %movi 8, 28, 8;
    %set/v v0x1f7ee60_0, 8, 8;
    %set/v v0x1f7ef10_0, 1, 1;
    %movi 8, 1, 3;
    %set/v v0x1f7eaf0_0, 8, 3;
    %delay 10, 0;
    %set/v v0x1f7ef10_0, 0, 1;
    %delay 10, 0;
    %movi 8, 4, 3;
    %set/v v0x1f7efc0_0, 8, 3;
    %movi 8, 6, 8;
    %set/v v0x1f7ee60_0, 8, 8;
    %set/v v0x1f7ef10_0, 1, 1;
    %delay 10, 0;
    %movi 8, 15, 8;
    %set/v v0x1f7ee60_0, 8, 8;
    %set/v v0x1f7ef10_0, 1, 1;
    %delay 10, 0;
    %set/v v0x1f7ef10_0, 0, 1;
    %delay 6, 0;
    %movi 8, 1, 3;
    %set/v v0x1f7efc0_0, 8, 3;
    %movi 8, 50, 8;
    %set/v v0x1f7ee60_0, 8, 8;
    %set/v v0x1f7ef10_0, 1, 1;
    %delay 5, 0;
    %set/v v0x1f7ef10_0, 0, 1;
    %delay 10, 0;
    %vpi_call 2 72 "$finish";
    %end;
    .thread T_2;
    .scope S_0x1f67f20;
T_3 ;
    %delay 5, 0;
    %load/v 8, v0x1f7ea50_0, 1;
    %inv 8, 1;
    %set/v v0x1f7ea50_0, 8, 1;
    %jmp T_3;
    .thread T_3;
# The file index is used to find the file name in the following table.
:file_names 4;
    "N/A";
    "<interactive>";
    "./reg_file_tb_groundtruth.v";
    "./reg_file.v";
