#! /usr/bin/vvp
:ivl_version "0.9.7 " "(v0_9_7)";
:vpi_time_precision - 9;
:vpi_module "system";
:vpi_module "v2005_math";
:vpi_module "va_math";
S_0x1b90e50 .scope module, "reg_file_tb_groundtruth" "reg_file_tb_groundtruth" 2 1;
 .timescale 0 0;
v0x1bcf0b0_0 .var "CLK", 0 0;
v0x1bcf150_0 .var "READREG1", 2 0;
v0x1bcf200_0 .var "READREG2", 2 0;
v0x1bcf2b0_0 .net "REGOUT1", 7 0, L_0x1bced00; 1 drivers
v0x1bcf390_0 .net "REGOUT2", 7 0, L_0x1bcf770; 1 drivers
v0x1bcf440_0 .var "RESET", 0 0;
v0x1bcf4c0_0 .var "WRITEDATA", 7 0;
v0x1bcf570_0 .var "WRITEENABLE", 0 0;
v0x1bcf670_0 .var "WRITEREG", 2 0;
S_0x1bb7e20 .scope module, "myregfile" "reg_file" 2 8, 3 10, S_0x1b90e50;
 .timescale -9 -9;
P_0x1b8edd8 .param/l "DELAY" 3 24, +C4<010>;
L_0x1bced00/d .functor BUFZ 8, v0x1bcef00_0, C4<00000000>, C4<00000000>, C4<00000000>;
L_0x1bced00 .delay (2,2,2) L_0x1bced00/d;
L_0x1bcf770/d .functor BUFZ 8, v0x1bcf010_0, C4<00000000>, C4<00000000>, C4<00000000>;
L_0x1bcf770 .delay (2,2,2) L_0x1bcf770/d;
v0x1b91220_0 .net "CLK", 0 0, v0x1bcf0b0_0; 1 drivers
v0x1bce6e0_0 .net "IN", 7 0, v0x1bcf4c0_0; 1 drivers
v0x1bce780_0 .net "INADDRESS", 2 0, v0x1bcf670_0; 1 drivers
v0x1bce820_0 .alias "OUT1", 7 0, v0x1bcf2b0_0;
v0x1bce8d0_0 .net "OUT1ADDRESS", 2 0, v0x1bcf150_0; 1 drivers
v0x1bce970_0 .alias "OUT2", 7 0, v0x1bcf390_0;
v0x1bcea50_0 .net "OUT2ADDRESS", 2 0, v0x1bcf200_0; 1 drivers
v0x1bceaf0_0 .net "RESET", 0 0, v0x1bcf440_0; 1 drivers
v0x1bcebe0_0 .net "WRITE", 0 0, v0x1bcf570_0; 1 drivers
v0x1bcec80_0 .var/i "i", 31 0;
v0x1bced80 .array "myreg", 0 7, 7 0;
v0x1bcef00_0 .var "temp1", 7 0;
v0x1bcf010_0 .var "temp2", 7 0;
E_0x1b91080/0 .event edge, v0x1bceaf0_0;
E_0x1b91080/1 .event posedge, v0x1b91220_0;
E_0x1b91080 .event/or E_0x1b91080/0, E_0x1b91080/1;
v0x1bced80_0 .array/port v0x1bced80, 0;
v0x1bced80_1 .array/port v0x1bced80, 1;
v0x1bced80_2 .array/port v0x1bced80, 2;
E_0x1b90f40/0 .event edge, v0x1bce8d0_0, v0x1bced80_0, v0x1bced80_1, v0x1bced80_2;
v0x1bced80_3 .array/port v0x1bced80, 3;
v0x1bced80_4 .array/port v0x1bced80, 4;
v0x1bced80_5 .array/port v0x1bced80, 5;
v0x1bced80_6 .array/port v0x1bced80, 6;
E_0x1b90f40/1 .event edge, v0x1bced80_3, v0x1bced80_4, v0x1bced80_5, v0x1bced80_6;
v0x1bced80_7 .array/port v0x1bced80, 7;
E_0x1b90f40/2 .event edge, v0x1bced80_7, v0x1bcea50_0;
E_0x1b90f40 .event/or E_0x1b90f40/0, E_0x1b90f40/1, E_0x1b90f40/2;
E_0x1bb7f10 .event edge, v0x1bceaf0_0;
    .scope S_0x1bb7e20;
T_0 ;
    %wait E_0x1bb7f10;
    %load/v 8, v0x1bceaf0_0, 1;
    %mov 9, 0, 2;
    %cmpi/u 8, 1, 3;
    %jmp/0xz  T_0.0, 4;
    %delay 2, 0;
    %set/v v0x1bcec80_0, 0, 32;
T_0.2 ;
    %load/v 8, v0x1bcec80_0, 32;
   %cmpi/s 8, 8, 32;
    %jmp/0xz T_0.3, 5;
    %ix/getv/s 3, v0x1bcec80_0;
   %jmp/1 t_0, 4;
   %ix/load 1, 0, 0;
   %set/av v0x1bced80, 0, 8;
t_0 ;
    %ix/load 0, 1, 0;
    %load/vp0/s 8, v0x1bcec80_0, 32;
    %set/v v0x1bcec80_0, 8, 32;
    %jmp T_0.2;
T_0.3 ;
T_0.0 ;
    %jmp T_0;
    .thread T_0, $push;
    .scope S_0x1bb7e20;
T_1 ;
    %wait E_0x1b90f40;
    %ix/getv 3, v0x1bce8d0_0;
    %load/av 8, v0x1bced80, 8;
    %set/v v0x1bcef00_0, 8, 8;
    %ix/getv 3, v0x1bcea50_0;
    %load/av 8, v0x1bced80, 8;
    %set/v v0x1bcf010_0, 8, 8;
    %jmp T_1;
    .thread T_1, $push;
    .scope S_0x1bb7e20;
T_2 ;
    %wait E_0x1b91080;
    %load/v 8, v0x1bceaf0_0, 1;
    %mov 9, 0, 1;
    %cmpi/u 8, 0, 2;
    %mov 8, 4, 1;
    %load/v 9, v0x1bcebe0_0, 1;
    %mov 10, 0, 2;
    %cmpi/u 9, 1, 3;
    %mov 9, 4, 1;
    %and 8, 9, 1;
    %jmp/0xz  T_2.0, 8;
    %delay 2, 0;
    %load/v 8, v0x1bce6e0_0, 8;
    %ix/getv 3, v0x1bce780_0;
   %jmp/1 t_1, 4;
   %ix/load 1, 0, 0;
   %set/av v0x1bced80, 8, 8;
t_1 ;
T_2.0 ;
    %jmp T_2;
    .thread T_2;
    .scope S_0x1b90e50;
T_3 ;
    %set/v v0x1bcf0b0_0, 1, 1;
    %vpi_call 2 15 "$dumpfile", "waveDump.vcd";
    %vpi_call 2 16 "$dumpvars", 2'sb01, S_0x1b90e50;
    %set/v v0x1bcf440_0, 0, 1;
    %set/v v0x1bcf570_0, 0, 1;
    %delay 1000000000, 0;
    %set/v v0x1bcf440_0, 1, 1;
    %set/v v0x1bcf150_0, 0, 3;
    %movi 8, 4, 3;
    %set/v v0x1bcf200_0, 8, 3;
    %delay 3705032704, 1;
    %set/v v0x1bcf440_0, 0, 1;
    %delay 2410065408, 2;
    %movi 8, 2, 3;
    %set/v v0x1bcf150_0, 8, 3;
    %movi 8, 2, 3;
    %set/v v0x1bcf670_0, 8, 3;
    %movi 8, 95, 8;
    %set/v v0x1bcf4c0_0, 8, 8;
    %set/v v0x1bcf570_0, 1, 1;
    %delay 1410065408, 2;
    %set/v v0x1bcf570_0, 0, 1;
    %delay 1000000000, 0;
    %movi 8, 2, 3;
    %set/v v0x1bcf150_0, 8, 3;
    %delay 410065408, 2;
    %movi 8, 1, 3;
    %set/v v0x1bcf670_0, 8, 3;
    %movi 8, 28, 8;
    %set/v v0x1bcf4c0_0, 8, 8;
    %set/v v0x1bcf570_0, 1, 1;
    %movi 8, 1, 3;
    %set/v v0x1bcf150_0, 8, 3;
    %delay 1410065408, 2;
    %set/v v0x1bcf570_0, 0, 1;
    %delay 1410065408, 2;
    %movi 8, 4, 3;
    %set/v v0x1bcf670_0, 8, 3;
    %movi 8, 6, 8;
    %set/v v0x1bcf4c0_0, 8, 8;
    %set/v v0x1bcf570_0, 1, 1;
    %delay 1410065408, 2;
    %movi 8, 15, 8;
    %set/v v0x1bcf4c0_0, 8, 8;
    %set/v v0x1bcf570_0, 1, 1;
    %delay 1410065408, 2;
    %set/v v0x1bcf570_0, 0, 1;
    %delay 1705032704, 1;
    %movi 8, 1, 3;
    %set/v v0x1bcf670_0, 8, 3;
    %movi 8, 50, 8;
    %set/v v0x1bcf4c0_0, 8, 8;
    %set/v v0x1bcf570_0, 1, 1;
    %delay 705032704, 1;
    %set/v v0x1bcf570_0, 0, 1;
    %delay 1410065408, 2;
    %vpi_call 2 72 "$finish";
    %end;
    .thread T_3;
    .scope S_0x1b90e50;
T_4 ;
    %delay 705032704, 1;
    %load/v 8, v0x1bcf0b0_0, 1;
    %inv 8, 1;
    %set/v v0x1bcf0b0_0, 8, 1;
    %jmp T_4;
    .thread T_4;
# The file index is used to find the file name in the following table.
:file_names 4;
    "N/A";
    "<interactive>";
    "./reg_file_tb_groundtruth.v";
    "./reg_file.v";
