#! /usr/bin/vvp
:ivl_version "0.9.7 " "(v0_9_7)";
:vpi_time_precision + 0;
:vpi_module "system";
:vpi_module "v2005_math";
:vpi_module "va_math";
S_0x1c83f00 .scope module, "reg_file_tb_groundtruth" "reg_file_tb_groundtruth" 2 1;
 .timescale 0 0;
v0x1c9aff0_0 .var "CLK", 0 0;
v0x1c9b090_0 .var "READREG1", 2 0;
v0x1c9b140_0 .var "READREG2", 2 0;
v0x1c9b1f0_0 .net "REGOUT1", 7 0, v0x1c9a900_0; 1 drivers
v0x1c9b2d0_0 .net "REGOUT2", 7 0, v0x1c9aa50_0; 1 drivers
v0x1c9b380_0 .var "RESET", 0 0;
v0x1c9b400_0 .var "WRITEDATA", 7 0;
v0x1c9b4b0_0 .var "WRITEENABLE", 0 0;
v0x1c9b560_0 .var "WRITEREG", 2 0;
S_0x1c55680 .scope module, "myregfile" "reg_file" 2 8, 3 59, S_0x1c83f00;
 .timescale 0 0;
v0x1c55830_0 .net "CLK", 0 0, v0x1c9aff0_0; 1 drivers
v0x1c9a7c0_0 .net "IN", 7 0, v0x1c9b400_0; 1 drivers
v0x1c9a860_0 .net "INADDRESS", 2 0, v0x1c9b560_0; 1 drivers
v0x1c9a900_0 .var "OUT1", 7 0;
v0x1c9a9b0_0 .net "OUT1ADDRESS", 2 0, v0x1c9b090_0; 1 drivers
v0x1c9aa50_0 .var "OUT2", 7 0;
v0x1c9ab30_0 .net "OUT2ADDRESS", 2 0, v0x1c9b140_0; 1 drivers
v0x1c9abd0_0 .net "RESET", 0 0, v0x1c9b380_0; 1 drivers
v0x1c9acc0_0 .net "WRITE", 0 0, v0x1c9b4b0_0; 1 drivers
v0x1c9ad60_0 .net *"_s1", 7 0, L_0x1c9b610; 1 drivers
v0x1c9ae60_0 .net *"_s4", 7 0, L_0x1c9b700; 1 drivers
v0x1c9af00 .array "register", 0 7, 7 0;
E_0x1c83e30 .event edge, v0x1c9abd0_0;
E_0x1c55770 .event edge, v0x1c9ab30_0, v0x1c9a9b0_0;
E_0x1c557a0 .event posedge, v0x1c55830_0;
E_0x1c557d0 .event edge, L_0x1c9b700, L_0x1c9b610;
L_0x1c9b610 .array/port v0x1c9af00, v0x1c9b090_0;
L_0x1c9b700 .array/port v0x1c9af00, v0x1c9b140_0;
    .scope S_0x1c55680;
T_0 ;
    %wait E_0x1c557d0;
    %delay 2, 0;
    %ix/getv 3, v0x1c9a9b0_0;
    %load/av 8, v0x1c9af00, 8;
    %set/v v0x1c9a900_0, 8, 8;
    %ix/getv 3, v0x1c9ab30_0;
    %load/av 8, v0x1c9af00, 8;
    %set/v v0x1c9aa50_0, 8, 8;
    %jmp T_0;
    .thread T_0, $push;
    .scope S_0x1c55680;
T_1 ;
    %wait E_0x1c557a0;
    %load/v 8, v0x1c9acc0_0, 1;
    %jmp/0xz  T_1.0, 8;
    %delay 2, 0;
    %load/v 8, v0x1c9a7c0_0, 8;
    %ix/getv 3, v0x1c9a860_0;
   %jmp/1 t_0, 4;
   %ix/load 1, 0, 0;
   %set/av v0x1c9af00, 8, 8;
t_0 ;
T_1.0 ;
    %jmp T_1;
    .thread T_1;
    .scope S_0x1c55680;
T_2 ;
    %wait E_0x1c55770;
    %load/v 8, v0x1c9abd0_0, 1;
    %inv 8, 1;
    %jmp/0xz  T_2.0, 8;
    %delay 2, 0;
    %ix/getv 3, v0x1c9a9b0_0;
    %load/av 8, v0x1c9af00, 8;
    %set/v v0x1c9a900_0, 8, 8;
    %ix/getv 3, v0x1c9ab30_0;
    %load/av 8, v0x1c9af00, 8;
    %set/v v0x1c9aa50_0, 8, 8;
T_2.0 ;
    %jmp T_2;
    .thread T_2, $push;
    .scope S_0x1c55680;
T_3 ;
    %wait E_0x1c83e30;
    %load/v 8, v0x1c9abd0_0, 1;
    %jmp/0xz  T_3.0, 8;
    %delay 2, 0;
   %ix/load 1, 0, 0;
   %ix/load 3, 0, 0;
   %set/av v0x1c9af00, 0, 8;
   %ix/load 1, 0, 0;
   %ix/load 3, 1, 0;
   %set/av v0x1c9af00, 0, 8;
   %ix/load 1, 0, 0;
   %ix/load 3, 2, 0;
   %set/av v0x1c9af00, 0, 8;
   %ix/load 1, 0, 0;
   %ix/load 3, 3, 0;
   %set/av v0x1c9af00, 0, 8;
   %ix/load 1, 0, 0;
   %ix/load 3, 4, 0;
   %set/av v0x1c9af00, 0, 8;
   %ix/load 1, 0, 0;
   %ix/load 3, 5, 0;
   %set/av v0x1c9af00, 0, 8;
   %ix/load 1, 0, 0;
   %ix/load 3, 6, 0;
   %set/av v0x1c9af00, 0, 8;
   %ix/load 1, 0, 0;
   %ix/load 3, 7, 0;
   %set/av v0x1c9af00, 0, 8;
T_3.0 ;
    %jmp T_3;
    .thread T_3, $push;
    .scope S_0x1c83f00;
T_4 ;
    %set/v v0x1c9aff0_0, 1, 1;
    %vpi_call 2 15 "$dumpfile", "waveDump.vcd";
    %vpi_call 2 16 "$dumpvars", 2'sb01, S_0x1c83f00;
    %set/v v0x1c9b380_0, 0, 1;
    %set/v v0x1c9b4b0_0, 0, 1;
    %delay 1, 0;
    %set/v v0x1c9b380_0, 1, 1;
    %set/v v0x1c9b090_0, 0, 3;
    %movi 8, 4, 3;
    %set/v v0x1c9b140_0, 8, 3;
    %delay 8, 0;
    %set/v v0x1c9b380_0, 0, 1;
    %delay 11, 0;
    %movi 8, 2, 3;
    %set/v v0x1c9b090_0, 8, 3;
    %movi 8, 2, 3;
    %set/v v0x1c9b560_0, 8, 3;
    %movi 8, 95, 8;
    %set/v v0x1c9b400_0, 8, 8;
    %set/v v0x1c9b4b0_0, 1, 1;
    %delay 10, 0;
    %set/v v0x1c9b4b0_0, 0, 1;
    %delay 1, 0;
    %movi 8, 2, 3;
    %set/v v0x1c9b090_0, 8, 3;
    %delay 9, 0;
    %movi 8, 1, 3;
    %set/v v0x1c9b560_0, 8, 3;
    %movi 8, 28, 8;
    %set/v v0x1c9b400_0, 8, 8;
    %set/v v0x1c9b4b0_0, 1, 1;
    %movi 8, 1, 3;
    %set/v v0x1c9b090_0, 8, 3;
    %delay 10, 0;
    %set/v v0x1c9b4b0_0, 0, 1;
    %delay 10, 0;
    %movi 8, 4, 3;
    %set/v v0x1c9b560_0, 8, 3;
    %movi 8, 6, 8;
    %set/v v0x1c9b400_0, 8, 8;
    %set/v v0x1c9b4b0_0, 1, 1;
    %delay 10, 0;
    %movi 8, 15, 8;
    %set/v v0x1c9b400_0, 8, 8;
    %set/v v0x1c9b4b0_0, 1, 1;
    %delay 10, 0;
    %set/v v0x1c9b4b0_0, 0, 1;
    %delay 6, 0;
    %movi 8, 1, 3;
    %set/v v0x1c9b560_0, 8, 3;
    %movi 8, 50, 8;
    %set/v v0x1c9b400_0, 8, 8;
    %set/v v0x1c9b4b0_0, 1, 1;
    %delay 5, 0;
    %set/v v0x1c9b4b0_0, 0, 1;
    %delay 10, 0;
    %vpi_call 2 72 "$finish";
    %end;
    .thread T_4;
    .scope S_0x1c83f00;
T_5 ;
    %delay 5, 0;
    %load/v 8, v0x1c9aff0_0, 1;
    %inv 8, 1;
    %set/v v0x1c9aff0_0, 8, 1;
    %jmp T_5;
    .thread T_5;
# The file index is used to find the file name in the following table.
:file_names 4;
    "N/A";
    "<interactive>";
    "./reg_file_tb_groundtruth.v";
    "./reg_file.v";
