#! /usr/bin/vvp
:ivl_version "0.9.7 " "(v0_9_7)";
:vpi_time_precision + 0;
:vpi_module "system";
:vpi_module "v2005_math";
:vpi_module "va_math";
S_0x1e272b0 .scope module, "testbench" "testbench" 2 1;
 .timescale 0 0;
v0x1e38280_0 .var "DATA1_t", 7 0;
v0x1e38350_0 .var "DATA2_t", 7 0;
v0x1e38400_0 .net "RESULT_t", 7 0, v0x1e38130_0; 1 drivers
v0x1e384b0_0 .var "SELECT_t", 2 0;
S_0x1e273a0 .scope module, "myalu" "alu" 2 7, 3 36, S_0x1e272b0;
 .timescale 0 0;
v0x1e00f90_0 .net "DATA1", 0 7, v0x1e38280_0; 1 drivers
v0x1e38090_0 .net "DATA2", 0 7, v0x1e38350_0; 1 drivers
v0x1e38130_0 .var "RESULT", 0 7;
v0x1e381d0_0 .net "SELECT", 0 2, v0x1e384b0_0; 1 drivers
E_0x1defef0 .event edge, v0x1e381d0_0, v0x1e38090_0, v0x1e00f90_0;
    .scope S_0x1e273a0;
T_0 ;
    %wait E_0x1defef0;
    %load/v 8, v0x1e381d0_0, 3;
    %cmpi/u 8, 0, 3;
    %jmp/0xz  T_0.0, 4;
    %load/v 8, v0x1e38090_0, 8;
    %set/v v0x1e38130_0, 8, 8;
T_0.0 ;
    %load/v 8, v0x1e381d0_0, 3;
    %cmpi/u 8, 1, 3;
    %jmp/0xz  T_0.2, 4;
    %load/v 8, v0x1e00f90_0, 8;
    %load/v 16, v0x1e38090_0, 8;
    %add 8, 16, 8;
    %set/v v0x1e38130_0, 8, 8;
T_0.2 ;
    %load/v 8, v0x1e381d0_0, 3;
    %cmpi/u 8, 2, 3;
    %jmp/0xz  T_0.4, 4;
    %load/v 8, v0x1e00f90_0, 8;
    %load/v 16, v0x1e38090_0, 8;
    %and 8, 16, 8;
    %set/v v0x1e38130_0, 8, 8;
T_0.4 ;
    %load/v 8, v0x1e381d0_0, 3;
    %cmpi/u 8, 3, 3;
    %jmp/0xz  T_0.6, 4;
    %load/v 8, v0x1e00f90_0, 8;
    %load/v 16, v0x1e38090_0, 8;
    %or 8, 16, 8;
    %set/v v0x1e38130_0, 8, 8;
T_0.6 ;
    %jmp T_0;
    .thread T_0, $push;
    .scope S_0x1e272b0;
T_1 ;
    %vpi_call 2 11 "$monitor", $time, " DATA1_t: %b, DATA2_t: %b, SELECT_t: %b, RESULT_t: %b", v0x1e38280_0, v0x1e38350_0, v0x1e384b0_0, v0x1e38400_0;
    %end;
    .thread T_1;
    .scope S_0x1e272b0;
T_2 ;
    %movi 8, 15, 8;
    %set/v v0x1e38280_0, 8, 8;
    %movi 8, 240, 8;
    %set/v v0x1e38350_0, 8, 8;
    %movi 8, 1, 3;
    %set/v v0x1e384b0_0, 8, 3;
    %delay 10, 0;
    %movi 8, 2, 3;
    %set/v v0x1e384b0_0, 8, 3;
    %delay 10, 0;
    %movi 8, 3, 3;
    %set/v v0x1e384b0_0, 8, 3;
    %delay 10, 0;
    %movi 8, 171, 8;
    %set/v v0x1e38280_0, 8, 8;
    %movi 8, 102, 8;
    %set/v v0x1e38350_0, 8, 8;
    %delay 10, 0;
    %set/v v0x1e384b0_0, 0, 3;
    %delay 10, 0;
    %set/v v0x1e384b0_0, 1, 3;
    %end;
    .thread T_2;
# The file index is used to find the file name in the following table.
:file_names 4;
    "N/A";
    "<interactive>";
    "./alu_tb_gt.v";
    "./alu.v";
