#! /usr/bin/vvp
:ivl_version "0.9.7 " "(v0_9_7)";
:vpi_time_precision + 0;
:vpi_module "system";
:vpi_module "v2005_math";
:vpi_module "va_math";
S_0xf7de60 .scope module, "reg_file_tb_groundtruth" "reg_file_tb_groundtruth" 2 1;
 .timescale 0 0;
v0xfba910_0 .var "CLK", 0 0;
v0xfba9b0_0 .var "READREG1", 2 0;
v0xfbaa60_0 .var "READREG2", 2 0;
v0xfbab10_0 .net "REGOUT1", 7 0, L_0xfba640; 1 drivers
v0xfbabf0_0 .net "REGOUT2", 7 0, L_0xfbb1b0; 1 drivers
v0xfbaca0_0 .var "RESET", 0 0;
v0xfbad20_0 .var "WRITEDATA", 7 0;
v0xfbadd0_0 .var "WRITEENABLE", 0 0;
v0xfbae80_0 .var "WRITEREG", 2 0;
S_0xfa4e20 .scope module, "myregfile" "reg_file" 2 8, 3 9, S_0xf7de60;
 .timescale 0 0;
L_0xfba640/d .functor BUFZ 8, L_0xfbaf30, C4<00000000>, C4<00000000>, C4<00000000>;
L_0xfba640 .delay (2,2,2) L_0xfba640/d;
L_0xfbb1b0/d .functor BUFZ 8, L_0xfbb0c0, C4<00000000>, C4<00000000>, C4<00000000>;
L_0xfbb1b0 .delay (2,2,2) L_0xfbb1b0/d;
v0xf7e3f0_0 .net "CLK", 0 0, v0xfba910_0; 1 drivers
v0xfb9ef0_0 .net "IN", 7 0, v0xfbad20_0; 1 drivers
v0xfb9f90_0 .net "INADDRESS", 2 0, v0xfbae80_0; 1 drivers
v0xfba030_0 .alias "OUT1", 7 0, v0xfbab10_0;
v0xfba0e0_0 .net "OUT1ADDRESS", 2 0, v0xfba9b0_0; 1 drivers
v0xfba180_0 .alias "OUT2", 7 0, v0xfbabf0_0;
v0xfba260_0 .net "OUT2ADDRESS", 2 0, v0xfbaa60_0; 1 drivers
v0xfba300 .array "R", 0 7, 7 0;
v0xfba520_0 .net "RESET", 0 0, v0xfbaca0_0; 1 drivers
v0xfba5c0_0 .net "WRITE", 0 0, v0xfbadd0_0; 1 drivers
v0xfba6c0_0 .net *"_s0", 7 0, L_0xfbaf30; 1 drivers
v0xfba760_0 .net *"_s4", 7 0, L_0xfbb0c0; 1 drivers
v0xfba870_0 .var/i "i", 31 0;
E_0xf7dfa0 .event edge, v0xfba520_0, v0xfba870_0;
E_0xf7df50 .event posedge, v0xf7e3f0_0;
L_0xfbaf30 .array/port v0xfba300, v0xfba9b0_0;
L_0xfbb0c0 .array/port v0xfba300, v0xfbaa60_0;
    .scope S_0xfa4e20;
T_0 ;
    %wait E_0xf7df50;
    %delay 2, 0;
    %load/v 8, v0xfba5c0_0, 1;
    %load/v 9, v0xfba520_0, 1;
    %mov 10, 0, 1;
    %cmpi/u 9, 0, 2;
    %mov 9, 4, 1;
    %and 8, 9, 1;
    %jmp/0xz  T_0.0, 8;
    %load/v 8, v0xfb9ef0_0, 8;
    %ix/getv 3, v0xfb9f90_0;
   %jmp/1 t_0, 4;
   %ix/load 1, 0, 0;
   %set/av v0xfba300, 8, 8;
t_0 ;
T_0.0 ;
    %jmp T_0;
    .thread T_0;
    .scope S_0xfa4e20;
T_1 ;
    %wait E_0xf7dfa0;
    %load/v 8, v0xfba520_0, 1;
    %jmp/0xz  T_1.0, 8;
    %delay 2, 0;
    %set/v v0xfba870_0, 0, 32;
T_1.2 ;
    %load/v 8, v0xfba870_0, 32;
   %cmpi/s 8, 8, 32;
    %jmp/0xz T_1.3, 5;
    %ix/getv/s 3, v0xfba870_0;
   %jmp/1 t_1, 4;
   %ix/load 1, 0, 0;
   %set/av v0xfba300, 0, 8;
t_1 ;
    %ix/load 0, 1, 0;
    %load/vp0/s 8, v0xfba870_0, 32;
    %set/v v0xfba870_0, 8, 32;
    %jmp T_1.2;
T_1.3 ;
T_1.0 ;
    %jmp T_1;
    .thread T_1, $push;
    .scope S_0xf7de60;
T_2 ;
    %set/v v0xfba910_0, 1, 1;
    %vpi_call 2 15 "$dumpfile", "waveDump.vcd";
    %vpi_call 2 16 "$dumpvars", 2'sb01, S_0xf7de60;
    %set/v v0xfbaca0_0, 0, 1;
    %set/v v0xfbadd0_0, 0, 1;
    %delay 1, 0;
    %set/v v0xfbaca0_0, 1, 1;
    %set/v v0xfba9b0_0, 0, 3;
    %movi 8, 4, 3;
    %set/v v0xfbaa60_0, 8, 3;
    %delay 8, 0;
    %set/v v0xfbaca0_0, 0, 1;
    %delay 11, 0;
    %movi 8, 2, 3;
    %set/v v0xfba9b0_0, 8, 3;
    %movi 8, 2, 3;
    %set/v v0xfbae80_0, 8, 3;
    %movi 8, 95, 8;
    %set/v v0xfbad20_0, 8, 8;
    %set/v v0xfbadd0_0, 1, 1;
    %delay 10, 0;
    %set/v v0xfbadd0_0, 0, 1;
    %delay 1, 0;
    %movi 8, 2, 3;
    %set/v v0xfba9b0_0, 8, 3;
    %delay 9, 0;
    %movi 8, 1, 3;
    %set/v v0xfbae80_0, 8, 3;
    %movi 8, 28, 8;
    %set/v v0xfbad20_0, 8, 8;
    %set/v v0xfbadd0_0, 1, 1;
    %movi 8, 1, 3;
    %set/v v0xfba9b0_0, 8, 3;
    %delay 10, 0;
    %set/v v0xfbadd0_0, 0, 1;
    %delay 10, 0;
    %movi 8, 4, 3;
    %set/v v0xfbae80_0, 8, 3;
    %movi 8, 6, 8;
    %set/v v0xfbad20_0, 8, 8;
    %set/v v0xfbadd0_0, 1, 1;
    %delay 10, 0;
    %movi 8, 15, 8;
    %set/v v0xfbad20_0, 8, 8;
    %set/v v0xfbadd0_0, 1, 1;
    %delay 10, 0;
    %set/v v0xfbadd0_0, 0, 1;
    %delay 6, 0;
    %movi 8, 1, 3;
    %set/v v0xfbae80_0, 8, 3;
    %movi 8, 50, 8;
    %set/v v0xfbad20_0, 8, 8;
    %set/v v0xfbadd0_0, 1, 1;
    %delay 5, 0;
    %set/v v0xfbadd0_0, 0, 1;
    %delay 10, 0;
    %vpi_call 2 72 "$finish";
    %end;
    .thread T_2;
    .scope S_0xf7de60;
T_3 ;
    %delay 5, 0;
    %load/v 8, v0xfba910_0, 1;
    %inv 8, 1;
    %set/v v0xfba910_0, 8, 1;
    %jmp T_3;
    .thread T_3;
# The file index is used to find the file name in the following table.
:file_names 4;
    "N/A";
    "<interactive>";
    "./reg_file_tb_groundtruth.v";
    "./reg_file.v";
