#! /usr/bin/vvp
:ivl_version "0.9.7 " "(v0_9_7)";
:vpi_time_precision + 0;
:vpi_module "system";
:vpi_module "v2005_math";
:vpi_module "va_math";
S_0x90c790 .scope module, "reg_file" "reg_file" 2 1;
 .timescale 0 0;
L_0x95c7c0 .functor NOT 1, C4<z>, C4<0>, C4<0>, C4<0>;
v0x933bc0_0 .net "CLOCK", 0 0, C4<z>; 0 drivers
v0x95c1a0_0 .net "IN", 7 0, C4<zzzzzzzz>; 0 drivers
v0x95c240_0 .net "INADDRESS", 2 0, C4<zzz>; 0 drivers
v0x95c2e0_0 .var "OUT1", 7 0;
v0x95c390_0 .net "OUT1ADDRESS", 2 0, C4<zzz>; 0 drivers
v0x95c430_0 .var "OUT2", 7 0;
v0x95c510_0 .net "OUT2ADDRESS", 2 0, C4<zzz>; 0 drivers
v0x95c5b0_0 .net "RESET", 0 0, C4<z>; 0 drivers
v0x95c6a0_0 .var "Regout0", 7 0;
v0x95c740_0 .var "Regout1", 7 0;
v0x95c840_0 .var "Regout2", 7 0;
v0x95c8e0_0 .var "Regout3", 7 0;
v0x95c9f0_0 .var "Regout4", 7 0;
v0x95ca90_0 .var "Regout5", 7 0;
v0x95cbb0_0 .var "Regout6", 7 0;
v0x95cc50_0 .var "Regout7", 7 0;
v0x95cb10_0 .net "WRITE", 0 0, C4<z>; 0 drivers
v0x95cda0_0 .net *"_s10", 1 0, L_0x95cf40; 1 drivers
v0x95cec0_0 .net *"_s7", 0 0, L_0x95c7c0; 1 drivers
E_0x90c6c0/0 .event edge, v0x95c510_0, v0x95c390_0;
E_0x90c6c0/1 .event posedge, L_0x95cf40;
E_0x90c6c0 .event/or E_0x90c6c0/0, E_0x90c6c0/1;
E_0x90c880/0 .event edge, v0x95c510_0, v0x95c390_0;
E_0x90c880/1 .event posedge, v0x933bc0_0;
E_0x90c880 .event/or E_0x90c880/0, E_0x90c880/1;
E_0x90c8b0 .event posedge, v0x95c5b0_0;
L_0x95cf40 .arith/mult 2, C4<z>, L_0x95c7c0;
    .scope S_0x90c790;
T_0 ;
    %wait E_0x90c8b0;
    %delay 4, 0;
    %set/v v0x95c6a0_0, 0, 8;
    %set/v v0x95c740_0, 0, 8;
    %set/v v0x95c840_0, 0, 8;
    %set/v v0x95c8e0_0, 0, 8;
    %set/v v0x95c9f0_0, 0, 8;
    %set/v v0x95ca90_0, 0, 8;
    %set/v v0x95cbb0_0, 0, 8;
    %set/v v0x95cc50_0, 0, 8;
    %set/v v0x95c2e0_0, 0, 8;
    %set/v v0x95c430_0, 0, 8;
    %jmp T_0;
    .thread T_0;
    .scope S_0x90c790;
T_1 ;
    %wait E_0x90c880;
    %load/v 8, v0x95cb10_0, 1;
    %jmp/0xz  T_1.0, 8;
    %delay 2, 0;
    %load/v 8, v0x95c240_0, 3;
    %cmpi/u 8, 0, 3;
    %jmp/1 T_1.2, 6;
    %cmpi/u 8, 1, 3;
    %jmp/1 T_1.3, 6;
    %cmpi/u 8, 2, 3;
    %jmp/1 T_1.4, 6;
    %cmpi/u 8, 3, 3;
    %jmp/1 T_1.5, 6;
    %cmpi/u 8, 4, 3;
    %jmp/1 T_1.6, 6;
    %cmpi/u 8, 5, 3;
    %jmp/1 T_1.7, 6;
    %cmpi/u 8, 6, 3;
    %jmp/1 T_1.8, 6;
    %cmpi/u 8, 7, 3;
    %jmp/1 T_1.9, 6;
    %jmp T_1.10;
T_1.2 ;
    %load/v 8, v0x95c1a0_0, 8;
    %set/v v0x95c6a0_0, 8, 8;
    %jmp T_1.10;
T_1.3 ;
    %load/v 8, v0x95c1a0_0, 8;
    %set/v v0x95c740_0, 8, 8;
    %jmp T_1.10;
T_1.4 ;
    %load/v 8, v0x95c1a0_0, 8;
    %set/v v0x95c840_0, 8, 8;
    %jmp T_1.10;
T_1.5 ;
    %load/v 8, v0x95c1a0_0, 8;
    %set/v v0x95c8e0_0, 8, 8;
    %jmp T_1.10;
T_1.6 ;
    %load/v 8, v0x95c1a0_0, 8;
    %set/v v0x95c9f0_0, 8, 8;
    %jmp T_1.10;
T_1.7 ;
    %load/v 8, v0x95c1a0_0, 8;
    %set/v v0x95ca90_0, 8, 8;
    %jmp T_1.10;
T_1.8 ;
    %load/v 8, v0x95c1a0_0, 8;
    %set/v v0x95cbb0_0, 8, 8;
    %jmp T_1.10;
T_1.9 ;
    %load/v 8, v0x95c1a0_0, 8;
    %set/v v0x95cc50_0, 8, 8;
    %jmp T_1.10;
T_1.10 ;
T_1.0 ;
    %delay 2, 0;
    %load/v 8, v0x95c390_0, 3;
    %cmpi/u 8, 0, 3;
    %jmp/1 T_1.11, 6;
    %cmpi/u 8, 1, 3;
    %jmp/1 T_1.12, 6;
    %cmpi/u 8, 2, 3;
    %jmp/1 T_1.13, 6;
    %cmpi/u 8, 3, 3;
    %jmp/1 T_1.14, 6;
    %cmpi/u 8, 4, 3;
    %jmp/1 T_1.15, 6;
    %cmpi/u 8, 5, 3;
    %jmp/1 T_1.16, 6;
    %cmpi/u 8, 6, 3;
    %jmp/1 T_1.17, 6;
    %cmpi/u 8, 7, 3;
    %jmp/1 T_1.18, 6;
    %jmp T_1.19;
T_1.11 ;
    %load/v 8, v0x95c6a0_0, 8;
    %set/v v0x95c2e0_0, 8, 8;
    %jmp T_1.19;
T_1.12 ;
    %load/v 8, v0x95c740_0, 8;
    %set/v v0x95c2e0_0, 8, 8;
    %jmp T_1.19;
T_1.13 ;
    %load/v 8, v0x95c840_0, 8;
    %set/v v0x95c2e0_0, 8, 8;
    %jmp T_1.19;
T_1.14 ;
    %load/v 8, v0x95c8e0_0, 8;
    %set/v v0x95c2e0_0, 8, 8;
    %jmp T_1.19;
T_1.15 ;
    %load/v 8, v0x95c9f0_0, 8;
    %set/v v0x95c2e0_0, 8, 8;
    %jmp T_1.19;
T_1.16 ;
    %load/v 8, v0x95ca90_0, 8;
    %set/v v0x95c2e0_0, 8, 8;
    %jmp T_1.19;
T_1.17 ;
    %load/v 8, v0x95cbb0_0, 8;
    %set/v v0x95c2e0_0, 8, 8;
    %jmp T_1.19;
T_1.18 ;
    %load/v 8, v0x95cc50_0, 8;
    %set/v v0x95c2e0_0, 8, 8;
    %jmp T_1.19;
T_1.19 ;
    %load/v 8, v0x95c510_0, 3;
    %cmpi/u 8, 0, 3;
    %jmp/1 T_1.20, 6;
    %cmpi/u 8, 1, 3;
    %jmp/1 T_1.21, 6;
    %cmpi/u 8, 2, 3;
    %jmp/1 T_1.22, 6;
    %cmpi/u 8, 3, 3;
    %jmp/1 T_1.23, 6;
    %cmpi/u 8, 4, 3;
    %jmp/1 T_1.24, 6;
    %cmpi/u 8, 5, 3;
    %jmp/1 T_1.25, 6;
    %cmpi/u 8, 6, 3;
    %jmp/1 T_1.26, 6;
    %cmpi/u 8, 7, 3;
    %jmp/1 T_1.27, 6;
    %jmp T_1.28;
T_1.20 ;
    %load/v 8, v0x95c6a0_0, 8;
    %set/v v0x95c430_0, 8, 8;
    %jmp T_1.28;
T_1.21 ;
    %load/v 8, v0x95c740_0, 8;
    %set/v v0x95c430_0, 8, 8;
    %jmp T_1.28;
T_1.22 ;
    %load/v 8, v0x95c840_0, 8;
    %set/v v0x95c430_0, 8, 8;
    %jmp T_1.28;
T_1.23 ;
    %load/v 8, v0x95c8e0_0, 8;
    %set/v v0x95c430_0, 8, 8;
    %jmp T_1.28;
T_1.24 ;
    %load/v 8, v0x95c9f0_0, 8;
    %set/v v0x95c430_0, 8, 8;
    %jmp T_1.28;
T_1.25 ;
    %load/v 8, v0x95ca90_0, 8;
    %set/v v0x95c430_0, 8, 8;
    %jmp T_1.28;
T_1.26 ;
    %load/v 8, v0x95cbb0_0, 8;
    %set/v v0x95c430_0, 8, 8;
    %jmp T_1.28;
T_1.27 ;
    %load/v 8, v0x95cc50_0, 8;
    %set/v v0x95c430_0, 8, 8;
    %jmp T_1.28;
T_1.28 ;
    %jmp T_1;
    .thread T_1;
    .scope S_0x90c790;
T_2 ;
    %wait E_0x90c6c0;
    %delay 2, 0;
    %load/v 8, v0x95c390_0, 3;
    %cmpi/u 8, 0, 3;
    %jmp/1 T_2.0, 6;
    %cmpi/u 8, 1, 3;
    %jmp/1 T_2.1, 6;
    %cmpi/u 8, 2, 3;
    %jmp/1 T_2.2, 6;
    %cmpi/u 8, 3, 3;
    %jmp/1 T_2.3, 6;
    %cmpi/u 8, 4, 3;
    %jmp/1 T_2.4, 6;
    %cmpi/u 8, 5, 3;
    %jmp/1 T_2.5, 6;
    %cmpi/u 8, 6, 3;
    %jmp/1 T_2.6, 6;
    %cmpi/u 8, 7, 3;
    %jmp/1 T_2.7, 6;
    %jmp T_2.8;
T_2.0 ;
    %load/v 8, v0x95c6a0_0, 8;
    %set/v v0x95c2e0_0, 8, 8;
    %jmp T_2.8;
T_2.1 ;
    %load/v 8, v0x95c740_0, 8;
    %set/v v0x95c2e0_0, 8, 8;
    %jmp T_2.8;
T_2.2 ;
    %load/v 8, v0x95c840_0, 8;
    %set/v v0x95c2e0_0, 8, 8;
    %jmp T_2.8;
T_2.3 ;
    %load/v 8, v0x95c8e0_0, 8;
    %set/v v0x95c2e0_0, 8, 8;
    %jmp T_2.8;
T_2.4 ;
    %load/v 8, v0x95c9f0_0, 8;
    %set/v v0x95c2e0_0, 8, 8;
    %jmp T_2.8;
T_2.5 ;
    %load/v 8, v0x95ca90_0, 8;
    %set/v v0x95c2e0_0, 8, 8;
    %jmp T_2.8;
T_2.6 ;
    %load/v 8, v0x95cbb0_0, 8;
    %set/v v0x95c2e0_0, 8, 8;
    %jmp T_2.8;
T_2.7 ;
    %load/v 8, v0x95cc50_0, 8;
    %set/v v0x95c2e0_0, 8, 8;
    %jmp T_2.8;
T_2.8 ;
    %load/v 8, v0x95c510_0, 3;
    %cmpi/u 8, 0, 3;
    %jmp/1 T_2.9, 6;
    %cmpi/u 8, 1, 3;
    %jmp/1 T_2.10, 6;
    %cmpi/u 8, 2, 3;
    %jmp/1 T_2.11, 6;
    %cmpi/u 8, 3, 3;
    %jmp/1 T_2.12, 6;
    %cmpi/u 8, 4, 3;
    %jmp/1 T_2.13, 6;
    %cmpi/u 8, 5, 3;
    %jmp/1 T_2.14, 6;
    %cmpi/u 8, 6, 3;
    %jmp/1 T_2.15, 6;
    %cmpi/u 8, 7, 3;
    %jmp/1 T_2.16, 6;
    %jmp T_2.17;
T_2.9 ;
    %load/v 8, v0x95c6a0_0, 8;
    %set/v v0x95c430_0, 8, 8;
    %jmp T_2.17;
T_2.10 ;
    %load/v 8, v0x95c740_0, 8;
    %set/v v0x95c430_0, 8, 8;
    %jmp T_2.17;
T_2.11 ;
    %load/v 8, v0x95c840_0, 8;
    %set/v v0x95c430_0, 8, 8;
    %jmp T_2.17;
T_2.12 ;
    %load/v 8, v0x95c8e0_0, 8;
    %set/v v0x95c430_0, 8, 8;
    %jmp T_2.17;
T_2.13 ;
    %load/v 8, v0x95c9f0_0, 8;
    %set/v v0x95c430_0, 8, 8;
    %jmp T_2.17;
T_2.14 ;
    %load/v 8, v0x95ca90_0, 8;
    %set/v v0x95c430_0, 8, 8;
    %jmp T_2.17;
T_2.15 ;
    %load/v 8, v0x95cbb0_0, 8;
    %set/v v0x95c430_0, 8, 8;
    %jmp T_2.17;
T_2.16 ;
    %load/v 8, v0x95cc50_0, 8;
    %set/v v0x95c430_0, 8, 8;
    %jmp T_2.17;
T_2.17 ;
    %jmp T_2;
    .thread T_2;
# The file index is used to find the file name in the following table.
:file_names 3;
    "N/A";
    "<interactive>";
    "reg_file.v";
