#! /usr/bin/vvp
:ivl_version "0.9.7 " "(v0_9_7)";
:vpi_time_precision + 0;
:vpi_module "system";
:vpi_module "v2005_math";
:vpi_module "va_math";
S_0x813f20 .scope module, "reg_file_tb_groundtruth" "reg_file_tb_groundtruth" 2 1;
 .timescale 0 0;
v0x82b330_0 .var "CLK", 0 0;
v0x82b3d0_0 .var "READREG1", 2 0;
v0x82b480_0 .var "READREG2", 2 0;
v0x82b530_0 .net "REGOUT1", 7 0, v0x82ac40_0; 1 drivers
v0x82b610_0 .net "REGOUT2", 7 0, v0x82ad90_0; 1 drivers
v0x82b6c0_0 .var "RESET", 0 0;
v0x82b740_0 .var "WRITEDATA", 7 0;
v0x82b7f0_0 .var "WRITEENABLE", 0 0;
v0x82b8a0_0 .var "WRITEREG", 2 0;
S_0x7ea680 .scope module, "myregfile" "reg_file" 2 8, 3 7, S_0x813f20;
 .timescale 0 0;
v0x7ea7d0_0 .net "CLK", 0 0, v0x82b330_0; 1 drivers
v0x82ab00_0 .net "IN", 7 0, v0x82b740_0; 1 drivers
v0x82aba0_0 .net "INADDRESS", 2 0, v0x82b8a0_0; 1 drivers
v0x82ac40_0 .var "OUT1", 7 0;
v0x82acf0_0 .net "OUT1ADDRESS", 2 0, v0x82b3d0_0; 1 drivers
v0x82ad90_0 .var "OUT2", 7 0;
v0x82ae70_0 .net "OUT2ADDRESS", 2 0, v0x82b480_0; 1 drivers
v0x82af10_0 .net "RESET", 0 0, v0x82b6c0_0; 1 drivers
v0x82b000_0 .net "WRITE", 0 0, v0x82b7f0_0; 1 drivers
v0x82b0a0_0 .var/i "i", 31 0;
v0x82b1a0_0 .var/i "j", 31 0;
v0x82b240 .array "regf", 0 7, 7 0;
E_0x813e50 .event posedge, v0x7ea7d0_0;
E_0x7ea770 .event edge, v0x82af10_0;
E_0x7ea7a0 .event edge, v0x82ae70_0, v0x82acf0_0;
    .scope S_0x7ea680;
T_0 ;
    %wait E_0x7ea7a0;
    %load/v 8, v0x82af10_0, 1;
    %inv 8, 1;
    %jmp/0xz  T_0.0, 8;
    %delay 2, 0;
    %ix/getv 3, v0x82acf0_0;
    %load/av 8, v0x82b240, 8;
    %set/v v0x82ac40_0, 8, 8;
    %ix/getv 3, v0x82ae70_0;
    %load/av 8, v0x82b240, 8;
    %set/v v0x82ad90_0, 8, 8;
T_0.0 ;
    %jmp T_0;
    .thread T_0, $push;
    .scope S_0x7ea680;
T_1 ;
    %wait E_0x7ea770;
    %load/v 8, v0x82af10_0, 1;
    %jmp/0xz  T_1.0, 8;
    %delay 2, 0;
    %set/v v0x82b0a0_0, 0, 32;
T_1.2 ;
    %load/v 8, v0x82b0a0_0, 32;
   %cmpi/s 8, 8, 32;
    %jmp/0xz T_1.3, 5;
    %ix/getv/s 3, v0x82b0a0_0;
   %jmp/1 t_0, 4;
   %ix/load 1, 0, 0;
   %set/av v0x82b240, 0, 8;
t_0 ;
    %ix/load 0, 1, 0;
    %load/vp0/s 8, v0x82b0a0_0, 32;
    %set/v v0x82b0a0_0, 8, 32;
    %jmp T_1.2;
T_1.3 ;
    %delay 2, 0;
    %ix/getv 3, v0x82acf0_0;
    %load/av 8, v0x82b240, 8;
    %set/v v0x82ac40_0, 8, 8;
    %ix/getv 3, v0x82ae70_0;
    %load/av 8, v0x82b240, 8;
    %set/v v0x82ad90_0, 8, 8;
T_1.0 ;
    %jmp T_1;
    .thread T_1, $push;
    .scope S_0x7ea680;
T_2 ;
    %wait E_0x813e50;
    %load/v 8, v0x82b000_0, 1;
    %jmp/0xz  T_2.0, 8;
    %delay 2, 0;
    %load/v 8, v0x82ab00_0, 8;
    %ix/getv 3, v0x82aba0_0;
   %jmp/1 t_1, 4;
   %ix/load 1, 0, 0;
   %set/av v0x82b240, 8, 8;
t_1 ;
    %movi 8, 1, 32;
    %set/v v0x82b1a0_0, 8, 32;
T_2.0 ;
    %load/v 8, v0x82b1a0_0, 32;
    %cmpi/u 8, 1, 32;
    %jmp/0xz  T_2.2, 4;
    %delay 2, 0;
    %ix/getv 3, v0x82acf0_0;
    %load/av 8, v0x82b240, 8;
    %set/v v0x82ac40_0, 8, 8;
    %ix/getv 3, v0x82ae70_0;
    %load/av 8, v0x82b240, 8;
    %set/v v0x82ad90_0, 8, 8;
    %set/v v0x82b1a0_0, 0, 32;
T_2.2 ;
    %jmp T_2;
    .thread T_2;
    .scope S_0x813f20;
T_3 ;
    %set/v v0x82b330_0, 1, 1;
    %vpi_call 2 15 "$dumpfile", "waveDump.vcd";
    %vpi_call 2 16 "$dumpvars", 2'sb01, S_0x813f20;
    %set/v v0x82b6c0_0, 0, 1;
    %set/v v0x82b7f0_0, 0, 1;
    %delay 1, 0;
    %set/v v0x82b6c0_0, 1, 1;
    %set/v v0x82b3d0_0, 0, 3;
    %movi 8, 4, 3;
    %set/v v0x82b480_0, 8, 3;
    %delay 8, 0;
    %set/v v0x82b6c0_0, 0, 1;
    %delay 11, 0;
    %movi 8, 2, 3;
    %set/v v0x82b3d0_0, 8, 3;
    %movi 8, 2, 3;
    %set/v v0x82b8a0_0, 8, 3;
    %movi 8, 95, 8;
    %set/v v0x82b740_0, 8, 8;
    %set/v v0x82b7f0_0, 1, 1;
    %delay 10, 0;
    %set/v v0x82b7f0_0, 0, 1;
    %delay 1, 0;
    %movi 8, 2, 3;
    %set/v v0x82b3d0_0, 8, 3;
    %delay 9, 0;
    %movi 8, 1, 3;
    %set/v v0x82b8a0_0, 8, 3;
    %movi 8, 28, 8;
    %set/v v0x82b740_0, 8, 8;
    %set/v v0x82b7f0_0, 1, 1;
    %movi 8, 1, 3;
    %set/v v0x82b3d0_0, 8, 3;
    %delay 10, 0;
    %set/v v0x82b7f0_0, 0, 1;
    %delay 10, 0;
    %movi 8, 4, 3;
    %set/v v0x82b8a0_0, 8, 3;
    %movi 8, 6, 8;
    %set/v v0x82b740_0, 8, 8;
    %set/v v0x82b7f0_0, 1, 1;
    %delay 10, 0;
    %movi 8, 15, 8;
    %set/v v0x82b740_0, 8, 8;
    %set/v v0x82b7f0_0, 1, 1;
    %delay 10, 0;
    %set/v v0x82b7f0_0, 0, 1;
    %delay 6, 0;
    %movi 8, 1, 3;
    %set/v v0x82b8a0_0, 8, 3;
    %movi 8, 50, 8;
    %set/v v0x82b740_0, 8, 8;
    %set/v v0x82b7f0_0, 1, 1;
    %delay 5, 0;
    %set/v v0x82b7f0_0, 0, 1;
    %delay 10, 0;
    %vpi_call 2 72 "$finish";
    %end;
    .thread T_3;
    .scope S_0x813f20;
T_4 ;
    %delay 5, 0;
    %load/v 8, v0x82b330_0, 1;
    %inv 8, 1;
    %set/v v0x82b330_0, 8, 1;
    %jmp T_4;
    .thread T_4;
# The file index is used to find the file name in the following table.
:file_names 4;
    "N/A";
    "<interactive>";
    "./reg_file_tb_groundtruth.v";
    "./reg_file.v";
