#! /usr/bin/vvp
:ivl_version "0.9.7 " "(v0_9_7)";
:vpi_time_precision + 0;
:vpi_module "system";
:vpi_module "v2005_math";
:vpi_module "va_math";
S_0x1989ea0 .scope module, "reg_file_tb_groundtruth" "reg_file_tb_groundtruth" 2 1;
 .timescale 0 0;
v0x19c66f0_0 .var "CLK", 0 0;
v0x19c6790_0 .var "READREG1", 2 0;
v0x19c6840_0 .var "READREG2", 2 0;
v0x19c68f0_0 .net "REGOUT1", 7 0, L_0x19c6440; 1 drivers
v0x19c69d0_0 .net "REGOUT2", 7 0, L_0x19c6f90; 1 drivers
v0x19c6a80_0 .var "RESET", 0 0;
v0x19c6b00_0 .var "WRITEDATA", 7 0;
v0x19c6bb0_0 .var "WRITEENABLE", 0 0;
v0x19c6c60_0 .var "WRITEREG", 2 0;
S_0x19b0e20 .scope module, "myregfile" "reg_file" 2 8, 3 1, S_0x1989ea0;
 .timescale 0 0;
L_0x19c6440/d .functor BUFZ 8, L_0x19c6d10, C4<00000000>, C4<00000000>, C4<00000000>;
L_0x19c6440 .delay (2,2,2) L_0x19c6440/d;
L_0x19c6f90/d .functor BUFZ 8, L_0x19c6ea0, C4<00000000>, C4<00000000>, C4<00000000>;
L_0x19c6f90 .delay (2,2,2) L_0x19c6f90/d;
v0x198a3e0_0 .net "CLK", 0 0, v0x19c66f0_0; 1 drivers
v0x19c5e20_0 .net "IN", 7 0, v0x19c6b00_0; 1 drivers
v0x19c5ec0_0 .net "INADDRESS", 2 0, v0x19c6c60_0; 1 drivers
v0x19c5f60_0 .alias "OUT1", 7 0, v0x19c68f0_0;
v0x19c6010_0 .net "OUT1ADDRESS", 2 0, v0x19c6790_0; 1 drivers
v0x19c60b0_0 .alias "OUT2", 7 0, v0x19c69d0_0;
v0x19c6190_0 .net "OUT2ADDRESS", 2 0, v0x19c6840_0; 1 drivers
v0x19c6230_0 .net "RESET", 0 0, v0x19c6a80_0; 1 drivers
v0x19c6320_0 .net "WRITE", 0 0, v0x19c6bb0_0; 1 drivers
v0x19c63c0_0 .net *"_s0", 7 0, L_0x19c6d10; 1 drivers
v0x19c64c0_0 .net *"_s4", 7 0, L_0x19c6ea0; 1 drivers
v0x19c6560_0 .var/i "i", 31 0;
v0x19c6670 .array "regfile", 7 0, 7 0;
E_0x1989fe0 .event posedge, v0x198a3e0_0;
E_0x1989f90 .event edge, v0x19c6230_0;
L_0x19c6d10 .array/port v0x19c6670, v0x19c6790_0;
L_0x19c6ea0 .array/port v0x19c6670, v0x19c6840_0;
    .scope S_0x19b0e20;
T_0 ;
    %wait E_0x1989f90;
    %load/v 8, v0x19c6230_0, 1;
    %mov 9, 0, 2;
    %cmpi/u 8, 1, 3;
    %jmp/0xz  T_0.0, 4;
    %delay 2, 0;
    %set/v v0x19c6560_0, 0, 32;
T_0.2 ;
    %load/v 8, v0x19c6560_0, 32;
   %cmpi/s 8, 8, 32;
    %jmp/0xz T_0.3, 5;
    %ix/getv/s 3, v0x19c6560_0;
    %jmp/1 t_0, 4;
    %ix/load 0, 8, 0; word width
    %ix/load 1, 0, 0; part off
    %assign/av v0x19c6670, 0, 0;
t_0 ;
    %ix/load 0, 1, 0;
    %load/vp0/s 8, v0x19c6560_0, 32;
    %set/v v0x19c6560_0, 8, 32;
    %jmp T_0.2;
T_0.3 ;
T_0.0 ;
    %jmp T_0;
    .thread T_0, $push;
    .scope S_0x19b0e20;
T_1 ;
    %wait E_0x1989fe0;
    %load/v 8, v0x19c6320_0, 1;
    %mov 9, 0, 2;
    %cmpi/u 8, 1, 3;
    %mov 8, 4, 1;
    %load/v 9, v0x19c6230_0, 1;
    %mov 10, 0, 1;
    %cmpi/u 9, 0, 2;
    %mov 9, 4, 1;
    %and 8, 9, 1;
    %jmp/0xz  T_1.0, 8;
    %delay 2, 0;
    %load/v 8, v0x19c5e20_0, 8;
    %ix/getv 3, v0x19c5ec0_0;
    %jmp/1 t_1, 4;
    %ix/load 0, 8, 0; word width
    %ix/load 1, 0, 0; part off
    %assign/av v0x19c6670, 0, 8;
t_1 ;
T_1.0 ;
    %jmp T_1;
    .thread T_1;
    .scope S_0x1989ea0;
T_2 ;
    %set/v v0x19c66f0_0, 1, 1;
    %vpi_call 2 15 "$dumpfile", "waveDump.vcd";
    %vpi_call 2 16 "$dumpvars", 2'sb01, S_0x1989ea0;
    %set/v v0x19c6a80_0, 0, 1;
    %set/v v0x19c6bb0_0, 0, 1;
    %delay 1, 0;
    %set/v v0x19c6a80_0, 1, 1;
    %set/v v0x19c6790_0, 0, 3;
    %movi 8, 4, 3;
    %set/v v0x19c6840_0, 8, 3;
    %delay 8, 0;
    %set/v v0x19c6a80_0, 0, 1;
    %delay 11, 0;
    %movi 8, 2, 3;
    %set/v v0x19c6790_0, 8, 3;
    %movi 8, 2, 3;
    %set/v v0x19c6c60_0, 8, 3;
    %movi 8, 95, 8;
    %set/v v0x19c6b00_0, 8, 8;
    %set/v v0x19c6bb0_0, 1, 1;
    %delay 10, 0;
    %set/v v0x19c6bb0_0, 0, 1;
    %delay 1, 0;
    %movi 8, 2, 3;
    %set/v v0x19c6790_0, 8, 3;
    %delay 9, 0;
    %movi 8, 1, 3;
    %set/v v0x19c6c60_0, 8, 3;
    %movi 8, 28, 8;
    %set/v v0x19c6b00_0, 8, 8;
    %set/v v0x19c6bb0_0, 1, 1;
    %movi 8, 1, 3;
    %set/v v0x19c6790_0, 8, 3;
    %delay 10, 0;
    %set/v v0x19c6bb0_0, 0, 1;
    %delay 10, 0;
    %movi 8, 4, 3;
    %set/v v0x19c6c60_0, 8, 3;
    %movi 8, 6, 8;
    %set/v v0x19c6b00_0, 8, 8;
    %set/v v0x19c6bb0_0, 1, 1;
    %delay 10, 0;
    %movi 8, 15, 8;
    %set/v v0x19c6b00_0, 8, 8;
    %set/v v0x19c6bb0_0, 1, 1;
    %delay 10, 0;
    %set/v v0x19c6bb0_0, 0, 1;
    %delay 6, 0;
    %movi 8, 1, 3;
    %set/v v0x19c6c60_0, 8, 3;
    %movi 8, 50, 8;
    %set/v v0x19c6b00_0, 8, 8;
    %set/v v0x19c6bb0_0, 1, 1;
    %delay 5, 0;
    %set/v v0x19c6bb0_0, 0, 1;
    %delay 10, 0;
    %vpi_call 2 72 "$finish";
    %end;
    .thread T_2;
    .scope S_0x1989ea0;
T_3 ;
    %delay 5, 0;
    %load/v 8, v0x19c66f0_0, 1;
    %inv 8, 1;
    %set/v v0x19c66f0_0, 8, 1;
    %jmp T_3;
    .thread T_3;
# The file index is used to find the file name in the following table.
:file_names 4;
    "N/A";
    "<interactive>";
    "./reg_file_tb_groundtruth.v";
    "./reg_file.v";
