#! /usr/bin/vvp
:ivl_version "0.9.7 " "(v0_9_7)";
:vpi_time_precision + 0;
:vpi_module "system";
:vpi_module "v2005_math";
:vpi_module "va_math";
S_0x24d7f20 .scope module, "reg_file_tb_groundtruth" "reg_file_tb_groundtruth" 2 1;
 .timescale 0 0;
v0x24eebd0_0 .var "CLK", 0 0;
v0x24eec70_0 .var "READREG1", 2 0;
v0x24eed20_0 .var "READREG2", 2 0;
v0x24eedd0_0 .net "REGOUT1", 7 0, v0x24ee690_0; 1 drivers
v0x24eeeb0_0 .net "REGOUT2", 7 0, v0x24ee7e0_0; 1 drivers
v0x24eef60_0 .var "RESET", 0 0;
v0x24eefe0_0 .var "WRITEDATA", 7 0;
v0x24ef090_0 .var "WRITEENABLE", 0 0;
v0x24ef140_0 .var "WRITEREG", 2 0;
S_0x24ae680 .scope module, "myregfile" "reg_file" 2 8, 3 13, S_0x24d7f20;
 .timescale 0 0;
v0x24ae7d0_0 .net "CLK", 0 0, v0x24eebd0_0; 1 drivers
v0x24ee550_0 .net "IN", 7 0, v0x24eefe0_0; 1 drivers
v0x24ee5f0_0 .net "INADDRESS", 2 0, v0x24ef140_0; 1 drivers
v0x24ee690_0 .var "OUT1", 7 0;
v0x24ee740_0 .net "OUT1ADDRESS", 2 0, v0x24eec70_0; 1 drivers
v0x24ee7e0_0 .var "OUT2", 7 0;
v0x24ee8c0_0 .net "OUT2ADDRESS", 2 0, v0x24eed20_0; 1 drivers
v0x24ee960_0 .net "RESET", 0 0, v0x24eef60_0; 1 drivers
v0x24eea50_0 .net "WRITE", 0 0, v0x24ef090_0; 1 drivers
v0x24eeaf0 .array "registers", 0 7, 7 0;
E_0x24d7e50 .event posedge, v0x24ae7d0_0;
E_0x24ae770 .event edge, v0x24ee960_0;
E_0x24ae7a0 .event edge, v0x24ee8c0_0, v0x24ee740_0;
    .scope S_0x24ae680;
T_0 ;
    %wait E_0x24ae7a0;
    %delay 2, 0;
    %ix/getv 3, v0x24ee740_0;
    %load/av 8, v0x24eeaf0, 8;
    %set/v v0x24ee690_0, 8, 8;
    %ix/getv 3, v0x24ee8c0_0;
    %load/av 8, v0x24eeaf0, 8;
    %set/v v0x24ee7e0_0, 8, 8;
    %jmp T_0;
    .thread T_0, $push;
    .scope S_0x24ae680;
T_1 ;
    %wait E_0x24ae770;
    %load/v 8, v0x24ee960_0, 1;
    %jmp/0xz  T_1.0, 8;
    %delay 2, 0;
    %ix/load 3, 0, 0; address
    %ix/load 0, 8, 0; word width
    %ix/load 1, 0, 0; part off
    %assign/av v0x24eeaf0, 0, 0;
t_0 ;
    %ix/load 3, 1, 0; address
    %ix/load 0, 8, 0; word width
    %ix/load 1, 0, 0; part off
    %assign/av v0x24eeaf0, 0, 0;
t_1 ;
    %ix/load 3, 2, 0; address
    %ix/load 0, 8, 0; word width
    %ix/load 1, 0, 0; part off
    %assign/av v0x24eeaf0, 0, 0;
t_2 ;
    %ix/load 3, 3, 0; address
    %ix/load 0, 8, 0; word width
    %ix/load 1, 0, 0; part off
    %assign/av v0x24eeaf0, 0, 0;
t_3 ;
    %ix/load 3, 4, 0; address
    %ix/load 0, 8, 0; word width
    %ix/load 1, 0, 0; part off
    %assign/av v0x24eeaf0, 0, 0;
t_4 ;
    %ix/load 3, 5, 0; address
    %ix/load 0, 8, 0; word width
    %ix/load 1, 0, 0; part off
    %assign/av v0x24eeaf0, 0, 0;
t_5 ;
    %ix/load 3, 6, 0; address
    %ix/load 0, 8, 0; word width
    %ix/load 1, 0, 0; part off
    %assign/av v0x24eeaf0, 0, 0;
t_6 ;
    %ix/load 3, 7, 0; address
    %ix/load 0, 8, 0; word width
    %ix/load 1, 0, 0; part off
    %assign/av v0x24eeaf0, 0, 0;
t_7 ;
    %delay 2, 0;
    %ix/getv 3, v0x24ee740_0;
    %load/av 8, v0x24eeaf0, 8;
    %set/v v0x24ee690_0, 8, 8;
    %ix/getv 3, v0x24ee8c0_0;
    %load/av 8, v0x24eeaf0, 8;
    %set/v v0x24ee7e0_0, 8, 8;
T_1.0 ;
    %jmp T_1;
    .thread T_1, $push;
    .scope S_0x24ae680;
T_2 ;
    %wait E_0x24d7e50;
    %load/v 8, v0x24eea50_0, 1;
    %jmp/0xz  T_2.0, 8;
    %delay 2, 0;
    %load/v 8, v0x24ee550_0, 8;
    %ix/getv 3, v0x24ee5f0_0;
    %jmp/1 t_8, 4;
    %ix/load 0, 8, 0; word width
    %ix/load 1, 0, 0; part off
    %assign/av v0x24eeaf0, 0, 8;
t_8 ;
    %delay 2, 0;
    %ix/getv 3, v0x24ee740_0;
    %load/av 8, v0x24eeaf0, 8;
    %ix/load 0, 8, 0;
    %assign/v0 v0x24ee690_0, 0, 8;
    %ix/getv 3, v0x24ee8c0_0;
    %load/av 8, v0x24eeaf0, 8;
    %ix/load 0, 8, 0;
    %assign/v0 v0x24ee7e0_0, 0, 8;
T_2.0 ;
    %jmp T_2;
    .thread T_2;
    .scope S_0x24d7f20;
T_3 ;
    %set/v v0x24eebd0_0, 1, 1;
    %vpi_call 2 15 "$dumpfile", "waveDump.vcd";
    %vpi_call 2 16 "$dumpvars", 2'sb01, S_0x24d7f20;
    %set/v v0x24eef60_0, 0, 1;
    %set/v v0x24ef090_0, 0, 1;
    %delay 1, 0;
    %set/v v0x24eef60_0, 1, 1;
    %set/v v0x24eec70_0, 0, 3;
    %movi 8, 4, 3;
    %set/v v0x24eed20_0, 8, 3;
    %delay 8, 0;
    %set/v v0x24eef60_0, 0, 1;
    %delay 11, 0;
    %movi 8, 2, 3;
    %set/v v0x24eec70_0, 8, 3;
    %movi 8, 2, 3;
    %set/v v0x24ef140_0, 8, 3;
    %movi 8, 95, 8;
    %set/v v0x24eefe0_0, 8, 8;
    %set/v v0x24ef090_0, 1, 1;
    %delay 10, 0;
    %set/v v0x24ef090_0, 0, 1;
    %delay 1, 0;
    %movi 8, 2, 3;
    %set/v v0x24eec70_0, 8, 3;
    %delay 9, 0;
    %movi 8, 1, 3;
    %set/v v0x24ef140_0, 8, 3;
    %movi 8, 28, 8;
    %set/v v0x24eefe0_0, 8, 8;
    %set/v v0x24ef090_0, 1, 1;
    %movi 8, 1, 3;
    %set/v v0x24eec70_0, 8, 3;
    %delay 10, 0;
    %set/v v0x24ef090_0, 0, 1;
    %delay 10, 0;
    %movi 8, 4, 3;
    %set/v v0x24ef140_0, 8, 3;
    %movi 8, 6, 8;
    %set/v v0x24eefe0_0, 8, 8;
    %set/v v0x24ef090_0, 1, 1;
    %delay 10, 0;
    %movi 8, 15, 8;
    %set/v v0x24eefe0_0, 8, 8;
    %set/v v0x24ef090_0, 1, 1;
    %delay 10, 0;
    %set/v v0x24ef090_0, 0, 1;
    %delay 6, 0;
    %movi 8, 1, 3;
    %set/v v0x24ef140_0, 8, 3;
    %movi 8, 50, 8;
    %set/v v0x24eefe0_0, 8, 8;
    %set/v v0x24ef090_0, 1, 1;
    %delay 5, 0;
    %set/v v0x24ef090_0, 0, 1;
    %delay 10, 0;
    %vpi_call 2 72 "$finish";
    %end;
    .thread T_3;
    .scope S_0x24d7f20;
T_4 ;
    %delay 5, 0;
    %load/v 8, v0x24eebd0_0, 1;
    %inv 8, 1;
    %set/v v0x24eebd0_0, 8, 1;
    %jmp T_4;
    .thread T_4;
# The file index is used to find the file name in the following table.
:file_names 4;
    "N/A";
    "<interactive>";
    "./reg_file_tb_groundtruth.v";
    "./reg_file.v";
