#! /usr/bin/vvp
:ivl_version "0.9.7 " "(v0_9_7)";
:vpi_time_precision + 0;
:vpi_module "system";
:vpi_module "v2005_math";
:vpi_module "va_math";
S_0xb6ae50 .scope module, "reg_file_tb_groundtruth" "reg_file_tb_groundtruth" 2 1;
 .timescale 0 0;
v0xbaff60_0 .var "CLK", 0 0;
v0xbb0000_0 .var "READREG1", 2 0;
v0xbb00b0_0 .var "READREG2", 2 0;
v0xbb0160_0 .net "REGOUT1", 7 0, L_0xbafcb0; 1 drivers
v0xbb0240_0 .net "REGOUT2", 7 0, L_0xbb0800; 1 drivers
v0xbb02f0_0 .var "RESET", 0 0;
v0xbb0370_0 .var "WRITEDATA", 7 0;
v0xbb0420_0 .var "WRITEENABLE", 0 0;
v0xbb04d0_0 .var "WRITEREG", 2 0;
S_0xb96f80 .scope module, "myregfile" "reg_file" 2 8, 3 87, S_0xb6ae50;
 .timescale 0 0;
L_0xbafcb0/d .functor BUFZ 8, L_0xbb0580, C4<00000000>, C4<00000000>, C4<00000000>;
L_0xbafcb0 .delay (2,2,2) L_0xbafcb0/d;
L_0xbb0800/d .functor BUFZ 8, L_0xbb0710, C4<00000000>, C4<00000000>, C4<00000000>;
L_0xbb0800 .delay (2,2,2) L_0xbb0800/d;
v0xb6b390_0 .net "CLK", 0 0, v0xbaff60_0; 1 drivers
v0xbaf690_0 .net "IN", 7 0, v0xbb0370_0; 1 drivers
v0xbaf730_0 .net "INADDRESS", 2 0, v0xbb04d0_0; 1 drivers
v0xbaf7d0_0 .alias "OUT1", 7 0, v0xbb0160_0;
v0xbaf880_0 .net "OUT1ADDRESS", 2 0, v0xbb0000_0; 1 drivers
v0xbaf920_0 .alias "OUT2", 7 0, v0xbb0240_0;
v0xbafa00_0 .net "OUT2ADDRESS", 2 0, v0xbb00b0_0; 1 drivers
v0xbafaa0_0 .net "RESET", 0 0, v0xbb02f0_0; 1 drivers
v0xbafb90_0 .net "WRITE", 0 0, v0xbb0420_0; 1 drivers
v0xbafc30_0 .net *"_s0", 7 0, L_0xbb0580; 1 drivers
v0xbafd30_0 .net *"_s4", 7 0, L_0xbb0710; 1 drivers
v0xbafdd0_0 .var/i "i", 31 0;
v0xbafee0 .array "regfile", 0 7, 7 0;
E_0xb6af90 .event posedge, v0xbafaa0_0, v0xb6b390_0;
L_0xbb0580 .array/port v0xbafee0, v0xbb0000_0;
L_0xbb0710 .array/port v0xbafee0, v0xbb00b0_0;
    .scope S_0xb96f80;
T_0 ;
    %delay 5, 0;
    %vpi_call 3 103 "$display", "\012\011\011\011==================================================";
    %vpi_call 3 104 "$display", "\011\011\011 Change of Register Content Starting from Time #5";
    %vpi_call 3 105 "$display", "\011\011\011==================================================\012";
    %vpi_call 3 106 "$display", "\011\011time\011reg0\011reg1\011reg2\011reg3\011reg4\011reg5\011reg6\011reg7";
    %vpi_call 3 107 "$display", "\011\011--------------------------------------------------------------------";
    %vpi_call 3 108 "$monitor", $time, "\011%d\011%d\011%d\011%d\011%d\011%d\011%d\011%d", &A<v0xbafee0, 0>, &A<v0xbafee0, 1>, &A<v0xbafee0, 2>, &A<v0xbafee0, 3>, &A<v0xbafee0, 4>, &A<v0xbafee0, 5>, &A<v0xbafee0, 6>, &A<v0xbafee0, 7>;
    %end;
    .thread T_0;
    .scope S_0xb96f80;
T_1 ;
    %wait E_0xb6af90;
    %load/v 8, v0xbafaa0_0, 1;
    %jmp/0xz  T_1.0, 8;
    %delay 2, 0;
    %set/v v0xbafdd0_0, 0, 32;
T_1.2 ;
    %load/v 8, v0xbafdd0_0, 32;
   %cmpi/s 8, 8, 32;
    %jmp/0xz T_1.3, 5;
    %ix/getv/s 3, v0xbafdd0_0;
   %jmp/1 t_0, 4;
   %ix/load 1, 0, 0;
   %set/av v0xbafee0, 0, 8;
t_0 ;
    %ix/load 0, 1, 0;
    %load/vp0/s 8, v0xbafdd0_0, 32;
    %set/v v0xbafdd0_0, 8, 32;
    %jmp T_1.2;
T_1.3 ;
    %jmp T_1.1;
T_1.0 ;
    %load/v 8, v0xbafb90_0, 1;
    %jmp/0xz  T_1.4, 8;
    %delay 2, 0;
    %load/v 8, v0xbaf690_0, 8;
    %ix/getv 3, v0xbaf730_0;
   %jmp/1 t_1, 4;
   %ix/load 1, 0, 0;
   %set/av v0xbafee0, 8, 8;
t_1 ;
T_1.4 ;
T_1.1 ;
    %jmp T_1;
    .thread T_1;
    .scope S_0xb6ae50;
T_2 ;
    %set/v v0xbaff60_0, 1, 1;
    %vpi_call 2 15 "$dumpfile", "waveDump.vcd";
    %vpi_call 2 16 "$dumpvars", 2'sb01, S_0xb6ae50;
    %set/v v0xbb02f0_0, 0, 1;
    %set/v v0xbb0420_0, 0, 1;
    %delay 1, 0;
    %set/v v0xbb02f0_0, 1, 1;
    %set/v v0xbb0000_0, 0, 3;
    %movi 8, 4, 3;
    %set/v v0xbb00b0_0, 8, 3;
    %delay 8, 0;
    %set/v v0xbb02f0_0, 0, 1;
    %delay 11, 0;
    %movi 8, 2, 3;
    %set/v v0xbb0000_0, 8, 3;
    %movi 8, 2, 3;
    %set/v v0xbb04d0_0, 8, 3;
    %movi 8, 95, 8;
    %set/v v0xbb0370_0, 8, 8;
    %set/v v0xbb0420_0, 1, 1;
    %delay 10, 0;
    %set/v v0xbb0420_0, 0, 1;
    %delay 1, 0;
    %movi 8, 2, 3;
    %set/v v0xbb0000_0, 8, 3;
    %delay 9, 0;
    %movi 8, 1, 3;
    %set/v v0xbb04d0_0, 8, 3;
    %movi 8, 28, 8;
    %set/v v0xbb0370_0, 8, 8;
    %set/v v0xbb0420_0, 1, 1;
    %movi 8, 1, 3;
    %set/v v0xbb0000_0, 8, 3;
    %delay 10, 0;
    %set/v v0xbb0420_0, 0, 1;
    %delay 10, 0;
    %movi 8, 4, 3;
    %set/v v0xbb04d0_0, 8, 3;
    %movi 8, 6, 8;
    %set/v v0xbb0370_0, 8, 8;
    %set/v v0xbb0420_0, 1, 1;
    %delay 10, 0;
    %movi 8, 15, 8;
    %set/v v0xbb0370_0, 8, 8;
    %set/v v0xbb0420_0, 1, 1;
    %delay 10, 0;
    %set/v v0xbb0420_0, 0, 1;
    %delay 6, 0;
    %movi 8, 1, 3;
    %set/v v0xbb04d0_0, 8, 3;
    %movi 8, 50, 8;
    %set/v v0xbb0370_0, 8, 8;
    %set/v v0xbb0420_0, 1, 1;
    %delay 5, 0;
    %set/v v0xbb0420_0, 0, 1;
    %delay 10, 0;
    %vpi_call 2 72 "$finish";
    %end;
    .thread T_2;
    .scope S_0xb6ae50;
T_3 ;
    %delay 5, 0;
    %load/v 8, v0xbaff60_0, 1;
    %inv 8, 1;
    %set/v v0xbaff60_0, 8, 1;
    %jmp T_3;
    .thread T_3;
# The file index is used to find the file name in the following table.
:file_names 4;
    "N/A";
    "<interactive>";
    "reg_file_tb_groundtruth.v";
    "reg_file.v";
