#! /usr/bin/vvp
:ivl_version "0.9.7 " "(v0_9_7)";
:vpi_time_precision + 0;
:vpi_module "system";
:vpi_module "v2005_math";
:vpi_module "va_math";
S_0x24c02b0 .scope module, "testbench" "testbench" 2 1;
 .timescale 0 0;
v0x24d0f60_0 .var "DATA1_t", 7 0;
v0x24d1030_0 .var "DATA2_t", 7 0;
v0x24d10e0_0 .net "RESULT_t", 7 0, v0x24d0e10_0; 1 drivers
v0x24d1190_0 .var "SELECT_t", 2 0;
S_0x24c03a0 .scope module, "myalu" "alu" 2 7, 3 1, S_0x24c02b0;
 .timescale 0 0;
v0x2499f90_0 .net "DATA1", 7 0, v0x24d0f60_0; 1 drivers
v0x24d0d70_0 .net "DATA2", 7 0, v0x24d1030_0; 1 drivers
v0x24d0e10_0 .var "RESULT", 7 0;
v0x24d0eb0_0 .net "SELECT", 2 0, v0x24d1190_0; 1 drivers
E_0x2488f50 .event edge, v0x24d0eb0_0, v0x24d0d70_0, v0x2499f90_0;
    .scope S_0x24c03a0;
T_0 ;
    %wait E_0x2488f50;
    %load/v 8, v0x24d0eb0_0, 3;
    %cmp/x 8, 0, 3;
    %jmp/1 T_0.0, 4;
    %movi 11, 1, 3;
    %cmp/x 8, 11, 3;
    %jmp/1 T_0.1, 4;
    %movi 11, 2, 3;
    %cmp/x 8, 11, 3;
    %jmp/1 T_0.2, 4;
    %movi 11, 3, 3;
    %cmp/x 8, 11, 3;
    %jmp/1 T_0.3, 4;
    %mov 11, 2, 2;
    %movi 13, 1, 1;
    %cmp/x 8, 11, 3;
    %jmp/1 T_0.4, 4;
    %jmp T_0.5;
T_0.0 ;
    %delay 1, 0;
    %load/v 8, v0x24d0d70_0, 8;
    %set/v v0x24d0e10_0, 8, 8;
    %jmp T_0.5;
T_0.1 ;
    %delay 2, 0;
    %load/v 8, v0x2499f90_0, 8;
    %load/v 16, v0x24d0d70_0, 8;
    %add 8, 16, 8;
    %set/v v0x24d0e10_0, 8, 8;
    %jmp T_0.5;
T_0.2 ;
    %delay 1, 0;
    %load/v 8, v0x2499f90_0, 8;
    %load/v 16, v0x24d0d70_0, 8;
    %and 8, 16, 8;
    %set/v v0x24d0e10_0, 8, 8;
    %jmp T_0.5;
T_0.3 ;
    %delay 1, 0;
    %load/v 8, v0x2499f90_0, 8;
    %load/v 16, v0x24d0d70_0, 8;
    %or 8, 16, 8;
    %set/v v0x24d0e10_0, 8, 8;
    %jmp T_0.5;
T_0.4 ;
    %set/v v0x24d0e10_0, 0, 8;
    %jmp T_0.5;
T_0.5 ;
    %jmp T_0;
    .thread T_0, $push;
    .scope S_0x24c02b0;
T_1 ;
    %vpi_call 2 11 "$monitor", $time, " DATA1_t: %b, DATA2_t: %b, SELECT_t: %b, RESULT_t: %b", v0x24d0f60_0, v0x24d1030_0, v0x24d1190_0, v0x24d10e0_0;
    %end;
    .thread T_1;
    .scope S_0x24c02b0;
T_2 ;
    %movi 8, 15, 8;
    %set/v v0x24d0f60_0, 8, 8;
    %movi 8, 240, 8;
    %set/v v0x24d1030_0, 8, 8;
    %movi 8, 1, 3;
    %set/v v0x24d1190_0, 8, 3;
    %delay 10, 0;
    %movi 8, 2, 3;
    %set/v v0x24d1190_0, 8, 3;
    %delay 10, 0;
    %movi 8, 3, 3;
    %set/v v0x24d1190_0, 8, 3;
    %delay 10, 0;
    %movi 8, 171, 8;
    %set/v v0x24d0f60_0, 8, 8;
    %movi 8, 102, 8;
    %set/v v0x24d1030_0, 8, 8;
    %delay 10, 0;
    %set/v v0x24d1190_0, 0, 3;
    %delay 10, 0;
    %set/v v0x24d1190_0, 1, 3;
    %end;
    .thread T_2;
# The file index is used to find the file name in the following table.
:file_names 4;
    "N/A";
    "<interactive>";
    "./alu_tb_gt.v";
    "./alu.v";
