#! /usr/bin/vvp
:ivl_version "0.9.7 " "(v0_9_7)";
:vpi_time_precision + 0;
:vpi_module "system";
:vpi_module "v2005_math";
:vpi_module "va_math";
S_0xf96c60 .scope module, "reg_file_tb_groundtruth" "reg_file_tb_groundtruth" 2 1;
 .timescale 0 0;
v0xfd9480_0 .var "CLK", 0 0;
v0xfd9520_0 .var "READREG1", 2 0;
v0xfd95d0_0 .var "READREG2", 2 0;
v0xfd9680_0 .net "REGOUT1", 7 0, L_0xfd9270; 1 drivers
v0xfd9760_0 .net "REGOUT2", 7 0, L_0xfd9d20; 1 drivers
v0xfd9810_0 .var "RESET", 0 0;
v0xfd9890_0 .var "WRITEDATA", 7 0;
v0xfd9940_0 .var "WRITEENABLE", 0 0;
v0xfd99f0_0 .var "WRITEREG", 2 0;
S_0xfbde20 .scope module, "myregfile" "reg_file" 2 8, 3 1, S_0xf96c60;
 .timescale 0 0;
L_0xfd9270/d .functor BUFZ 8, L_0xfd9aa0, C4<00000000>, C4<00000000>, C4<00000000>;
L_0xfd9270 .delay (2,2,2) L_0xfd9270/d;
L_0xfd9d20/d .functor BUFZ 8, L_0xfd9c30, C4<00000000>, C4<00000000>, C4<00000000>;
L_0xfd9d20 .delay (2,2,2) L_0xfd9d20/d;
v0xf97210_0 .net "CLK", 0 0, v0xfd9480_0; 1 drivers
v0xfd8c50_0 .net "IN", 7 0, v0xfd9890_0; 1 drivers
v0xfd8cf0_0 .net "INADDRESS", 2 0, v0xfd99f0_0; 1 drivers
v0xfd8d90_0 .alias "OUT1", 7 0, v0xfd9680_0;
v0xfd8e40_0 .net "OUT1ADDRESS", 2 0, v0xfd9520_0; 1 drivers
v0xfd8ee0_0 .alias "OUT2", 7 0, v0xfd9760_0;
v0xfd8fc0_0 .net "OUT2ADDRESS", 2 0, v0xfd95d0_0; 1 drivers
v0xfd9060_0 .net "RESET", 0 0, v0xfd9810_0; 1 drivers
v0xfd9150_0 .net "WRITE", 0 0, v0xfd9940_0; 1 drivers
v0xfd91f0_0 .net *"_s0", 7 0, L_0xfd9aa0; 1 drivers
v0xfd92f0_0 .net *"_s4", 7 0, L_0xfd9c30; 1 drivers
v0xfd9390 .array "regfile", 7 0, 7 0;
E_0xf96da0 .event posedge, v0xf97210_0;
E_0xf96d50/0 .event edge, v0xfd9060_0;
E_0xf96d50/1 .event posedge, v0xf97210_0;
E_0xf96d50 .event/or E_0xf96d50/0, E_0xf96d50/1;
L_0xfd9aa0 .array/port v0xfd9390, v0xfd9520_0;
L_0xfd9c30 .array/port v0xfd9390, v0xfd95d0_0;
    .scope S_0xfbde20;
T_0 ;
    %wait E_0xf96d50;
    %load/v 8, v0xfd9060_0, 1;
    %jmp/0xz  T_0.0, 8;
    %delay 2, 0;
    %ix/load 3, 0, 0; address
    %ix/load 0, 8, 0; word width
    %ix/load 1, 0, 0; part off
    %assign/av v0xfd9390, 0, 0;
t_0 ;
    %ix/load 3, 1, 0; address
    %ix/load 0, 8, 0; word width
    %ix/load 1, 0, 0; part off
    %assign/av v0xfd9390, 0, 0;
t_1 ;
    %ix/load 3, 2, 0; address
    %ix/load 0, 8, 0; word width
    %ix/load 1, 0, 0; part off
    %assign/av v0xfd9390, 0, 0;
t_2 ;
    %ix/load 3, 3, 0; address
    %ix/load 0, 8, 0; word width
    %ix/load 1, 0, 0; part off
    %assign/av v0xfd9390, 0, 0;
t_3 ;
    %ix/load 3, 4, 0; address
    %ix/load 0, 8, 0; word width
    %ix/load 1, 0, 0; part off
    %assign/av v0xfd9390, 0, 0;
t_4 ;
    %ix/load 3, 5, 0; address
    %ix/load 0, 8, 0; word width
    %ix/load 1, 0, 0; part off
    %assign/av v0xfd9390, 0, 0;
t_5 ;
    %ix/load 3, 6, 0; address
    %ix/load 0, 8, 0; word width
    %ix/load 1, 0, 0; part off
    %assign/av v0xfd9390, 0, 0;
t_6 ;
    %ix/load 3, 7, 0; address
    %ix/load 0, 8, 0; word width
    %ix/load 1, 0, 0; part off
    %assign/av v0xfd9390, 0, 0;
t_7 ;
T_0.0 ;
    %jmp T_0;
    .thread T_0;
    .scope S_0xfbde20;
T_1 ;
    %wait E_0xf96da0;
    %load/v 8, v0xfd9150_0, 1;
    %jmp/0xz  T_1.0, 8;
    %delay 2, 0;
    %load/v 8, v0xfd8c50_0, 8;
    %ix/getv 3, v0xfd8cf0_0;
    %jmp/1 t_8, 4;
    %ix/load 0, 8, 0; word width
    %ix/load 1, 0, 0; part off
    %assign/av v0xfd9390, 0, 8;
t_8 ;
T_1.0 ;
    %jmp T_1;
    .thread T_1;
    .scope S_0xf96c60;
T_2 ;
    %set/v v0xfd9480_0, 1, 1;
    %vpi_call 2 15 "$dumpfile", "waveDump.vcd";
    %vpi_call 2 16 "$dumpvars", 2'sb01, S_0xf96c60;
    %set/v v0xfd9810_0, 0, 1;
    %set/v v0xfd9940_0, 0, 1;
    %delay 1, 0;
    %set/v v0xfd9810_0, 1, 1;
    %set/v v0xfd9520_0, 0, 3;
    %movi 8, 4, 3;
    %set/v v0xfd95d0_0, 8, 3;
    %delay 8, 0;
    %set/v v0xfd9810_0, 0, 1;
    %delay 11, 0;
    %movi 8, 2, 3;
    %set/v v0xfd9520_0, 8, 3;
    %movi 8, 2, 3;
    %set/v v0xfd99f0_0, 8, 3;
    %movi 8, 95, 8;
    %set/v v0xfd9890_0, 8, 8;
    %set/v v0xfd9940_0, 1, 1;
    %delay 10, 0;
    %set/v v0xfd9940_0, 0, 1;
    %delay 1, 0;
    %movi 8, 2, 3;
    %set/v v0xfd9520_0, 8, 3;
    %delay 9, 0;
    %movi 8, 1, 3;
    %set/v v0xfd99f0_0, 8, 3;
    %movi 8, 28, 8;
    %set/v v0xfd9890_0, 8, 8;
    %set/v v0xfd9940_0, 1, 1;
    %movi 8, 1, 3;
    %set/v v0xfd9520_0, 8, 3;
    %delay 10, 0;
    %set/v v0xfd9940_0, 0, 1;
    %delay 10, 0;
    %movi 8, 4, 3;
    %set/v v0xfd99f0_0, 8, 3;
    %movi 8, 6, 8;
    %set/v v0xfd9890_0, 8, 8;
    %set/v v0xfd9940_0, 1, 1;
    %delay 10, 0;
    %movi 8, 15, 8;
    %set/v v0xfd9890_0, 8, 8;
    %set/v v0xfd9940_0, 1, 1;
    %delay 10, 0;
    %set/v v0xfd9940_0, 0, 1;
    %delay 6, 0;
    %movi 8, 1, 3;
    %set/v v0xfd99f0_0, 8, 3;
    %movi 8, 50, 8;
    %set/v v0xfd9890_0, 8, 8;
    %set/v v0xfd9940_0, 1, 1;
    %delay 5, 0;
    %set/v v0xfd9940_0, 0, 1;
    %delay 10, 0;
    %vpi_call 2 72 "$finish";
    %end;
    .thread T_2;
    .scope S_0xf96c60;
T_3 ;
    %delay 5, 0;
    %load/v 8, v0xfd9480_0, 1;
    %inv 8, 1;
    %set/v v0xfd9480_0, 8, 1;
    %jmp T_3;
    .thread T_3;
# The file index is used to find the file name in the following table.
:file_names 4;
    "N/A";
    "<interactive>";
    "./reg_file_tb_groundtruth.v";
    "./reg_test.v";
