#! /usr/bin/vvp
:ivl_version "0.9.7 " "(v0_9_7)";
:vpi_time_precision + 0;
:vpi_module "system";
:vpi_module "v2005_math";
:vpi_module "va_math";
S_0x12f8320 .scope module, "reg_file_tb_groundtruth" "reg_file_tb_groundtruth" 2 1;
 .timescale 0 0;
v0x13344b0_0 .var "CLK", 0 0;
v0x1334550_0 .var "READREG1", 2 0;
v0x1334600_0 .var "READREG2", 2 0;
v0x13346b0_0 .net "REGOUT1", 7 0, L_0x1334200; 1 drivers
v0x1334790_0 .net "REGOUT2", 7 0, L_0x1334d50; 1 drivers
v0x1334840_0 .var "RESET", 0 0;
v0x13348c0_0 .var "WRITEDATA", 7 0;
v0x1334970_0 .var "WRITEENABLE", 0 0;
v0x1334a20_0 .var "WRITEREG", 2 0;
S_0x131ee20 .scope module, "myregfile" "reg_file" 2 8, 3 5, S_0x12f8320;
 .timescale 0 0;
L_0x1334200/d .functor BUFZ 8, L_0x1334ad0, C4<00000000>, C4<00000000>, C4<00000000>;
L_0x1334200 .delay (2,2,2) L_0x1334200/d;
L_0x1334d50/d .functor BUFZ 8, L_0x1334c60, C4<00000000>, C4<00000000>, C4<00000000>;
L_0x1334d50 .delay (2,2,2) L_0x1334d50/d;
v0x12f7eb0_0 .net "CLK", 0 0, v0x13344b0_0; 1 drivers
v0x1333be0_0 .net "IN", 7 0, v0x13348c0_0; 1 drivers
v0x1333c80_0 .net "INADDRESS", 2 0, v0x1334a20_0; 1 drivers
v0x1333d20_0 .alias "OUT1", 7 0, v0x13346b0_0;
v0x1333dd0_0 .net "OUT1ADDRESS", 2 0, v0x1334550_0; 1 drivers
v0x1333e70_0 .alias "OUT2", 7 0, v0x1334790_0;
v0x1333f50_0 .net "OUT2ADDRESS", 2 0, v0x1334600_0; 1 drivers
v0x1333ff0_0 .net "RESET", 0 0, v0x1334840_0; 1 drivers
v0x13340e0_0 .net "WRITE", 0 0, v0x1334970_0; 1 drivers
v0x1334180_0 .net *"_s0", 7 0, L_0x1334ad0; 1 drivers
v0x1334280_0 .net *"_s4", 7 0, L_0x1334c60; 1 drivers
v0x1334320 .array "a", 0 7, 7 0;
v0x1334410_0 .var/i "i", 31 0;
E_0x12f7f50 .event edge, v0x1333ff0_0;
E_0x131ef10 .event posedge, v0x12f7eb0_0;
L_0x1334ad0 .array/port v0x1334320, v0x1334550_0;
L_0x1334c60 .array/port v0x1334320, v0x1334600_0;
    .scope S_0x131ee20;
T_0 ;
    %wait E_0x131ef10;
    %load/v 8, v0x1333ff0_0, 1;
    %inv 8, 1;
    %jmp/0xz  T_0.0, 8;
    %load/v 8, v0x13340e0_0, 1;
    %jmp/0xz  T_0.2, 8;
    %delay 2, 0;
    %load/v 8, v0x1333be0_0, 8;
    %ix/getv 3, v0x1333c80_0;
   %jmp/1 t_0, 4;
   %ix/load 1, 0, 0;
   %set/av v0x1334320, 8, 8;
t_0 ;
T_0.2 ;
T_0.0 ;
    %jmp T_0;
    .thread T_0;
    .scope S_0x131ee20;
T_1 ;
    %wait E_0x12f7f50;
    %load/v 8, v0x1333ff0_0, 1;
    %jmp/0xz  T_1.0, 8;
    %delay 2, 0;
    %set/v v0x1334410_0, 0, 32;
T_1.2 ;
    %load/v 8, v0x1334410_0, 32;
   %cmpi/s 8, 8, 32;
    %jmp/0xz T_1.3, 5;
    %ix/getv/s 3, v0x1334410_0;
    %jmp/1 t_1, 4;
    %ix/load 0, 8, 0; word width
    %ix/load 1, 0, 0; part off
    %assign/av v0x1334320, 0, 0;
t_1 ;
    %ix/load 0, 1, 0;
    %load/vp0/s 8, v0x1334410_0, 32;
    %set/v v0x1334410_0, 8, 32;
    %jmp T_1.2;
T_1.3 ;
T_1.0 ;
    %jmp T_1;
    .thread T_1, $push;
    .scope S_0x12f8320;
T_2 ;
    %set/v v0x13344b0_0, 1, 1;
    %vpi_call 2 15 "$dumpfile", "waveDump.vcd";
    %vpi_call 2 16 "$dumpvars", 2'sb01, S_0x12f8320;
    %set/v v0x1334840_0, 0, 1;
    %set/v v0x1334970_0, 0, 1;
    %delay 1, 0;
    %set/v v0x1334840_0, 1, 1;
    %set/v v0x1334550_0, 0, 3;
    %movi 8, 4, 3;
    %set/v v0x1334600_0, 8, 3;
    %delay 8, 0;
    %set/v v0x1334840_0, 0, 1;
    %delay 11, 0;
    %movi 8, 2, 3;
    %set/v v0x1334550_0, 8, 3;
    %movi 8, 2, 3;
    %set/v v0x1334a20_0, 8, 3;
    %movi 8, 95, 8;
    %set/v v0x13348c0_0, 8, 8;
    %set/v v0x1334970_0, 1, 1;
    %delay 10, 0;
    %set/v v0x1334970_0, 0, 1;
    %delay 1, 0;
    %movi 8, 2, 3;
    %set/v v0x1334550_0, 8, 3;
    %delay 9, 0;
    %movi 8, 1, 3;
    %set/v v0x1334a20_0, 8, 3;
    %movi 8, 28, 8;
    %set/v v0x13348c0_0, 8, 8;
    %set/v v0x1334970_0, 1, 1;
    %movi 8, 1, 3;
    %set/v v0x1334550_0, 8, 3;
    %delay 10, 0;
    %set/v v0x1334970_0, 0, 1;
    %delay 10, 0;
    %movi 8, 4, 3;
    %set/v v0x1334a20_0, 8, 3;
    %movi 8, 6, 8;
    %set/v v0x13348c0_0, 8, 8;
    %set/v v0x1334970_0, 1, 1;
    %delay 10, 0;
    %movi 8, 15, 8;
    %set/v v0x13348c0_0, 8, 8;
    %set/v v0x1334970_0, 1, 1;
    %delay 10, 0;
    %set/v v0x1334970_0, 0, 1;
    %delay 6, 0;
    %movi 8, 1, 3;
    %set/v v0x1334a20_0, 8, 3;
    %movi 8, 50, 8;
    %set/v v0x13348c0_0, 8, 8;
    %set/v v0x1334970_0, 1, 1;
    %delay 5, 0;
    %set/v v0x1334970_0, 0, 1;
    %delay 10, 0;
    %vpi_call 2 72 "$finish";
    %end;
    .thread T_2;
    .scope S_0x12f8320;
T_3 ;
    %delay 5, 0;
    %load/v 8, v0x13344b0_0, 1;
    %inv 8, 1;
    %set/v v0x13344b0_0, 8, 1;
    %jmp T_3;
    .thread T_3;
# The file index is used to find the file name in the following table.
:file_names 4;
    "N/A";
    "<interactive>";
    "./reg_file_tb_groundtruth.v";
    "./reg_file.v";
