#! /usr/bin/vvp
:ivl_version "0.9.7 " "(v0_9_7)";
:vpi_time_precision + 0;
:vpi_module "system";
:vpi_module "v2005_math";
:vpi_module "va_math";
S_0x17d8ea0 .scope module, "reg_file_tb_groundtruth" "reg_file_tb_groundtruth" 2 1;
 .timescale 0 0;
v0x1815600_0 .var "CLK", 0 0;
v0x18156a0_0 .var "READREG1", 2 0;
v0x1815750_0 .var "READREG2", 2 0;
v0x1815800_0 .net "REGOUT1", 7 0, L_0x1815250; 1 drivers
v0x18158e0_0 .net "REGOUT2", 7 0, L_0x1815ef0; 1 drivers
v0x1815990_0 .var "RESET", 0 0;
v0x1815a10_0 .var "WRITEDATA", 7 0;
v0x1815ac0_0 .var "WRITEENABLE", 0 0;
v0x1815bc0_0 .var "WRITEREG", 2 0;
S_0x17ffe20 .scope module, "myregfile" "reg_file" 2 8, 3 6, S_0x17d8ea0;
 .timescale 0 0;
L_0x1815250/d .functor BUFZ 8, L_0x1815c70, C4<00000000>, C4<00000000>, C4<00000000>;
L_0x1815250 .delay (2,2,2) L_0x1815250/d;
L_0x1815ef0/d .functor BUFZ 8, L_0x1815e00, C4<00000000>, C4<00000000>, C4<00000000>;
L_0x1815ef0 .delay (2,2,2) L_0x1815ef0/d;
v0x17d93e0_0 .net "CLK", 0 0, v0x1815600_0; 1 drivers
v0x1814c30_0 .net "IN", 7 0, v0x1815a10_0; 1 drivers
v0x1814cd0_0 .net "INADDRESS", 2 0, v0x1815bc0_0; 1 drivers
v0x1814d70_0 .alias "OUT1", 7 0, v0x1815800_0;
v0x1814e20_0 .net "OUT1ADDRESS", 2 0, v0x18156a0_0; 1 drivers
v0x1814ec0_0 .alias "OUT2", 7 0, v0x18158e0_0;
v0x1814fa0_0 .net "OUT2ADDRESS", 2 0, v0x1815750_0; 1 drivers
v0x1815040_0 .net "RESET", 0 0, v0x1815990_0; 1 drivers
v0x1815130_0 .net "WRITE", 0 0, v0x1815ac0_0; 1 drivers
v0x18151d0_0 .net *"_s0", 7 0, L_0x1815c70; 1 drivers
v0x18152d0_0 .net *"_s4", 7 0, L_0x1815e00; 1 drivers
v0x1815370_0 .var/i "i", 31 0;
v0x1815480 .array "regset", 0 7, 7 0;
E_0x17d8fe0 .event edge, v0x1815040_0, v0x1815370_0;
E_0x17d8f90 .event posedge, v0x17d93e0_0;
L_0x1815c70 .array/port v0x1815480, v0x18156a0_0;
L_0x1815e00 .array/port v0x1815480, v0x1815750_0;
    .scope S_0x17ffe20;
T_0 ;
    %wait E_0x17d8f90;
    %load/v 8, v0x1815130_0, 1;
    %jmp/0xz  T_0.0, 8;
    %delay 2, 0;
    %load/v 8, v0x1814c30_0, 8;
    %ix/getv 3, v0x1814cd0_0;
   %jmp/1 t_0, 4;
   %ix/load 1, 0, 0;
   %set/av v0x1815480, 8, 8;
t_0 ;
T_0.0 ;
    %jmp T_0;
    .thread T_0;
    .scope S_0x17ffe20;
T_1 ;
    %wait E_0x17d8fe0;
    %load/v 8, v0x1815040_0, 1;
    %jmp/0xz  T_1.0, 8;
    %delay 2, 0;
    %set/v v0x1815370_0, 0, 32;
T_1.2 ;
    %load/v 8, v0x1815370_0, 32;
   %cmpi/s 8, 8, 32;
    %jmp/0xz T_1.3, 5;
    %ix/getv/s 3, v0x1815370_0;
   %jmp/1 t_1, 4;
   %ix/load 1, 0, 0;
   %set/av v0x1815480, 0, 8;
t_1 ;
    %ix/load 0, 1, 0;
    %load/vp0/s 8, v0x1815370_0, 32;
    %set/v v0x1815370_0, 8, 32;
    %jmp T_1.2;
T_1.3 ;
T_1.0 ;
    %jmp T_1;
    .thread T_1, $push;
    .scope S_0x17d8ea0;
T_2 ;
    %set/v v0x1815600_0, 1, 1;
    %vpi_call 2 15 "$dumpfile", "waveDump.vcd";
    %vpi_call 2 16 "$dumpvars", 2'sb01, S_0x17d8ea0;
    %set/v v0x1815990_0, 0, 1;
    %set/v v0x1815ac0_0, 0, 1;
    %delay 1, 0;
    %set/v v0x1815990_0, 1, 1;
    %set/v v0x18156a0_0, 0, 3;
    %movi 8, 4, 3;
    %set/v v0x1815750_0, 8, 3;
    %delay 8, 0;
    %set/v v0x1815990_0, 0, 1;
    %delay 11, 0;
    %movi 8, 2, 3;
    %set/v v0x18156a0_0, 8, 3;
    %movi 8, 2, 3;
    %set/v v0x1815bc0_0, 8, 3;
    %movi 8, 95, 8;
    %set/v v0x1815a10_0, 8, 8;
    %set/v v0x1815ac0_0, 1, 1;
    %delay 10, 0;
    %set/v v0x1815ac0_0, 0, 1;
    %delay 1, 0;
    %movi 8, 2, 3;
    %set/v v0x18156a0_0, 8, 3;
    %delay 9, 0;
    %movi 8, 1, 3;
    %set/v v0x1815bc0_0, 8, 3;
    %movi 8, 28, 8;
    %set/v v0x1815a10_0, 8, 8;
    %set/v v0x1815ac0_0, 1, 1;
    %movi 8, 1, 3;
    %set/v v0x18156a0_0, 8, 3;
    %delay 10, 0;
    %set/v v0x1815ac0_0, 0, 1;
    %delay 10, 0;
    %movi 8, 4, 3;
    %set/v v0x1815bc0_0, 8, 3;
    %movi 8, 6, 8;
    %set/v v0x1815a10_0, 8, 8;
    %set/v v0x1815ac0_0, 1, 1;
    %delay 10, 0;
    %movi 8, 15, 8;
    %set/v v0x1815a10_0, 8, 8;
    %set/v v0x1815ac0_0, 1, 1;
    %delay 10, 0;
    %set/v v0x1815ac0_0, 0, 1;
    %delay 6, 0;
    %movi 8, 1, 3;
    %set/v v0x1815bc0_0, 8, 3;
    %movi 8, 50, 8;
    %set/v v0x1815a10_0, 8, 8;
    %set/v v0x1815ac0_0, 1, 1;
    %delay 5, 0;
    %set/v v0x1815ac0_0, 0, 1;
    %delay 10, 0;
    %vpi_call 2 72 "$finish";
    %end;
    .thread T_2;
    .scope S_0x17d8ea0;
T_3 ;
    %delay 5, 0;
    %load/v 8, v0x1815600_0, 1;
    %inv 8, 1;
    %set/v v0x1815600_0, 8, 1;
    %jmp T_3;
    .thread T_3;
# The file index is used to find the file name in the following table.
:file_names 4;
    "N/A";
    "<interactive>";
    "./reg_file_tb_groundtruth.v";
    "./reg_file.v";
