#! /usr/bin/vvp
:ivl_version "0.9.7 " "(v0_9_7)";
:vpi_time_precision + 0;
:vpi_module "system";
:vpi_module "v2005_math";
:vpi_module "va_math";
S_0x1c02340 .scope module, "reg_file_tb_groundtruth" "reg_file_tb_groundtruth" 2 1;
 .timescale 0 0;
v0x1c426d0_0 .var "CLK", 0 0;
v0x1c42770_0 .var "READREG1", 2 0;
v0x1c42820_0 .var "READREG2", 2 0;
v0x1c428d0_0 .net "REGOUT1", 7 0, L_0x1c42400; 1 drivers
v0x1c429b0_0 .net "REGOUT2", 7 0, L_0x1c42f70; 1 drivers
v0x1c42a60_0 .var "RESET", 0 0;
v0x1c42ae0_0 .var "WRITEDATA", 7 0;
v0x1c42b90_0 .var "WRITEENABLE", 0 0;
v0x1c42c40_0 .var "WRITEREG", 2 0;
S_0x1c2d690 .scope module, "myregfile" "reg_file" 2 8, 3 79, S_0x1c02340;
 .timescale 0 0;
L_0x1c42400/d .functor BUFZ 8, L_0x1c42cf0, C4<00000000>, C4<00000000>, C4<00000000>;
L_0x1c42400 .delay (2,2,2) L_0x1c42400/d;
L_0x1c42f70/d .functor BUFZ 8, L_0x1c42e80, C4<00000000>, C4<00000000>, C4<00000000>;
L_0x1c42f70 .delay (2,2,2) L_0x1c42f70/d;
v0x1c01f40_0 .net "CLK", 0 0, v0x1c426d0_0; 1 drivers
v0x1c41e00_0 .net "IN", 7 0, v0x1c42ae0_0; 1 drivers
v0x1c41ea0_0 .net "INADDRESS", 2 0, v0x1c42c40_0; 1 drivers
v0x1c41f40_0 .alias "OUT1", 7 0, v0x1c428d0_0;
v0x1c41ff0_0 .net "OUT1ADDRESS", 2 0, v0x1c42770_0; 1 drivers
v0x1c42090_0 .alias "OUT2", 7 0, v0x1c429b0_0;
v0x1c42170_0 .net "OUT2ADDRESS", 2 0, v0x1c42820_0; 1 drivers
v0x1c42210 .array "REGISTERS", 0 7, 7 0;
v0x1c422e0_0 .net "RESET", 0 0, v0x1c42a60_0; 1 drivers
v0x1c42380_0 .net "WRITE", 0 0, v0x1c42b90_0; 1 drivers
v0x1c42480_0 .net *"_s0", 7 0, L_0x1c42cf0; 1 drivers
v0x1c42520_0 .net *"_s4", 7 0, L_0x1c42e80; 1 drivers
v0x1c42630_0 .var/i "i", 31 0;
E_0x1c01fe0/0 .event edge, v0x1c422e0_0;
E_0x1c01fe0/1 .event posedge, v0x1c01f40_0;
E_0x1c01fe0 .event/or E_0x1c01fe0/0, E_0x1c01fe0/1;
L_0x1c42cf0 .array/port v0x1c42210, v0x1c42770_0;
L_0x1c42e80 .array/port v0x1c42210, v0x1c42820_0;
    .scope S_0x1c2d690;
T_0 ;
    %wait E_0x1c01fe0;
    %load/v 8, v0x1c422e0_0, 1;
    %cmpi/u 8, 0, 1;
    %jmp/0xz  T_0.0, 4;
    %load/v 8, v0x1c42380_0, 1;
    %jmp/0xz  T_0.2, 8;
    %delay 2, 0;
    %load/v 8, v0x1c41e00_0, 8;
    %ix/getv 3, v0x1c41ea0_0;
   %jmp/1 t_0, 4;
   %ix/load 1, 0, 0;
   %set/av v0x1c42210, 8, 8;
t_0 ;
T_0.2 ;
T_0.0 ;
    %load/v 8, v0x1c422e0_0, 1;
    %jmp/0xz  T_0.4, 8;
    %delay 2, 0;
    %set/v v0x1c42630_0, 0, 32;
T_0.6 ;
    %load/v 8, v0x1c42630_0, 32;
   %cmpi/s 8, 8, 32;
    %jmp/0xz T_0.7, 5;
    %ix/getv/s 3, v0x1c42630_0;
   %jmp/1 t_1, 4;
   %ix/load 1, 0, 0;
   %set/av v0x1c42210, 0, 8;
t_1 ;
    %ix/load 0, 1, 0;
    %load/vp0/s 8, v0x1c42630_0, 32;
    %set/v v0x1c42630_0, 8, 32;
    %jmp T_0.6;
T_0.7 ;
T_0.4 ;
    %jmp T_0;
    .thread T_0;
    .scope S_0x1c02340;
T_1 ;
    %set/v v0x1c426d0_0, 1, 1;
    %vpi_call 2 15 "$dumpfile", "waveDump.vcd";
    %vpi_call 2 16 "$dumpvars", 2'sb01, S_0x1c02340;
    %set/v v0x1c42a60_0, 0, 1;
    %set/v v0x1c42b90_0, 0, 1;
    %delay 1, 0;
    %set/v v0x1c42a60_0, 1, 1;
    %set/v v0x1c42770_0, 0, 3;
    %movi 8, 4, 3;
    %set/v v0x1c42820_0, 8, 3;
    %delay 8, 0;
    %set/v v0x1c42a60_0, 0, 1;
    %delay 11, 0;
    %movi 8, 2, 3;
    %set/v v0x1c42770_0, 8, 3;
    %movi 8, 2, 3;
    %set/v v0x1c42c40_0, 8, 3;
    %movi 8, 95, 8;
    %set/v v0x1c42ae0_0, 8, 8;
    %set/v v0x1c42b90_0, 1, 1;
    %delay 10, 0;
    %set/v v0x1c42b90_0, 0, 1;
    %delay 1, 0;
    %movi 8, 2, 3;
    %set/v v0x1c42770_0, 8, 3;
    %delay 9, 0;
    %movi 8, 1, 3;
    %set/v v0x1c42c40_0, 8, 3;
    %movi 8, 28, 8;
    %set/v v0x1c42ae0_0, 8, 8;
    %set/v v0x1c42b90_0, 1, 1;
    %movi 8, 1, 3;
    %set/v v0x1c42770_0, 8, 3;
    %delay 10, 0;
    %set/v v0x1c42b90_0, 0, 1;
    %delay 10, 0;
    %movi 8, 4, 3;
    %set/v v0x1c42c40_0, 8, 3;
    %movi 8, 6, 8;
    %set/v v0x1c42ae0_0, 8, 8;
    %set/v v0x1c42b90_0, 1, 1;
    %delay 10, 0;
    %movi 8, 15, 8;
    %set/v v0x1c42ae0_0, 8, 8;
    %set/v v0x1c42b90_0, 1, 1;
    %delay 10, 0;
    %set/v v0x1c42b90_0, 0, 1;
    %delay 6, 0;
    %movi 8, 1, 3;
    %set/v v0x1c42c40_0, 8, 3;
    %movi 8, 50, 8;
    %set/v v0x1c42ae0_0, 8, 8;
    %set/v v0x1c42b90_0, 1, 1;
    %delay 5, 0;
    %set/v v0x1c42b90_0, 0, 1;
    %delay 10, 0;
    %vpi_call 2 72 "$finish";
    %end;
    .thread T_1;
    .scope S_0x1c02340;
T_2 ;
    %delay 5, 0;
    %load/v 8, v0x1c426d0_0, 1;
    %inv 8, 1;
    %set/v v0x1c426d0_0, 8, 1;
    %jmp T_2;
    .thread T_2;
# The file index is used to find the file name in the following table.
:file_names 4;
    "N/A";
    "<interactive>";
    "./reg_file_tb_groundtruth.v";
    "./reg_file.v";
