#! /usr/bin/vvp
:ivl_version "0.9.7 " "(v0_9_7)";
:vpi_time_precision + 0;
:vpi_module "system";
:vpi_module "v2005_math";
:vpi_module "va_math";
S_0x13cbea0 .scope module, "reg_file_tb_groundtruth" "reg_file_tb_groundtruth" 2 1;
 .timescale 0 0;
v0x1407ef0_0 .var "CLK", 0 0;
v0x1407f90_0 .var "READREG1", 2 0;
v0x1408040_0 .var "READREG2", 2 0;
v0x14080f0_0 .net "REGOUT1", 7 0, L_0x1407c20; 1 drivers
v0x14081d0_0 .net "REGOUT2", 7 0, L_0x1408790; 1 drivers
v0x1408280_0 .var "RESET", 0 0;
v0x1408300_0 .var "WRITEDATA", 7 0;
v0x14083b0_0 .var "WRITEENABLE", 0 0;
v0x1408460_0 .var "WRITEREG", 2 0;
S_0x13f2e20 .scope module, "myregfile" "reg_file" 2 8, 3 5, S_0x13cbea0;
 .timescale 0 0;
L_0x1407c20/d .functor BUFZ 8, L_0x1408510, C4<00000000>, C4<00000000>, C4<00000000>;
L_0x1407c20 .delay (2,2,2) L_0x1407c20/d;
L_0x1408790/d .functor BUFZ 8, L_0x14086a0, C4<00000000>, C4<00000000>, C4<00000000>;
L_0x1408790 .delay (2,2,2) L_0x1408790/d;
v0x13cc3e0_0 .net "CLK", 0 0, v0x1407ef0_0; 1 drivers
v0x1407620_0 .net "IN", 7 0, v0x1408300_0; 1 drivers
v0x14076c0_0 .net "INADDRESS", 2 0, v0x1408460_0; 1 drivers
v0x1407760_0 .alias "OUT1", 7 0, v0x14080f0_0;
v0x1407810_0 .net "OUT1ADDRESS", 2 0, v0x1407f90_0; 1 drivers
v0x14078b0_0 .alias "OUT2", 7 0, v0x14081d0_0;
v0x1407990_0 .net "OUT2ADDRESS", 2 0, v0x1408040_0; 1 drivers
v0x1407a30_0 .net "RESET", 0 0, v0x1408280_0; 1 drivers
v0x1407b20 .array "RegisterFile", 7 0, 7 0;
v0x1407ba0_0 .net "WRITE", 0 0, v0x14083b0_0; 1 drivers
v0x1407ca0_0 .net *"_s0", 7 0, L_0x1408510; 1 drivers
v0x1407d40_0 .net *"_s4", 7 0, L_0x14086a0; 1 drivers
v0x1407e50_0 .var/i "i", 31 0;
E_0x13cbfe0/0 .event edge, v0x1407a30_0;
E_0x13cbfe0/1 .event posedge, v0x13cc3e0_0;
E_0x13cbfe0 .event/or E_0x13cbfe0/0, E_0x13cbfe0/1;
L_0x1408510 .array/port v0x1407b20, v0x1407f90_0;
L_0x14086a0 .array/port v0x1407b20, v0x1408040_0;
    .scope S_0x13f2e20;
T_0 ;
    %wait E_0x13cbfe0;
    %load/v 8, v0x1407a30_0, 1;
    %jmp/0xz  T_0.0, 8;
    %delay 2, 0;
    %set/v v0x1407e50_0, 0, 32;
T_0.2 ;
    %load/v 8, v0x1407e50_0, 32;
   %cmpi/s 8, 8, 32;
    %jmp/0xz T_0.3, 5;
    %ix/getv/s 3, v0x1407e50_0;
    %jmp/1 t_0, 4;
    %ix/load 0, 8, 0; word width
    %ix/load 1, 0, 0; part off
    %assign/av v0x1407b20, 0, 0;
t_0 ;
    %ix/load 0, 1, 0;
    %load/vp0/s 8, v0x1407e50_0, 32;
    %set/v v0x1407e50_0, 8, 32;
    %jmp T_0.2;
T_0.3 ;
    %jmp T_0.1;
T_0.0 ;
    %load/v 8, v0x1407ba0_0, 1;
    %jmp/0xz  T_0.4, 8;
    %delay 2, 0;
    %load/v 8, v0x1407620_0, 8;
    %ix/getv 3, v0x14076c0_0;
    %jmp/1 t_1, 4;
    %ix/load 0, 8, 0; word width
    %ix/load 1, 0, 0; part off
    %assign/av v0x1407b20, 0, 8;
t_1 ;
T_0.4 ;
T_0.1 ;
    %jmp T_0;
    .thread T_0;
    .scope S_0x13cbea0;
T_1 ;
    %set/v v0x1407ef0_0, 1, 1;
    %vpi_call 2 15 "$dumpfile", "waveDump.vcd";
    %vpi_call 2 16 "$dumpvars", 2'sb01, S_0x13cbea0;
    %set/v v0x1408280_0, 0, 1;
    %set/v v0x14083b0_0, 0, 1;
    %delay 1, 0;
    %set/v v0x1408280_0, 1, 1;
    %set/v v0x1407f90_0, 0, 3;
    %movi 8, 4, 3;
    %set/v v0x1408040_0, 8, 3;
    %delay 8, 0;
    %set/v v0x1408280_0, 0, 1;
    %delay 11, 0;
    %movi 8, 2, 3;
    %set/v v0x1407f90_0, 8, 3;
    %movi 8, 2, 3;
    %set/v v0x1408460_0, 8, 3;
    %movi 8, 95, 8;
    %set/v v0x1408300_0, 8, 8;
    %set/v v0x14083b0_0, 1, 1;
    %delay 10, 0;
    %set/v v0x14083b0_0, 0, 1;
    %delay 1, 0;
    %movi 8, 2, 3;
    %set/v v0x1407f90_0, 8, 3;
    %delay 9, 0;
    %movi 8, 1, 3;
    %set/v v0x1408460_0, 8, 3;
    %movi 8, 28, 8;
    %set/v v0x1408300_0, 8, 8;
    %set/v v0x14083b0_0, 1, 1;
    %movi 8, 1, 3;
    %set/v v0x1407f90_0, 8, 3;
    %delay 10, 0;
    %set/v v0x14083b0_0, 0, 1;
    %delay 10, 0;
    %movi 8, 4, 3;
    %set/v v0x1408460_0, 8, 3;
    %movi 8, 6, 8;
    %set/v v0x1408300_0, 8, 8;
    %set/v v0x14083b0_0, 1, 1;
    %delay 10, 0;
    %movi 8, 15, 8;
    %set/v v0x1408300_0, 8, 8;
    %set/v v0x14083b0_0, 1, 1;
    %delay 10, 0;
    %set/v v0x14083b0_0, 0, 1;
    %delay 6, 0;
    %movi 8, 1, 3;
    %set/v v0x1408460_0, 8, 3;
    %movi 8, 50, 8;
    %set/v v0x1408300_0, 8, 8;
    %set/v v0x14083b0_0, 1, 1;
    %delay 5, 0;
    %set/v v0x14083b0_0, 0, 1;
    %delay 10, 0;
    %vpi_call 2 72 "$finish";
    %end;
    .thread T_1;
    .scope S_0x13cbea0;
T_2 ;
    %delay 5, 0;
    %load/v 8, v0x1407ef0_0, 1;
    %inv 8, 1;
    %set/v v0x1407ef0_0, 8, 1;
    %jmp T_2;
    .thread T_2;
# The file index is used to find the file name in the following table.
:file_names 4;
    "N/A";
    "<interactive>";
    "./reg_file_tb_groundtruth.v";
    "./regfile.v";
