#! /usr/bin/vvp
:ivl_version "0.9.7 " "(v0_9_7)";
:vpi_time_precision + 0;
:vpi_module "system";
:vpi_module "v2005_math";
:vpi_module "va_math";
S_0x2467780 .scope module, "reg_file_tb_groundtruth" "reg_file_tb_groundtruth" 2 1;
 .timescale 0 0;
v0x24a5ec0_0 .var "CLK", 0 0;
v0x24a5f60_0 .var "READREG1", 2 0;
v0x24a6010_0 .var "READREG2", 2 0;
v0x24a60c0_0 .net "REGOUT1", 7 0, v0x24a57e0_0; 1 drivers
v0x24a61a0_0 .net "REGOUT2", 7 0, v0x24a5930_0; 1 drivers
v0x24a6250_0 .var "RESET", 0 0;
v0x24a62d0_0 .var "WRITEDATA", 7 0;
v0x24a6380_0 .var "WRITEENABLE", 0 0;
v0x24a6480_0 .var "WRITEREG", 2 0;
S_0x248f310 .scope module, "myregfile" "reg_file" 2 8, 3 4, S_0x2467780;
 .timescale 0 0;
v0x248f430_0 .net "CLK", 0 0, v0x24a5ec0_0; 1 drivers
v0x24a56a0_0 .net "IN", 7 0, v0x24a62d0_0; 1 drivers
v0x24a5740_0 .net "INADDRESS", 2 0, v0x24a6480_0; 1 drivers
v0x24a57e0_0 .var "OUT1", 7 0;
v0x24a5890_0 .net "OUT1ADDRESS", 2 0, v0x24a5f60_0; 1 drivers
v0x24a5930_0 .var "OUT2", 7 0;
v0x24a5a10_0 .net "OUT2ADDRESS", 2 0, v0x24a6010_0; 1 drivers
v0x24a5ab0_0 .net "RESET", 0 0, v0x24a6250_0; 1 drivers
v0x24a5ba0_0 .net "WRITE", 0 0, v0x24a6380_0; 1 drivers
v0x24a5c40_0 .var/i "i", 31 0;
v0x24a5d40 .array "rfile", 0 7, 7 0;
v0x24a5d40_0 .array/port v0x24a5d40, 0;
v0x24a5d40_1 .array/port v0x24a5d40, 1;
v0x24a5d40_2 .array/port v0x24a5d40, 2;
E_0x24676b0/0 .event edge, v0x24a5890_0, v0x24a5d40_0, v0x24a5d40_1, v0x24a5d40_2;
v0x24a5d40_3 .array/port v0x24a5d40, 3;
v0x24a5d40_4 .array/port v0x24a5d40, 4;
v0x24a5d40_5 .array/port v0x24a5d40, 5;
v0x24a5d40_6 .array/port v0x24a5d40, 6;
E_0x24676b0/1 .event edge, v0x24a5d40_3, v0x24a5d40_4, v0x24a5d40_5, v0x24a5d40_6;
v0x24a5d40_7 .array/port v0x24a5d40, 7;
E_0x24676b0/2 .event edge, v0x24a5d40_7, v0x24a5a10_0;
E_0x24676b0 .event/or E_0x24676b0/0, E_0x24676b0/1, E_0x24676b0/2;
E_0x248f400/0 .event edge, v0x24a5ab0_0;
E_0x248f400/1 .event posedge, v0x248f430_0;
E_0x248f400 .event/or E_0x248f400/0, E_0x248f400/1;
    .scope S_0x248f310;
T_0 ;
    %wait E_0x248f400;
    %load/v 8, v0x24a5ab0_0, 1;
    %jmp/0xz  T_0.0, 8;
    %delay 2, 0;
    %set/v v0x24a5c40_0, 0, 32;
T_0.2 ;
    %load/v 8, v0x24a5c40_0, 32;
   %cmpi/s 8, 7, 32;
    %or 5, 4, 1;
    %jmp/0xz T_0.3, 5;
    %ix/getv/s 3, v0x24a5c40_0;
   %jmp/1 t_0, 4;
   %ix/load 1, 0, 0;
   %set/av v0x24a5d40, 0, 8;
t_0 ;
    %ix/load 0, 1, 0;
    %load/vp0/s 8, v0x24a5c40_0, 32;
    %set/v v0x24a5c40_0, 8, 32;
    %jmp T_0.2;
T_0.3 ;
    %jmp T_0.1;
T_0.0 ;
    %load/v 8, v0x24a5ba0_0, 1;
    %jmp/0xz  T_0.4, 8;
    %delay 2, 0;
    %load/v 8, v0x24a56a0_0, 8;
    %ix/getv 3, v0x24a5740_0;
   %jmp/1 t_1, 4;
   %ix/load 1, 0, 0;
   %set/av v0x24a5d40, 8, 8;
t_1 ;
T_0.4 ;
T_0.1 ;
    %jmp T_0;
    .thread T_0;
    .scope S_0x248f310;
T_1 ;
    %wait E_0x24676b0;
    %delay 2, 0;
    %ix/getv 3, v0x24a5890_0;
    %load/av 8, v0x24a5d40, 8;
    %set/v v0x24a57e0_0, 8, 8;
    %ix/getv 3, v0x24a5a10_0;
    %load/av 8, v0x24a5d40, 8;
    %set/v v0x24a5930_0, 8, 8;
    %jmp T_1;
    .thread T_1, $push;
    .scope S_0x2467780;
T_2 ;
    %set/v v0x24a5ec0_0, 1, 1;
    %vpi_call 2 15 "$dumpfile", "waveDump.vcd";
    %vpi_call 2 16 "$dumpvars", 2'sb01, S_0x2467780;
    %set/v v0x24a6250_0, 0, 1;
    %set/v v0x24a6380_0, 0, 1;
    %delay 1, 0;
    %set/v v0x24a6250_0, 1, 1;
    %set/v v0x24a5f60_0, 0, 3;
    %movi 8, 4, 3;
    %set/v v0x24a6010_0, 8, 3;
    %delay 8, 0;
    %set/v v0x24a6250_0, 0, 1;
    %delay 11, 0;
    %movi 8, 2, 3;
    %set/v v0x24a5f60_0, 8, 3;
    %movi 8, 2, 3;
    %set/v v0x24a6480_0, 8, 3;
    %movi 8, 95, 8;
    %set/v v0x24a62d0_0, 8, 8;
    %set/v v0x24a6380_0, 1, 1;
    %delay 10, 0;
    %set/v v0x24a6380_0, 0, 1;
    %delay 1, 0;
    %movi 8, 2, 3;
    %set/v v0x24a5f60_0, 8, 3;
    %delay 9, 0;
    %movi 8, 1, 3;
    %set/v v0x24a6480_0, 8, 3;
    %movi 8, 28, 8;
    %set/v v0x24a62d0_0, 8, 8;
    %set/v v0x24a6380_0, 1, 1;
    %movi 8, 1, 3;
    %set/v v0x24a5f60_0, 8, 3;
    %delay 10, 0;
    %set/v v0x24a6380_0, 0, 1;
    %delay 10, 0;
    %movi 8, 4, 3;
    %set/v v0x24a6480_0, 8, 3;
    %movi 8, 6, 8;
    %set/v v0x24a62d0_0, 8, 8;
    %set/v v0x24a6380_0, 1, 1;
    %delay 10, 0;
    %movi 8, 15, 8;
    %set/v v0x24a62d0_0, 8, 8;
    %set/v v0x24a6380_0, 1, 1;
    %delay 10, 0;
    %set/v v0x24a6380_0, 0, 1;
    %delay 6, 0;
    %movi 8, 1, 3;
    %set/v v0x24a6480_0, 8, 3;
    %movi 8, 50, 8;
    %set/v v0x24a62d0_0, 8, 8;
    %set/v v0x24a6380_0, 1, 1;
    %delay 5, 0;
    %set/v v0x24a6380_0, 0, 1;
    %delay 10, 0;
    %vpi_call 2 72 "$finish";
    %end;
    .thread T_2;
    .scope S_0x2467780;
T_3 ;
    %delay 5, 0;
    %load/v 8, v0x24a5ec0_0, 1;
    %inv 8, 1;
    %set/v v0x24a5ec0_0, 8, 1;
    %jmp T_3;
    .thread T_3;
# The file index is used to find the file name in the following table.
:file_names 4;
    "N/A";
    "<interactive>";
    "./reg_file_tb_groundtruth.v";
    "./Lab5_Part2.v";
