#! /usr/bin/vvp
:ivl_version "0.9.7 " "(v0_9_7)";
:vpi_time_precision + 0;
:vpi_module "system";
:vpi_module "v2005_math";
:vpi_module "va_math";
S_0x166df20 .scope module, "reg_file_tb_groundtruth" "reg_file_tb_groundtruth" 2 1;
 .timescale 0 0;
v0x1689d70_0 .var "CLK", 0 0;
v0x1689e10_0 .var "READREG1", 2 0;
v0x1689ec0_0 .var "READREG2", 2 0;
v0x1689f70_0 .net "REGOUT1", 7 0, v0x1689680_0; 1 drivers
v0x168a050_0 .net "REGOUT2", 7 0, v0x16897d0_0; 1 drivers
v0x168a100_0 .var "RESET", 0 0;
v0x168a180_0 .var "WRITEDATA", 7 0;
v0x168a230_0 .var "WRITEENABLE", 0 0;
v0x168a2e0_0 .var "WRITEREG", 2 0;
S_0x1672000 .scope module, "myregfile" "reg_file" 2 8, 3 6, S_0x166df20;
 .timescale 0 0;
v0x1672150_0 .net "CLK", 0 0, v0x1689d70_0; 1 drivers
v0x1689540_0 .net "IN", 7 0, v0x168a180_0; 1 drivers
v0x16895e0_0 .net "INADDRESS", 2 0, v0x168a2e0_0; 1 drivers
v0x1689680_0 .var "OUT1", 7 0;
v0x1689730_0 .net "OUT1ADDRESS", 2 0, v0x1689e10_0; 1 drivers
v0x16897d0_0 .var "OUT2", 7 0;
v0x16898b0_0 .net "OUT2ADDRESS", 2 0, v0x1689ec0_0; 1 drivers
v0x1689950_0 .net "RESET", 0 0, v0x168a100_0; 1 drivers
v0x1689a40_0 .net "WRITE", 0 0, v0x168a230_0; 1 drivers
v0x1689ae0_0 .net *"_s3", 7 0, L_0x168a390; 1 drivers
v0x1689be0_0 .net *"_s6", 7 0, L_0x168a480; 1 drivers
v0x1689c80 .array "register", 0 7, 7 0;
E_0x166de50 .event edge, v0x1689950_0;
E_0x16720f0 .event edge, L_0x168a480, L_0x168a390;
E_0x1672120 .event posedge, v0x1672150_0;
L_0x168a390 .array/port v0x1689c80, v0x1689e10_0;
L_0x168a480 .array/port v0x1689c80, v0x1689ec0_0;
    .scope S_0x1672000;
T_0 ;
    %wait E_0x1672120;
    %load/v 8, v0x1689a40_0, 1;
    %jmp/0xz  T_0.0, 8;
    %delay 2, 0;
    %load/v 8, v0x1689540_0, 8;
    %ix/getv 3, v0x16895e0_0;
    %jmp/1 t_0, 4;
    %ix/load 0, 8, 0; word width
    %ix/load 1, 0, 0; part off
    %assign/av v0x1689c80, 0, 8;
t_0 ;
T_0.0 ;
    %jmp T_0;
    .thread T_0;
    .scope S_0x1672000;
T_1 ;
    %wait E_0x16720f0;
    %delay 2, 0;
    %ix/getv 3, v0x1689730_0;
    %load/av 8, v0x1689c80, 8;
    %ix/load 0, 8, 0;
    %assign/v0 v0x1689680_0, 0, 8;
    %ix/getv 3, v0x16898b0_0;
    %load/av 8, v0x1689c80, 8;
    %ix/load 0, 8, 0;
    %assign/v0 v0x16897d0_0, 0, 8;
    %jmp T_1;
    .thread T_1, $push;
    .scope S_0x1672000;
T_2 ;
    %wait E_0x166de50;
    %load/v 8, v0x1689950_0, 1;
    %jmp/0xz  T_2.0, 8;
    %delay 2, 0;
   %ix/load 1, 0, 0;
   %ix/load 3, 0, 0;
   %set/av v0x1689c80, 0, 8;
   %ix/load 1, 0, 0;
   %ix/load 3, 1, 0;
   %set/av v0x1689c80, 0, 8;
   %ix/load 1, 0, 0;
   %ix/load 3, 2, 0;
   %set/av v0x1689c80, 0, 8;
   %ix/load 1, 0, 0;
   %ix/load 3, 3, 0;
   %set/av v0x1689c80, 0, 8;
   %ix/load 1, 0, 0;
   %ix/load 3, 4, 0;
   %set/av v0x1689c80, 0, 8;
   %ix/load 1, 0, 0;
   %ix/load 3, 5, 0;
   %set/av v0x1689c80, 0, 8;
   %ix/load 1, 0, 0;
   %ix/load 3, 6, 0;
   %set/av v0x1689c80, 0, 8;
   %ix/load 1, 0, 0;
   %ix/load 3, 7, 0;
   %set/av v0x1689c80, 0, 8;
T_2.0 ;
    %jmp T_2;
    .thread T_2, $push;
    .scope S_0x166df20;
T_3 ;
    %set/v v0x1689d70_0, 1, 1;
    %vpi_call 2 15 "$dumpfile", "waveDump.vcd";
    %vpi_call 2 16 "$dumpvars", 2'sb01, S_0x166df20;
    %set/v v0x168a100_0, 0, 1;
    %set/v v0x168a230_0, 0, 1;
    %delay 1, 0;
    %set/v v0x168a100_0, 1, 1;
    %set/v v0x1689e10_0, 0, 3;
    %movi 8, 4, 3;
    %set/v v0x1689ec0_0, 8, 3;
    %delay 8, 0;
    %set/v v0x168a100_0, 0, 1;
    %delay 11, 0;
    %movi 8, 2, 3;
    %set/v v0x1689e10_0, 8, 3;
    %movi 8, 2, 3;
    %set/v v0x168a2e0_0, 8, 3;
    %movi 8, 95, 8;
    %set/v v0x168a180_0, 8, 8;
    %set/v v0x168a230_0, 1, 1;
    %delay 10, 0;
    %set/v v0x168a230_0, 0, 1;
    %delay 1, 0;
    %movi 8, 2, 3;
    %set/v v0x1689e10_0, 8, 3;
    %delay 9, 0;
    %movi 8, 1, 3;
    %set/v v0x168a2e0_0, 8, 3;
    %movi 8, 28, 8;
    %set/v v0x168a180_0, 8, 8;
    %set/v v0x168a230_0, 1, 1;
    %movi 8, 1, 3;
    %set/v v0x1689e10_0, 8, 3;
    %delay 10, 0;
    %set/v v0x168a230_0, 0, 1;
    %delay 10, 0;
    %movi 8, 4, 3;
    %set/v v0x168a2e0_0, 8, 3;
    %movi 8, 6, 8;
    %set/v v0x168a180_0, 8, 8;
    %set/v v0x168a230_0, 1, 1;
    %delay 10, 0;
    %movi 8, 15, 8;
    %set/v v0x168a180_0, 8, 8;
    %set/v v0x168a230_0, 1, 1;
    %delay 10, 0;
    %set/v v0x168a230_0, 0, 1;
    %delay 6, 0;
    %movi 8, 1, 3;
    %set/v v0x168a2e0_0, 8, 3;
    %movi 8, 50, 8;
    %set/v v0x168a180_0, 8, 8;
    %set/v v0x168a230_0, 1, 1;
    %delay 5, 0;
    %set/v v0x168a230_0, 0, 1;
    %delay 10, 0;
    %vpi_call 2 72 "$finish";
    %end;
    .thread T_3;
    .scope S_0x166df20;
T_4 ;
    %delay 5, 0;
    %load/v 8, v0x1689d70_0, 1;
    %inv 8, 1;
    %set/v v0x1689d70_0, 8, 1;
    %jmp T_4;
    .thread T_4;
# The file index is used to find the file name in the following table.
:file_names 4;
    "N/A";
    "<interactive>";
    "./reg_file_tb_groundtruth.v";
    "./reg_file.v";
