#! /usr/bin/vvp
:ivl_version "0.9.7 " "(v0_9_7)";
:vpi_time_precision + 0;
:vpi_module "system";
:vpi_module "v2005_math";
:vpi_module "va_math";
S_0x1b5a130 .scope module, "reg_file_tb_groundtruth" "reg_file_tb_groundtruth" 2 1;
 .timescale 0 0;
v0x1b6fde0_0 .var "CLK", 0 0;
v0x1b6fe80_0 .var "READREG1", 2 0;
v0x1b6ff30_0 .var "READREG2", 2 0;
v0x1b6ffe0_0 .net "REGOUT1", 7 0, v0x1b6f750_0; 1 drivers
v0x1b700c0_0 .net "REGOUT2", 7 0, v0x1b6f8a0_0; 1 drivers
v0x1b70170_0 .var "RESET", 0 0;
v0x1b701f0_0 .var "WRITEDATA", 7 0;
v0x1b702a0_0 .var "WRITEENABLE", 0 0;
v0x1b70350_0 .var "WRITEREG", 2 0;
S_0x1b53e20 .scope module, "myregfile" "reg_file" 2 8, 3 5, S_0x1b5a130;
 .timescale 0 0;
v0x1b53f70_0 .net "CLK", 0 0, v0x1b6fde0_0; 1 drivers
v0x1b6f610_0 .net "IN", 7 0, v0x1b701f0_0; 1 drivers
v0x1b6f6b0_0 .net "INADDRESS", 2 0, v0x1b70350_0; 1 drivers
v0x1b6f750_0 .var "OUT1", 7 0;
v0x1b6f800_0 .net "OUT1ADDRESS", 2 0, v0x1b6fe80_0; 1 drivers
v0x1b6f8a0_0 .var "OUT2", 7 0;
v0x1b6f980_0 .net "OUT2ADDRESS", 2 0, v0x1b6ff30_0; 1 drivers
v0x1b6fa20 .array "REGISTER", 0 7, 7 0;
v0x1b6fc40_0 .net "RESET", 0 0, v0x1b70170_0; 1 drivers
v0x1b6fce0_0 .net "WRITE", 0 0, v0x1b702a0_0; 1 drivers
v0x1b6fa20_0 .array/port v0x1b6fa20, 0;
v0x1b6fa20_1 .array/port v0x1b6fa20, 1;
v0x1b6fa20_2 .array/port v0x1b6fa20, 2;
E_0x1b5a060/0 .event edge, v0x1b6f800_0, v0x1b6fa20_0, v0x1b6fa20_1, v0x1b6fa20_2;
v0x1b6fa20_3 .array/port v0x1b6fa20, 3;
v0x1b6fa20_4 .array/port v0x1b6fa20, 4;
v0x1b6fa20_5 .array/port v0x1b6fa20, 5;
v0x1b6fa20_6 .array/port v0x1b6fa20, 6;
E_0x1b5a060/1 .event edge, v0x1b6fa20_3, v0x1b6fa20_4, v0x1b6fa20_5, v0x1b6fa20_6;
v0x1b6fa20_7 .array/port v0x1b6fa20, 7;
E_0x1b5a060/2 .event edge, v0x1b6fa20_7, v0x1b6f980_0;
E_0x1b5a060 .event/or E_0x1b5a060/0, E_0x1b5a060/1, E_0x1b5a060/2;
E_0x1b53f10 .event posedge, v0x1b53f70_0;
E_0x1b53f40 .event edge, v0x1b6fc40_0;
    .scope S_0x1b53e20;
T_0 ;
    %wait E_0x1b53f40;
    %load/v 8, v0x1b6fc40_0, 1;
    %jmp/0xz  T_0.0, 8;
    %delay 2, 0;
    %ix/load 3, 0, 0; address
    %ix/load 0, 8, 0; word width
    %ix/load 1, 0, 0; part off
    %assign/av v0x1b6fa20, 0, 0;
t_0 ;
    %ix/load 3, 1, 0; address
    %ix/load 0, 8, 0; word width
    %ix/load 1, 0, 0; part off
    %assign/av v0x1b6fa20, 0, 0;
t_1 ;
    %ix/load 3, 2, 0; address
    %ix/load 0, 8, 0; word width
    %ix/load 1, 0, 0; part off
    %assign/av v0x1b6fa20, 0, 0;
t_2 ;
    %ix/load 3, 3, 0; address
    %ix/load 0, 8, 0; word width
    %ix/load 1, 0, 0; part off
    %assign/av v0x1b6fa20, 0, 0;
t_3 ;
    %ix/load 3, 4, 0; address
    %ix/load 0, 8, 0; word width
    %ix/load 1, 0, 0; part off
    %assign/av v0x1b6fa20, 0, 0;
t_4 ;
    %ix/load 3, 5, 0; address
    %ix/load 0, 8, 0; word width
    %ix/load 1, 0, 0; part off
    %assign/av v0x1b6fa20, 0, 0;
t_5 ;
    %ix/load 3, 6, 0; address
    %ix/load 0, 8, 0; word width
    %ix/load 1, 0, 0; part off
    %assign/av v0x1b6fa20, 0, 0;
t_6 ;
    %ix/load 3, 7, 0; address
    %ix/load 0, 8, 0; word width
    %ix/load 1, 0, 0; part off
    %assign/av v0x1b6fa20, 0, 0;
t_7 ;
T_0.0 ;
    %jmp T_0;
    .thread T_0, $push;
    .scope S_0x1b53e20;
T_1 ;
    %wait E_0x1b53f10;
    %load/v 8, v0x1b6fce0_0, 1;
    %mov 9, 0, 2;
    %cmpi/u 8, 1, 3;
    %mov 8, 4, 1;
    %load/v 9, v0x1b6fc40_0, 1;
    %mov 10, 0, 1;
    %cmpi/u 9, 0, 2;
    %mov 9, 4, 1;
    %and 8, 9, 1;
    %jmp/0xz  T_1.0, 8;
    %delay 2, 0;
    %load/v 8, v0x1b6f610_0, 8;
    %ix/getv 3, v0x1b6f6b0_0;
    %jmp/1 t_8, 4;
    %ix/load 0, 8, 0; word width
    %ix/load 1, 0, 0; part off
    %assign/av v0x1b6fa20, 0, 8;
t_8 ;
T_1.0 ;
    %jmp T_1;
    .thread T_1;
    .scope S_0x1b53e20;
T_2 ;
    %wait E_0x1b5a060;
    %delay 2, 0;
    %ix/getv 3, v0x1b6f800_0;
    %load/av 8, v0x1b6fa20, 8;
    %ix/load 0, 8, 0;
    %assign/v0 v0x1b6f750_0, 0, 8;
    %ix/getv 3, v0x1b6f980_0;
    %load/av 8, v0x1b6fa20, 8;
    %ix/load 0, 8, 0;
    %assign/v0 v0x1b6f8a0_0, 0, 8;
    %jmp T_2;
    .thread T_2, $push;
    .scope S_0x1b5a130;
T_3 ;
    %set/v v0x1b6fde0_0, 1, 1;
    %vpi_call 2 15 "$dumpfile", "waveDump.vcd";
    %vpi_call 2 16 "$dumpvars", 2'sb01, S_0x1b5a130;
    %set/v v0x1b70170_0, 0, 1;
    %set/v v0x1b702a0_0, 0, 1;
    %delay 1, 0;
    %set/v v0x1b70170_0, 1, 1;
    %set/v v0x1b6fe80_0, 0, 3;
    %movi 8, 4, 3;
    %set/v v0x1b6ff30_0, 8, 3;
    %delay 8, 0;
    %set/v v0x1b70170_0, 0, 1;
    %delay 11, 0;
    %movi 8, 2, 3;
    %set/v v0x1b6fe80_0, 8, 3;
    %movi 8, 2, 3;
    %set/v v0x1b70350_0, 8, 3;
    %movi 8, 95, 8;
    %set/v v0x1b701f0_0, 8, 8;
    %set/v v0x1b702a0_0, 1, 1;
    %delay 10, 0;
    %set/v v0x1b702a0_0, 0, 1;
    %delay 1, 0;
    %movi 8, 2, 3;
    %set/v v0x1b6fe80_0, 8, 3;
    %delay 9, 0;
    %movi 8, 1, 3;
    %set/v v0x1b70350_0, 8, 3;
    %movi 8, 28, 8;
    %set/v v0x1b701f0_0, 8, 8;
    %set/v v0x1b702a0_0, 1, 1;
    %movi 8, 1, 3;
    %set/v v0x1b6fe80_0, 8, 3;
    %delay 10, 0;
    %set/v v0x1b702a0_0, 0, 1;
    %delay 10, 0;
    %movi 8, 4, 3;
    %set/v v0x1b70350_0, 8, 3;
    %movi 8, 6, 8;
    %set/v v0x1b701f0_0, 8, 8;
    %set/v v0x1b702a0_0, 1, 1;
    %delay 10, 0;
    %movi 8, 15, 8;
    %set/v v0x1b701f0_0, 8, 8;
    %set/v v0x1b702a0_0, 1, 1;
    %delay 10, 0;
    %set/v v0x1b702a0_0, 0, 1;
    %delay 6, 0;
    %movi 8, 1, 3;
    %set/v v0x1b70350_0, 8, 3;
    %movi 8, 50, 8;
    %set/v v0x1b701f0_0, 8, 8;
    %set/v v0x1b702a0_0, 1, 1;
    %delay 5, 0;
    %set/v v0x1b702a0_0, 0, 1;
    %delay 10, 0;
    %vpi_call 2 72 "$finish";
    %end;
    .thread T_3;
    .scope S_0x1b5a130;
T_4 ;
    %delay 5, 0;
    %load/v 8, v0x1b6fde0_0, 1;
    %inv 8, 1;
    %set/v v0x1b6fde0_0, 8, 1;
    %jmp T_4;
    .thread T_4;
# The file index is used to find the file name in the following table.
:file_names 4;
    "N/A";
    "<interactive>";
    "./reg_file_tb_groundtruth.v";
    "./register.v";
