#! /usr/bin/vvp
:ivl_version "0.9.7 " "(v0_9_7)";
:vpi_time_precision + 0;
:vpi_module "system";
:vpi_module "v2005_math";
:vpi_module "va_math";
S_0x1157f20 .scope module, "reg_file_tb_groundtruth" "reg_file_tb_groundtruth" 2 1;
 .timescale 0 0;
v0x116d480_0 .var "CLK", 0 0;
v0x116d520_0 .var "READREG1", 2 0;
v0x116d5d0_0 .var "READREG2", 2 0;
v0x116d680_0 .net "REGOUT1", 7 0, v0x116cd50_0; 1 drivers
v0x116d760_0 .net "REGOUT2", 7 0, v0x116cea0_0; 1 drivers
v0x116d810_0 .var "RESET", 0 0;
v0x116d890_0 .var "WRITEDATA", 7 0;
v0x116d940_0 .var "WRITEENABLE", 0 0;
v0x116d9f0_0 .var "WRITEREG", 2 0;
S_0x112e680 .scope module, "myregfile" "reg_file" 2 8, 3 1, S_0x1157f20;
 .timescale 0 0;
v0x112e7d0_0 .net "CLK", 0 0, v0x116d480_0; 1 drivers
v0x116cc10_0 .net "IN", 7 0, v0x116d890_0; 1 drivers
v0x116ccb0_0 .net "INADDRESS", 2 0, v0x116d9f0_0; 1 drivers
v0x116cd50_0 .var "OUT1", 7 0;
v0x116ce00_0 .net "OUT1ADDRESS", 2 0, v0x116d520_0; 1 drivers
v0x116cea0_0 .var "OUT2", 7 0;
v0x116cf80_0 .net "OUT2ADDRESS", 2 0, v0x116d5d0_0; 1 drivers
v0x116d020_0 .net "RESET", 0 0, v0x116d810_0; 1 drivers
v0x116d110 .array "Register", 0 7, 7 0;
v0x116d2e0_0 .net "WRITE", 0 0, v0x116d940_0; 1 drivers
v0x116d3e0_0 .var/i "j", 31 0;
E_0x1157e50 .event edge, v0x116d020_0, v0x116d3e0_0;
v0x116d110_0 .array/port v0x116d110, 0;
v0x116d110_1 .array/port v0x116d110, 1;
v0x116d110_2 .array/port v0x116d110, 2;
E_0x112e770/0 .event edge, v0x116ce00_0, v0x116d110_0, v0x116d110_1, v0x116d110_2;
v0x116d110_3 .array/port v0x116d110, 3;
v0x116d110_4 .array/port v0x116d110, 4;
v0x116d110_5 .array/port v0x116d110, 5;
v0x116d110_6 .array/port v0x116d110, 6;
E_0x112e770/1 .event edge, v0x116d110_3, v0x116d110_4, v0x116d110_5, v0x116d110_6;
v0x116d110_7 .array/port v0x116d110, 7;
E_0x112e770/2 .event edge, v0x116d110_7, v0x116cf80_0;
E_0x112e770 .event/or E_0x112e770/0, E_0x112e770/1, E_0x112e770/2;
E_0x112e7a0 .event posedge, v0x112e7d0_0;
    .scope S_0x112e680;
T_0 ;
    %wait E_0x112e7a0;
    %load/v 8, v0x116d2e0_0, 1;
    %jmp/0xz  T_0.0, 8;
    %delay 2, 0;
    %load/v 8, v0x116cc10_0, 8;
    %ix/getv 3, v0x116ccb0_0;
    %jmp/1 t_0, 4;
    %ix/load 0, 8, 0; word width
    %ix/load 1, 0, 0; part off
    %assign/av v0x116d110, 0, 8;
t_0 ;
T_0.0 ;
    %jmp T_0;
    .thread T_0;
    .scope S_0x112e680;
T_1 ;
    %wait E_0x112e770;
    %delay 2, 0;
    %ix/getv 3, v0x116ce00_0;
    %load/av 8, v0x116d110, 8;
    %ix/load 0, 8, 0;
    %assign/v0 v0x116cd50_0, 0, 8;
    %ix/getv 3, v0x116cf80_0;
    %load/av 8, v0x116d110, 8;
    %ix/load 0, 8, 0;
    %assign/v0 v0x116cea0_0, 0, 8;
    %jmp T_1;
    .thread T_1, $push;
    .scope S_0x112e680;
T_2 ;
    %wait E_0x1157e50;
    %load/v 8, v0x116d020_0, 1;
    %jmp/0xz  T_2.0, 8;
    %delay 2, 0;
    %set/v v0x116d3e0_0, 0, 32;
T_2.2 ;
    %load/v 8, v0x116d3e0_0, 32;
   %cmpi/s 8, 7, 32;
    %or 5, 4, 1;
    %jmp/0xz T_2.3, 5;
    %ix/getv/s 3, v0x116d3e0_0;
    %jmp/1 t_1, 4;
    %ix/load 0, 8, 0; word width
    %ix/load 1, 0, 0; part off
    %assign/av v0x116d110, 0, 0;
t_1 ;
    %ix/load 0, 1, 0;
    %load/vp0/s 8, v0x116d3e0_0, 32;
    %set/v v0x116d3e0_0, 8, 32;
    %jmp T_2.2;
T_2.3 ;
T_2.0 ;
    %jmp T_2;
    .thread T_2, $push;
    .scope S_0x1157f20;
T_3 ;
    %set/v v0x116d480_0, 1, 1;
    %vpi_call 2 15 "$dumpfile", "waveDump.vcd";
    %vpi_call 2 16 "$dumpvars", 2'sb01, S_0x1157f20;
    %set/v v0x116d810_0, 0, 1;
    %set/v v0x116d940_0, 0, 1;
    %delay 1, 0;
    %set/v v0x116d810_0, 1, 1;
    %set/v v0x116d520_0, 0, 3;
    %movi 8, 4, 3;
    %set/v v0x116d5d0_0, 8, 3;
    %delay 8, 0;
    %set/v v0x116d810_0, 0, 1;
    %delay 11, 0;
    %movi 8, 2, 3;
    %set/v v0x116d520_0, 8, 3;
    %movi 8, 2, 3;
    %set/v v0x116d9f0_0, 8, 3;
    %movi 8, 95, 8;
    %set/v v0x116d890_0, 8, 8;
    %set/v v0x116d940_0, 1, 1;
    %delay 10, 0;
    %set/v v0x116d940_0, 0, 1;
    %delay 1, 0;
    %movi 8, 2, 3;
    %set/v v0x116d520_0, 8, 3;
    %delay 9, 0;
    %movi 8, 1, 3;
    %set/v v0x116d9f0_0, 8, 3;
    %movi 8, 28, 8;
    %set/v v0x116d890_0, 8, 8;
    %set/v v0x116d940_0, 1, 1;
    %movi 8, 1, 3;
    %set/v v0x116d520_0, 8, 3;
    %delay 10, 0;
    %set/v v0x116d940_0, 0, 1;
    %delay 10, 0;
    %movi 8, 4, 3;
    %set/v v0x116d9f0_0, 8, 3;
    %movi 8, 6, 8;
    %set/v v0x116d890_0, 8, 8;
    %set/v v0x116d940_0, 1, 1;
    %delay 10, 0;
    %movi 8, 15, 8;
    %set/v v0x116d890_0, 8, 8;
    %set/v v0x116d940_0, 1, 1;
    %delay 10, 0;
    %set/v v0x116d940_0, 0, 1;
    %delay 6, 0;
    %movi 8, 1, 3;
    %set/v v0x116d9f0_0, 8, 3;
    %movi 8, 50, 8;
    %set/v v0x116d890_0, 8, 8;
    %set/v v0x116d940_0, 1, 1;
    %delay 5, 0;
    %set/v v0x116d940_0, 0, 1;
    %delay 10, 0;
    %vpi_call 2 72 "$finish";
    %end;
    .thread T_3;
    .scope S_0x1157f20;
T_4 ;
    %delay 5, 0;
    %load/v 8, v0x116d480_0, 1;
    %inv 8, 1;
    %set/v v0x116d480_0, 8, 1;
    %jmp T_4;
    .thread T_4;
# The file index is used to find the file name in the following table.
:file_names 4;
    "N/A";
    "<interactive>";
    "./reg_file_tb_groundtruth.v";
    "./reg_file.v";
