#! /usr/bin/vvp
:ivl_version "0.9.7 " "(v0_9_7)";
:vpi_time_precision + 0;
:vpi_module "system";
:vpi_module "v2005_math";
:vpi_module "va_math";
S_0x1e76790 .scope module, "reg_file_tb" "reg_file_tb" 2 4;
 .timescale 0 0;
v0x1ecd520_0 .var "CLOCK", 0 0;
v0x1ecd5a0_0 .var "IN", 7 0;
v0x1ecd620_0 .var "INADDRESS", 2 0;
v0x1ecd6d0_0 .net "OUT1", 7 0, v0x1ecc8c0_0; 1 drivers
v0x1ecd7b0_0 .var "OUT1ADDRESS", 2 0;
v0x1ecd860_0 .net "OUT2", 7 0, v0x1ecca10_0; 1 drivers
v0x1ecd8e0_0 .var "OUT2ADDRESS", 2 0;
v0x1ecd990_0 .var "RESET", 0 0;
v0x1ecda40_0 .var "WRITE", 0 0;
S_0x1eb4320 .scope module, "myregfile" "reg_file" 2 11, 3 1, S_0x1e76790;
 .timescale 0 0;
L_0x1eccda0 .functor NOT 1, v0x1ecda40_0, C4<0>, C4<0>, C4<0>;
v0x1eb4470_0 .net "CLOCK", 0 0, v0x1ecd520_0; 1 drivers
v0x1ecc780_0 .net "IN", 7 0, v0x1ecd5a0_0; 1 drivers
v0x1ecc820_0 .net "INADDRESS", 2 0, v0x1ecd620_0; 1 drivers
v0x1ecc8c0_0 .var "OUT1", 7 0;
v0x1ecc970_0 .net "OUT1ADDRESS", 2 0, v0x1ecd7b0_0; 1 drivers
v0x1ecca10_0 .var "OUT2", 7 0;
v0x1eccaf0_0 .net "OUT2ADDRESS", 2 0, v0x1ecd8e0_0; 1 drivers
v0x1eccb90_0 .net "RESET", 0 0, v0x1ecd990_0; 1 drivers
v0x1eccc80_0 .var "Regout0", 7 0;
v0x1eccd20_0 .var "Regout1", 7 0;
v0x1ecce20_0 .var "Regout2", 7 0;
v0x1eccec0_0 .var "Regout3", 7 0;
v0x1eccfd0_0 .var "Regout4", 7 0;
v0x1ecd070_0 .var "Regout5", 7 0;
v0x1ecd190_0 .var "Regout6", 7 0;
v0x1ecd230_0 .var "Regout7", 7 0;
v0x1ecd0f0_0 .net "WRITE", 0 0, v0x1ecda40_0; 1 drivers
v0x1ecd380_0 .net *"_s5", 0 0, L_0x1eccda0; 1 drivers
v0x1ecd4a0_0 .net *"_s8", 1 0, L_0x1ecdb70; 1 drivers
E_0x1e766c0/0 .event edge, v0x1eccaf0_0, v0x1ecc970_0;
E_0x1e766c0/1 .event posedge, L_0x1ecdb70;
E_0x1e766c0 .event/or E_0x1e766c0/0, E_0x1e766c0/1;
E_0x1eb4410 .event posedge, v0x1eb4470_0;
E_0x1eb4440 .event posedge, v0x1eccb90_0;
L_0x1ecdb70 .arith/mult 2, v0x1ecd520_0, L_0x1eccda0;
    .scope S_0x1eb4320;
T_0 ;
    %wait E_0x1eb4440;
    %delay 4, 0;
    %set/v v0x1eccc80_0, 0, 8;
    %set/v v0x1eccd20_0, 0, 8;
    %set/v v0x1ecce20_0, 0, 8;
    %set/v v0x1eccec0_0, 0, 8;
    %set/v v0x1eccfd0_0, 0, 8;
    %set/v v0x1ecd070_0, 0, 8;
    %set/v v0x1ecd190_0, 0, 8;
    %set/v v0x1ecd230_0, 0, 8;
    %set/v v0x1ecc8c0_0, 0, 8;
    %set/v v0x1ecca10_0, 0, 8;
    %jmp T_0;
    .thread T_0;
    .scope S_0x1eb4320;
T_1 ;
    %wait E_0x1eb4410;
    %load/v 8, v0x1ecd0f0_0, 1;
    %jmp/0xz  T_1.0, 8;
    %delay 2, 0;
    %load/v 8, v0x1ecc820_0, 3;
    %cmpi/u 8, 0, 3;
    %jmp/1 T_1.2, 6;
    %cmpi/u 8, 1, 3;
    %jmp/1 T_1.3, 6;
    %cmpi/u 8, 2, 3;
    %jmp/1 T_1.4, 6;
    %cmpi/u 8, 3, 3;
    %jmp/1 T_1.5, 6;
    %cmpi/u 8, 4, 3;
    %jmp/1 T_1.6, 6;
    %cmpi/u 8, 5, 3;
    %jmp/1 T_1.7, 6;
    %cmpi/u 8, 6, 3;
    %jmp/1 T_1.8, 6;
    %cmpi/u 8, 7, 3;
    %jmp/1 T_1.9, 6;
    %jmp T_1.10;
T_1.2 ;
    %load/v 8, v0x1ecc780_0, 8;
    %set/v v0x1eccc80_0, 8, 8;
    %jmp T_1.10;
T_1.3 ;
    %load/v 8, v0x1ecc780_0, 8;
    %set/v v0x1eccd20_0, 8, 8;
    %jmp T_1.10;
T_1.4 ;
    %load/v 8, v0x1ecc780_0, 8;
    %set/v v0x1ecce20_0, 8, 8;
    %jmp T_1.10;
T_1.5 ;
    %load/v 8, v0x1ecc780_0, 8;
    %set/v v0x1eccec0_0, 8, 8;
    %jmp T_1.10;
T_1.6 ;
    %load/v 8, v0x1ecc780_0, 8;
    %set/v v0x1eccfd0_0, 8, 8;
    %jmp T_1.10;
T_1.7 ;
    %load/v 8, v0x1ecc780_0, 8;
    %set/v v0x1ecd070_0, 8, 8;
    %jmp T_1.10;
T_1.8 ;
    %load/v 8, v0x1ecc780_0, 8;
    %set/v v0x1ecd190_0, 8, 8;
    %jmp T_1.10;
T_1.9 ;
    %load/v 8, v0x1ecc780_0, 8;
    %set/v v0x1ecd230_0, 8, 8;
    %jmp T_1.10;
T_1.10 ;
T_1.0 ;
    %delay 2, 0;
    %load/v 8, v0x1ecc970_0, 3;
    %cmpi/u 8, 0, 3;
    %jmp/1 T_1.11, 6;
    %cmpi/u 8, 1, 3;
    %jmp/1 T_1.12, 6;
    %cmpi/u 8, 2, 3;
    %jmp/1 T_1.13, 6;
    %cmpi/u 8, 3, 3;
    %jmp/1 T_1.14, 6;
    %cmpi/u 8, 4, 3;
    %jmp/1 T_1.15, 6;
    %cmpi/u 8, 5, 3;
    %jmp/1 T_1.16, 6;
    %cmpi/u 8, 6, 3;
    %jmp/1 T_1.17, 6;
    %cmpi/u 8, 7, 3;
    %jmp/1 T_1.18, 6;
    %jmp T_1.19;
T_1.11 ;
    %load/v 8, v0x1eccc80_0, 8;
    %set/v v0x1ecc8c0_0, 8, 8;
    %jmp T_1.19;
T_1.12 ;
    %load/v 8, v0x1eccd20_0, 8;
    %set/v v0x1ecc8c0_0, 8, 8;
    %jmp T_1.19;
T_1.13 ;
    %load/v 8, v0x1ecce20_0, 8;
    %set/v v0x1ecc8c0_0, 8, 8;
    %jmp T_1.19;
T_1.14 ;
    %load/v 8, v0x1eccec0_0, 8;
    %set/v v0x1ecc8c0_0, 8, 8;
    %jmp T_1.19;
T_1.15 ;
    %load/v 8, v0x1eccfd0_0, 8;
    %set/v v0x1ecc8c0_0, 8, 8;
    %jmp T_1.19;
T_1.16 ;
    %load/v 8, v0x1ecd070_0, 8;
    %set/v v0x1ecc8c0_0, 8, 8;
    %jmp T_1.19;
T_1.17 ;
    %load/v 8, v0x1ecd190_0, 8;
    %set/v v0x1ecc8c0_0, 8, 8;
    %jmp T_1.19;
T_1.18 ;
    %load/v 8, v0x1ecd230_0, 8;
    %set/v v0x1ecc8c0_0, 8, 8;
    %jmp T_1.19;
T_1.19 ;
    %load/v 8, v0x1eccaf0_0, 3;
    %cmpi/u 8, 0, 3;
    %jmp/1 T_1.20, 6;
    %cmpi/u 8, 1, 3;
    %jmp/1 T_1.21, 6;
    %cmpi/u 8, 2, 3;
    %jmp/1 T_1.22, 6;
    %cmpi/u 8, 3, 3;
    %jmp/1 T_1.23, 6;
    %cmpi/u 8, 4, 3;
    %jmp/1 T_1.24, 6;
    %cmpi/u 8, 5, 3;
    %jmp/1 T_1.25, 6;
    %cmpi/u 8, 6, 3;
    %jmp/1 T_1.26, 6;
    %cmpi/u 8, 7, 3;
    %jmp/1 T_1.27, 6;
    %jmp T_1.28;
T_1.20 ;
    %load/v 8, v0x1eccc80_0, 8;
    %set/v v0x1ecca10_0, 8, 8;
    %jmp T_1.28;
T_1.21 ;
    %load/v 8, v0x1eccd20_0, 8;
    %set/v v0x1ecca10_0, 8, 8;
    %jmp T_1.28;
T_1.22 ;
    %load/v 8, v0x1ecce20_0, 8;
    %set/v v0x1ecca10_0, 8, 8;
    %jmp T_1.28;
T_1.23 ;
    %load/v 8, v0x1eccec0_0, 8;
    %set/v v0x1ecca10_0, 8, 8;
    %jmp T_1.28;
T_1.24 ;
    %load/v 8, v0x1eccfd0_0, 8;
    %set/v v0x1ecca10_0, 8, 8;
    %jmp T_1.28;
T_1.25 ;
    %load/v 8, v0x1ecd070_0, 8;
    %set/v v0x1ecca10_0, 8, 8;
    %jmp T_1.28;
T_1.26 ;
    %load/v 8, v0x1ecd190_0, 8;
    %set/v v0x1ecca10_0, 8, 8;
    %jmp T_1.28;
T_1.27 ;
    %load/v 8, v0x1ecd230_0, 8;
    %set/v v0x1ecca10_0, 8, 8;
    %jmp T_1.28;
T_1.28 ;
    %jmp T_1;
    .thread T_1;
    .scope S_0x1eb4320;
T_2 ;
    %wait E_0x1e766c0;
    %delay 2, 0;
    %load/v 8, v0x1ecc970_0, 3;
    %cmpi/u 8, 0, 3;
    %jmp/1 T_2.0, 6;
    %cmpi/u 8, 1, 3;
    %jmp/1 T_2.1, 6;
    %cmpi/u 8, 2, 3;
    %jmp/1 T_2.2, 6;
    %cmpi/u 8, 3, 3;
    %jmp/1 T_2.3, 6;
    %cmpi/u 8, 4, 3;
    %jmp/1 T_2.4, 6;
    %cmpi/u 8, 5, 3;
    %jmp/1 T_2.5, 6;
    %cmpi/u 8, 6, 3;
    %jmp/1 T_2.6, 6;
    %cmpi/u 8, 7, 3;
    %jmp/1 T_2.7, 6;
    %jmp T_2.8;
T_2.0 ;
    %load/v 8, v0x1eccc80_0, 8;
    %set/v v0x1ecc8c0_0, 8, 8;
    %jmp T_2.8;
T_2.1 ;
    %load/v 8, v0x1eccd20_0, 8;
    %set/v v0x1ecc8c0_0, 8, 8;
    %jmp T_2.8;
T_2.2 ;
    %load/v 8, v0x1ecce20_0, 8;
    %set/v v0x1ecc8c0_0, 8, 8;
    %jmp T_2.8;
T_2.3 ;
    %load/v 8, v0x1eccec0_0, 8;
    %set/v v0x1ecc8c0_0, 8, 8;
    %jmp T_2.8;
T_2.4 ;
    %load/v 8, v0x1eccfd0_0, 8;
    %set/v v0x1ecc8c0_0, 8, 8;
    %jmp T_2.8;
T_2.5 ;
    %load/v 8, v0x1ecd070_0, 8;
    %set/v v0x1ecc8c0_0, 8, 8;
    %jmp T_2.8;
T_2.6 ;
    %load/v 8, v0x1ecd190_0, 8;
    %set/v v0x1ecc8c0_0, 8, 8;
    %jmp T_2.8;
T_2.7 ;
    %load/v 8, v0x1ecd230_0, 8;
    %set/v v0x1ecc8c0_0, 8, 8;
    %jmp T_2.8;
T_2.8 ;
    %load/v 8, v0x1eccaf0_0, 3;
    %cmpi/u 8, 0, 3;
    %jmp/1 T_2.9, 6;
    %cmpi/u 8, 1, 3;
    %jmp/1 T_2.10, 6;
    %cmpi/u 8, 2, 3;
    %jmp/1 T_2.11, 6;
    %cmpi/u 8, 3, 3;
    %jmp/1 T_2.12, 6;
    %cmpi/u 8, 4, 3;
    %jmp/1 T_2.13, 6;
    %cmpi/u 8, 5, 3;
    %jmp/1 T_2.14, 6;
    %cmpi/u 8, 6, 3;
    %jmp/1 T_2.15, 6;
    %cmpi/u 8, 7, 3;
    %jmp/1 T_2.16, 6;
    %jmp T_2.17;
T_2.9 ;
    %load/v 8, v0x1eccc80_0, 8;
    %set/v v0x1ecca10_0, 8, 8;
    %jmp T_2.17;
T_2.10 ;
    %load/v 8, v0x1eccd20_0, 8;
    %set/v v0x1ecca10_0, 8, 8;
    %jmp T_2.17;
T_2.11 ;
    %load/v 8, v0x1ecce20_0, 8;
    %set/v v0x1ecca10_0, 8, 8;
    %jmp T_2.17;
T_2.12 ;
    %load/v 8, v0x1eccec0_0, 8;
    %set/v v0x1ecca10_0, 8, 8;
    %jmp T_2.17;
T_2.13 ;
    %load/v 8, v0x1eccfd0_0, 8;
    %set/v v0x1ecca10_0, 8, 8;
    %jmp T_2.17;
T_2.14 ;
    %load/v 8, v0x1ecd070_0, 8;
    %set/v v0x1ecca10_0, 8, 8;
    %jmp T_2.17;
T_2.15 ;
    %load/v 8, v0x1ecd190_0, 8;
    %set/v v0x1ecca10_0, 8, 8;
    %jmp T_2.17;
T_2.16 ;
    %load/v 8, v0x1ecd230_0, 8;
    %set/v v0x1ecca10_0, 8, 8;
    %jmp T_2.17;
T_2.17 ;
    %jmp T_2;
    .thread T_2;
    .scope S_0x1e76790;
T_3 ;
    %set/v v0x1ecd520_0, 1, 1;
    %vpi_call 2 17 "$dumpfile", "reg_file_wavedata.vcd";
    %vpi_call 2 18 "$dumpvars", 1'sb0, S_0x1e76790;
    %delay 1, 0;
    %set/v v0x1ecd990_0, 0, 1;
    %set/v v0x1ecda40_0, 0, 1;
    %delay 1, 0;
    %set/v v0x1ecd990_0, 1, 1;
    %delay 1, 0;
    %set/v v0x1ecd990_0, 0, 1;
    %delay 5, 0;
    %set/v v0x1ecda40_0, 1, 1;
    %movi 8, 3, 3;
    %set/v v0x1ecd620_0, 8, 3;
    %movi 8, 15, 8;
    %set/v v0x1ecd5a0_0, 8, 8;
    %movi 8, 3, 3;
    %set/v v0x1ecd7b0_0, 8, 3;
    %delay 7, 0;
    %set/v v0x1ecda40_0, 1, 1;
    %movi 8, 1, 3;
    %set/v v0x1ecd620_0, 8, 3;
    %movi 8, 13, 8;
    %set/v v0x1ecd5a0_0, 8, 8;
    %delay 3, 0;
    %set/v v0x1ecda40_0, 0, 1;
    %delay 2, 0;
    %set/v v0x1ecda40_0, 1, 1;
    %set/v v0x1ecd620_0, 1, 3;
    %movi 8, 42, 8;
    %set/v v0x1ecd5a0_0, 8, 8;
    %set/v v0x1ecd8e0_0, 1, 3;
    %delay 3, 0;
    %movi 8, 1, 3;
    %set/v v0x1ecd7b0_0, 8, 3;
    %delay 10, 0;
    %vpi_call 2 55 "$finish";
    %end;
    .thread T_3;
    .scope S_0x1e76790;
T_4 ;
    %delay 5, 0;
    %load/v 8, v0x1ecd520_0, 1;
    %inv 8, 1;
    %set/v v0x1ecd520_0, 8, 1;
    %jmp T_4;
    .thread T_4;
# The file index is used to find the file name in the following table.
:file_names 4;
    "N/A";
    "<interactive>";
    "reg_file_tb.v";
    "./reg_file.v";
