#! /usr/bin/vvp
:ivl_version "0.9.7 " "(v0_9_7)";
:vpi_time_precision + 0;
:vpi_module "system";
:vpi_module "v2005_math";
:vpi_module "va_math";
S_0x1471780 .scope module, "reg_file_tb_groundtruth" "reg_file_tb_groundtruth" 2 1;
 .timescale 0 0;
v0x14afec0_0 .var "CLK", 0 0;
v0x14aff60_0 .var "READREG1", 2 0;
v0x14b0010_0 .var "READREG2", 2 0;
v0x14b00c0_0 .net "REGOUT1", 7 0, v0x14af7e0_0; 1 drivers
v0x14b01a0_0 .net "REGOUT2", 7 0, v0x14af930_0; 1 drivers
v0x14b0250_0 .var "RESET", 0 0;
v0x14b02d0_0 .var "WRITEDATA", 7 0;
v0x14b0380_0 .var "WRITEENABLE", 0 0;
v0x14b0480_0 .var "WRITEREG", 2 0;
S_0x1499310 .scope module, "myregfile" "reg_file" 2 8, 3 4, S_0x1471780;
 .timescale 0 0;
v0x1499430_0 .net "CLK", 0 0, v0x14afec0_0; 1 drivers
v0x14af6a0_0 .net "IN", 7 0, v0x14b02d0_0; 1 drivers
v0x14af740_0 .net "INADDRESS", 2 0, v0x14b0480_0; 1 drivers
v0x14af7e0_0 .var "OUT1", 7 0;
v0x14af890_0 .net "OUT1ADDRESS", 2 0, v0x14aff60_0; 1 drivers
v0x14af930_0 .var "OUT2", 7 0;
v0x14afa10_0 .net "OUT2ADDRESS", 2 0, v0x14b0010_0; 1 drivers
v0x14afab0_0 .net "RESET", 0 0, v0x14b0250_0; 1 drivers
v0x14afba0_0 .net "WRITE", 0 0, v0x14b0380_0; 1 drivers
v0x14afc40_0 .var/i "i", 31 0;
v0x14afd40 .array "rfile", 0 7, 7 0;
v0x14afd40_0 .array/port v0x14afd40, 0;
v0x14afd40_1 .array/port v0x14afd40, 1;
v0x14afd40_2 .array/port v0x14afd40, 2;
E_0x14716b0/0 .event edge, v0x14af890_0, v0x14afd40_0, v0x14afd40_1, v0x14afd40_2;
v0x14afd40_3 .array/port v0x14afd40, 3;
v0x14afd40_4 .array/port v0x14afd40, 4;
v0x14afd40_5 .array/port v0x14afd40, 5;
v0x14afd40_6 .array/port v0x14afd40, 6;
E_0x14716b0/1 .event edge, v0x14afd40_3, v0x14afd40_4, v0x14afd40_5, v0x14afd40_6;
v0x14afd40_7 .array/port v0x14afd40, 7;
E_0x14716b0/2 .event edge, v0x14afd40_7, v0x14afa10_0;
E_0x14716b0 .event/or E_0x14716b0/0, E_0x14716b0/1, E_0x14716b0/2;
E_0x1499400/0 .event edge, v0x14afab0_0;
E_0x1499400/1 .event posedge, v0x1499430_0;
E_0x1499400 .event/or E_0x1499400/0, E_0x1499400/1;
    .scope S_0x1499310;
T_0 ;
    %wait E_0x1499400;
    %load/v 8, v0x14afab0_0, 1;
    %jmp/0xz  T_0.0, 8;
    %delay 2, 0;
    %set/v v0x14afc40_0, 0, 32;
T_0.2 ;
    %load/v 8, v0x14afc40_0, 32;
   %cmpi/s 8, 7, 32;
    %or 5, 4, 1;
    %jmp/0xz T_0.3, 5;
    %ix/getv/s 3, v0x14afc40_0;
   %jmp/1 t_0, 4;
   %ix/load 1, 0, 0;
   %set/av v0x14afd40, 0, 8;
t_0 ;
    %ix/load 0, 1, 0;
    %load/vp0/s 8, v0x14afc40_0, 32;
    %set/v v0x14afc40_0, 8, 32;
    %jmp T_0.2;
T_0.3 ;
    %jmp T_0.1;
T_0.0 ;
    %load/v 8, v0x14afba0_0, 1;
    %jmp/0xz  T_0.4, 8;
    %delay 2, 0;
    %load/v 8, v0x14af6a0_0, 8;
    %ix/getv 3, v0x14af740_0;
   %jmp/1 t_1, 4;
   %ix/load 1, 0, 0;
   %set/av v0x14afd40, 8, 8;
t_1 ;
T_0.4 ;
T_0.1 ;
    %jmp T_0;
    .thread T_0;
    .scope S_0x1499310;
T_1 ;
    %wait E_0x14716b0;
    %delay 2, 0;
    %ix/getv 3, v0x14af890_0;
    %load/av 8, v0x14afd40, 8;
    %set/v v0x14af7e0_0, 8, 8;
    %ix/getv 3, v0x14afa10_0;
    %load/av 8, v0x14afd40, 8;
    %set/v v0x14af930_0, 8, 8;
    %jmp T_1;
    .thread T_1, $push;
    .scope S_0x1471780;
T_2 ;
    %set/v v0x14afec0_0, 1, 1;
    %vpi_call 2 15 "$dumpfile", "waveDump.vcd";
    %vpi_call 2 16 "$dumpvars", 2'sb01, S_0x1471780;
    %set/v v0x14b0250_0, 0, 1;
    %set/v v0x14b0380_0, 0, 1;
    %delay 1, 0;
    %set/v v0x14b0250_0, 1, 1;
    %set/v v0x14aff60_0, 0, 3;
    %movi 8, 4, 3;
    %set/v v0x14b0010_0, 8, 3;
    %delay 8, 0;
    %set/v v0x14b0250_0, 0, 1;
    %delay 11, 0;
    %movi 8, 2, 3;
    %set/v v0x14aff60_0, 8, 3;
    %movi 8, 2, 3;
    %set/v v0x14b0480_0, 8, 3;
    %movi 8, 95, 8;
    %set/v v0x14b02d0_0, 8, 8;
    %set/v v0x14b0380_0, 1, 1;
    %delay 10, 0;
    %set/v v0x14b0380_0, 0, 1;
    %delay 1, 0;
    %movi 8, 2, 3;
    %set/v v0x14aff60_0, 8, 3;
    %delay 9, 0;
    %movi 8, 1, 3;
    %set/v v0x14b0480_0, 8, 3;
    %movi 8, 28, 8;
    %set/v v0x14b02d0_0, 8, 8;
    %set/v v0x14b0380_0, 1, 1;
    %movi 8, 1, 3;
    %set/v v0x14aff60_0, 8, 3;
    %delay 10, 0;
    %set/v v0x14b0380_0, 0, 1;
    %delay 10, 0;
    %movi 8, 4, 3;
    %set/v v0x14b0480_0, 8, 3;
    %movi 8, 6, 8;
    %set/v v0x14b02d0_0, 8, 8;
    %set/v v0x14b0380_0, 1, 1;
    %delay 10, 0;
    %movi 8, 15, 8;
    %set/v v0x14b02d0_0, 8, 8;
    %set/v v0x14b0380_0, 1, 1;
    %delay 10, 0;
    %set/v v0x14b0380_0, 0, 1;
    %delay 6, 0;
    %movi 8, 1, 3;
    %set/v v0x14b0480_0, 8, 3;
    %movi 8, 50, 8;
    %set/v v0x14b02d0_0, 8, 8;
    %set/v v0x14b0380_0, 1, 1;
    %delay 5, 0;
    %set/v v0x14b0380_0, 0, 1;
    %delay 10, 0;
    %vpi_call 2 72 "$finish";
    %end;
    .thread T_2;
    .scope S_0x1471780;
T_3 ;
    %delay 5, 0;
    %load/v 8, v0x14afec0_0, 1;
    %inv 8, 1;
    %set/v v0x14afec0_0, 8, 1;
    %jmp T_3;
    .thread T_3;
# The file index is used to find the file name in the following table.
:file_names 4;
    "N/A";
    "<interactive>";
    "./reg_file_tb_groundtruth.v";
    "./Lab5_Part2.v";
