#! /usr/bin/vvp
:ivl_version "0.9.7 " "(v0_9_7)";
:vpi_time_precision + 0;
:vpi_module "system";
:vpi_module "v2005_math";
:vpi_module "va_math";
S_0x11adea0 .scope module, "reg_file_tb_groundtruth" "reg_file_tb_groundtruth" 2 1;
 .timescale 0 0;
v0x11ea120_0 .var "CLK", 0 0;
v0x11ea1c0_0 .var "READREG1", 2 0;
v0x11ea270_0 .var "READREG2", 2 0;
v0x11ea320_0 .net "REGOUT1", 7 0, L_0x11e9e70; 1 drivers
v0x11ea400_0 .net "REGOUT2", 7 0, L_0x11ea9c0; 1 drivers
v0x11ea4b0_0 .var "RESET", 0 0;
v0x11ea530_0 .var "WRITEDATA", 7 0;
v0x11ea5e0_0 .var "WRITEENABLE", 0 0;
v0x11ea690_0 .var "WRITEREG", 2 0;
S_0x11d4e20 .scope module, "myregfile" "reg_file" 2 8, 3 1, S_0x11adea0;
 .timescale 0 0;
L_0x11e9e70/d .functor BUFZ 8, L_0x11ea740, C4<00000000>, C4<00000000>, C4<00000000>;
L_0x11e9e70 .delay (2,2,2) L_0x11e9e70/d;
L_0x11ea9c0/d .functor BUFZ 8, L_0x11ea8d0, C4<00000000>, C4<00000000>, C4<00000000>;
L_0x11ea9c0 .delay (2,2,2) L_0x11ea9c0/d;
v0x11ae3e0_0 .net "CLK", 0 0, v0x11ea120_0; 1 drivers
v0x11e9850_0 .net "IN", 7 0, v0x11ea530_0; 1 drivers
v0x11e98f0_0 .net "INADDRESS", 2 0, v0x11ea690_0; 1 drivers
v0x11e9990_0 .alias "OUT1", 7 0, v0x11ea320_0;
v0x11e9a40_0 .net "OUT1ADDRESS", 2 0, v0x11ea1c0_0; 1 drivers
v0x11e9ae0_0 .alias "OUT2", 7 0, v0x11ea400_0;
v0x11e9bc0_0 .net "OUT2ADDRESS", 2 0, v0x11ea270_0; 1 drivers
v0x11e9c60_0 .net "RESET", 0 0, v0x11ea4b0_0; 1 drivers
v0x11e9d50_0 .net "WRITE", 0 0, v0x11ea5e0_0; 1 drivers
v0x11e9df0_0 .net *"_s0", 7 0, L_0x11ea740; 1 drivers
v0x11e9ef0_0 .net *"_s4", 7 0, L_0x11ea8d0; 1 drivers
v0x11e9f90_0 .var/i "i", 31 0;
v0x11ea0a0 .array "register", 7 0, 7 0;
E_0x11adfe0/0 .event edge, v0x11e9c60_0;
E_0x11adfe0/1 .event posedge, v0x11ae3e0_0;
E_0x11adfe0 .event/or E_0x11adfe0/0, E_0x11adfe0/1;
L_0x11ea740 .array/port v0x11ea0a0, v0x11ea1c0_0;
L_0x11ea8d0 .array/port v0x11ea0a0, v0x11ea270_0;
    .scope S_0x11d4e20;
T_0 ;
    %wait E_0x11adfe0;
    %load/v 8, v0x11e9c60_0, 1;
    %mov 9, 0, 2;
    %cmpi/u 8, 1, 3;
    %jmp/0xz  T_0.0, 4;
    %delay 2, 0;
    %set/v v0x11e9f90_0, 0, 32;
T_0.2 ;
    %load/v 8, v0x11e9f90_0, 32;
   %cmpi/s 8, 8, 32;
    %jmp/0xz T_0.3, 5;
    %ix/getv/s 3, v0x11e9f90_0;
   %jmp/1 t_0, 4;
   %ix/load 1, 0, 0;
   %set/av v0x11ea0a0, 0, 8;
t_0 ;
    %ix/load 0, 1, 0;
    %load/vp0/s 8, v0x11e9f90_0, 32;
    %set/v v0x11e9f90_0, 8, 32;
    %jmp T_0.2;
T_0.3 ;
    %jmp T_0.1;
T_0.0 ;
    %load/v 8, v0x11e9d50_0, 1;
    %mov 9, 0, 2;
    %cmpi/u 8, 1, 3;
    %jmp/0xz  T_0.4, 4;
    %delay 2, 0;
    %load/v 8, v0x11e9850_0, 8;
    %ix/getv 3, v0x11e98f0_0;
   %jmp/1 t_1, 4;
   %ix/load 1, 0, 0;
   %set/av v0x11ea0a0, 8, 8;
t_1 ;
T_0.4 ;
T_0.1 ;
    %jmp T_0;
    .thread T_0;
    .scope S_0x11adea0;
T_1 ;
    %set/v v0x11ea120_0, 1, 1;
    %vpi_call 2 15 "$dumpfile", "waveDump.vcd";
    %vpi_call 2 16 "$dumpvars", 2'sb01, S_0x11adea0;
    %set/v v0x11ea4b0_0, 0, 1;
    %set/v v0x11ea5e0_0, 0, 1;
    %delay 1, 0;
    %set/v v0x11ea4b0_0, 1, 1;
    %set/v v0x11ea1c0_0, 0, 3;
    %movi 8, 4, 3;
    %set/v v0x11ea270_0, 8, 3;
    %delay 8, 0;
    %set/v v0x11ea4b0_0, 0, 1;
    %delay 11, 0;
    %movi 8, 2, 3;
    %set/v v0x11ea1c0_0, 8, 3;
    %movi 8, 2, 3;
    %set/v v0x11ea690_0, 8, 3;
    %movi 8, 95, 8;
    %set/v v0x11ea530_0, 8, 8;
    %set/v v0x11ea5e0_0, 1, 1;
    %delay 10, 0;
    %set/v v0x11ea5e0_0, 0, 1;
    %delay 1, 0;
    %movi 8, 2, 3;
    %set/v v0x11ea1c0_0, 8, 3;
    %delay 9, 0;
    %movi 8, 1, 3;
    %set/v v0x11ea690_0, 8, 3;
    %movi 8, 28, 8;
    %set/v v0x11ea530_0, 8, 8;
    %set/v v0x11ea5e0_0, 1, 1;
    %movi 8, 1, 3;
    %set/v v0x11ea1c0_0, 8, 3;
    %delay 10, 0;
    %set/v v0x11ea5e0_0, 0, 1;
    %delay 10, 0;
    %movi 8, 4, 3;
    %set/v v0x11ea690_0, 8, 3;
    %movi 8, 6, 8;
    %set/v v0x11ea530_0, 8, 8;
    %set/v v0x11ea5e0_0, 1, 1;
    %delay 10, 0;
    %movi 8, 15, 8;
    %set/v v0x11ea530_0, 8, 8;
    %set/v v0x11ea5e0_0, 1, 1;
    %delay 10, 0;
    %set/v v0x11ea5e0_0, 0, 1;
    %delay 6, 0;
    %movi 8, 1, 3;
    %set/v v0x11ea690_0, 8, 3;
    %movi 8, 50, 8;
    %set/v v0x11ea530_0, 8, 8;
    %set/v v0x11ea5e0_0, 1, 1;
    %delay 5, 0;
    %set/v v0x11ea5e0_0, 0, 1;
    %delay 10, 0;
    %vpi_call 2 72 "$finish";
    %end;
    .thread T_1;
    .scope S_0x11adea0;
T_2 ;
    %delay 5, 0;
    %load/v 8, v0x11ea120_0, 1;
    %inv 8, 1;
    %set/v v0x11ea120_0, 8, 1;
    %jmp T_2;
    .thread T_2;
# The file index is used to find the file name in the following table.
:file_names 4;
    "N/A";
    "<interactive>";
    "./reg_file_tb_groundtruth.v";
    "./reg_file.v";
