#! /usr/bin/vvp
:ivl_version "0.9.7 " "(v0_9_7)";
:vpi_time_precision + 0;
:vpi_module "system";
:vpi_module "v2005_math";
:vpi_module "va_math";
S_0x9c39a0 .scope module, "testbench" "testbench" 2 1;
 .timescale 0 0;
v0x9f7fa0_0 .var "DATA1_t", 7 0;
v0x9f8070_0 .var "DATA2_t", 7 0;
v0x9f8120_0 .net "RESULT_t", 7 0, v0x9f7e50_0; 1 drivers
v0x9f81d0_0 .var "SELECT_t", 2 0;
S_0x9e5210 .scope module, "myalu" "alu" 2 7, 3 9, S_0x9c39a0;
 .timescale 0 0;
P_0x9e5308 .param/l "ADD" 3 20, C4<001>;
P_0x9e5330 .param/l "AND" 3 21, C4<010>;
P_0x9e5358 .param/l "FORWARD" 3 19, C4<000>;
P_0x9e5380 .param/l "OR" 3 22, C4<011>;
v0x9bef90_0 .net "DATA1", 7 0, v0x9f7fa0_0; 1 drivers
v0x9f7db0_0 .net "DATA2", 7 0, v0x9f8070_0; 1 drivers
v0x9f7e50_0 .var "RESULT", 7 0;
v0x9f7ef0_0 .net "SELECT", 2 0, v0x9f81d0_0; 1 drivers
E_0x9e5790 .event edge, v0x9f7ef0_0, v0x9bef90_0;
    .scope S_0x9e5210;
T_0 ;
    %wait E_0x9e5790;
    %load/v 8, v0x9f7ef0_0, 3;
    %cmpi/u 8, 0, 3;
    %jmp/1 T_0.0, 6;
    %cmpi/u 8, 1, 3;
    %jmp/1 T_0.1, 6;
    %cmpi/u 8, 2, 3;
    %jmp/1 T_0.2, 6;
    %cmpi/u 8, 3, 3;
    %jmp/1 T_0.3, 6;
    %set/v v0x9f7e50_0, 0, 8;
    %vpi_call 3 47 "$display", $time, "s\011WARNING!The opcode %b is unused.Therefore the result produced is %d\012", v0x9f7ef0_0, v0x9f7e50_0;
    %jmp T_0.5;
T_0.0 ;
    %delay 1, 0;
    %load/v 8, v0x9f7db0_0, 8;
    %set/v v0x9f7e50_0, 8, 8;
    %jmp T_0.5;
T_0.1 ;
    %delay 2, 0;
    %load/v 8, v0x9bef90_0, 8;
    %load/v 16, v0x9f7db0_0, 8;
    %add 8, 16, 8;
    %set/v v0x9f7e50_0, 8, 8;
    %jmp T_0.5;
T_0.2 ;
    %delay 1, 0;
    %load/v 8, v0x9bef90_0, 8;
    %load/v 16, v0x9f7db0_0, 8;
    %and 8, 16, 8;
    %set/v v0x9f7e50_0, 8, 8;
    %jmp T_0.5;
T_0.3 ;
    %delay 1, 0;
    %load/v 8, v0x9bef90_0, 8;
    %load/v 16, v0x9f7db0_0, 8;
    %or 8, 16, 8;
    %set/v v0x9f7e50_0, 8, 8;
    %jmp T_0.5;
T_0.5 ;
    %jmp T_0;
    .thread T_0, $push;
    .scope S_0x9c39a0;
T_1 ;
    %vpi_call 2 11 "$monitor", $time, " DATA1_t: %b, DATA2_t: %b, SELECT_t: %b, RESULT_t: %b", v0x9f7fa0_0, v0x9f8070_0, v0x9f81d0_0, v0x9f8120_0;
    %end;
    .thread T_1;
    .scope S_0x9c39a0;
T_2 ;
    %movi 8, 15, 8;
    %set/v v0x9f7fa0_0, 8, 8;
    %movi 8, 240, 8;
    %set/v v0x9f8070_0, 8, 8;
    %movi 8, 1, 3;
    %set/v v0x9f81d0_0, 8, 3;
    %delay 10, 0;
    %movi 8, 2, 3;
    %set/v v0x9f81d0_0, 8, 3;
    %delay 10, 0;
    %movi 8, 3, 3;
    %set/v v0x9f81d0_0, 8, 3;
    %delay 10, 0;
    %movi 8, 171, 8;
    %set/v v0x9f7fa0_0, 8, 8;
    %movi 8, 102, 8;
    %set/v v0x9f8070_0, 8, 8;
    %delay 10, 0;
    %set/v v0x9f81d0_0, 0, 3;
    %delay 10, 0;
    %set/v v0x9f81d0_0, 1, 3;
    %end;
    .thread T_2;
# The file index is used to find the file name in the following table.
:file_names 4;
    "N/A";
    "<interactive>";
    "./alu_tb_gt.v";
    "./alu.v";
