#! /usr/bin/vvp
:ivl_version "0.9.7 " "(v0_9_7)";
:vpi_time_precision + 0;
:vpi_module "system";
:vpi_module "v2005_math";
:vpi_module "va_math";
S_0x236df20 .scope module, "reg_file_tb_groundtruth" "reg_file_tb_groundtruth" 2 1;
 .timescale 0 0;
v0x238c050_0 .var "CLK", 0 0;
v0x238c0f0_0 .var "READREG1", 2 0;
v0x238c1a0_0 .var "READREG2", 2 0;
v0x238c250_0 .net "REGOUT1", 7 0, v0x238b600_0; 1 drivers
v0x238c330_0 .net "REGOUT2", 7 0, v0x238b750_0; 1 drivers
v0x238c3e0_0 .var "RESET", 0 0;
v0x238c460_0 .var "WRITEDATA", 7 0;
v0x238c510_0 .var "WRITEENABLE", 0 0;
v0x238c610_0 .var "WRITEREG", 2 0;
S_0x2344680 .scope module, "myregfile" "reg_file" 2 8, 3 6, S_0x236df20;
 .timescale 0 0;
v0x23447d0_0 .net "CLK", 0 0, v0x238c050_0; 1 drivers
v0x238b4c0_0 .net "IN", 7 0, v0x238c460_0; 1 drivers
v0x238b560_0 .net "INADDRESS", 2 0, v0x238c610_0; 1 drivers
v0x238b600_0 .var "OUT1", 7 0;
v0x238b6b0_0 .net "OUT1ADDRESS", 2 0, v0x238c0f0_0; 1 drivers
v0x238b750_0 .var "OUT2", 7 0;
v0x238b830_0 .net "OUT2ADDRESS", 2 0, v0x238c1a0_0; 1 drivers
v0x238b8d0_0 .net "RESET", 0 0, v0x238c3e0_0; 1 drivers
v0x238b9c0_0 .net "WRITE", 0 0, v0x238c510_0; 1 drivers
v0x238ba60_0 .net *"_s5", 7 0, L_0x238c6c0; 1 drivers
v0x238bb60_0 .var/i "i", 31 0;
v0x238bc00_0 .var/i "readDelay", 31 0;
v0x238bd10 .array "register", 0 7, 7 0;
v0x238be90_0 .var/i "resetDelay", 31 0;
v0x238bfb0_0 .var/i "t", 31 0;
E_0x236de50 .event posedge, v0x23447d0_0;
E_0x2344770 .event edge, L_0x238c6c0, v0x238b830_0, v0x238b6b0_0;
E_0x23447a0 .event edge, v0x238b8d0_0, v0x238bb60_0;
L_0x238c6c0 .array/port v0x238bd10, v0x238c610_0;
    .scope S_0x2344680;
T_0 ;
    %set/v v0x238bfb0_0, 0, 32;
    %end;
    .thread T_0;
    .scope S_0x2344680;
T_1 ;
    %movi 8, 2, 32;
    %set/v v0x238be90_0, 8, 32;
    %end;
    .thread T_1;
    .scope S_0x2344680;
T_2 ;
    %movi 8, 2, 32;
    %set/v v0x238bc00_0, 8, 32;
    %end;
    .thread T_2;
    .scope S_0x2344680;
T_3 ;
    %wait E_0x23447a0;
    %load/v 8, v0x238b8d0_0, 1;
    %mov 9, 0, 2;
    %cmpi/u 8, 1, 3;
    %jmp/0xz  T_3.0, 4;
    %set/v v0x238bb60_0, 0, 32;
T_3.2 ;
    %load/v 8, v0x238bb60_0, 32;
   %cmpi/s 8, 8, 32;
    %jmp/0xz T_3.3, 5;
    %ix/getv/s 3, v0x238bb60_0;
   %jmp/1 t_0, 4;
   %ix/load 1, 0, 0;
   %set/av v0x238bd10, 0, 8;
t_0 ;
    %ix/load 0, 1, 0;
    %load/vp0/s 8, v0x238bb60_0, 32;
    %set/v v0x238bb60_0, 8, 32;
    %jmp T_3.2;
T_3.3 ;
T_3.0 ;
    %jmp T_3;
    .thread T_3, $push;
    .scope S_0x2344680;
T_4 ;
    %wait E_0x2344770;
    %load/v 8, v0x238b8d0_0, 1;
    %mov 9, 0, 2;
    %cmpi/u 8, 1, 3;
    %jmp/0xz  T_4.0, 4;
    %load/v 8, v0x238be90_0, 32;
    %load/v 40, v0x238bc00_0, 32;
    %add 8, 40, 32;
    %set/v v0x238bfb0_0, 8, 32;
    %jmp T_4.1;
T_4.0 ;
    %load/v 8, v0x238bc00_0, 32;
    %set/v v0x238bfb0_0, 8, 32;
T_4.1 ;
    %load/v 8, v0x238bfb0_0, 32;
    %ix/get 0, 8, 32;
    %delayx 0;
    %load/v 8, v0x238b830_0, 3;
    %cmpi/u 8, 0, 3;
    %jmp/1 T_4.2, 6;
    %cmpi/u 8, 1, 3;
    %jmp/1 T_4.3, 6;
    %cmpi/u 8, 2, 3;
    %jmp/1 T_4.4, 6;
    %cmpi/u 8, 3, 3;
    %jmp/1 T_4.5, 6;
    %cmpi/u 8, 4, 3;
    %jmp/1 T_4.6, 6;
    %cmpi/u 8, 5, 3;
    %jmp/1 T_4.7, 6;
    %cmpi/u 8, 6, 3;
    %jmp/1 T_4.8, 6;
    %cmpi/u 8, 7, 3;
    %jmp/1 T_4.9, 6;
    %jmp T_4.10;
T_4.2 ;
    %ix/load 3, 0, 0;
    %mov 4, 0, 1;
    %load/av 8, v0x238bd10, 8;
    %set/v v0x238b750_0, 8, 8;
    %jmp T_4.10;
T_4.3 ;
    %ix/load 3, 1, 0;
    %mov 4, 0, 1;
    %load/av 8, v0x238bd10, 8;
    %set/v v0x238b750_0, 8, 8;
    %jmp T_4.10;
T_4.4 ;
    %ix/load 3, 2, 0;
    %mov 4, 0, 1;
    %load/av 8, v0x238bd10, 8;
    %set/v v0x238b750_0, 8, 8;
    %jmp T_4.10;
T_4.5 ;
    %ix/load 3, 3, 0;
    %mov 4, 0, 1;
    %load/av 8, v0x238bd10, 8;
    %set/v v0x238b750_0, 8, 8;
    %jmp T_4.10;
T_4.6 ;
    %ix/load 3, 4, 0;
    %mov 4, 0, 1;
    %load/av 8, v0x238bd10, 8;
    %set/v v0x238b750_0, 8, 8;
    %jmp T_4.10;
T_4.7 ;
    %ix/load 3, 5, 0;
    %mov 4, 0, 1;
    %load/av 8, v0x238bd10, 8;
    %set/v v0x238b750_0, 8, 8;
    %jmp T_4.10;
T_4.8 ;
    %ix/load 3, 6, 0;
    %mov 4, 0, 1;
    %load/av 8, v0x238bd10, 8;
    %set/v v0x238b750_0, 8, 8;
    %jmp T_4.10;
T_4.9 ;
    %ix/load 3, 7, 0;
    %mov 4, 0, 1;
    %load/av 8, v0x238bd10, 8;
    %set/v v0x238b750_0, 8, 8;
    %jmp T_4.10;
T_4.10 ;
    %load/v 8, v0x238b6b0_0, 3;
    %cmpi/u 8, 0, 3;
    %jmp/1 T_4.11, 6;
    %cmpi/u 8, 1, 3;
    %jmp/1 T_4.12, 6;
    %cmpi/u 8, 2, 3;
    %jmp/1 T_4.13, 6;
    %cmpi/u 8, 3, 3;
    %jmp/1 T_4.14, 6;
    %cmpi/u 8, 4, 3;
    %jmp/1 T_4.15, 6;
    %cmpi/u 8, 5, 3;
    %jmp/1 T_4.16, 6;
    %cmpi/u 8, 6, 3;
    %jmp/1 T_4.17, 6;
    %cmpi/u 8, 7, 3;
    %jmp/1 T_4.18, 6;
    %jmp T_4.19;
T_4.11 ;
    %ix/load 3, 0, 0;
    %mov 4, 0, 1;
    %load/av 8, v0x238bd10, 8;
    %set/v v0x238b600_0, 8, 8;
    %jmp T_4.19;
T_4.12 ;
    %ix/load 3, 1, 0;
    %mov 4, 0, 1;
    %load/av 8, v0x238bd10, 8;
    %set/v v0x238b600_0, 8, 8;
    %jmp T_4.19;
T_4.13 ;
    %ix/load 3, 2, 0;
    %mov 4, 0, 1;
    %load/av 8, v0x238bd10, 8;
    %set/v v0x238b600_0, 8, 8;
    %jmp T_4.19;
T_4.14 ;
    %ix/load 3, 3, 0;
    %mov 4, 0, 1;
    %load/av 8, v0x238bd10, 8;
    %set/v v0x238b600_0, 8, 8;
    %jmp T_4.19;
T_4.15 ;
    %ix/load 3, 4, 0;
    %mov 4, 0, 1;
    %load/av 8, v0x238bd10, 8;
    %set/v v0x238b600_0, 8, 8;
    %jmp T_4.19;
T_4.16 ;
    %ix/load 3, 5, 0;
    %mov 4, 0, 1;
    %load/av 8, v0x238bd10, 8;
    %set/v v0x238b600_0, 8, 8;
    %jmp T_4.19;
T_4.17 ;
    %ix/load 3, 6, 0;
    %mov 4, 0, 1;
    %load/av 8, v0x238bd10, 8;
    %set/v v0x238b600_0, 8, 8;
    %jmp T_4.19;
T_4.18 ;
    %ix/load 3, 7, 0;
    %mov 4, 0, 1;
    %load/av 8, v0x238bd10, 8;
    %set/v v0x238b600_0, 8, 8;
    %jmp T_4.19;
T_4.19 ;
    %jmp T_4;
    .thread T_4, $push;
    .scope S_0x2344680;
T_5 ;
    %wait E_0x236de50;
    %load/v 8, v0x238b9c0_0, 1;
    %mov 9, 0, 2;
    %cmpi/u 8, 1, 3;
    %jmp/0xz  T_5.0, 4;
    %delay 2, 0;
    %load/v 8, v0x238b560_0, 3;
    %cmpi/u 8, 0, 3;
    %jmp/1 T_5.2, 6;
    %cmpi/u 8, 1, 3;
    %jmp/1 T_5.3, 6;
    %cmpi/u 8, 2, 3;
    %jmp/1 T_5.4, 6;
    %cmpi/u 8, 3, 3;
    %jmp/1 T_5.5, 6;
    %cmpi/u 8, 4, 3;
    %jmp/1 T_5.6, 6;
    %cmpi/u 8, 5, 3;
    %jmp/1 T_5.7, 6;
    %cmpi/u 8, 6, 3;
    %jmp/1 T_5.8, 6;
    %cmpi/u 8, 7, 3;
    %jmp/1 T_5.9, 6;
    %jmp T_5.10;
T_5.2 ;
    %load/v 8, v0x238b4c0_0, 8;
   %ix/load 1, 0, 0;
   %ix/load 3, 0, 0;
   %set/av v0x238bd10, 8, 8;
    %jmp T_5.10;
T_5.3 ;
    %load/v 8, v0x238b4c0_0, 8;
   %ix/load 1, 0, 0;
   %ix/load 3, 1, 0;
   %set/av v0x238bd10, 8, 8;
    %jmp T_5.10;
T_5.4 ;
    %load/v 8, v0x238b4c0_0, 8;
   %ix/load 1, 0, 0;
   %ix/load 3, 2, 0;
   %set/av v0x238bd10, 8, 8;
    %jmp T_5.10;
T_5.5 ;
    %load/v 8, v0x238b4c0_0, 8;
   %ix/load 1, 0, 0;
   %ix/load 3, 3, 0;
   %set/av v0x238bd10, 8, 8;
    %jmp T_5.10;
T_5.6 ;
    %load/v 8, v0x238b4c0_0, 8;
   %ix/load 1, 0, 0;
   %ix/load 3, 4, 0;
   %set/av v0x238bd10, 8, 8;
    %jmp T_5.10;
T_5.7 ;
    %load/v 8, v0x238b4c0_0, 8;
   %ix/load 1, 0, 0;
   %ix/load 3, 5, 0;
   %set/av v0x238bd10, 8, 8;
    %jmp T_5.10;
T_5.8 ;
    %load/v 8, v0x238b4c0_0, 8;
   %ix/load 1, 0, 0;
   %ix/load 3, 6, 0;
   %set/av v0x238bd10, 8, 8;
    %jmp T_5.10;
T_5.9 ;
    %load/v 8, v0x238b4c0_0, 8;
   %ix/load 1, 0, 0;
   %ix/load 3, 7, 0;
   %set/av v0x238bd10, 8, 8;
    %jmp T_5.10;
T_5.10 ;
T_5.0 ;
    %jmp T_5;
    .thread T_5;
    .scope S_0x236df20;
T_6 ;
    %set/v v0x238c050_0, 1, 1;
    %vpi_call 2 15 "$dumpfile", "waveDump.vcd";
    %vpi_call 2 16 "$dumpvars", 2'sb01, S_0x236df20;
    %set/v v0x238c3e0_0, 0, 1;
    %set/v v0x238c510_0, 0, 1;
    %delay 1, 0;
    %set/v v0x238c3e0_0, 1, 1;
    %set/v v0x238c0f0_0, 0, 3;
    %movi 8, 4, 3;
    %set/v v0x238c1a0_0, 8, 3;
    %delay 8, 0;
    %set/v v0x238c3e0_0, 0, 1;
    %delay 11, 0;
    %movi 8, 2, 3;
    %set/v v0x238c0f0_0, 8, 3;
    %movi 8, 2, 3;
    %set/v v0x238c610_0, 8, 3;
    %movi 8, 95, 8;
    %set/v v0x238c460_0, 8, 8;
    %set/v v0x238c510_0, 1, 1;
    %delay 10, 0;
    %set/v v0x238c510_0, 0, 1;
    %delay 1, 0;
    %movi 8, 2, 3;
    %set/v v0x238c0f0_0, 8, 3;
    %delay 9, 0;
    %movi 8, 1, 3;
    %set/v v0x238c610_0, 8, 3;
    %movi 8, 28, 8;
    %set/v v0x238c460_0, 8, 8;
    %set/v v0x238c510_0, 1, 1;
    %movi 8, 1, 3;
    %set/v v0x238c0f0_0, 8, 3;
    %delay 10, 0;
    %set/v v0x238c510_0, 0, 1;
    %delay 10, 0;
    %movi 8, 4, 3;
    %set/v v0x238c610_0, 8, 3;
    %movi 8, 6, 8;
    %set/v v0x238c460_0, 8, 8;
    %set/v v0x238c510_0, 1, 1;
    %delay 10, 0;
    %movi 8, 15, 8;
    %set/v v0x238c460_0, 8, 8;
    %set/v v0x238c510_0, 1, 1;
    %delay 10, 0;
    %set/v v0x238c510_0, 0, 1;
    %delay 6, 0;
    %movi 8, 1, 3;
    %set/v v0x238c610_0, 8, 3;
    %movi 8, 50, 8;
    %set/v v0x238c460_0, 8, 8;
    %set/v v0x238c510_0, 1, 1;
    %delay 5, 0;
    %set/v v0x238c510_0, 0, 1;
    %delay 10, 0;
    %vpi_call 2 72 "$finish";
    %end;
    .thread T_6;
    .scope S_0x236df20;
T_7 ;
    %delay 5, 0;
    %load/v 8, v0x238c050_0, 1;
    %inv 8, 1;
    %set/v v0x238c050_0, 8, 1;
    %jmp T_7;
    .thread T_7;
# The file index is used to find the file name in the following table.
:file_names 4;
    "N/A";
    "<interactive>";
    "./reg_file_tb_groundtruth.v";
    "./reg_file.v";
