#! /usr/bin/vvp
:ivl_version "0.9.7 " "(v0_9_7)";
:vpi_time_precision + 0;
:vpi_module "system";
:vpi_module "v2005_math";
:vpi_module "va_math";
S_0x1edef20 .scope module, "reg_file_tb_groundtruth" "reg_file_tb_groundtruth" 2 1;
 .timescale 0 0;
v0x1ef96b0_0 .var "CLK", 0 0;
v0x1ef9750_0 .var "READREG1", 2 0;
v0x1ef9800_0 .var "READREG2", 2 0;
v0x1ef98b0_0 .net "REGOUT1", 7 0, v0x1ef8f80_0; 1 drivers
v0x1ef9990_0 .net "REGOUT2", 7 0, v0x1ef90d0_0; 1 drivers
v0x1ef9a40_0 .var "RESET", 0 0;
v0x1ef9ac0_0 .var "WRITEDATA", 7 0;
v0x1ef9b70_0 .var "WRITEENABLE", 0 0;
v0x1ef9c20_0 .var "WRITEREG", 2 0;
S_0x1ee2650 .scope module, "myregfile" "reg_file" 2 8, 3 1, S_0x1edef20;
 .timescale 0 0;
v0x1ee27a0_0 .net "CLK", 0 0, v0x1ef96b0_0; 1 drivers
v0x1ef8e40_0 .net "IN", 7 0, v0x1ef9ac0_0; 1 drivers
v0x1ef8ee0_0 .net "INADDRESS", 2 0, v0x1ef9c20_0; 1 drivers
v0x1ef8f80_0 .var "OUT1", 7 0;
v0x1ef9030_0 .net "OUT1ADDRESS", 2 0, v0x1ef9750_0; 1 drivers
v0x1ef90d0_0 .var "OUT2", 7 0;
v0x1ef91b0_0 .net "OUT2ADDRESS", 2 0, v0x1ef9800_0; 1 drivers
v0x1ef9250_0 .net "RESET", 0 0, v0x1ef9a40_0; 1 drivers
v0x1ef9340 .array "Register", 0 7, 7 0;
v0x1ef9510_0 .net "WRITE", 0 0, v0x1ef9b70_0; 1 drivers
v0x1ef9610_0 .var/i "j", 31 0;
E_0x1edee50 .event edge, v0x1ef9250_0, v0x1ef9610_0;
v0x1ef9340_0 .array/port v0x1ef9340, 0;
v0x1ef9340_1 .array/port v0x1ef9340, 1;
v0x1ef9340_2 .array/port v0x1ef9340, 2;
E_0x1ee2740/0 .event edge, v0x1ef9030_0, v0x1ef9340_0, v0x1ef9340_1, v0x1ef9340_2;
v0x1ef9340_3 .array/port v0x1ef9340, 3;
v0x1ef9340_4 .array/port v0x1ef9340, 4;
v0x1ef9340_5 .array/port v0x1ef9340, 5;
v0x1ef9340_6 .array/port v0x1ef9340, 6;
E_0x1ee2740/1 .event edge, v0x1ef9340_3, v0x1ef9340_4, v0x1ef9340_5, v0x1ef9340_6;
v0x1ef9340_7 .array/port v0x1ef9340, 7;
E_0x1ee2740/2 .event edge, v0x1ef9340_7, v0x1ef91b0_0;
E_0x1ee2740 .event/or E_0x1ee2740/0, E_0x1ee2740/1, E_0x1ee2740/2;
E_0x1ee2770 .event posedge, v0x1ee27a0_0;
    .scope S_0x1ee2650;
T_0 ;
    %wait E_0x1ee2770;
    %load/v 8, v0x1ef9510_0, 1;
    %jmp/0xz  T_0.0, 8;
    %delay 2, 0;
    %load/v 8, v0x1ef8e40_0, 8;
    %ix/getv 3, v0x1ef8ee0_0;
    %jmp/1 t_0, 4;
    %ix/load 0, 8, 0; word width
    %ix/load 1, 0, 0; part off
    %assign/av v0x1ef9340, 0, 8;
t_0 ;
T_0.0 ;
    %jmp T_0;
    .thread T_0;
    .scope S_0x1ee2650;
T_1 ;
    %wait E_0x1ee2740;
    %delay 2, 0;
    %ix/getv 3, v0x1ef9030_0;
    %load/av 8, v0x1ef9340, 8;
    %ix/load 0, 8, 0;
    %assign/v0 v0x1ef8f80_0, 0, 8;
    %ix/getv 3, v0x1ef91b0_0;
    %load/av 8, v0x1ef9340, 8;
    %ix/load 0, 8, 0;
    %assign/v0 v0x1ef90d0_0, 0, 8;
    %jmp T_1;
    .thread T_1, $push;
    .scope S_0x1ee2650;
T_2 ;
    %wait E_0x1edee50;
    %load/v 8, v0x1ef9250_0, 1;
    %jmp/0xz  T_2.0, 8;
    %delay 2, 0;
    %set/v v0x1ef9610_0, 0, 32;
T_2.2 ;
    %load/v 8, v0x1ef9610_0, 32;
   %cmpi/s 8, 7, 32;
    %or 5, 4, 1;
    %jmp/0xz T_2.3, 5;
    %ix/getv/s 3, v0x1ef9610_0;
    %jmp/1 t_1, 4;
    %ix/load 0, 8, 0; word width
    %ix/load 1, 0, 0; part off
    %assign/av v0x1ef9340, 0, 0;
t_1 ;
    %ix/load 0, 1, 0;
    %load/vp0/s 8, v0x1ef9610_0, 32;
    %set/v v0x1ef9610_0, 8, 32;
    %jmp T_2.2;
T_2.3 ;
T_2.0 ;
    %jmp T_2;
    .thread T_2, $push;
    .scope S_0x1edef20;
T_3 ;
    %set/v v0x1ef96b0_0, 1, 1;
    %vpi_call 2 15 "$dumpfile", "waveDump.vcd";
    %vpi_call 2 16 "$dumpvars", 2'sb01, S_0x1edef20;
    %set/v v0x1ef9a40_0, 0, 1;
    %set/v v0x1ef9b70_0, 0, 1;
    %delay 1, 0;
    %set/v v0x1ef9a40_0, 1, 1;
    %set/v v0x1ef9750_0, 0, 3;
    %movi 8, 4, 3;
    %set/v v0x1ef9800_0, 8, 3;
    %delay 8, 0;
    %set/v v0x1ef9a40_0, 0, 1;
    %delay 11, 0;
    %movi 8, 2, 3;
    %set/v v0x1ef9750_0, 8, 3;
    %movi 8, 2, 3;
    %set/v v0x1ef9c20_0, 8, 3;
    %movi 8, 95, 8;
    %set/v v0x1ef9ac0_0, 8, 8;
    %set/v v0x1ef9b70_0, 1, 1;
    %delay 10, 0;
    %set/v v0x1ef9b70_0, 0, 1;
    %delay 1, 0;
    %movi 8, 2, 3;
    %set/v v0x1ef9750_0, 8, 3;
    %delay 9, 0;
    %movi 8, 1, 3;
    %set/v v0x1ef9c20_0, 8, 3;
    %movi 8, 28, 8;
    %set/v v0x1ef9ac0_0, 8, 8;
    %set/v v0x1ef9b70_0, 1, 1;
    %movi 8, 1, 3;
    %set/v v0x1ef9750_0, 8, 3;
    %delay 10, 0;
    %set/v v0x1ef9b70_0, 0, 1;
    %delay 10, 0;
    %movi 8, 4, 3;
    %set/v v0x1ef9c20_0, 8, 3;
    %movi 8, 6, 8;
    %set/v v0x1ef9ac0_0, 8, 8;
    %set/v v0x1ef9b70_0, 1, 1;
    %delay 10, 0;
    %movi 8, 15, 8;
    %set/v v0x1ef9ac0_0, 8, 8;
    %set/v v0x1ef9b70_0, 1, 1;
    %delay 10, 0;
    %set/v v0x1ef9b70_0, 0, 1;
    %delay 6, 0;
    %movi 8, 1, 3;
    %set/v v0x1ef9c20_0, 8, 3;
    %movi 8, 50, 8;
    %set/v v0x1ef9ac0_0, 8, 8;
    %set/v v0x1ef9b70_0, 1, 1;
    %delay 5, 0;
    %set/v v0x1ef9b70_0, 0, 1;
    %delay 10, 0;
    %vpi_call 2 72 "$finish";
    %end;
    .thread T_3;
    .scope S_0x1edef20;
T_4 ;
    %delay 5, 0;
    %load/v 8, v0x1ef96b0_0, 1;
    %inv 8, 1;
    %set/v v0x1ef96b0_0, 8, 1;
    %jmp T_4;
    .thread T_4;
# The file index is used to find the file name in the following table.
:file_names 4;
    "N/A";
    "<interactive>";
    "./reg_file_tb_groundtruth.v";
    "./reg_file.v";
