#! /usr/bin/vvp
:ivl_version "0.9.7 " "(v0_9_7)";
:vpi_time_precision + 0;
:vpi_module "system";
:vpi_module "v2005_math";
:vpi_module "va_math";
S_0xa82340 .scope module, "reg_file_tb_groundtruth" "reg_file_tb_groundtruth" 2 1;
 .timescale 0 0;
v0xabe3a0_0 .var "CLK", 0 0;
v0xabe440_0 .var "READREG1", 2 0;
v0xabe4f0_0 .var "READREG2", 2 0;
v0xabe5a0_0 .net "REGOUT1", 7 0, L_0xabe0f0; 1 drivers
v0xabe680_0 .net "REGOUT2", 7 0, L_0xabec40; 1 drivers
v0xabe730_0 .var "RESET", 0 0;
v0xabe7b0_0 .var "WRITEDATA", 7 0;
v0xabe860_0 .var "WRITEENABLE", 0 0;
v0xabe910_0 .var "WRITEREG", 2 0;
S_0xaa8e20 .scope module, "myregfile" "reg_file" 2 8, 3 84, S_0xa82340;
 .timescale 0 0;
L_0xabe0f0/d .functor BUFZ 8, L_0xabe9c0, C4<00000000>, C4<00000000>, C4<00000000>;
L_0xabe0f0 .delay (2,2,2) L_0xabe0f0/d;
L_0xabec40/d .functor BUFZ 8, L_0xabeb50, C4<00000000>, C4<00000000>, C4<00000000>;
L_0xabec40 .delay (2,2,2) L_0xabec40/d;
v0xa81f40_0 .net "CLK", 0 0, v0xabe3a0_0; 1 drivers
v0xabdad0_0 .net "IN", 7 0, v0xabe7b0_0; 1 drivers
v0xabdb70_0 .net "INADDRESS", 2 0, v0xabe910_0; 1 drivers
v0xabdc10_0 .alias "OUT1", 7 0, v0xabe5a0_0;
v0xabdcc0_0 .net "OUT1ADDRESS", 2 0, v0xabe440_0; 1 drivers
v0xabdd60_0 .alias "OUT2", 7 0, v0xabe680_0;
v0xabde40_0 .net "OUT2ADDRESS", 2 0, v0xabe4f0_0; 1 drivers
v0xabdee0_0 .net "RESET", 0 0, v0xabe730_0; 1 drivers
v0xabdfd0_0 .net "WRITE", 0 0, v0xabe860_0; 1 drivers
v0xabe070_0 .net *"_s0", 7 0, L_0xabe9c0; 1 drivers
v0xabe170_0 .net *"_s4", 7 0, L_0xabeb50; 1 drivers
v0xabe210_0 .var/i "i", 31 0;
v0xabe320 .array "registers", 0 7, 7 0;
E_0xa81fe0 .event posedge, v0xa81f40_0;
E_0xaa8f10 .event edge, v0xabdee0_0;
L_0xabe9c0 .array/port v0xabe320, v0xabe440_0;
L_0xabeb50 .array/port v0xabe320, v0xabe4f0_0;
    .scope S_0xaa8e20;
T_0 ;
    %wait E_0xaa8f10;
    %load/v 8, v0xabdee0_0, 1;
    %jmp/0xz  T_0.0, 8;
    %delay 2, 0;
    %set/v v0xabe210_0, 0, 32;
T_0.2 ;
    %load/v 8, v0xabe210_0, 32;
   %cmpi/s 8, 8, 32;
    %jmp/0xz T_0.3, 5;
    %ix/getv/s 3, v0xabe210_0;
   %jmp/1 t_0, 4;
   %ix/load 1, 0, 0;
   %set/av v0xabe320, 0, 8;
t_0 ;
    %ix/load 0, 1, 0;
    %load/vp0/s 8, v0xabe210_0, 32;
    %set/v v0xabe210_0, 8, 32;
    %jmp T_0.2;
T_0.3 ;
T_0.0 ;
    %jmp T_0;
    .thread T_0, $push;
    .scope S_0xaa8e20;
T_1 ;
    %wait E_0xa81fe0;
    %load/v 8, v0xabdfd0_0, 1;
    %jmp/0xz  T_1.0, 8;
    %delay 2, 0;
    %load/v 8, v0xabdad0_0, 8;
    %ix/getv 3, v0xabdb70_0;
    %jmp/1 t_1, 4;
    %ix/load 0, 8, 0; word width
    %ix/load 1, 0, 0; part off
    %assign/av v0xabe320, 0, 8;
t_1 ;
T_1.0 ;
    %jmp T_1;
    .thread T_1;
    .scope S_0xa82340;
T_2 ;
    %set/v v0xabe3a0_0, 1, 1;
    %vpi_call 2 15 "$dumpfile", "waveDump.vcd";
    %vpi_call 2 16 "$dumpvars", 2'sb01, S_0xa82340;
    %set/v v0xabe730_0, 0, 1;
    %set/v v0xabe860_0, 0, 1;
    %delay 1, 0;
    %set/v v0xabe730_0, 1, 1;
    %set/v v0xabe440_0, 0, 3;
    %movi 8, 4, 3;
    %set/v v0xabe4f0_0, 8, 3;
    %delay 8, 0;
    %set/v v0xabe730_0, 0, 1;
    %delay 11, 0;
    %movi 8, 2, 3;
    %set/v v0xabe440_0, 8, 3;
    %movi 8, 2, 3;
    %set/v v0xabe910_0, 8, 3;
    %movi 8, 95, 8;
    %set/v v0xabe7b0_0, 8, 8;
    %set/v v0xabe860_0, 1, 1;
    %delay 10, 0;
    %set/v v0xabe860_0, 0, 1;
    %delay 1, 0;
    %movi 8, 2, 3;
    %set/v v0xabe440_0, 8, 3;
    %delay 9, 0;
    %movi 8, 1, 3;
    %set/v v0xabe910_0, 8, 3;
    %movi 8, 28, 8;
    %set/v v0xabe7b0_0, 8, 8;
    %set/v v0xabe860_0, 1, 1;
    %movi 8, 1, 3;
    %set/v v0xabe440_0, 8, 3;
    %delay 10, 0;
    %set/v v0xabe860_0, 0, 1;
    %delay 10, 0;
    %movi 8, 4, 3;
    %set/v v0xabe910_0, 8, 3;
    %movi 8, 6, 8;
    %set/v v0xabe7b0_0, 8, 8;
    %set/v v0xabe860_0, 1, 1;
    %delay 10, 0;
    %movi 8, 15, 8;
    %set/v v0xabe7b0_0, 8, 8;
    %set/v v0xabe860_0, 1, 1;
    %delay 10, 0;
    %set/v v0xabe860_0, 0, 1;
    %delay 6, 0;
    %movi 8, 1, 3;
    %set/v v0xabe910_0, 8, 3;
    %movi 8, 50, 8;
    %set/v v0xabe7b0_0, 8, 8;
    %set/v v0xabe860_0, 1, 1;
    %delay 5, 0;
    %set/v v0xabe860_0, 0, 1;
    %delay 10, 0;
    %vpi_call 2 72 "$finish";
    %end;
    .thread T_2;
    .scope S_0xa82340;
T_3 ;
    %delay 5, 0;
    %load/v 8, v0xabe3a0_0, 1;
    %inv 8, 1;
    %set/v v0xabe3a0_0, 8, 1;
    %jmp T_3;
    .thread T_3;
# The file index is used to find the file name in the following table.
:file_names 4;
    "N/A";
    "<interactive>";
    "./reg_file_tb_groundtruth.v";
    "./reg_file.v";
