#! /usr/bin/vvp
:ivl_version "0.9.7 " "(v0_9_7)";
:vpi_time_precision + 0;
:vpi_module "system";
:vpi_module "v2005_math";
:vpi_module "va_math";
S_0xcf9780 .scope module, "reg_file_tb_groundtruth" "reg_file_tb_groundtruth" 2 1;
 .timescale 0 0;
v0xd3d750_0 .var "CLK", 0 0;
v0xd3d7f0_0 .var "READREG1", 2 0;
v0xd3d8a0_0 .var "READREG2", 2 0;
v0xd3d950_0 .net "REGOUT1", 7 0, v0xd3d070_0; 1 drivers
v0xd3da30_0 .net "REGOUT2", 7 0, v0xd3d1c0_0; 1 drivers
v0xd3dae0_0 .var "RESET", 0 0;
v0xd3db60_0 .var "WRITEDATA", 7 0;
v0xd3dc10_0 .var "WRITEENABLE", 0 0;
v0xd3dd10_0 .var "WRITEREG", 2 0;
S_0xd218a0 .scope module, "myregfile" "reg_file" 2 8, 3 1, S_0xcf9780;
 .timescale 0 0;
v0xd219f0_0 .net "CLK", 0 0, v0xd3d750_0; 1 drivers
v0xd3cf30_0 .net "IN", 7 0, v0xd3db60_0; 1 drivers
v0xd3cfd0_0 .net "INADDRESS", 2 0, v0xd3dd10_0; 1 drivers
v0xd3d070_0 .var "OUT1", 7 0;
v0xd3d120_0 .net "OUT1ADDRESS", 2 0, v0xd3d7f0_0; 1 drivers
v0xd3d1c0_0 .var "OUT2", 7 0;
v0xd3d2a0_0 .net "OUT2ADDRESS", 2 0, v0xd3d8a0_0; 1 drivers
v0xd3d340_0 .net "RESET", 0 0, v0xd3dae0_0; 1 drivers
v0xd3d430_0 .net "WRITE", 0 0, v0xd3dc10_0; 1 drivers
v0xd3d4d0_0 .var/i "i", 31 0;
v0xd3d5d0 .array "regfile", 0 7, 7 0;
v0xd3d5d0_0 .array/port v0xd3d5d0, 0;
v0xd3d5d0_1 .array/port v0xd3d5d0, 1;
v0xd3d5d0_2 .array/port v0xd3d5d0, 2;
E_0xcf96b0/0 .event edge, v0xd3d120_0, v0xd3d5d0_0, v0xd3d5d0_1, v0xd3d5d0_2;
v0xd3d5d0_3 .array/port v0xd3d5d0, 3;
v0xd3d5d0_4 .array/port v0xd3d5d0, 4;
v0xd3d5d0_5 .array/port v0xd3d5d0, 5;
v0xd3d5d0_6 .array/port v0xd3d5d0, 6;
E_0xcf96b0/1 .event edge, v0xd3d5d0_3, v0xd3d5d0_4, v0xd3d5d0_5, v0xd3d5d0_6;
v0xd3d5d0_7 .array/port v0xd3d5d0, 7;
E_0xcf96b0/2 .event edge, v0xd3d5d0_7, v0xd3d2a0_0;
E_0xcf96b0 .event/or E_0xcf96b0/0, E_0xcf96b0/1, E_0xcf96b0/2;
E_0xd21990 .event posedge, v0xd219f0_0;
E_0xd219c0/0 .event edge, v0xd3d340_0;
E_0xd219c0/1 .event posedge, v0xd219f0_0;
E_0xd219c0 .event/or E_0xd219c0/0, E_0xd219c0/1;
    .scope S_0xd218a0;
T_0 ;
    %wait E_0xd219c0;
    %load/v 8, v0xd3d340_0, 1;
    %jmp/0xz  T_0.0, 8;
    %delay 2, 0;
    %set/v v0xd3d4d0_0, 0, 32;
T_0.2 ;
    %load/v 8, v0xd3d4d0_0, 32;
   %cmpi/s 8, 8, 32;
    %jmp/0xz T_0.3, 5;
    %ix/getv/s 3, v0xd3d4d0_0;
   %jmp/1 t_0, 4;
   %ix/load 1, 0, 0;
   %set/av v0xd3d5d0, 0, 8;
t_0 ;
    %ix/load 0, 1, 0;
    %load/vp0/s 8, v0xd3d4d0_0, 32;
    %set/v v0xd3d4d0_0, 8, 32;
    %jmp T_0.2;
T_0.3 ;
T_0.0 ;
    %jmp T_0;
    .thread T_0;
    .scope S_0xd218a0;
T_1 ;
    %wait E_0xd21990;
    %load/v 8, v0xd3d340_0, 1;
    %inv 8, 1;
    %jmp/0xz  T_1.0, 8;
    %load/v 8, v0xd3d430_0, 1;
    %jmp/0xz  T_1.2, 8;
    %delay 2, 0;
    %load/v 8, v0xd3cf30_0, 8;
    %ix/getv 3, v0xd3cfd0_0;
   %jmp/1 t_1, 4;
   %ix/load 1, 0, 0;
   %set/av v0xd3d5d0, 8, 8;
t_1 ;
T_1.2 ;
T_1.0 ;
    %jmp T_1;
    .thread T_1;
    .scope S_0xd218a0;
T_2 ;
    %wait E_0xcf96b0;
    %delay 2, 0;
    %ix/getv 3, v0xd3d120_0;
    %load/av 8, v0xd3d5d0, 8;
    %set/v v0xd3d070_0, 8, 8;
    %ix/getv 3, v0xd3d2a0_0;
    %load/av 8, v0xd3d5d0, 8;
    %set/v v0xd3d1c0_0, 8, 8;
    %jmp T_2;
    .thread T_2, $push;
    .scope S_0xcf9780;
T_3 ;
    %set/v v0xd3d750_0, 1, 1;
    %vpi_call 2 15 "$dumpfile", "waveDump.vcd";
    %vpi_call 2 16 "$dumpvars", 2'sb01, S_0xcf9780;
    %set/v v0xd3dae0_0, 0, 1;
    %set/v v0xd3dc10_0, 0, 1;
    %delay 1, 0;
    %set/v v0xd3dae0_0, 1, 1;
    %set/v v0xd3d7f0_0, 0, 3;
    %movi 8, 4, 3;
    %set/v v0xd3d8a0_0, 8, 3;
    %delay 8, 0;
    %set/v v0xd3dae0_0, 0, 1;
    %delay 11, 0;
    %movi 8, 2, 3;
    %set/v v0xd3d7f0_0, 8, 3;
    %movi 8, 2, 3;
    %set/v v0xd3dd10_0, 8, 3;
    %movi 8, 95, 8;
    %set/v v0xd3db60_0, 8, 8;
    %set/v v0xd3dc10_0, 1, 1;
    %delay 10, 0;
    %set/v v0xd3dc10_0, 0, 1;
    %delay 1, 0;
    %movi 8, 2, 3;
    %set/v v0xd3d7f0_0, 8, 3;
    %delay 9, 0;
    %movi 8, 1, 3;
    %set/v v0xd3dd10_0, 8, 3;
    %movi 8, 28, 8;
    %set/v v0xd3db60_0, 8, 8;
    %set/v v0xd3dc10_0, 1, 1;
    %movi 8, 1, 3;
    %set/v v0xd3d7f0_0, 8, 3;
    %delay 10, 0;
    %set/v v0xd3dc10_0, 0, 1;
    %delay 10, 0;
    %movi 8, 4, 3;
    %set/v v0xd3dd10_0, 8, 3;
    %movi 8, 6, 8;
    %set/v v0xd3db60_0, 8, 8;
    %set/v v0xd3dc10_0, 1, 1;
    %delay 10, 0;
    %movi 8, 15, 8;
    %set/v v0xd3db60_0, 8, 8;
    %set/v v0xd3dc10_0, 1, 1;
    %delay 10, 0;
    %set/v v0xd3dc10_0, 0, 1;
    %delay 6, 0;
    %movi 8, 1, 3;
    %set/v v0xd3dd10_0, 8, 3;
    %movi 8, 50, 8;
    %set/v v0xd3db60_0, 8, 8;
    %set/v v0xd3dc10_0, 1, 1;
    %delay 5, 0;
    %set/v v0xd3dc10_0, 0, 1;
    %delay 10, 0;
    %vpi_call 2 72 "$finish";
    %end;
    .thread T_3;
    .scope S_0xcf9780;
T_4 ;
    %delay 5, 0;
    %load/v 8, v0xd3d750_0, 1;
    %inv 8, 1;
    %set/v v0xd3d750_0, 8, 1;
    %jmp T_4;
    .thread T_4;
# The file index is used to find the file name in the following table.
:file_names 4;
    "N/A";
    "<interactive>";
    "./reg_file_tb_groundtruth.v";
    "./Lab5.v";
