#! /usr/bin/vvp
:ivl_version "0.9.7 " "(v0_9_7)";
:vpi_time_precision + 0;
:vpi_module "system";
:vpi_module "v2005_math";
:vpi_module "va_math";
S_0xe26780 .scope module, "reg_file_tb_groundtruth" "reg_file_tb_groundtruth" 2 1;
 .timescale 0 0;
v0xe65bb0_0 .var "CLK", 0 0;
v0xe65c50_0 .var "READREG1", 2 0;
v0xe65d00_0 .var "READREG2", 2 0;
v0xe65db0_0 .net "REGOUT1", 7 0, v0xe65570_0; 1 drivers
v0xe65e90_0 .net "REGOUT2", 7 0, v0xe656c0_0; 1 drivers
v0xe65f40_0 .var "RESET", 0 0;
v0xe65fc0_0 .var "WRITEDATA", 7 0;
v0xe66070_0 .var "WRITEENABLE", 0 0;
v0xe66170_0 .var "WRITEREG", 2 0;
S_0xe4ea80 .scope module, "myregfile" "reg_file" 2 8, 3 90, S_0xe26780;
 .timescale 0 0;
v0xe4ebd0_0 .net "CLK", 0 0, v0xe65bb0_0; 1 drivers
v0xe65430_0 .net "IN", 7 0, v0xe65fc0_0; 1 drivers
v0xe654d0_0 .net "INADDRESS", 2 0, v0xe66170_0; 1 drivers
v0xe65570_0 .var "OUT1", 7 0;
v0xe65620_0 .net "OUT1ADDRESS", 2 0, v0xe65c50_0; 1 drivers
v0xe656c0_0 .var "OUT2", 7 0;
v0xe657a0_0 .net "OUT2ADDRESS", 2 0, v0xe65d00_0; 1 drivers
v0xe65840_0 .net "RESET", 0 0, v0xe65f40_0; 1 drivers
v0xe65930_0 .net "WRITE", 0 0, v0xe66070_0; 1 drivers
v0xe659d0 .array "a_reg_file", 0 7, 7 0;
E_0xe266b0 .event posedge, v0xe4ebd0_0;
v0xe659d0_0 .array/port v0xe659d0, 0;
v0xe659d0_1 .array/port v0xe659d0, 1;
E_0xe4eb70/0 .event edge, v0xe65840_0, v0xe65620_0, v0xe659d0_0, v0xe659d0_1;
v0xe659d0_2 .array/port v0xe659d0, 2;
v0xe659d0_3 .array/port v0xe659d0, 3;
v0xe659d0_4 .array/port v0xe659d0, 4;
v0xe659d0_5 .array/port v0xe659d0, 5;
E_0xe4eb70/1 .event edge, v0xe659d0_2, v0xe659d0_3, v0xe659d0_4, v0xe659d0_5;
v0xe659d0_6 .array/port v0xe659d0, 6;
v0xe659d0_7 .array/port v0xe659d0, 7;
E_0xe4eb70/2 .event edge, v0xe659d0_6, v0xe659d0_7, v0xe657a0_0;
E_0xe4eb70 .event/or E_0xe4eb70/0, E_0xe4eb70/1, E_0xe4eb70/2;
E_0xe4eba0 .event edge, v0xe65840_0;
    .scope S_0xe4ea80;
T_0 ;
    %wait E_0xe4eba0;
    %load/v 8, v0xe65840_0, 1;
    %jmp/0xz  T_0.0, 8;
    %delay 2, 0;
   %ix/load 1, 0, 0;
   %ix/load 3, 0, 0;
   %set/av v0xe659d0, 0, 8;
   %ix/load 1, 0, 0;
   %ix/load 3, 1, 0;
   %set/av v0xe659d0, 0, 8;
   %ix/load 1, 0, 0;
   %ix/load 3, 2, 0;
   %set/av v0xe659d0, 0, 8;
   %ix/load 1, 0, 0;
   %ix/load 3, 3, 0;
   %set/av v0xe659d0, 0, 8;
   %ix/load 1, 0, 0;
   %ix/load 3, 4, 0;
   %set/av v0xe659d0, 0, 8;
   %ix/load 1, 0, 0;
   %ix/load 3, 5, 0;
   %set/av v0xe659d0, 0, 8;
   %ix/load 1, 0, 0;
   %ix/load 3, 6, 0;
   %set/av v0xe659d0, 0, 8;
   %ix/load 1, 0, 0;
   %ix/load 3, 7, 0;
   %set/av v0xe659d0, 0, 8;
T_0.0 ;
    %jmp T_0;
    .thread T_0, $push;
    .scope S_0xe4ea80;
T_1 ;
    %wait E_0xe4eb70;
    %load/v 8, v0xe65840_0, 1;
    %inv 8, 1;
    %jmp/0xz  T_1.0, 8;
    %delay 2, 0;
    %ix/getv 3, v0xe65620_0;
    %load/av 8, v0xe659d0, 8;
    %ix/load 0, 8, 0;
    %assign/v0 v0xe65570_0, 0, 8;
    %ix/getv 3, v0xe657a0_0;
    %load/av 8, v0xe659d0, 8;
    %ix/load 0, 8, 0;
    %assign/v0 v0xe656c0_0, 0, 8;
T_1.0 ;
    %jmp T_1;
    .thread T_1, $push;
    .scope S_0xe4ea80;
T_2 ;
    %wait E_0xe266b0;
    %delay 2, 0;
    %load/v 8, v0xe65430_0, 8;
    %ix/getv 3, v0xe654d0_0;
    %jmp/1 t_0, 4;
    %ix/load 0, 8, 0; word width
    %ix/load 1, 0, 0; part off
    %assign/av v0xe659d0, 0, 8;
t_0 ;
    %jmp T_2;
    .thread T_2;
    .scope S_0xe26780;
T_3 ;
    %set/v v0xe65bb0_0, 1, 1;
    %vpi_call 2 15 "$dumpfile", "waveDump.vcd";
    %vpi_call 2 16 "$dumpvars", 2'sb01, S_0xe26780;
    %set/v v0xe65f40_0, 0, 1;
    %set/v v0xe66070_0, 0, 1;
    %delay 1, 0;
    %set/v v0xe65f40_0, 1, 1;
    %set/v v0xe65c50_0, 0, 3;
    %movi 8, 4, 3;
    %set/v v0xe65d00_0, 8, 3;
    %delay 8, 0;
    %set/v v0xe65f40_0, 0, 1;
    %delay 11, 0;
    %movi 8, 2, 3;
    %set/v v0xe65c50_0, 8, 3;
    %movi 8, 2, 3;
    %set/v v0xe66170_0, 8, 3;
    %movi 8, 95, 8;
    %set/v v0xe65fc0_0, 8, 8;
    %set/v v0xe66070_0, 1, 1;
    %delay 10, 0;
    %set/v v0xe66070_0, 0, 1;
    %delay 1, 0;
    %movi 8, 2, 3;
    %set/v v0xe65c50_0, 8, 3;
    %delay 9, 0;
    %movi 8, 1, 3;
    %set/v v0xe66170_0, 8, 3;
    %movi 8, 28, 8;
    %set/v v0xe65fc0_0, 8, 8;
    %set/v v0xe66070_0, 1, 1;
    %movi 8, 1, 3;
    %set/v v0xe65c50_0, 8, 3;
    %delay 10, 0;
    %set/v v0xe66070_0, 0, 1;
    %delay 10, 0;
    %movi 8, 4, 3;
    %set/v v0xe66170_0, 8, 3;
    %movi 8, 6, 8;
    %set/v v0xe65fc0_0, 8, 8;
    %set/v v0xe66070_0, 1, 1;
    %delay 10, 0;
    %movi 8, 15, 8;
    %set/v v0xe65fc0_0, 8, 8;
    %set/v v0xe66070_0, 1, 1;
    %delay 10, 0;
    %set/v v0xe66070_0, 0, 1;
    %delay 6, 0;
    %movi 8, 1, 3;
    %set/v v0xe66170_0, 8, 3;
    %movi 8, 50, 8;
    %set/v v0xe65fc0_0, 8, 8;
    %set/v v0xe66070_0, 1, 1;
    %delay 5, 0;
    %set/v v0xe66070_0, 0, 1;
    %delay 10, 0;
    %vpi_call 2 72 "$finish";
    %end;
    .thread T_3;
    .scope S_0xe26780;
T_4 ;
    %delay 5, 0;
    %load/v 8, v0xe65bb0_0, 1;
    %inv 8, 1;
    %set/v v0xe65bb0_0, 8, 1;
    %jmp T_4;
    .thread T_4;
# The file index is used to find the file name in the following table.
:file_names 4;
    "N/A";
    "<interactive>";
    "./reg_file_tb_groundtruth.v";
    "./e16087_lab5_part2.v";
