#! /usr/bin/vvp
:ivl_version "0.9.7 " "(v0_9_7)";
:vpi_time_precision + 0;
:vpi_module "system";
:vpi_module "v2005_math";
:vpi_module "va_math";
S_0xfa7190 .scope module, "reg_file_tb_groundtruth" "reg_file_tb_groundtruth" 2 1;
 .timescale 0 0;
v0xfc9f60_0 .var "CLK", 0 0;
v0xfca000_0 .var "READREG1", 2 0;
v0xfca0b0_0 .var "READREG2", 2 0;
v0xfca160_0 .net "REGOUT1", 7 0, v0xfc94a0_0; 1 drivers
v0xfca240_0 .net "REGOUT2", 7 0, v0xfc95f0_0; 1 drivers
v0xfca2f0_0 .var "RESET", 0 0;
v0xfca370_0 .var "WRITEDATA", 7 0;
v0xfca420_0 .var "WRITEENABLE", 0 0;
v0xfca4d0_0 .var "WRITEREG", 2 0;
S_0xfa0e20 .scope module, "myregfile" "reg_file" 2 8, 3 102, S_0xfa7190;
 .timescale 0 0;
v0xfa0fd0_0 .net "CLK", 0 0, v0xfc9f60_0; 1 drivers
v0xfc9360_0 .net "IN", 7 0, v0xfca370_0; 1 drivers
v0xfc9400_0 .net "INADDRESS", 2 0, v0xfca4d0_0; 1 drivers
v0xfc94a0_0 .var "OUT1", 7 0;
v0xfc9550_0 .net "OUT1ADDRESS", 2 0, v0xfca000_0; 1 drivers
v0xfc95f0_0 .var "OUT2", 7 0;
v0xfc96d0_0 .net "OUT2ADDRESS", 2 0, v0xfca0b0_0; 1 drivers
v0xfc9770_0 .var "REG1", 7 0;
v0xfc9860_0 .var "REG2", 7 0;
v0xfc9900_0 .var "REG3", 7 0;
v0xfc9a00_0 .var "REG4", 7 0;
v0xfc9aa0_0 .var "REG5", 7 0;
v0xfc9bb0_0 .var "REG6", 7 0;
v0xfc9c50_0 .var "REG7", 7 0;
v0xfc9d70_0 .var "REG8", 7 0;
v0xfc9e10_0 .net "RESET", 0 0, v0xfca2f0_0; 1 drivers
v0xfc9cd0_0 .net "WRITE", 0 0, v0xfca420_0; 1 drivers
E_0xfa70c0 .event edge, v0xfc9e10_0;
E_0xfa0f10 .event posedge, v0xfa0fd0_0;
E_0xfa0f40 .event edge, v0xfc96d0_0, v0xfc9550_0;
E_0xfa0f70/0 .event edge, v0xfc9e10_0;
E_0xfa0f70/1 .event posedge, v0xfa0fd0_0;
E_0xfa0f70 .event/or E_0xfa0f70/0, E_0xfa0f70/1;
    .scope S_0xfa0e20;
T_0 ;
    %wait E_0xfa0f70;
    %load/v 8, v0xfc9e10_0, 1;
    %jmp/0xz  T_0.0, 8;
    %delay 2, 0;
    %set/v v0xfc9770_0, 0, 8;
    %set/v v0xfc9860_0, 0, 8;
    %set/v v0xfc9900_0, 0, 8;
    %set/v v0xfc9a00_0, 0, 8;
    %set/v v0xfc9aa0_0, 0, 8;
    %set/v v0xfc9bb0_0, 0, 8;
    %set/v v0xfc9c50_0, 0, 8;
    %set/v v0xfc9d70_0, 0, 8;
    %jmp T_0.1;
T_0.0 ;
    %load/v 8, v0xfc9e10_0, 1;
    %cmpi/u 8, 0, 1;
    %jmp/0xz  T_0.2, 4;
    %load/v 8, v0xfc9cd0_0, 1;
    %jmp/0xz  T_0.4, 8;
    %delay 2, 0;
    %load/v 8, v0xfc9400_0, 3;
    %cmpi/u 8, 0, 3;
    %jmp/1 T_0.6, 6;
    %cmpi/u 8, 1, 3;
    %jmp/1 T_0.7, 6;
    %cmpi/u 8, 2, 3;
    %jmp/1 T_0.8, 6;
    %cmpi/u 8, 3, 3;
    %jmp/1 T_0.9, 6;
    %cmpi/u 8, 4, 3;
    %jmp/1 T_0.10, 6;
    %cmpi/u 8, 5, 3;
    %jmp/1 T_0.11, 6;
    %cmpi/u 8, 6, 3;
    %jmp/1 T_0.12, 6;
    %cmpi/u 8, 7, 3;
    %jmp/1 T_0.13, 6;
    %jmp T_0.14;
T_0.6 ;
    %load/v 8, v0xfc9360_0, 8;
    %set/v v0xfc9770_0, 8, 8;
    %jmp T_0.14;
T_0.7 ;
    %load/v 8, v0xfc9360_0, 8;
    %set/v v0xfc9860_0, 8, 8;
    %jmp T_0.14;
T_0.8 ;
    %load/v 8, v0xfc9360_0, 8;
    %set/v v0xfc9900_0, 8, 8;
    %jmp T_0.14;
T_0.9 ;
    %load/v 8, v0xfc9360_0, 8;
    %set/v v0xfc9a00_0, 8, 8;
    %jmp T_0.14;
T_0.10 ;
    %load/v 8, v0xfc9360_0, 8;
    %set/v v0xfc9aa0_0, 8, 8;
    %jmp T_0.14;
T_0.11 ;
    %load/v 8, v0xfc9360_0, 8;
    %set/v v0xfc9bb0_0, 8, 8;
    %jmp T_0.14;
T_0.12 ;
    %load/v 8, v0xfc9360_0, 8;
    %set/v v0xfc9c50_0, 8, 8;
    %jmp T_0.14;
T_0.13 ;
    %load/v 8, v0xfc9360_0, 8;
    %set/v v0xfc9d70_0, 8, 8;
    %jmp T_0.14;
T_0.14 ;
T_0.4 ;
T_0.2 ;
T_0.1 ;
    %jmp T_0;
    .thread T_0;
    .scope S_0xfa0e20;
T_1 ;
    %wait E_0xfa0f40;
    %delay 2, 0;
    %load/v 8, v0xfc9550_0, 3;
    %cmpi/u 8, 0, 3;
    %jmp/1 T_1.0, 6;
    %cmpi/u 8, 1, 3;
    %jmp/1 T_1.1, 6;
    %cmpi/u 8, 2, 3;
    %jmp/1 T_1.2, 6;
    %cmpi/u 8, 3, 3;
    %jmp/1 T_1.3, 6;
    %cmpi/u 8, 4, 3;
    %jmp/1 T_1.4, 6;
    %cmpi/u 8, 5, 3;
    %jmp/1 T_1.5, 6;
    %cmpi/u 8, 6, 3;
    %jmp/1 T_1.6, 6;
    %cmpi/u 8, 7, 3;
    %jmp/1 T_1.7, 6;
    %jmp T_1.8;
T_1.0 ;
    %load/v 8, v0xfc9770_0, 8;
    %set/v v0xfc94a0_0, 8, 8;
    %jmp T_1.8;
T_1.1 ;
    %load/v 8, v0xfc9860_0, 8;
    %set/v v0xfc94a0_0, 8, 8;
    %jmp T_1.8;
T_1.2 ;
    %load/v 8, v0xfc9900_0, 8;
    %set/v v0xfc94a0_0, 8, 8;
    %jmp T_1.8;
T_1.3 ;
    %load/v 8, v0xfc9a00_0, 8;
    %set/v v0xfc94a0_0, 8, 8;
    %jmp T_1.8;
T_1.4 ;
    %load/v 8, v0xfc9aa0_0, 8;
    %set/v v0xfc94a0_0, 8, 8;
    %jmp T_1.8;
T_1.5 ;
    %load/v 8, v0xfc9bb0_0, 8;
    %set/v v0xfc94a0_0, 8, 8;
    %jmp T_1.8;
T_1.6 ;
    %load/v 8, v0xfc9c50_0, 8;
    %set/v v0xfc94a0_0, 8, 8;
    %jmp T_1.8;
T_1.7 ;
    %load/v 8, v0xfc9d70_0, 8;
    %set/v v0xfc94a0_0, 8, 8;
    %jmp T_1.8;
T_1.8 ;
    %load/v 8, v0xfc96d0_0, 3;
    %cmpi/u 8, 0, 3;
    %jmp/1 T_1.9, 6;
    %cmpi/u 8, 1, 3;
    %jmp/1 T_1.10, 6;
    %cmpi/u 8, 2, 3;
    %jmp/1 T_1.11, 6;
    %cmpi/u 8, 3, 3;
    %jmp/1 T_1.12, 6;
    %cmpi/u 8, 4, 3;
    %jmp/1 T_1.13, 6;
    %cmpi/u 8, 5, 3;
    %jmp/1 T_1.14, 6;
    %cmpi/u 8, 6, 3;
    %jmp/1 T_1.15, 6;
    %cmpi/u 8, 7, 3;
    %jmp/1 T_1.16, 6;
    %jmp T_1.17;
T_1.9 ;
    %load/v 8, v0xfc9770_0, 8;
    %set/v v0xfc95f0_0, 8, 8;
    %jmp T_1.17;
T_1.10 ;
    %load/v 8, v0xfc9860_0, 8;
    %set/v v0xfc95f0_0, 8, 8;
    %jmp T_1.17;
T_1.11 ;
    %load/v 8, v0xfc9900_0, 8;
    %set/v v0xfc95f0_0, 8, 8;
    %jmp T_1.17;
T_1.12 ;
    %load/v 8, v0xfc9a00_0, 8;
    %set/v v0xfc95f0_0, 8, 8;
    %jmp T_1.17;
T_1.13 ;
    %load/v 8, v0xfc9aa0_0, 8;
    %set/v v0xfc95f0_0, 8, 8;
    %jmp T_1.17;
T_1.14 ;
    %load/v 8, v0xfc9bb0_0, 8;
    %set/v v0xfc95f0_0, 8, 8;
    %jmp T_1.17;
T_1.15 ;
    %load/v 8, v0xfc9c50_0, 8;
    %set/v v0xfc95f0_0, 8, 8;
    %jmp T_1.17;
T_1.16 ;
    %load/v 8, v0xfc9d70_0, 8;
    %set/v v0xfc95f0_0, 8, 8;
    %jmp T_1.17;
T_1.17 ;
    %jmp T_1;
    .thread T_1, $push;
    .scope S_0xfa0e20;
T_2 ;
    %wait E_0xfa0f10;
    %delay 4, 0;
    %load/v 8, v0xfc9550_0, 3;
    %cmpi/u 8, 0, 3;
    %jmp/1 T_2.0, 6;
    %cmpi/u 8, 1, 3;
    %jmp/1 T_2.1, 6;
    %cmpi/u 8, 2, 3;
    %jmp/1 T_2.2, 6;
    %cmpi/u 8, 3, 3;
    %jmp/1 T_2.3, 6;
    %cmpi/u 8, 4, 3;
    %jmp/1 T_2.4, 6;
    %cmpi/u 8, 5, 3;
    %jmp/1 T_2.5, 6;
    %cmpi/u 8, 6, 3;
    %jmp/1 T_2.6, 6;
    %cmpi/u 8, 7, 3;
    %jmp/1 T_2.7, 6;
    %jmp T_2.8;
T_2.0 ;
    %load/v 8, v0xfc9770_0, 8;
    %set/v v0xfc94a0_0, 8, 8;
    %jmp T_2.8;
T_2.1 ;
    %load/v 8, v0xfc9860_0, 8;
    %set/v v0xfc94a0_0, 8, 8;
    %jmp T_2.8;
T_2.2 ;
    %load/v 8, v0xfc9900_0, 8;
    %set/v v0xfc94a0_0, 8, 8;
    %jmp T_2.8;
T_2.3 ;
    %load/v 8, v0xfc9a00_0, 8;
    %set/v v0xfc94a0_0, 8, 8;
    %jmp T_2.8;
T_2.4 ;
    %load/v 8, v0xfc9aa0_0, 8;
    %set/v v0xfc94a0_0, 8, 8;
    %jmp T_2.8;
T_2.5 ;
    %load/v 8, v0xfc9bb0_0, 8;
    %set/v v0xfc94a0_0, 8, 8;
    %jmp T_2.8;
T_2.6 ;
    %load/v 8, v0xfc9c50_0, 8;
    %set/v v0xfc94a0_0, 8, 8;
    %jmp T_2.8;
T_2.7 ;
    %load/v 8, v0xfc9d70_0, 8;
    %set/v v0xfc94a0_0, 8, 8;
    %jmp T_2.8;
T_2.8 ;
    %load/v 8, v0xfc96d0_0, 3;
    %cmpi/u 8, 0, 3;
    %jmp/1 T_2.9, 6;
    %cmpi/u 8, 1, 3;
    %jmp/1 T_2.10, 6;
    %cmpi/u 8, 2, 3;
    %jmp/1 T_2.11, 6;
    %cmpi/u 8, 3, 3;
    %jmp/1 T_2.12, 6;
    %cmpi/u 8, 4, 3;
    %jmp/1 T_2.13, 6;
    %cmpi/u 8, 5, 3;
    %jmp/1 T_2.14, 6;
    %cmpi/u 8, 6, 3;
    %jmp/1 T_2.15, 6;
    %cmpi/u 8, 7, 3;
    %jmp/1 T_2.16, 6;
    %jmp T_2.17;
T_2.9 ;
    %load/v 8, v0xfc9770_0, 8;
    %set/v v0xfc95f0_0, 8, 8;
    %jmp T_2.17;
T_2.10 ;
    %load/v 8, v0xfc9860_0, 8;
    %set/v v0xfc95f0_0, 8, 8;
    %jmp T_2.17;
T_2.11 ;
    %load/v 8, v0xfc9900_0, 8;
    %set/v v0xfc95f0_0, 8, 8;
    %jmp T_2.17;
T_2.12 ;
    %load/v 8, v0xfc9a00_0, 8;
    %set/v v0xfc95f0_0, 8, 8;
    %jmp T_2.17;
T_2.13 ;
    %load/v 8, v0xfc9aa0_0, 8;
    %set/v v0xfc95f0_0, 8, 8;
    %jmp T_2.17;
T_2.14 ;
    %load/v 8, v0xfc9bb0_0, 8;
    %set/v v0xfc95f0_0, 8, 8;
    %jmp T_2.17;
T_2.15 ;
    %load/v 8, v0xfc9c50_0, 8;
    %set/v v0xfc95f0_0, 8, 8;
    %jmp T_2.17;
T_2.16 ;
    %load/v 8, v0xfc9d70_0, 8;
    %set/v v0xfc95f0_0, 8, 8;
    %jmp T_2.17;
T_2.17 ;
    %jmp T_2;
    .thread T_2;
    .scope S_0xfa0e20;
T_3 ;
    %wait E_0xfa70c0;
    %delay 2, 0;
    %load/v 8, v0xfc9550_0, 3;
    %cmpi/u 8, 0, 3;
    %jmp/1 T_3.0, 6;
    %cmpi/u 8, 1, 3;
    %jmp/1 T_3.1, 6;
    %cmpi/u 8, 2, 3;
    %jmp/1 T_3.2, 6;
    %cmpi/u 8, 3, 3;
    %jmp/1 T_3.3, 6;
    %cmpi/u 8, 4, 3;
    %jmp/1 T_3.4, 6;
    %cmpi/u 8, 5, 3;
    %jmp/1 T_3.5, 6;
    %cmpi/u 8, 6, 3;
    %jmp/1 T_3.6, 6;
    %cmpi/u 8, 7, 3;
    %jmp/1 T_3.7, 6;
    %jmp T_3.8;
T_3.0 ;
    %load/v 8, v0xfc9770_0, 8;
    %set/v v0xfc94a0_0, 8, 8;
    %jmp T_3.8;
T_3.1 ;
    %load/v 8, v0xfc9860_0, 8;
    %set/v v0xfc94a0_0, 8, 8;
    %jmp T_3.8;
T_3.2 ;
    %load/v 8, v0xfc9900_0, 8;
    %set/v v0xfc94a0_0, 8, 8;
    %jmp T_3.8;
T_3.3 ;
    %load/v 8, v0xfc9a00_0, 8;
    %set/v v0xfc94a0_0, 8, 8;
    %jmp T_3.8;
T_3.4 ;
    %load/v 8, v0xfc9aa0_0, 8;
    %set/v v0xfc94a0_0, 8, 8;
    %jmp T_3.8;
T_3.5 ;
    %load/v 8, v0xfc9bb0_0, 8;
    %set/v v0xfc94a0_0, 8, 8;
    %jmp T_3.8;
T_3.6 ;
    %load/v 8, v0xfc9c50_0, 8;
    %set/v v0xfc94a0_0, 8, 8;
    %jmp T_3.8;
T_3.7 ;
    %load/v 8, v0xfc9d70_0, 8;
    %set/v v0xfc94a0_0, 8, 8;
    %jmp T_3.8;
T_3.8 ;
    %load/v 8, v0xfc96d0_0, 3;
    %cmpi/u 8, 0, 3;
    %jmp/1 T_3.9, 6;
    %cmpi/u 8, 1, 3;
    %jmp/1 T_3.10, 6;
    %cmpi/u 8, 2, 3;
    %jmp/1 T_3.11, 6;
    %cmpi/u 8, 3, 3;
    %jmp/1 T_3.12, 6;
    %cmpi/u 8, 4, 3;
    %jmp/1 T_3.13, 6;
    %cmpi/u 8, 5, 3;
    %jmp/1 T_3.14, 6;
    %cmpi/u 8, 6, 3;
    %jmp/1 T_3.15, 6;
    %cmpi/u 8, 7, 3;
    %jmp/1 T_3.16, 6;
    %jmp T_3.17;
T_3.9 ;
    %load/v 8, v0xfc9770_0, 8;
    %set/v v0xfc95f0_0, 8, 8;
    %jmp T_3.17;
T_3.10 ;
    %load/v 8, v0xfc9860_0, 8;
    %set/v v0xfc95f0_0, 8, 8;
    %jmp T_3.17;
T_3.11 ;
    %load/v 8, v0xfc9900_0, 8;
    %set/v v0xfc95f0_0, 8, 8;
    %jmp T_3.17;
T_3.12 ;
    %load/v 8, v0xfc9a00_0, 8;
    %set/v v0xfc95f0_0, 8, 8;
    %jmp T_3.17;
T_3.13 ;
    %load/v 8, v0xfc9aa0_0, 8;
    %set/v v0xfc95f0_0, 8, 8;
    %jmp T_3.17;
T_3.14 ;
    %load/v 8, v0xfc9bb0_0, 8;
    %set/v v0xfc95f0_0, 8, 8;
    %jmp T_3.17;
T_3.15 ;
    %load/v 8, v0xfc9c50_0, 8;
    %set/v v0xfc95f0_0, 8, 8;
    %jmp T_3.17;
T_3.16 ;
    %load/v 8, v0xfc9d70_0, 8;
    %set/v v0xfc95f0_0, 8, 8;
    %jmp T_3.17;
T_3.17 ;
    %jmp T_3;
    .thread T_3, $push;
    .scope S_0xfa7190;
T_4 ;
    %set/v v0xfc9f60_0, 1, 1;
    %vpi_call 2 15 "$dumpfile", "waveDump.vcd";
    %vpi_call 2 16 "$dumpvars", 2'sb01, S_0xfa7190;
    %set/v v0xfca2f0_0, 0, 1;
    %set/v v0xfca420_0, 0, 1;
    %delay 1, 0;
    %set/v v0xfca2f0_0, 1, 1;
    %set/v v0xfca000_0, 0, 3;
    %movi 8, 4, 3;
    %set/v v0xfca0b0_0, 8, 3;
    %delay 8, 0;
    %set/v v0xfca2f0_0, 0, 1;
    %delay 11, 0;
    %movi 8, 2, 3;
    %set/v v0xfca000_0, 8, 3;
    %movi 8, 2, 3;
    %set/v v0xfca4d0_0, 8, 3;
    %movi 8, 95, 8;
    %set/v v0xfca370_0, 8, 8;
    %set/v v0xfca420_0, 1, 1;
    %delay 10, 0;
    %set/v v0xfca420_0, 0, 1;
    %delay 1, 0;
    %movi 8, 2, 3;
    %set/v v0xfca000_0, 8, 3;
    %delay 9, 0;
    %movi 8, 1, 3;
    %set/v v0xfca4d0_0, 8, 3;
    %movi 8, 28, 8;
    %set/v v0xfca370_0, 8, 8;
    %set/v v0xfca420_0, 1, 1;
    %movi 8, 1, 3;
    %set/v v0xfca000_0, 8, 3;
    %delay 10, 0;
    %set/v v0xfca420_0, 0, 1;
    %delay 10, 0;
    %movi 8, 4, 3;
    %set/v v0xfca4d0_0, 8, 3;
    %movi 8, 6, 8;
    %set/v v0xfca370_0, 8, 8;
    %set/v v0xfca420_0, 1, 1;
    %delay 10, 0;
    %movi 8, 15, 8;
    %set/v v0xfca370_0, 8, 8;
    %set/v v0xfca420_0, 1, 1;
    %delay 10, 0;
    %set/v v0xfca420_0, 0, 1;
    %delay 6, 0;
    %movi 8, 1, 3;
    %set/v v0xfca4d0_0, 8, 3;
    %movi 8, 50, 8;
    %set/v v0xfca370_0, 8, 8;
    %set/v v0xfca420_0, 1, 1;
    %delay 5, 0;
    %set/v v0xfca420_0, 0, 1;
    %delay 10, 0;
    %vpi_call 2 72 "$finish";
    %end;
    .thread T_4;
    .scope S_0xfa7190;
T_5 ;
    %delay 5, 0;
    %load/v 8, v0xfc9f60_0, 1;
    %inv 8, 1;
    %set/v v0xfc9f60_0, 8, 1;
    %jmp T_5;
    .thread T_5;
# The file index is used to find the file name in the following table.
:file_names 4;
    "N/A";
    "<interactive>";
    "./reg_file_tb_groundtruth.v";
    "./reg_file.v";
