#! /usr/bin/vvp
:ivl_version "0.9.7 " "(v0_9_7)";
:vpi_time_precision + 0;
:vpi_module "system";
:vpi_module "v2005_math";
:vpi_module "va_math";
S_0xa79f20 .scope module, "reg_file_tb_groundtruth" "reg_file_tb_groundtruth" 2 1;
 .timescale 0 0;
v0xa9d690_0 .var "CLK", 0 0;
v0xa9d730_0 .var "READREG1", 2 0;
v0xa9d7e0_0 .var "READREG2", 2 0;
v0xa9d890_0 .net "REGOUT1", 7 0, v0xa9c990_0; 1 drivers
v0xa9d970_0 .net "REGOUT2", 7 0, v0xa9ca40_0; 1 drivers
v0xa9da20_0 .var "RESET", 0 0;
v0xa9daa0_0 .var "WRITEDATA", 7 0;
v0xa9db50_0 .var "WRITEENABLE", 0 0;
v0xa9dc50_0 .var "WRITEREG", 2 0;
S_0xa50680 .scope module, "myregfile" "reg_file" 2 8, 3 6, S_0xa79f20;
 .timescale 0 0;
v0xa50880_0 .net "CLK", 0 0, v0xa9d690_0; 1 drivers
v0xa9c850_0 .net "IN", 7 0, v0xa9daa0_0; 1 drivers
v0xa9c8f0_0 .net "INADDRESS", 2 0, v0xa9dc50_0; 1 drivers
v0xa9c990_0 .var "OUT1", 7 0;
v0xa9ca40_0 .var "OUT2", 7 0;
v0xa9cae0_0 .net "OUTADDRESS1", 2 0, v0xa9d730_0; 1 drivers
v0xa9cbc0_0 .net "OUTADDRESS2", 2 0, v0xa9d7e0_0; 1 drivers
v0xa9cc60_0 .net "RESET", 0 0, v0xa9da20_0; 1 drivers
v0xa9cd50_0 .net "WRITE", 0 0, v0xa9db50_0; 1 drivers
v0xa9cdf0_0 .var *"_s10", 7 0; Local signal
v0xa9cef0_0 .var *"_s11", 7 0; Local signal
v0xa9cf90_0 .var *"_s4", 7 0; Local signal
v0xa9d0a0_0 .var *"_s5", 7 0; Local signal
v0xa9d140_0 .var *"_s6", 7 0; Local signal
v0xa9d260_0 .var *"_s7", 7 0; Local signal
v0xa9d300_0 .var *"_s8", 7 0; Local signal
v0xa9d1c0_0 .var *"_s9", 7 0; Local signal
v0xa9d450_0 .var/i "i", 31 0;
v0xa9d570 .array "r_Block", 7 0, 7 0;
E_0xa79e50 .event edge, v0xa9cc60_0;
E_0xa50770 .event posedge, v0xa50880_0;
v0xa9d570_0 .array/port v0xa9d570, 0;
v0xa9d570_1 .array/port v0xa9d570, 1;
v0xa9d570_2 .array/port v0xa9d570, 2;
E_0xa507a0/0 .event edge, v0xa9cbc0_0, v0xa9d570_0, v0xa9d570_1, v0xa9d570_2;
v0xa9d570_3 .array/port v0xa9d570, 3;
v0xa9d570_4 .array/port v0xa9d570, 4;
v0xa9d570_5 .array/port v0xa9d570, 5;
v0xa9d570_6 .array/port v0xa9d570, 6;
E_0xa507a0/1 .event edge, v0xa9d570_3, v0xa9d570_4, v0xa9d570_5, v0xa9d570_6;
v0xa9d570_7 .array/port v0xa9d570, 7;
E_0xa507a0/2 .event edge, v0xa9d570_7;
E_0xa507a0 .event/or E_0xa507a0/0, E_0xa507a0/1, E_0xa507a0/2;
E_0xa507d0/0 .event edge, v0xa9cae0_0, v0xa9d570_0, v0xa9d570_1, v0xa9d570_2;
E_0xa507d0/1 .event edge, v0xa9d570_3, v0xa9d570_4, v0xa9d570_5, v0xa9d570_6;
E_0xa507d0/2 .event edge, v0xa9d570_7;
E_0xa507d0 .event/or E_0xa507d0/0, E_0xa507d0/1, E_0xa507d0/2;
    .scope S_0xa50680;
T_0 ;
    %wait E_0xa507d0;
    %load/v 8, v0xa9cae0_0, 3;
    %cmpi/u 8, 0, 3;
    %jmp/1 T_0.0, 6;
    %cmpi/u 8, 1, 3;
    %jmp/1 T_0.1, 6;
    %cmpi/u 8, 2, 3;
    %jmp/1 T_0.2, 6;
    %cmpi/u 8, 3, 3;
    %jmp/1 T_0.3, 6;
    %cmpi/u 8, 4, 3;
    %jmp/1 T_0.4, 6;
    %cmpi/u 8, 5, 3;
    %jmp/1 T_0.5, 6;
    %cmpi/u 8, 6, 3;
    %jmp/1 T_0.6, 6;
    %cmpi/u 8, 7, 3;
    %jmp/1 T_0.7, 6;
    %jmp T_0.8;
T_0.0 ;
    %ix/load 3, 0, 0;
    %mov 4, 0, 1;
    %load/av 8, v0xa9d570, 8;
    %ix/load 0, 8, 0;
    %assign/v0 v0xa9c990_0, 2, 8;
    %jmp T_0.8;
T_0.1 ;
    %ix/load 3, 1, 0;
    %mov 4, 0, 1;
    %load/av 8, v0xa9d570, 8;
    %ix/load 0, 8, 0;
    %assign/v0 v0xa9c990_0, 2, 8;
    %jmp T_0.8;
T_0.2 ;
    %ix/load 3, 2, 0;
    %mov 4, 0, 1;
    %load/av 8, v0xa9d570, 8;
    %ix/load 0, 8, 0;
    %assign/v0 v0xa9c990_0, 2, 8;
    %jmp T_0.8;
T_0.3 ;
    %ix/load 3, 3, 0;
    %mov 4, 0, 1;
    %load/av 8, v0xa9d570, 8;
    %ix/load 0, 8, 0;
    %assign/v0 v0xa9c990_0, 2, 8;
    %jmp T_0.8;
T_0.4 ;
    %ix/load 3, 4, 0;
    %mov 4, 0, 1;
    %load/av 8, v0xa9d570, 8;
    %ix/load 0, 8, 0;
    %assign/v0 v0xa9c990_0, 2, 8;
    %jmp T_0.8;
T_0.5 ;
    %ix/load 3, 5, 0;
    %mov 4, 0, 1;
    %load/av 8, v0xa9d570, 8;
    %ix/load 0, 8, 0;
    %assign/v0 v0xa9c990_0, 2, 8;
    %jmp T_0.8;
T_0.6 ;
    %ix/load 3, 6, 0;
    %mov 4, 0, 1;
    %load/av 8, v0xa9d570, 8;
    %ix/load 0, 8, 0;
    %assign/v0 v0xa9c990_0, 2, 8;
    %jmp T_0.8;
T_0.7 ;
    %ix/load 3, 7, 0;
    %mov 4, 0, 1;
    %load/av 8, v0xa9d570, 8;
    %ix/load 0, 8, 0;
    %assign/v0 v0xa9c990_0, 2, 8;
    %jmp T_0.8;
T_0.8 ;
    %jmp T_0;
    .thread T_0, $push;
    .scope S_0xa50680;
T_1 ;
    %wait E_0xa507a0;
    %load/v 8, v0xa9cbc0_0, 3;
    %cmpi/u 8, 0, 3;
    %jmp/1 T_1.0, 6;
    %cmpi/u 8, 1, 3;
    %jmp/1 T_1.1, 6;
    %cmpi/u 8, 2, 3;
    %jmp/1 T_1.2, 6;
    %cmpi/u 8, 3, 3;
    %jmp/1 T_1.3, 6;
    %cmpi/u 8, 4, 3;
    %jmp/1 T_1.4, 6;
    %cmpi/u 8, 5, 3;
    %jmp/1 T_1.5, 6;
    %cmpi/u 8, 6, 3;
    %jmp/1 T_1.6, 6;
    %cmpi/u 8, 7, 3;
    %jmp/1 T_1.7, 6;
    %jmp T_1.8;
T_1.0 ;
    %ix/load 3, 0, 0;
    %mov 4, 0, 1;
    %load/av 8, v0xa9d570, 8;
    %ix/load 0, 8, 0;
    %assign/v0 v0xa9ca40_0, 2, 8;
    %jmp T_1.8;
T_1.1 ;
    %ix/load 3, 1, 0;
    %mov 4, 0, 1;
    %load/av 8, v0xa9d570, 8;
    %ix/load 0, 8, 0;
    %assign/v0 v0xa9ca40_0, 2, 8;
    %jmp T_1.8;
T_1.2 ;
    %ix/load 3, 2, 0;
    %mov 4, 0, 1;
    %load/av 8, v0xa9d570, 8;
    %ix/load 0, 8, 0;
    %assign/v0 v0xa9ca40_0, 2, 8;
    %jmp T_1.8;
T_1.3 ;
    %ix/load 3, 3, 0;
    %mov 4, 0, 1;
    %load/av 8, v0xa9d570, 8;
    %ix/load 0, 8, 0;
    %assign/v0 v0xa9ca40_0, 2, 8;
    %jmp T_1.8;
T_1.4 ;
    %ix/load 3, 4, 0;
    %mov 4, 0, 1;
    %load/av 8, v0xa9d570, 8;
    %ix/load 0, 8, 0;
    %assign/v0 v0xa9ca40_0, 2, 8;
    %jmp T_1.8;
T_1.5 ;
    %ix/load 3, 5, 0;
    %mov 4, 0, 1;
    %load/av 8, v0xa9d570, 8;
    %ix/load 0, 8, 0;
    %assign/v0 v0xa9ca40_0, 2, 8;
    %jmp T_1.8;
T_1.6 ;
    %ix/load 3, 6, 0;
    %mov 4, 0, 1;
    %load/av 8, v0xa9d570, 8;
    %ix/load 0, 8, 0;
    %assign/v0 v0xa9ca40_0, 2, 8;
    %jmp T_1.8;
T_1.7 ;
    %ix/load 3, 7, 0;
    %mov 4, 0, 1;
    %load/av 8, v0xa9d570, 8;
    %ix/load 0, 8, 0;
    %assign/v0 v0xa9ca40_0, 2, 8;
    %jmp T_1.8;
T_1.8 ;
    %jmp T_1;
    .thread T_1, $push;
    .scope S_0xa50680;
T_2 ;
    %wait E_0xa50770;
    %load/v 8, v0xa9cd50_0, 1;
    %mov 9, 0, 2;
    %cmpi/u 8, 1, 3;
    %jmp/0xz  T_2.0, 4;
    %load/v 8, v0xa9c8f0_0, 3;
    %cmpi/u 8, 0, 3;
    %jmp/1 T_2.2, 6;
    %cmpi/u 8, 1, 3;
    %jmp/1 T_2.3, 6;
    %cmpi/u 8, 2, 3;
    %jmp/1 T_2.4, 6;
    %cmpi/u 8, 3, 3;
    %jmp/1 T_2.5, 6;
    %cmpi/u 8, 4, 3;
    %jmp/1 T_2.6, 6;
    %cmpi/u 8, 5, 3;
    %jmp/1 T_2.7, 6;
    %cmpi/u 8, 6, 3;
    %jmp/1 T_2.8, 6;
    %cmpi/u 8, 7, 3;
    %jmp/1 T_2.9, 6;
    %jmp T_2.10;
T_2.2 ;
    %load/v 8, v0xa9c850_0, 8;
    %set/v v0xa9cf90_0, 8, 8;
    %movi 8, 2, 3;
    %ix/get 0, 8, 3;
    %delayx 0;
    %load/v 8, v0xa9cf90_0, 8;
   %ix/load 1, 0, 0;
   %ix/load 3, 0, 0;
   %set/av v0xa9d570, 8, 8;
    %jmp T_2.10;
T_2.3 ;
    %load/v 8, v0xa9c850_0, 8;
    %set/v v0xa9d0a0_0, 8, 8;
    %movi 8, 2, 3;
    %ix/get 0, 8, 3;
    %delayx 0;
    %load/v 8, v0xa9d0a0_0, 8;
   %ix/load 1, 0, 0;
   %ix/load 3, 1, 0;
   %set/av v0xa9d570, 8, 8;
    %jmp T_2.10;
T_2.4 ;
    %load/v 8, v0xa9c850_0, 8;
    %set/v v0xa9d140_0, 8, 8;
    %movi 8, 2, 3;
    %ix/get 0, 8, 3;
    %delayx 0;
    %load/v 8, v0xa9d140_0, 8;
   %ix/load 1, 0, 0;
   %ix/load 3, 2, 0;
   %set/av v0xa9d570, 8, 8;
    %jmp T_2.10;
T_2.5 ;
    %load/v 8, v0xa9c850_0, 8;
    %set/v v0xa9d260_0, 8, 8;
    %movi 8, 2, 3;
    %ix/get 0, 8, 3;
    %delayx 0;
    %load/v 8, v0xa9d260_0, 8;
   %ix/load 1, 0, 0;
   %ix/load 3, 3, 0;
   %set/av v0xa9d570, 8, 8;
    %jmp T_2.10;
T_2.6 ;
    %load/v 8, v0xa9c850_0, 8;
    %set/v v0xa9d300_0, 8, 8;
    %movi 8, 2, 3;
    %ix/get 0, 8, 3;
    %delayx 0;
    %load/v 8, v0xa9d300_0, 8;
   %ix/load 1, 0, 0;
   %ix/load 3, 4, 0;
   %set/av v0xa9d570, 8, 8;
    %jmp T_2.10;
T_2.7 ;
    %load/v 8, v0xa9c850_0, 8;
    %set/v v0xa9d1c0_0, 8, 8;
    %movi 8, 2, 3;
    %ix/get 0, 8, 3;
    %delayx 0;
    %load/v 8, v0xa9d1c0_0, 8;
   %ix/load 1, 0, 0;
   %ix/load 3, 5, 0;
   %set/av v0xa9d570, 8, 8;
    %jmp T_2.10;
T_2.8 ;
    %load/v 8, v0xa9c850_0, 8;
    %set/v v0xa9cdf0_0, 8, 8;
    %movi 8, 2, 3;
    %ix/get 0, 8, 3;
    %delayx 0;
    %load/v 8, v0xa9cdf0_0, 8;
   %ix/load 1, 0, 0;
   %ix/load 3, 6, 0;
   %set/av v0xa9d570, 8, 8;
    %jmp T_2.10;
T_2.9 ;
    %load/v 8, v0xa9c850_0, 8;
    %set/v v0xa9cef0_0, 8, 8;
    %movi 8, 2, 3;
    %ix/get 0, 8, 3;
    %delayx 0;
    %load/v 8, v0xa9cef0_0, 8;
   %ix/load 1, 0, 0;
   %ix/load 3, 7, 0;
   %set/av v0xa9d570, 8, 8;
    %jmp T_2.10;
T_2.10 ;
T_2.0 ;
    %jmp T_2;
    .thread T_2;
    .scope S_0xa50680;
T_3 ;
    %wait E_0xa79e50;
    %load/v 8, v0xa9cc60_0, 1;
    %mov 9, 0, 2;
    %cmpi/u 8, 1, 3;
    %jmp/0xz  T_3.0, 4;
    %delay 2, 0;
    %set/v v0xa9d450_0, 0, 32;
T_3.2 ;
    %load/v 8, v0xa9d450_0, 32;
   %cmpi/s 8, 8, 32;
    %jmp/0xz T_3.3, 5;
    %ix/getv/s 3, v0xa9d450_0;
    %jmp/1 t_0, 4;
    %ix/load 0, 8, 0; word width
    %ix/load 1, 0, 0; part off
    %assign/av v0xa9d570, 0, 0;
t_0 ;
    %ix/load 0, 1, 0;
    %load/vp0/s 8, v0xa9d450_0, 32;
    %set/v v0xa9d450_0, 8, 32;
    %jmp T_3.2;
T_3.3 ;
T_3.0 ;
    %jmp T_3;
    .thread T_3, $push;
    .scope S_0xa79f20;
T_4 ;
    %set/v v0xa9d690_0, 1, 1;
    %vpi_call 2 15 "$dumpfile", "waveDump.vcd";
    %vpi_call 2 16 "$dumpvars", 2'sb01, S_0xa79f20;
    %set/v v0xa9da20_0, 0, 1;
    %set/v v0xa9db50_0, 0, 1;
    %delay 1, 0;
    %set/v v0xa9da20_0, 1, 1;
    %set/v v0xa9d730_0, 0, 3;
    %movi 8, 4, 3;
    %set/v v0xa9d7e0_0, 8, 3;
    %delay 8, 0;
    %set/v v0xa9da20_0, 0, 1;
    %delay 11, 0;
    %movi 8, 2, 3;
    %set/v v0xa9d730_0, 8, 3;
    %movi 8, 2, 3;
    %set/v v0xa9dc50_0, 8, 3;
    %movi 8, 95, 8;
    %set/v v0xa9daa0_0, 8, 8;
    %set/v v0xa9db50_0, 1, 1;
    %delay 10, 0;
    %set/v v0xa9db50_0, 0, 1;
    %delay 1, 0;
    %movi 8, 2, 3;
    %set/v v0xa9d730_0, 8, 3;
    %delay 9, 0;
    %movi 8, 1, 3;
    %set/v v0xa9dc50_0, 8, 3;
    %movi 8, 28, 8;
    %set/v v0xa9daa0_0, 8, 8;
    %set/v v0xa9db50_0, 1, 1;
    %movi 8, 1, 3;
    %set/v v0xa9d730_0, 8, 3;
    %delay 10, 0;
    %set/v v0xa9db50_0, 0, 1;
    %delay 10, 0;
    %movi 8, 4, 3;
    %set/v v0xa9dc50_0, 8, 3;
    %movi 8, 6, 8;
    %set/v v0xa9daa0_0, 8, 8;
    %set/v v0xa9db50_0, 1, 1;
    %delay 10, 0;
    %movi 8, 15, 8;
    %set/v v0xa9daa0_0, 8, 8;
    %set/v v0xa9db50_0, 1, 1;
    %delay 10, 0;
    %set/v v0xa9db50_0, 0, 1;
    %delay 6, 0;
    %movi 8, 1, 3;
    %set/v v0xa9dc50_0, 8, 3;
    %movi 8, 50, 8;
    %set/v v0xa9daa0_0, 8, 8;
    %set/v v0xa9db50_0, 1, 1;
    %delay 5, 0;
    %set/v v0xa9db50_0, 0, 1;
    %delay 10, 0;
    %vpi_call 2 72 "$finish";
    %end;
    .thread T_4;
    .scope S_0xa79f20;
T_5 ;
    %delay 5, 0;
    %load/v 8, v0xa9d690_0, 1;
    %inv 8, 1;
    %set/v v0xa9d690_0, 8, 1;
    %jmp T_5;
    .thread T_5;
# The file index is used to find the file name in the following table.
:file_names 4;
    "N/A";
    "<interactive>";
    "./reg_file_tb_groundtruth.v";
    "./reg_file.v";
