#! /usr/bin/vvp
:ivl_version "0.9.7 " "(v0_9_7)";
:vpi_time_precision + 0;
:vpi_module "system";
:vpi_module "v2005_math";
:vpi_module "va_math";
S_0xa3b370 .scope module, "reg_file_tb_groundtruth" "reg_file_tb_groundtruth" 2 1;
 .timescale 0 0;
v0xa518f0_0 .var "CLK", 0 0;
v0xa51990_0 .var "READREG1", 2 0;
v0xa51a40_0 .var "READREG2", 2 0;
v0xa51af0_0 .net "REGOUT1", 7 0, v0xa51310_0; 1 drivers
v0xa51bd0_0 .net "REGOUT2", 7 0, v0xa51460_0; 1 drivers
v0xa51c80_0 .var "RESET", 0 0;
v0xa51d00_0 .var "WRITEDATA", 7 0;
v0xa51db0_0 .var "WRITEENABLE", 0 0;
v0xa51e60_0 .var "WRITEREG", 2 0;
S_0xa0b680 .scope module, "myregfile" "reg_file" 2 8, 3 105, S_0xa3b370;
 .timescale 0 0;
v0xa0b830_0 .net "CLK", 0 0, v0xa518f0_0; 1 drivers
v0xa511d0_0 .net "IN", 7 0, v0xa51d00_0; 1 drivers
v0xa51270_0 .net "INADDRESS", 2 0, v0xa51e60_0; 1 drivers
v0xa51310_0 .var "OUT1", 7 0;
v0xa513c0_0 .net "OUT1ADDRESS", 2 0, v0xa51990_0; 1 drivers
v0xa51460_0 .var "OUT2", 7 0;
v0xa51540_0 .net "OUT2ADDRESS", 2 0, v0xa51a40_0; 1 drivers
v0xa515e0 .array "REGISTER", 0 7, 7 0;
v0xa516b0_0 .net "RESET", 0 0, v0xa51c80_0; 1 drivers
v0xa51750_0 .net "WRITE", 0 0, v0xa51db0_0; 1 drivers
v0xa51850_0 .var/i "i", 31 0;
E_0xa3b2a0 .event edge, v0xa51540_0;
E_0xa0b770 .event edge, v0xa513c0_0;
E_0xa0b7a0 .event posedge, v0xa516b0_0;
E_0xa0b7d0 .event posedge, v0xa0b830_0;
    .scope S_0xa0b680;
T_0 ;
    %wait E_0xa0b7d0;
    %load/v 8, v0xa51750_0, 1;
    %jmp/0xz  T_0.0, 8;
    %delay 2, 0;
    %load/v 8, v0xa511d0_0, 8;
    %ix/getv 3, v0xa51270_0;
   %jmp/1 t_0, 4;
   %ix/load 1, 0, 0;
   %set/av v0xa515e0, 8, 8;
t_0 ;
    %delay 2, 0;
    %ix/getv 3, v0xa513c0_0;
    %load/av 8, v0xa515e0, 8;
    %set/v v0xa51310_0, 8, 8;
    %ix/getv 3, v0xa51540_0;
    %load/av 8, v0xa515e0, 8;
    %set/v v0xa51460_0, 8, 8;
T_0.0 ;
    %jmp T_0;
    .thread T_0;
    .scope S_0xa0b680;
T_1 ;
    %wait E_0xa0b7a0;
    %delay 2, 0;
    %set/v v0xa51850_0, 0, 32;
T_1.0 ;
    %load/v 8, v0xa51850_0, 32;
   %cmpi/s 8, 8, 32;
    %jmp/0xz T_1.1, 5;
    %ix/getv/s 3, v0xa51850_0;
   %jmp/1 t_1, 4;
   %ix/load 1, 0, 0;
   %set/av v0xa515e0, 0, 8;
t_1 ;
    %ix/load 0, 1, 0;
    %load/vp0/s 8, v0xa51850_0, 32;
    %set/v v0xa51850_0, 8, 32;
    %jmp T_1.0;
T_1.1 ;
    %delay 2, 0;
    %ix/getv 3, v0xa513c0_0;
    %load/av 8, v0xa515e0, 8;
    %set/v v0xa51310_0, 8, 8;
    %ix/getv 3, v0xa51540_0;
    %load/av 8, v0xa515e0, 8;
    %set/v v0xa51460_0, 8, 8;
    %jmp T_1;
    .thread T_1;
    .scope S_0xa0b680;
T_2 ;
    %wait E_0xa0b770;
    %load/v 8, v0xa516b0_0, 1;
    %inv 8, 1;
    %jmp/0xz  T_2.0, 8;
    %delay 2, 0;
    %ix/getv 3, v0xa513c0_0;
    %load/av 8, v0xa515e0, 8;
    %set/v v0xa51310_0, 8, 8;
T_2.0 ;
    %jmp T_2;
    .thread T_2, $push;
    .scope S_0xa0b680;
T_3 ;
    %wait E_0xa3b2a0;
    %load/v 8, v0xa516b0_0, 1;
    %inv 8, 1;
    %jmp/0xz  T_3.0, 8;
    %delay 2, 0;
    %ix/getv 3, v0xa51540_0;
    %load/av 8, v0xa515e0, 8;
    %set/v v0xa51460_0, 8, 8;
T_3.0 ;
    %jmp T_3;
    .thread T_3, $push;
    .scope S_0xa3b370;
T_4 ;
    %set/v v0xa518f0_0, 1, 1;
    %vpi_call 2 15 "$dumpfile", "waveDump.vcd";
    %vpi_call 2 16 "$dumpvars", 2'sb01, S_0xa3b370;
    %set/v v0xa51c80_0, 0, 1;
    %set/v v0xa51db0_0, 0, 1;
    %delay 1, 0;
    %set/v v0xa51c80_0, 1, 1;
    %set/v v0xa51990_0, 0, 3;
    %movi 8, 4, 3;
    %set/v v0xa51a40_0, 8, 3;
    %delay 8, 0;
    %set/v v0xa51c80_0, 0, 1;
    %delay 11, 0;
    %movi 8, 2, 3;
    %set/v v0xa51990_0, 8, 3;
    %movi 8, 2, 3;
    %set/v v0xa51e60_0, 8, 3;
    %movi 8, 95, 8;
    %set/v v0xa51d00_0, 8, 8;
    %set/v v0xa51db0_0, 1, 1;
    %delay 10, 0;
    %set/v v0xa51db0_0, 0, 1;
    %delay 1, 0;
    %movi 8, 2, 3;
    %set/v v0xa51990_0, 8, 3;
    %delay 9, 0;
    %movi 8, 1, 3;
    %set/v v0xa51e60_0, 8, 3;
    %movi 8, 28, 8;
    %set/v v0xa51d00_0, 8, 8;
    %set/v v0xa51db0_0, 1, 1;
    %movi 8, 1, 3;
    %set/v v0xa51990_0, 8, 3;
    %delay 10, 0;
    %set/v v0xa51db0_0, 0, 1;
    %delay 10, 0;
    %movi 8, 4, 3;
    %set/v v0xa51e60_0, 8, 3;
    %movi 8, 6, 8;
    %set/v v0xa51d00_0, 8, 8;
    %set/v v0xa51db0_0, 1, 1;
    %delay 10, 0;
    %movi 8, 15, 8;
    %set/v v0xa51d00_0, 8, 8;
    %set/v v0xa51db0_0, 1, 1;
    %delay 10, 0;
    %set/v v0xa51db0_0, 0, 1;
    %delay 6, 0;
    %movi 8, 1, 3;
    %set/v v0xa51e60_0, 8, 3;
    %movi 8, 50, 8;
    %set/v v0xa51d00_0, 8, 8;
    %set/v v0xa51db0_0, 1, 1;
    %delay 5, 0;
    %set/v v0xa51db0_0, 0, 1;
    %delay 10, 0;
    %vpi_call 2 72 "$finish";
    %end;
    .thread T_4;
    .scope S_0xa3b370;
T_5 ;
    %delay 5, 0;
    %load/v 8, v0xa518f0_0, 1;
    %inv 8, 1;
    %set/v v0xa518f0_0, 8, 1;
    %jmp T_5;
    .thread T_5;
# The file index is used to find the file name in the following table.
:file_names 4;
    "N/A";
    "<interactive>";
    "./reg_file_tb_groundtruth.v";
    "./reg_file.v";
