#! /usr/bin/vvp
:ivl_version "0.9.7 " "(v0_9_7)";
:vpi_time_precision + 0;
:vpi_module "system";
:vpi_module "v2005_math";
:vpi_module "va_math";
S_0x1369f20 .scope module, "reg_file_tb_groundtruth" "reg_file_tb_groundtruth" 2 1;
 .timescale 0 0;
v0x137fc80_0 .var "CLK", 0 0;
v0x137fd20_0 .var "READREG1", 2 0;
v0x137fdd0_0 .var "READREG2", 2 0;
v0x137fe80_0 .net "REGOUT1", 7 0, v0x137f490_0; 1 drivers
v0x137ff60_0 .net "REGOUT2", 7 0, v0x137f5e0_0; 1 drivers
v0x1380010_0 .var "RESET", 0 0;
v0x1380090_0 .var "WRITEDATA", 7 0;
v0x1380140_0 .var "WRITEENABLE", 0 0;
v0x1380240_0 .var "WRITEREG", 2 0;
S_0x1340680 .scope module, "myregfile" "reg_file" 2 8, 3 8, S_0x1369f20;
 .timescale 0 0;
v0x13407d0_0 .net "CLK", 0 0, v0x137fc80_0; 1 drivers
v0x137f350_0 .net "IN", 7 0, v0x1380090_0; 1 drivers
v0x137f3f0_0 .net "INADDRESS", 2 0, v0x1380240_0; 1 drivers
v0x137f490_0 .var "OUT1", 7 0;
v0x137f540_0 .net "OUT1ADDRESS", 2 0, v0x137fd20_0; 1 drivers
v0x137f5e0_0 .var "OUT2", 7 0;
v0x137f6c0_0 .net "OUT2ADDRESS", 2 0, v0x137fdd0_0; 1 drivers
v0x137f760_0 .net "RESET", 0 0, v0x1380010_0; 1 drivers
v0x137f850_0 .net "WRITE", 0 0, v0x1380140_0; 1 drivers
v0x137f8f0_0 .var *"_s4", 7 0; Local signal
v0x137f9f0_0 .var/i "i", 31 0;
v0x137fa90 .array "register", 7 0, 7 0;
E_0x1369e50 .event posedge, v0x13407d0_0;
v0x137fa90_0 .array/port v0x137fa90, 0;
v0x137fa90_1 .array/port v0x137fa90, 1;
v0x137fa90_2 .array/port v0x137fa90, 2;
E_0x1340770/0 .event edge, v0x137f540_0, v0x137fa90_0, v0x137fa90_1, v0x137fa90_2;
v0x137fa90_3 .array/port v0x137fa90, 3;
v0x137fa90_4 .array/port v0x137fa90, 4;
v0x137fa90_5 .array/port v0x137fa90, 5;
v0x137fa90_6 .array/port v0x137fa90, 6;
E_0x1340770/1 .event edge, v0x137fa90_3, v0x137fa90_4, v0x137fa90_5, v0x137fa90_6;
v0x137fa90_7 .array/port v0x137fa90, 7;
E_0x1340770/2 .event edge, v0x137fa90_7, v0x137f6c0_0;
E_0x1340770 .event/or E_0x1340770/0, E_0x1340770/1, E_0x1340770/2;
E_0x13407a0 .event edge, v0x137f760_0, v0x137f9f0_0;
    .scope S_0x1340680;
T_0 ;
    %wait E_0x13407a0;
    %load/v 8, v0x137f760_0, 1;
    %mov 9, 0, 2;
    %cmpi/u 8, 1, 3;
    %jmp/0xz  T_0.0, 4;
    %delay 2, 0;
    %set/v v0x137f9f0_0, 0, 32;
T_0.2 ;
    %load/v 8, v0x137f9f0_0, 32;
   %cmpi/s 8, 8, 32;
    %jmp/0xz T_0.3, 5;
    %ix/getv/s 3, v0x137f9f0_0;
   %jmp/1 t_0, 4;
   %ix/load 1, 0, 0;
   %set/av v0x137fa90, 0, 8;
t_0 ;
    %ix/load 0, 1, 0;
    %load/vp0/s 8, v0x137f9f0_0, 32;
    %set/v v0x137f9f0_0, 8, 32;
    %jmp T_0.2;
T_0.3 ;
T_0.0 ;
    %jmp T_0;
    .thread T_0, $push;
    .scope S_0x1340680;
T_1 ;
    %wait E_0x1340770;
    %ix/getv 3, v0x137f540_0;
    %load/av 8, v0x137fa90, 8;
    %ix/load 0, 8, 0;
    %assign/v0 v0x137f490_0, 2, 8;
    %ix/getv 3, v0x137f6c0_0;
    %load/av 8, v0x137fa90, 8;
    %ix/load 0, 8, 0;
    %assign/v0 v0x137f5e0_0, 2, 8;
    %jmp T_1;
    .thread T_1, $push;
    .scope S_0x1340680;
T_2 ;
    %wait E_0x1369e50;
    %load/v 8, v0x137f850_0, 1;
    %mov 9, 0, 2;
    %cmpi/u 8, 1, 3;
    %mov 8, 4, 1;
    %load/v 9, v0x137f760_0, 1;
    %mov 10, 0, 1;
    %cmpi/u 9, 0, 2;
    %mov 9, 4, 1;
    %and 8, 9, 1;
    %jmp/0xz  T_2.0, 8;
    %load/v 8, v0x137f350_0, 8;
    %set/v v0x137f8f0_0, 8, 8;
    %movi 8, 2, 3;
    %ix/get 0, 8, 3;
    %delayx 0;
    %load/v 8, v0x137f8f0_0, 8;
    %ix/getv 3, v0x137f3f0_0;
   %jmp/1 t_1, 4;
   %ix/load 1, 0, 0;
   %set/av v0x137fa90, 8, 8;
t_1 ;
T_2.0 ;
    %jmp T_2;
    .thread T_2;
    .scope S_0x1369f20;
T_3 ;
    %set/v v0x137fc80_0, 1, 1;
    %vpi_call 2 15 "$dumpfile", "waveDump.vcd";
    %vpi_call 2 16 "$dumpvars", 2'sb01, S_0x1369f20;
    %set/v v0x1380010_0, 0, 1;
    %set/v v0x1380140_0, 0, 1;
    %delay 1, 0;
    %set/v v0x1380010_0, 1, 1;
    %set/v v0x137fd20_0, 0, 3;
    %movi 8, 4, 3;
    %set/v v0x137fdd0_0, 8, 3;
    %delay 8, 0;
    %set/v v0x1380010_0, 0, 1;
    %delay 11, 0;
    %movi 8, 2, 3;
    %set/v v0x137fd20_0, 8, 3;
    %movi 8, 2, 3;
    %set/v v0x1380240_0, 8, 3;
    %movi 8, 95, 8;
    %set/v v0x1380090_0, 8, 8;
    %set/v v0x1380140_0, 1, 1;
    %delay 10, 0;
    %set/v v0x1380140_0, 0, 1;
    %delay 1, 0;
    %movi 8, 2, 3;
    %set/v v0x137fd20_0, 8, 3;
    %delay 9, 0;
    %movi 8, 1, 3;
    %set/v v0x1380240_0, 8, 3;
    %movi 8, 28, 8;
    %set/v v0x1380090_0, 8, 8;
    %set/v v0x1380140_0, 1, 1;
    %movi 8, 1, 3;
    %set/v v0x137fd20_0, 8, 3;
    %delay 10, 0;
    %set/v v0x1380140_0, 0, 1;
    %delay 10, 0;
    %movi 8, 4, 3;
    %set/v v0x1380240_0, 8, 3;
    %movi 8, 6, 8;
    %set/v v0x1380090_0, 8, 8;
    %set/v v0x1380140_0, 1, 1;
    %delay 10, 0;
    %movi 8, 15, 8;
    %set/v v0x1380090_0, 8, 8;
    %set/v v0x1380140_0, 1, 1;
    %delay 10, 0;
    %set/v v0x1380140_0, 0, 1;
    %delay 6, 0;
    %movi 8, 1, 3;
    %set/v v0x1380240_0, 8, 3;
    %movi 8, 50, 8;
    %set/v v0x1380090_0, 8, 8;
    %set/v v0x1380140_0, 1, 1;
    %delay 5, 0;
    %set/v v0x1380140_0, 0, 1;
    %delay 10, 0;
    %vpi_call 2 72 "$finish";
    %end;
    .thread T_3;
    .scope S_0x1369f20;
T_4 ;
    %delay 5, 0;
    %load/v 8, v0x137fc80_0, 1;
    %inv 8, 1;
    %set/v v0x137fc80_0, 8, 1;
    %jmp T_4;
    .thread T_4;
# The file index is used to find the file name in the following table.
:file_names 4;
    "N/A";
    "<interactive>";
    "./reg_file_tb_groundtruth.v";
    "./reg_file.v";
