#! /usr/bin/vvp
:ivl_version "0.9.7 " "(v0_9_7)";
:vpi_time_precision + 0;
:vpi_module "system";
:vpi_module "v2005_math";
:vpi_module "va_math";
S_0x1addf20 .scope module, "reg_file_tb_groundtruth" "reg_file_tb_groundtruth" 2 1;
 .timescale 0 0;
v0x1afd2e0_0 .var "CLK", 0 0;
v0x1afd360_0 .var "READREG1", 2 0;
v0x1afd3e0_0 .var "READREG2", 2 0;
v0x1afd490_0 .net "REGOUT1", 7 0, v0x1afc680_0; 1 drivers
v0x1afd570_0 .net "REGOUT2", 7 0, v0x1afc7d0_0; 1 drivers
v0x1afd620_0 .var "RESET", 0 0;
v0x1afd6a0_0 .var "WRITEDATA", 7 0;
v0x1afd750_0 .var "WRITEENABLE", 0 0;
v0x1afd800_0 .var "WRITEREG", 2 0;
S_0x1ab4680 .scope module, "myregfile" "reg_file" 2 8, 3 1, S_0x1addf20;
 .timescale 0 0;
L_0x1afcb60 .functor NOT 1, v0x1afd750_0, C4<0>, C4<0>, C4<0>;
v0x1ab47d0_0 .net "CLOCK", 0 0, v0x1afd2e0_0; 1 drivers
v0x1afc540_0 .net "IN", 7 0, v0x1afd6a0_0; 1 drivers
v0x1afc5e0_0 .net "INADDRESS", 2 0, v0x1afd800_0; 1 drivers
v0x1afc680_0 .var "OUT1", 7 0;
v0x1afc730_0 .net "OUT1ADDRESS", 2 0, v0x1afd360_0; 1 drivers
v0x1afc7d0_0 .var "OUT2", 7 0;
v0x1afc8b0_0 .net "OUT2ADDRESS", 2 0, v0x1afd3e0_0; 1 drivers
v0x1afc950_0 .net "RESET", 0 0, v0x1afd620_0; 1 drivers
v0x1afca40_0 .var "Regout0", 7 0;
v0x1afcae0_0 .var "Regout1", 7 0;
v0x1afcbe0_0 .var "Regout2", 7 0;
v0x1afcc80_0 .var "Regout3", 7 0;
v0x1afcd90_0 .var "Regout4", 7 0;
v0x1afce30_0 .var "Regout5", 7 0;
v0x1afcf50_0 .var "Regout6", 7 0;
v0x1afcff0_0 .var "Regout7", 7 0;
v0x1afceb0_0 .net "WRITE", 0 0, v0x1afd750_0; 1 drivers
v0x1afd140_0 .net *"_s5", 0 0, L_0x1afcb60; 1 drivers
v0x1afd260_0 .net *"_s8", 1 0, L_0x1afd930; 1 drivers
E_0x1adde50/0 .event edge, v0x1afc8b0_0, v0x1afc730_0;
E_0x1adde50/1 .event posedge, L_0x1afd930;
E_0x1adde50 .event/or E_0x1adde50/0, E_0x1adde50/1;
E_0x1ab4770 .event posedge, v0x1ab47d0_0;
E_0x1ab47a0 .event posedge, v0x1afc950_0;
L_0x1afd930 .arith/mult 2, v0x1afd2e0_0, L_0x1afcb60;
    .scope S_0x1ab4680;
T_0 ;
    %wait E_0x1ab47a0;
    %delay 4, 0;
    %set/v v0x1afca40_0, 0, 8;
    %set/v v0x1afcae0_0, 0, 8;
    %set/v v0x1afcbe0_0, 0, 8;
    %set/v v0x1afcc80_0, 0, 8;
    %set/v v0x1afcd90_0, 0, 8;
    %set/v v0x1afce30_0, 0, 8;
    %set/v v0x1afcf50_0, 0, 8;
    %set/v v0x1afcff0_0, 0, 8;
    %set/v v0x1afc680_0, 0, 8;
    %set/v v0x1afc7d0_0, 0, 8;
    %jmp T_0;
    .thread T_0;
    .scope S_0x1ab4680;
T_1 ;
    %wait E_0x1ab4770;
    %load/v 8, v0x1afceb0_0, 1;
    %jmp/0xz  T_1.0, 8;
    %delay 2, 0;
    %load/v 8, v0x1afc5e0_0, 3;
    %cmpi/u 8, 0, 3;
    %jmp/1 T_1.2, 6;
    %cmpi/u 8, 1, 3;
    %jmp/1 T_1.3, 6;
    %cmpi/u 8, 2, 3;
    %jmp/1 T_1.4, 6;
    %cmpi/u 8, 3, 3;
    %jmp/1 T_1.5, 6;
    %cmpi/u 8, 4, 3;
    %jmp/1 T_1.6, 6;
    %cmpi/u 8, 5, 3;
    %jmp/1 T_1.7, 6;
    %cmpi/u 8, 6, 3;
    %jmp/1 T_1.8, 6;
    %cmpi/u 8, 7, 3;
    %jmp/1 T_1.9, 6;
    %jmp T_1.10;
T_1.2 ;
    %load/v 8, v0x1afc540_0, 8;
    %set/v v0x1afca40_0, 8, 8;
    %jmp T_1.10;
T_1.3 ;
    %load/v 8, v0x1afc540_0, 8;
    %set/v v0x1afcae0_0, 8, 8;
    %jmp T_1.10;
T_1.4 ;
    %load/v 8, v0x1afc540_0, 8;
    %set/v v0x1afcbe0_0, 8, 8;
    %jmp T_1.10;
T_1.5 ;
    %load/v 8, v0x1afc540_0, 8;
    %set/v v0x1afcc80_0, 8, 8;
    %jmp T_1.10;
T_1.6 ;
    %load/v 8, v0x1afc540_0, 8;
    %set/v v0x1afcd90_0, 8, 8;
    %jmp T_1.10;
T_1.7 ;
    %load/v 8, v0x1afc540_0, 8;
    %set/v v0x1afce30_0, 8, 8;
    %jmp T_1.10;
T_1.8 ;
    %load/v 8, v0x1afc540_0, 8;
    %set/v v0x1afcf50_0, 8, 8;
    %jmp T_1.10;
T_1.9 ;
    %load/v 8, v0x1afc540_0, 8;
    %set/v v0x1afcff0_0, 8, 8;
    %jmp T_1.10;
T_1.10 ;
T_1.0 ;
    %delay 2, 0;
    %load/v 8, v0x1afc730_0, 3;
    %cmpi/u 8, 0, 3;
    %jmp/1 T_1.11, 6;
    %cmpi/u 8, 1, 3;
    %jmp/1 T_1.12, 6;
    %cmpi/u 8, 2, 3;
    %jmp/1 T_1.13, 6;
    %cmpi/u 8, 3, 3;
    %jmp/1 T_1.14, 6;
    %cmpi/u 8, 4, 3;
    %jmp/1 T_1.15, 6;
    %cmpi/u 8, 5, 3;
    %jmp/1 T_1.16, 6;
    %cmpi/u 8, 6, 3;
    %jmp/1 T_1.17, 6;
    %cmpi/u 8, 7, 3;
    %jmp/1 T_1.18, 6;
    %jmp T_1.19;
T_1.11 ;
    %load/v 8, v0x1afca40_0, 8;
    %set/v v0x1afc680_0, 8, 8;
    %jmp T_1.19;
T_1.12 ;
    %load/v 8, v0x1afcae0_0, 8;
    %set/v v0x1afc680_0, 8, 8;
    %jmp T_1.19;
T_1.13 ;
    %load/v 8, v0x1afcbe0_0, 8;
    %set/v v0x1afc680_0, 8, 8;
    %jmp T_1.19;
T_1.14 ;
    %load/v 8, v0x1afcc80_0, 8;
    %set/v v0x1afc680_0, 8, 8;
    %jmp T_1.19;
T_1.15 ;
    %load/v 8, v0x1afcd90_0, 8;
    %set/v v0x1afc680_0, 8, 8;
    %jmp T_1.19;
T_1.16 ;
    %load/v 8, v0x1afce30_0, 8;
    %set/v v0x1afc680_0, 8, 8;
    %jmp T_1.19;
T_1.17 ;
    %load/v 8, v0x1afcf50_0, 8;
    %set/v v0x1afc680_0, 8, 8;
    %jmp T_1.19;
T_1.18 ;
    %load/v 8, v0x1afcff0_0, 8;
    %set/v v0x1afc680_0, 8, 8;
    %jmp T_1.19;
T_1.19 ;
    %load/v 8, v0x1afc8b0_0, 3;
    %cmpi/u 8, 0, 3;
    %jmp/1 T_1.20, 6;
    %cmpi/u 8, 1, 3;
    %jmp/1 T_1.21, 6;
    %cmpi/u 8, 2, 3;
    %jmp/1 T_1.22, 6;
    %cmpi/u 8, 3, 3;
    %jmp/1 T_1.23, 6;
    %cmpi/u 8, 4, 3;
    %jmp/1 T_1.24, 6;
    %cmpi/u 8, 5, 3;
    %jmp/1 T_1.25, 6;
    %cmpi/u 8, 6, 3;
    %jmp/1 T_1.26, 6;
    %cmpi/u 8, 7, 3;
    %jmp/1 T_1.27, 6;
    %jmp T_1.28;
T_1.20 ;
    %load/v 8, v0x1afca40_0, 8;
    %set/v v0x1afc7d0_0, 8, 8;
    %jmp T_1.28;
T_1.21 ;
    %load/v 8, v0x1afcae0_0, 8;
    %set/v v0x1afc7d0_0, 8, 8;
    %jmp T_1.28;
T_1.22 ;
    %load/v 8, v0x1afcbe0_0, 8;
    %set/v v0x1afc7d0_0, 8, 8;
    %jmp T_1.28;
T_1.23 ;
    %load/v 8, v0x1afcc80_0, 8;
    %set/v v0x1afc7d0_0, 8, 8;
    %jmp T_1.28;
T_1.24 ;
    %load/v 8, v0x1afcd90_0, 8;
    %set/v v0x1afc7d0_0, 8, 8;
    %jmp T_1.28;
T_1.25 ;
    %load/v 8, v0x1afce30_0, 8;
    %set/v v0x1afc7d0_0, 8, 8;
    %jmp T_1.28;
T_1.26 ;
    %load/v 8, v0x1afcf50_0, 8;
    %set/v v0x1afc7d0_0, 8, 8;
    %jmp T_1.28;
T_1.27 ;
    %load/v 8, v0x1afcff0_0, 8;
    %set/v v0x1afc7d0_0, 8, 8;
    %jmp T_1.28;
T_1.28 ;
    %jmp T_1;
    .thread T_1;
    .scope S_0x1ab4680;
T_2 ;
    %wait E_0x1adde50;
    %delay 2, 0;
    %load/v 8, v0x1afc730_0, 3;
    %cmpi/u 8, 0, 3;
    %jmp/1 T_2.0, 6;
    %cmpi/u 8, 1, 3;
    %jmp/1 T_2.1, 6;
    %cmpi/u 8, 2, 3;
    %jmp/1 T_2.2, 6;
    %cmpi/u 8, 3, 3;
    %jmp/1 T_2.3, 6;
    %cmpi/u 8, 4, 3;
    %jmp/1 T_2.4, 6;
    %cmpi/u 8, 5, 3;
    %jmp/1 T_2.5, 6;
    %cmpi/u 8, 6, 3;
    %jmp/1 T_2.6, 6;
    %cmpi/u 8, 7, 3;
    %jmp/1 T_2.7, 6;
    %jmp T_2.8;
T_2.0 ;
    %load/v 8, v0x1afca40_0, 8;
    %set/v v0x1afc680_0, 8, 8;
    %jmp T_2.8;
T_2.1 ;
    %load/v 8, v0x1afcae0_0, 8;
    %set/v v0x1afc680_0, 8, 8;
    %jmp T_2.8;
T_2.2 ;
    %load/v 8, v0x1afcbe0_0, 8;
    %set/v v0x1afc680_0, 8, 8;
    %jmp T_2.8;
T_2.3 ;
    %load/v 8, v0x1afcc80_0, 8;
    %set/v v0x1afc680_0, 8, 8;
    %jmp T_2.8;
T_2.4 ;
    %load/v 8, v0x1afcd90_0, 8;
    %set/v v0x1afc680_0, 8, 8;
    %jmp T_2.8;
T_2.5 ;
    %load/v 8, v0x1afce30_0, 8;
    %set/v v0x1afc680_0, 8, 8;
    %jmp T_2.8;
T_2.6 ;
    %load/v 8, v0x1afcf50_0, 8;
    %set/v v0x1afc680_0, 8, 8;
    %jmp T_2.8;
T_2.7 ;
    %load/v 8, v0x1afcff0_0, 8;
    %set/v v0x1afc680_0, 8, 8;
    %jmp T_2.8;
T_2.8 ;
    %load/v 8, v0x1afc8b0_0, 3;
    %cmpi/u 8, 0, 3;
    %jmp/1 T_2.9, 6;
    %cmpi/u 8, 1, 3;
    %jmp/1 T_2.10, 6;
    %cmpi/u 8, 2, 3;
    %jmp/1 T_2.11, 6;
    %cmpi/u 8, 3, 3;
    %jmp/1 T_2.12, 6;
    %cmpi/u 8, 4, 3;
    %jmp/1 T_2.13, 6;
    %cmpi/u 8, 5, 3;
    %jmp/1 T_2.14, 6;
    %cmpi/u 8, 6, 3;
    %jmp/1 T_2.15, 6;
    %cmpi/u 8, 7, 3;
    %jmp/1 T_2.16, 6;
    %jmp T_2.17;
T_2.9 ;
    %load/v 8, v0x1afca40_0, 8;
    %set/v v0x1afc7d0_0, 8, 8;
    %jmp T_2.17;
T_2.10 ;
    %load/v 8, v0x1afcae0_0, 8;
    %set/v v0x1afc7d0_0, 8, 8;
    %jmp T_2.17;
T_2.11 ;
    %load/v 8, v0x1afcbe0_0, 8;
    %set/v v0x1afc7d0_0, 8, 8;
    %jmp T_2.17;
T_2.12 ;
    %load/v 8, v0x1afcc80_0, 8;
    %set/v v0x1afc7d0_0, 8, 8;
    %jmp T_2.17;
T_2.13 ;
    %load/v 8, v0x1afcd90_0, 8;
    %set/v v0x1afc7d0_0, 8, 8;
    %jmp T_2.17;
T_2.14 ;
    %load/v 8, v0x1afce30_0, 8;
    %set/v v0x1afc7d0_0, 8, 8;
    %jmp T_2.17;
T_2.15 ;
    %load/v 8, v0x1afcf50_0, 8;
    %set/v v0x1afc7d0_0, 8, 8;
    %jmp T_2.17;
T_2.16 ;
    %load/v 8, v0x1afcff0_0, 8;
    %set/v v0x1afc7d0_0, 8, 8;
    %jmp T_2.17;
T_2.17 ;
    %jmp T_2;
    .thread T_2;
    .scope S_0x1addf20;
T_3 ;
    %set/v v0x1afd2e0_0, 1, 1;
    %vpi_call 2 15 "$dumpfile", "waveDump.vcd";
    %vpi_call 2 16 "$dumpvars", 2'sb01, S_0x1addf20;
    %set/v v0x1afd620_0, 0, 1;
    %set/v v0x1afd750_0, 0, 1;
    %delay 1, 0;
    %set/v v0x1afd620_0, 1, 1;
    %set/v v0x1afd360_0, 0, 3;
    %movi 8, 4, 3;
    %set/v v0x1afd3e0_0, 8, 3;
    %delay 8, 0;
    %set/v v0x1afd620_0, 0, 1;
    %delay 11, 0;
    %movi 8, 2, 3;
    %set/v v0x1afd360_0, 8, 3;
    %movi 8, 2, 3;
    %set/v v0x1afd800_0, 8, 3;
    %movi 8, 95, 8;
    %set/v v0x1afd6a0_0, 8, 8;
    %set/v v0x1afd750_0, 1, 1;
    %delay 10, 0;
    %set/v v0x1afd750_0, 0, 1;
    %delay 1, 0;
    %movi 8, 2, 3;
    %set/v v0x1afd360_0, 8, 3;
    %delay 9, 0;
    %movi 8, 1, 3;
    %set/v v0x1afd800_0, 8, 3;
    %movi 8, 28, 8;
    %set/v v0x1afd6a0_0, 8, 8;
    %set/v v0x1afd750_0, 1, 1;
    %movi 8, 1, 3;
    %set/v v0x1afd360_0, 8, 3;
    %delay 10, 0;
    %set/v v0x1afd750_0, 0, 1;
    %delay 10, 0;
    %movi 8, 4, 3;
    %set/v v0x1afd800_0, 8, 3;
    %movi 8, 6, 8;
    %set/v v0x1afd6a0_0, 8, 8;
    %set/v v0x1afd750_0, 1, 1;
    %delay 10, 0;
    %movi 8, 15, 8;
    %set/v v0x1afd6a0_0, 8, 8;
    %set/v v0x1afd750_0, 1, 1;
    %delay 10, 0;
    %set/v v0x1afd750_0, 0, 1;
    %delay 6, 0;
    %movi 8, 1, 3;
    %set/v v0x1afd800_0, 8, 3;
    %movi 8, 50, 8;
    %set/v v0x1afd6a0_0, 8, 8;
    %set/v v0x1afd750_0, 1, 1;
    %delay 5, 0;
    %set/v v0x1afd750_0, 0, 1;
    %delay 10, 0;
    %vpi_call 2 72 "$finish";
    %end;
    .thread T_3;
    .scope S_0x1addf20;
T_4 ;
    %delay 5, 0;
    %load/v 8, v0x1afd2e0_0, 1;
    %inv 8, 1;
    %set/v v0x1afd2e0_0, 8, 1;
    %jmp T_4;
    .thread T_4;
# The file index is used to find the file name in the following table.
:file_names 4;
    "N/A";
    "<interactive>";
    "./reg_file_tb_groundtruth.v";
    "./reg_file.v";
